#
# There is insufficient memory for the Java Runtime Environment to continue.
# Native memory allocation (malloc) failed to allocate 1320336 bytes for Chunk::new
# Possible reasons:
#   The system is out of physical RAM or swap space
#   The process is running with CompressedOops enabled, and the Java Heap may be blocking the growth of the native heap
# Possible solutions:
#   Reduce memory load on the system
#   Increase physical memory or swap space
#   Check if swap backing store is full
#   Decrease Java heap size (-Xmx/-Xms)
#   Decrease number of Java threads
#   Decrease Java thread stack sizes (-Xss)
#   Set larger code cache with -XX:ReservedCodeCacheSize=
#   JVM is running with Unscaled Compressed Oops mode in which the Java heap is
#     placed in the first 4GB address space. The Java Heap base address is the
#     maximum limit for the native heap growth. Please use -XX:HeapBaseMinAddress
#     to set the Java Heap base and to place the Java Heap above 4GB virtual address.
# This output file may be truncated or incomplete.
#
#  Out of Memory Error (./src/hotspot/share/memory/arena.cpp:197), pid=17508, tid=17472
#
# JRE version: OpenJDK Runtime Environment (11.0.11+9) (build 11.0.11+9-b60-7590822)
# Java VM: OpenJDK 64-Bit Server VM (11.0.11+9-b60-7590822, mixed mode, tiered, compressed oops, g1 gc, windows-amd64)
# No core dump will be written. Minidumps are not enabled by default on client versions of Windows
#

---------------  S U M M A R Y ------------

Command Line: --add-opens=java.base/java.util=ALL-UNNAMED --add-opens=java.base/java.lang=ALL-UNNAMED --add-opens=java.base/java.lang.invoke=ALL-UNNAMED --add-opens=java.base/java.util=ALL-UNNAMED --add-opens=java.prefs/java.util.prefs=ALL-UNNAMED --add-opens=java.prefs/java.util.prefs=ALL-UNNAMED --add-opens=java.base/java.nio.charset=ALL-UNNAMED --add-opens=java.base/java.net=ALL-UNNAMED --add-opens=java.base/java.util.concurrent.atomic=ALL-UNNAMED -Xmx2048m -Dfile.encoding=UTF-8 -Duser.country=US -Duser.language=en -Duser.variant org.gradle.launcher.daemon.bootstrap.GradleDaemon 7.2

Host: Intel(R) Core(TM) i5-10300H CPU @ 2.50GHz, 8 cores, 15G,  Windows 10 , 64 bit Build 22621 (10.0.22621.2361)
Time: Tue Oct 10 09:57:30 2023 Malay Peninsula Standard Time elapsed time: 246.980690 seconds (0d 0h 4m 6s)

---------------  T H R E A D  ---------------

Current thread (0x000001c26a94f800):  JavaThread "C2 CompilerThread2" daemon [_thread_in_native, id=17472, stack(0x0000008c01b00000,0x0000008c01c00000)]


Current CompileTask:
C2: 246980 11428       4       org.gradle.internal.service.DefaultServiceRegistry$SingletonService::get (5 bytes)

Stack: [0x0000008c01b00000,0x0000008c01c00000]
Native frames: (J=compiled Java code, j=interpreted, Vv=VM code, C=native code)
V  [jvm.dll+0x5f214a]
V  [jvm.dll+0x726fb5]
V  [jvm.dll+0x7285cd]
V  [jvm.dll+0x728c83]
V  [jvm.dll+0x243278]
V  [jvm.dll+0xbc53c]
V  [jvm.dll+0xbca3c]
V  [jvm.dll+0x353e7d]
V  [jvm.dll+0x19875c]
V  [jvm.dll+0x1fc2ee]
V  [jvm.dll+0x1fb3d4]
V  [jvm.dll+0x183d6c]
V  [jvm.dll+0x209a57]
V  [jvm.dll+0x2082a1]
V  [jvm.dll+0x6ef58f]
V  [jvm.dll+0x6e80b5]
V  [jvm.dll+0x5f1036]
C  [ucrtbase.dll+0x29363]
C  [KERNEL32.DLL+0x1257d]
C  [ntdll.dll+0x5aa78]


---------------  P R O C E S S  ---------------

Threads class SMR info:
_java_thread_list=0x000001c26915e560, length=90, elements={
0x000001c244eb7000, 0x000001c25fbb7800, 0x000001c25fbc1000, 0x000001c25fc11800,
0x000001c25fc12800, 0x000001c25fc13800, 0x000001c25fc17800, 0x000001c25fc1e000,
0x000001c25fc26000, 0x000001c25fda0800, 0x000001c261532800, 0x000001c26331e000,
0x000001c262816000, 0x000001c25fc20800, 0x000001c25fc1b800, 0x000001c25fc22000,
0x000001c2637ce000, 0x000001c2637cb000, 0x000001c2637cc800, 0x000001c2637d4800,
0x000001c2637d0800, 0x000001c2637d3000, 0x000001c2637d7000, 0x000001c26528f800,
0x000001c265290000, 0x000001c26528e800, 0x000001c26528b800, 0x000001c265292000,
0x000001c26528c000, 0x000001c26a94d800, 0x000001c26a948000, 0x000001c26a949800,
0x000001c26a94e800, 0x000001c26a948800, 0x000001c26a94a800, 0x000001c26a945800,
0x000001c26a94c000, 0x000001c26a94b000, 0x000001c26a946800, 0x000001c26a950000,
0x000001c26a951800, 0x000001c26a952800, 0x000001c26a94f800, 0x000001c26a951000,
0x000001c26a94d000, 0x000001c26a953800, 0x000001c26a954000, 0x000001c265291000,
0x000001c265292800, 0x000001c26528d000, 0x000001c265293800, 0x000001c26528e000,
0x000001c265298800, 0x000001c265299000, 0x000001c26529a000, 0x000001c265295000,
0x000001c265294800, 0x000001c265296000, 0x000001c265296800, 0x000001c2637cb800,
0x000001c2637cf000, 0x000001c2637c9800, 0x000001c2637d1800, 0x000001c2637d4000,
0x000001c2637d0000, 0x000001c2637d8000, 0x000001c25fc1e800, 0x000001c25fc1f800,
0x000001c25fc21000, 0x000001c25fc1c000, 0x000001c266e36800, 0x000001c266e31800,
0x000001c266e33800, 0x000001c266e34000, 0x000001c266e35000, 0x000001c266e35800,
0x000001c266e37800, 0x000001c266e38000, 0x000001c266e32800, 0x000001c266e8d000,
0x000001c266e8e000, 0x000001c266e8e800, 0x000001c266e8f800, 0x000001c266e90800,
0x000001c266e91000, 0x000001c266e92000, 0x000001c266e8c800, 0x000001c266e97000,
0x000001c266e93000, 0x000001c266e97800
}

Java Threads: ( => current thread )
  0x000001c244eb7000 JavaThread "main" [_thread_blocked, id=20272, stack(0x0000008c7f300000,0x0000008c7f400000)]
  0x000001c25fbb7800 JavaThread "Reference Handler" daemon [_thread_blocked, id=18016, stack(0x0000008c7fa00000,0x0000008c7fb00000)]
  0x000001c25fbc1000 JavaThread "Finalizer" daemon [_thread_blocked, id=10308, stack(0x0000008c7fb00000,0x0000008c7fc00000)]
  0x000001c25fc11800 JavaThread "Signal Dispatcher" daemon [_thread_blocked, id=17496, stack(0x0000008c7fc00000,0x0000008c7fd00000)]
  0x000001c25fc12800 JavaThread "Attach Listener" daemon [_thread_blocked, id=18152, stack(0x0000008c7fd00000,0x0000008c7fe00000)]
  0x000001c25fc13800 JavaThread "Service Thread" daemon [_thread_blocked, id=13992, stack(0x0000008c7fe00000,0x0000008c7ff00000)]
  0x000001c25fc17800 JavaThread "C2 CompilerThread0" daemon [_thread_blocked, id=19440, stack(0x0000008c7ff00000,0x0000008c80000000)]
  0x000001c25fc1e000 JavaThread "C1 CompilerThread0" daemon [_thread_blocked, id=19992, stack(0x0000008c00000000,0x0000008c00100000)]
  0x000001c25fc26000 JavaThread "Sweeper thread" daemon [_thread_blocked, id=19948, stack(0x0000008c00100000,0x0000008c00200000)]
  0x000001c25fda0800 JavaThread "Common-Cleaner" daemon [_thread_blocked, id=18752, stack(0x0000008c00200000,0x0000008c00300000)]
  0x000001c261532800 JavaThread "Daemon health stats" [_thread_blocked, id=19228, stack(0x0000008c00b00000,0x0000008c00c00000)]
  0x000001c26331e000 JavaThread "Incoming local TCP Connector on port 65452" [_thread_in_native, id=9156, stack(0x0000008c00400000,0x0000008c00500000)]
  0x000001c262816000 JavaThread "Daemon periodic checks" [_thread_blocked, id=13276, stack(0x0000008c00a00000,0x0000008c00b00000)]
  0x000001c25fc20800 JavaThread "Cache worker for journal cache (C:\Users\bob arcon\.gradle\caches\journal-1)" [_thread_blocked, id=348, stack(0x0000008c01400000,0x0000008c01500000)]
  0x000001c25fc1b800 JavaThread "File lock request listener" [_thread_in_native, id=19656, stack(0x0000008c01500000,0x0000008c01600000)]
  0x000001c25fc22000 JavaThread "Cache worker for file hash cache (C:\Users\bob arcon\.gradle\caches\7.2\fileHashes)" [_thread_blocked, id=5920, stack(0x0000008c01600000,0x0000008c01700000)]
  0x000001c2637ce000 JavaThread "File watcher server" daemon [_thread_in_native, id=20152, stack(0x0000008c01c00000,0x0000008c01d00000)]
  0x000001c2637cb000 JavaThread "File watcher consumer" daemon [_thread_blocked, id=15456, stack(0x0000008c01d00000,0x0000008c01e00000)]
  0x000001c2637cc800 JavaThread "Cache worker for execution history cache (C:\Users\bob arcon\.gradle\caches\7.2\executionHistory)" [_thread_blocked, id=19836, stack(0x0000008c02100000,0x0000008c02200000)]
  0x000001c2637d4800 JavaThread "jar transforms" [_thread_blocked, id=18340, stack(0x0000008c02200000,0x0000008c02300000)]
  0x000001c2637d0800 JavaThread "Cache worker for file content cache (C:\Users\bob arcon\.gradle\caches\7.2\fileContent)" [_thread_blocked, id=20192, stack(0x0000008c02300000,0x0000008c02400000)]
  0x000001c2637d3000 JavaThread "jar transforms Thread 2" [_thread_blocked, id=16748, stack(0x0000008c02400000,0x0000008c02500000)]
  0x000001c2637d7000 JavaThread "jar transforms Thread 3" [_thread_blocked, id=13380, stack(0x0000008c02600000,0x0000008c02700000)]
  0x000001c26528f800 JavaThread "jar transforms Thread 4" [_thread_blocked, id=15912, stack(0x0000008c07800000,0x0000008c07900000)]
  0x000001c265290000 JavaThread "jar transforms Thread 5" [_thread_blocked, id=12236, stack(0x0000008c07900000,0x0000008c07a00000)]
  0x000001c26528e800 JavaThread "jar transforms Thread 6" [_thread_blocked, id=17184, stack(0x0000008c07a00000,0x0000008c07b00000)]
  0x000001c26528b800 JavaThread "jar transforms Thread 7" [_thread_blocked, id=19352, stack(0x0000008c07b00000,0x0000008c07c00000)]
  0x000001c265292000 JavaThread "jar transforms Thread 8" [_thread_blocked, id=13120, stack(0x0000008c07c00000,0x0000008c07d00000)]
  0x000001c26528c000 JavaThread "Memory manager" [_thread_blocked, id=20384, stack(0x0000008c07d00000,0x0000008c07e00000)]
  0x000001c26a94d800 JavaThread "ForkJoinPool.commonPool-worker-5" daemon [_thread_blocked, id=5480, stack(0x0000008c08900000,0x0000008c08a00000)]
  0x000001c26a948000 JavaThread "ForkJoinPool.commonPool-worker-7" daemon [_thread_blocked, id=20120, stack(0x0000008c08a00000,0x0000008c08b00000)]
  0x000001c26a949800 JavaThread "ForkJoinPool.commonPool-worker-9" daemon [_thread_blocked, id=19884, stack(0x0000008c08b00000,0x0000008c08c00000)]
  0x000001c26a94e800 JavaThread "ForkJoinPool.commonPool-worker-13" daemon [_thread_blocked, id=14652, stack(0x0000008c08d00000,0x0000008c08e00000)]
  0x000001c26a948800 JavaThread "Daemon Thread 2" [_thread_blocked, id=16328, stack(0x0000008c00c00000,0x0000008c00d00000)]
  0x000001c26a94a800 JavaThread "Handler for socket connection from /127.0.0.1:65452 to /127.0.0.1:65470" [_thread_in_native, id=18760, stack(0x0000008c00d00000,0x0000008c00e00000)]
  0x000001c26a945800 JavaThread "Cancel handler" [_thread_blocked, id=19620, stack(0x0000008c00e00000,0x0000008c00f00000)]
  0x000001c26a94c000 JavaThread "Daemon worker Thread 2" [_thread_in_vm, id=12896, stack(0x0000008c00f00000,0x0000008c01000000)]
  0x000001c26a94b000 JavaThread "Asynchronous log dispatcher for DefaultDaemonConnection: socket connection from /127.0.0.1:65452 to /127.0.0.1:65470" [_thread_blocked, id=20356, stack(0x0000008c01000000,0x0000008c01100000)]
  0x000001c26a946800 JavaThread "Stdin handler" [_thread_blocked, id=6088, stack(0x0000008c01100000,0x0000008c01200000)]
  0x000001c26a950000 JavaThread "Daemon client event forwarder" [_thread_blocked, id=19800, stack(0x0000008c01200000,0x0000008c01300000)]
  0x000001c26a951800 JavaThread "Cache worker for file hash cache (C:\Users\bob arcon\Desktop\ANDROID POS\MyApplication2\.gradle\7.2\fileHashes)" [_thread_blocked, id=13976, stack(0x0000008c01300000,0x0000008c01400000)]
  0x000001c26a952800 JavaThread "C2 CompilerThread1" daemon [_thread_in_native, id=19892, stack(0x0000008c01a00000,0x0000008c01b00000)]
=>0x000001c26a94f800 JavaThread "C2 CompilerThread2" daemon [_thread_in_native, id=17472, stack(0x0000008c01b00000,0x0000008c01c00000)]
  0x000001c26a951000 JavaThread "Cache worker for checksums cache (C:\Users\bob arcon\Desktop\ANDROID POS\MyApplication2\.gradle\checksums)" [_thread_blocked, id=17796, stack(0x0000008c01e00000,0x0000008c01f00000)]
  0x000001c26a94d000 JavaThread "Cache worker for cache directory md-supplier (C:\Users\bob arcon\.gradle\caches\7.2\md-supplier)" [_thread_blocked, id=7708, stack(0x0000008c01f00000,0x0000008c02000000)]
  0x000001c26a953800 JavaThread "Cache worker for cache directory md-rule (C:\Users\bob arcon\.gradle\caches\7.2\md-rule)" [_thread_blocked, id=1436, stack(0x0000008c02000000,0x0000008c02100000)]
  0x000001c26a954000 JavaThread "Cache worker for dependencies-accessors (C:\Users\bob arcon\Desktop\ANDROID POS\MyApplication2\.gradle\7.2\dependencies-accessors)" [_thread_blocked, id=1616, stack(0x0000008c02500000,0x0000008c02600000)]
  0x000001c265291000 JavaThread "Cache worker for Build Output Cleanup Cache (C:\Users\bob arcon\Desktop\ANDROID POS\MyApplication2\.gradle\buildOutputCleanup)" [_thread_blocked, id=20264, stack(0x0000008c02700000,0x0000008c02800000)]
  0x000001c265292800 JavaThread "Unconstrained build operations" [_thread_blocked, id=19412, stack(0x0000008c02800000,0x0000008c02900000)]
  0x000001c26528d000 JavaThread "Unconstrained build operations Thread 2" [_thread_new, id=17040, stack(0x0000000000000000,0x0000000000000000)]
  0x000001c265293800 JavaThread "Unconstrained build operations Thread 3" [_thread_new, id=19464, stack(0x0000000000000000,0x0000000000000000)]
  0x000001c26528e000 JavaThread "Unconstrained build operations Thread 4" [_thread_blocked, id=16496, stack(0x0000008c02b00000,0x0000008c02c00000)]
  0x000001c265298800 JavaThread "Unconstrained build operations Thread 5" [_thread_blocked, id=19020, stack(0x0000008c02c00000,0x0000008c02d00000)]
  0x000001c265299000 JavaThread "Unconstrained build operations Thread 6" [_thread_new, id=10000, stack(0x0000000000000000,0x0000000000000000)]
  0x000001c26529a000 JavaThread "Unconstrained build operations Thread 7" [_thread_new, id=11100, stack(0x0000000000000000,0x0000000000000000)]
  0x000001c265295000 JavaThread "Unconstrained build operations Thread 8" [_thread_blocked, id=18628, stack(0x0000008c02f00000,0x0000008c03000000)]
  0x000001c265294800 JavaThread "Unconstrained build operations Thread 9" [_thread_blocked, id=15228, stack(0x0000008c03000000,0x0000008c03100000)]
  0x000001c265296000 JavaThread "Unconstrained build operations Thread 10" [_thread_new, id=3404, stack(0x0000000000000000,0x0000000000000000)]
  0x000001c265296800 JavaThread "Unconstrained build operations Thread 11" [_thread_new, id=9584, stack(0x0000000000000000,0x0000000000000000)]
  0x000001c2637cb800 JavaThread "Unconstrained build operations Thread 12" [_thread_blocked, id=3776, stack(0x0000008c03300000,0x0000008c03400000)]
  0x000001c2637cf000 JavaThread "Unconstrained build operations Thread 13" [_thread_blocked, id=3352, stack(0x0000008c03400000,0x0000008c03500000)]
  0x000001c2637c9800 JavaThread "Unconstrained build operations Thread 14" [_thread_new, id=19300, stack(0x0000000000000000,0x0000000000000000)]
  0x000001c2637d1800 JavaThread "Unconstrained build operations Thread 15" [_thread_new, id=7580, stack(0x0000000000000000,0x0000000000000000)]
  0x000001c2637d4000 JavaThread "Unconstrained build operations Thread 16" [_thread_blocked, id=19252, stack(0x0000008c03700000,0x0000008c03800000)]
  0x000001c2637d0000 JavaThread "Unconstrained build operations Thread 17" [_thread_blocked, id=15580, stack(0x0000008c03800000,0x0000008c03900000)]
  0x000001c2637d8000 JavaThread "Unconstrained build operations Thread 18" [_thread_new, id=18040, stack(0x0000000000000000,0x0000000000000000)]
  0x000001c25fc1e800 JavaThread "Unconstrained build operations Thread 19" [_thread_new, id=8296, stack(0x0000000000000000,0x0000000000000000)]
  0x000001c25fc1f800 JavaThread "Unconstrained build operations Thread 20" [_thread_blocked, id=20400, stack(0x0000008c03b00000,0x0000008c03c00000)]
  0x000001c25fc21000 JavaThread "Unconstrained build operations Thread 21" [_thread_blocked, id=18228, stack(0x0000008c03c00000,0x0000008c03d00000)]
  0x000001c25fc1c000 JavaThread "Unconstrained build operations Thread 22" [_thread_new, id=19816, stack(0x0000000000000000,0x0000000000000000)]
  0x000001c266e36800 JavaThread "Unconstrained build operations Thread 23" [_thread_new, id=15808, stack(0x0000000000000000,0x0000000000000000)]
  0x000001c266e31800 JavaThread "Unconstrained build operations Thread 24" [_thread_blocked, id=13316, stack(0x0000008c03f00000,0x0000008c04000000)]
  0x000001c266e33800 JavaThread "Unconstrained build operations Thread 25" [_thread_blocked, id=20020, stack(0x0000008c04000000,0x0000008c04100000)]
  0x000001c266e34000 JavaThread "Unconstrained build operations Thread 26" [_thread_new, id=20388, stack(0x0000000000000000,0x0000000000000000)]
  0x000001c266e35000 JavaThread "Unconstrained build operations Thread 27" [_thread_new, id=16264, stack(0x0000000000000000,0x0000000000000000)]
  0x000001c266e35800 JavaThread "Unconstrained build operations Thread 28" [_thread_blocked, id=18440, stack(0x0000008c04300000,0x0000008c04400000)]
  0x000001c266e37800 JavaThread "Unconstrained build operations Thread 29" [_thread_blocked, id=5576, stack(0x0000008c04400000,0x0000008c04500000)]
  0x000001c266e38000 JavaThread "Unconstrained build operations Thread 30" [_thread_new, id=14348, stack(0x0000000000000000,0x0000000000000000)]
  0x000001c266e32800 JavaThread "Unconstrained build operations Thread 31" [_thread_new, id=19984, stack(0x0000000000000000,0x0000000000000000)]
  0x000001c266e8d000 JavaThread "Unconstrained build operations Thread 32" [_thread_blocked, id=20460, stack(0x0000008c04700000,0x0000008c04800000)]
  0x000001c266e8e000 JavaThread "Unconstrained build operations Thread 33" [_thread_blocked, id=11096, stack(0x0000008c04800000,0x0000008c04900000)]
  0x000001c266e8e800 JavaThread "Unconstrained build operations Thread 34" [_thread_new, id=18244, stack(0x0000000000000000,0x0000000000000000)]
  0x000001c266e8f800 JavaThread "Unconstrained build operations Thread 35" [_thread_new, id=17784, stack(0x0000000000000000,0x0000000000000000)]
  0x000001c266e90800 JavaThread "Unconstrained build operations Thread 36" [_thread_blocked, id=20468, stack(0x0000008c04b00000,0x0000008c04c00000)]
  0x000001c266e91000 JavaThread "Unconstrained build operations Thread 37" [_thread_blocked, id=19968, stack(0x0000008c04c00000,0x0000008c04d00000)]
  0x000001c266e92000 JavaThread "Unconstrained build operations Thread 38" [_thread_new, id=10828, stack(0x0000000000000000,0x0000000000000000)]
  0x000001c266e8c800 JavaThread "Unconstrained build operations Thread 39" [_thread_new, id=18768, stack(0x0000000000000000,0x0000000000000000)]
  0x000001c266e97000 JavaThread "Unconstrained build operations Thread 40" [_thread_blocked, id=19672, stack(0x0000008c04f00000,0x0000008c05000000)]
  0x000001c266e93000 JavaThread "Unconstrained build operations Thread 41" [_thread_blocked, id=15036, stack(0x0000008c05000000,0x0000008c05100000)]
  0x000001c266e97800 JavaThread "Unconstrained build operations Thread 42" [_thread_new, id=372, stack(0x0000000000000000,0x0000000000000000)]

Other Threads:
  0x000001c25fbb0800 VMThread "VM Thread" [stack: 0x0000008c7f900000,0x0000008c7fa00000] [id=8480] _threads_hazard_ptr=0x000001c26915e560
  0x000001c25fdac000 WatcherThread [stack: 0x0000008c00300000,0x0000008c00400000] [id=12544]
  0x000001c244ed0800 GCTaskThread "GC Thread#0" [stack: 0x0000008c7f400000,0x0000008c7f500000] [id=20104]
  0x000001c260c45800 GCTaskThread "GC Thread#1" [stack: 0x0000008c00500000,0x0000008c00600000] [id=18864]
  0x000001c260d0d800 GCTaskThread "GC Thread#2" [stack: 0x0000008c00600000,0x0000008c00700000] [id=19012]
  0x000001c2603ad000 GCTaskThread "GC Thread#3" [stack: 0x0000008c00700000,0x0000008c00800000] [id=11784]
  0x000001c2603ad800 GCTaskThread "GC Thread#4" [stack: 0x0000008c00800000,0x0000008c00900000] [id=18928]
  0x000001c2608d4800 GCTaskThread "GC Thread#5" [stack: 0x0000008c00900000,0x0000008c00a00000] [id=20340]
  0x000001c2620dd800 GCTaskThread "GC Thread#6" [stack: 0x0000008c01700000,0x0000008c01800000] [id=19732]
  0x000001c2620da800 GCTaskThread "GC Thread#7" [stack: 0x0000008c01800000,0x0000008c01900000] [id=19868]
  0x000001c244f07000 ConcurrentGCThread "G1 Main Marker" [stack: 0x0000008c7f500000,0x0000008c7f600000] [id=17484]
  0x000001c244f08800 ConcurrentGCThread "G1 Conc#0" [stack: 0x0000008c7f600000,0x0000008c7f700000] [id=18284]
  0x000001c2620de800 ConcurrentGCThread "G1 Conc#1" [stack: 0x0000008c01900000,0x0000008c01a00000] [id=12816]
  0x000001c244f8e000 ConcurrentGCThread "G1 Refine#0" [stack: 0x0000008c7f700000,0x0000008c7f800000] [id=6680]
  0x000001c25f1fb800 ConcurrentGCThread "G1 Young RemSet Sampling" [stack: 0x0000008c7f800000,0x0000008c7f900000] [id=19584]

Threads with active compile tasks:
C2 CompilerThread0 246999 11447       4       com.google.common.cache.LocalCache$Segment::recordRead (29 bytes)
C2 CompilerThread1 246999 11429   !   4       org.gradle.internal.service.DefaultServiceRegistry$ManagedObjectServiceProvider::getInstance (47 bytes)
C2 CompilerThread2 246999 11428       4       org.gradle.internal.service.DefaultServiceRegistry$SingletonService::get (5 bytes)

VM state:synchronizing (normal execution)

VM Mutex/Monitor currently owned by a thread:  ([mutex/lock_event])
[0x000001c244eb43e0] Safepoint_lock - owner thread: 0x000001c25fbb0800
[0x000001c244eb48f0] Threads_lock - owner thread: 0x000001c25fbb0800

Heap address: 0x0000000080000000, size: 2048 MB, Compressed Oops mode: 32-bit
Narrow klass base: 0x0000000000000000, Narrow klass shift: 3
Compressed class space size: 1073741824 Address: 0x0000000100000000

Heap:
 garbage-first heap   total 260096K, used 175853K [0x0000000080000000, 0x0000000100000000)
  region size 1024K, 43 young (44032K), 11 survivors (11264K)
 Metaspace       used 88764K, capacity 91009K, committed 91212K, reserved 1128448K
  class space    used 11480K, capacity 12312K, committed 12416K, reserved 1048576K
Heap Regions: E=young(eden), S=young(survivor), O=old, HS=humongous(starts), HC=humongous(continues), CS=collection set, F=free, A=archive, TAMS=top-at-mark-start (previous, next)
|   0|0x0000000080000000, 0x0000000080100000, 0x0000000080100000|100%| O|  |TAMS 0x0000000080100000, 0x0000000080000000| Untracked 
|   1|0x0000000080100000, 0x0000000080200000, 0x0000000080200000|100%| O|  |TAMS 0x0000000080200000, 0x0000000080100000| Untracked 
|   2|0x0000000080200000, 0x0000000080300000, 0x0000000080300000|100%| O|  |TAMS 0x0000000080300000, 0x0000000080200000| Untracked 
|   3|0x0000000080300000, 0x0000000080400000, 0x0000000080400000|100%|HS|  |TAMS 0x0000000080400000, 0x0000000080300000| Complete 
|   4|0x0000000080400000, 0x0000000080500000, 0x0000000080500000|100%|HC|  |TAMS 0x0000000080500000, 0x0000000080400000| Complete 
|   5|0x0000000080500000, 0x0000000080600000, 0x0000000080600000|100%|HC|  |TAMS 0x0000000080600000, 0x0000000080500000| Complete 
|   6|0x0000000080600000, 0x0000000080700000, 0x0000000080700000|100%| O|  |TAMS 0x0000000080700000, 0x0000000080600000| Untracked 
|   7|0x0000000080700000, 0x0000000080800000, 0x0000000080800000|100%| O|  |TAMS 0x0000000080800000, 0x0000000080700000| Untracked 
|   8|0x0000000080800000, 0x0000000080900000, 0x0000000080900000|100%| O|  |TAMS 0x0000000080900000, 0x0000000080800000| Untracked 
|   9|0x0000000080900000, 0x0000000080a00000, 0x0000000080a00000|100%| O|  |TAMS 0x0000000080a00000, 0x0000000080900000| Untracked 
|  10|0x0000000080a00000, 0x0000000080b00000, 0x0000000080b00000|100%| O|  |TAMS 0x0000000080b00000, 0x0000000080a00000| Untracked 
|  11|0x0000000080b00000, 0x0000000080c00000, 0x0000000080c00000|100%| O|  |TAMS 0x0000000080c00000, 0x0000000080b00000| Untracked 
|  12|0x0000000080c00000, 0x0000000080d00000, 0x0000000080d00000|100%| O|  |TAMS 0x0000000080d00000, 0x0000000080c00000| Untracked 
|  13|0x0000000080d00000, 0x0000000080e00000, 0x0000000080e00000|100%| O|  |TAMS 0x0000000080e00000, 0x0000000080d00000| Untracked 
|  14|0x0000000080e00000, 0x0000000080f00000, 0x0000000080f00000|100%| O|  |TAMS 0x0000000080f00000, 0x0000000080e00000| Untracked 
|  15|0x0000000080f00000, 0x0000000081000000, 0x0000000081000000|100%| O|  |TAMS 0x0000000081000000, 0x0000000080f00000| Untracked 
|  16|0x0000000081000000, 0x0000000081100000, 0x0000000081100000|100%| O|  |TAMS 0x0000000081100000, 0x0000000081000000| Untracked 
|  17|0x0000000081100000, 0x0000000081200000, 0x0000000081200000|100%|HS|  |TAMS 0x0000000081200000, 0x0000000081100000| Complete 
|  18|0x0000000081200000, 0x0000000081300000, 0x0000000081300000|100%|HS|  |TAMS 0x0000000081300000, 0x0000000081200000| Complete 
|  19|0x0000000081300000, 0x0000000081400000, 0x0000000081400000|100%|HS|  |TAMS 0x0000000081400000, 0x0000000081300000| Complete 
|  20|0x0000000081400000, 0x0000000081500000, 0x0000000081500000|100%|HS|  |TAMS 0x0000000081500000, 0x0000000081400000| Complete 
|  21|0x0000000081500000, 0x0000000081600000, 0x0000000081600000|100%|HC|  |TAMS 0x0000000081600000, 0x0000000081500000| Complete 
|  22|0x0000000081600000, 0x0000000081700000, 0x0000000081700000|100%| O|  |TAMS 0x0000000081700000, 0x0000000081600000| Untracked 
|  23|0x0000000081700000, 0x0000000081800000, 0x0000000081800000|100%| O|  |TAMS 0x0000000081800000, 0x0000000081700000| Untracked 
|  24|0x0000000081800000, 0x0000000081900000, 0x0000000081900000|100%| O|  |TAMS 0x0000000081900000, 0x0000000081800000| Untracked 
|  25|0x0000000081900000, 0x0000000081a00000, 0x0000000081a00000|100%| O|  |TAMS 0x0000000081a00000, 0x0000000081900000| Untracked 
|  26|0x0000000081a00000, 0x0000000081b00000, 0x0000000081b00000|100%| O|  |TAMS 0x0000000081b00000, 0x0000000081a00000| Untracked 
|  27|0x0000000081b00000, 0x0000000081c00000, 0x0000000081c00000|100%| O|  |TAMS 0x0000000081c00000, 0x0000000081b00000| Untracked 
|  28|0x0000000081c00000, 0x0000000081d00000, 0x0000000081d00000|100%| O|  |TAMS 0x0000000081d00000, 0x0000000081c00000| Untracked 
|  29|0x0000000081d00000, 0x0000000081e00000, 0x0000000081e00000|100%| O|  |TAMS 0x0000000081e00000, 0x0000000081d00000| Untracked 
|  30|0x0000000081e00000, 0x0000000081f00000, 0x0000000081f00000|100%| O|  |TAMS 0x0000000081f00000, 0x0000000081e00000| Untracked 
|  31|0x0000000081f00000, 0x0000000082000000, 0x0000000082000000|100%| O|  |TAMS 0x0000000082000000, 0x0000000081f00000| Untracked 
|  32|0x0000000082000000, 0x0000000082100000, 0x0000000082100000|100%| O|  |TAMS 0x0000000082100000, 0x0000000082000000| Untracked 
|  33|0x0000000082100000, 0x0000000082200000, 0x0000000082200000|100%| O|  |TAMS 0x0000000082200000, 0x0000000082100000| Untracked 
|  34|0x0000000082200000, 0x0000000082300000, 0x0000000082300000|100%| O|  |TAMS 0x0000000082300000, 0x0000000082200000| Untracked 
|  35|0x0000000082300000, 0x0000000082400000, 0x0000000082400000|100%| O|  |TAMS 0x0000000082400000, 0x0000000082300000| Untracked 
|  36|0x0000000082400000, 0x0000000082500000, 0x0000000082500000|100%| O|  |TAMS 0x0000000082500000, 0x0000000082400000| Untracked 
|  37|0x0000000082500000, 0x0000000082600000, 0x0000000082600000|100%| O|  |TAMS 0x0000000082600000, 0x0000000082500000| Untracked 
|  38|0x0000000082600000, 0x0000000082700000, 0x0000000082700000|100%| O|  |TAMS 0x0000000082700000, 0x0000000082600000| Untracked 
|  39|0x0000000082700000, 0x0000000082800000, 0x0000000082800000|100%| O|  |TAMS 0x0000000082800000, 0x0000000082700000| Untracked 
|  40|0x0000000082800000, 0x0000000082900000, 0x0000000082900000|100%| O|  |TAMS 0x0000000082900000, 0x0000000082800000| Untracked 
|  41|0x0000000082900000, 0x0000000082a00000, 0x0000000082a00000|100%| O|  |TAMS 0x0000000082a00000, 0x0000000082900000| Untracked 
|  42|0x0000000082a00000, 0x0000000082b00000, 0x0000000082b00000|100%| O|  |TAMS 0x0000000082b00000, 0x0000000082a00000| Untracked 
|  43|0x0000000082b00000, 0x0000000082c00000, 0x0000000082c00000|100%| O|  |TAMS 0x0000000082c00000, 0x0000000082b00000| Untracked 
|  44|0x0000000082c00000, 0x0000000082d00000, 0x0000000082d00000|100%| O|  |TAMS 0x0000000082d00000, 0x0000000082c00000| Untracked 
|  45|0x0000000082d00000, 0x0000000082e00000, 0x0000000082e00000|100%| O|  |TAMS 0x0000000082e00000, 0x0000000082d00000| Untracked 
|  46|0x0000000082e00000, 0x0000000082f00000, 0x0000000082f00000|100%| O|  |TAMS 0x0000000082f00000, 0x0000000082e00000| Untracked 
|  47|0x0000000082f00000, 0x0000000083000000, 0x0000000083000000|100%| O|  |TAMS 0x0000000083000000, 0x0000000082f00000| Untracked 
|  48|0x0000000083000000, 0x0000000083100000, 0x0000000083100000|100%| O|  |TAMS 0x0000000083100000, 0x0000000083000000| Untracked 
|  49|0x0000000083100000, 0x0000000083200000, 0x0000000083200000|100%| O|  |TAMS 0x0000000083200000, 0x0000000083100000| Untracked 
|  50|0x0000000083200000, 0x0000000083300000, 0x0000000083300000|100%| O|  |TAMS 0x0000000083300000, 0x0000000083200000| Untracked 
|  51|0x0000000083300000, 0x0000000083400000, 0x0000000083400000|100%| O|  |TAMS 0x0000000083400000, 0x0000000083300000| Untracked 
|  52|0x0000000083400000, 0x0000000083500000, 0x0000000083500000|100%| O|  |TAMS 0x0000000083500000, 0x0000000083400000| Untracked 
|  53|0x0000000083500000, 0x0000000083600000, 0x0000000083600000|100%| O|  |TAMS 0x0000000083600000, 0x0000000083500000| Untracked 
|  54|0x0000000083600000, 0x0000000083700000, 0x0000000083700000|100%| O|  |TAMS 0x0000000083700000, 0x0000000083600000| Untracked 
|  55|0x0000000083700000, 0x0000000083800000, 0x0000000083800000|100%| O|  |TAMS 0x0000000083800000, 0x0000000083700000| Untracked 
|  56|0x0000000083800000, 0x0000000083900000, 0x0000000083900000|100%| O|  |TAMS 0x0000000083900000, 0x0000000083800000| Untracked 
|  57|0x0000000083900000, 0x0000000083a00000, 0x0000000083a00000|100%| O|  |TAMS 0x0000000083a00000, 0x0000000083900000| Untracked 
|  58|0x0000000083a00000, 0x0000000083b00000, 0x0000000083b00000|100%| O|  |TAMS 0x0000000083b00000, 0x0000000083a00000| Untracked 
|  59|0x0000000083b00000, 0x0000000083c00000, 0x0000000083c00000|100%| O|  |TAMS 0x0000000083c00000, 0x0000000083b00000| Untracked 
|  60|0x0000000083c00000, 0x0000000083d00000, 0x0000000083d00000|100%| O|  |TAMS 0x0000000083d00000, 0x0000000083c00000| Untracked 
|  61|0x0000000083d00000, 0x0000000083e00000, 0x0000000083e00000|100%| O|  |TAMS 0x0000000083e00000, 0x0000000083d00000| Untracked 
|  62|0x0000000083e00000, 0x0000000083f00000, 0x0000000083f00000|100%| O|  |TAMS 0x0000000083f00000, 0x0000000083e00000| Untracked 
|  63|0x0000000083f00000, 0x0000000084000000, 0x0000000084000000|100%| O|  |TAMS 0x0000000084000000, 0x0000000083f00000| Untracked 
|  64|0x0000000084000000, 0x0000000084100000, 0x0000000084100000|100%| O|  |TAMS 0x0000000084100000, 0x0000000084000000| Untracked 
|  65|0x0000000084100000, 0x0000000084200000, 0x0000000084200000|100%| O|  |TAMS 0x0000000084200000, 0x0000000084100000| Untracked 
|  66|0x0000000084200000, 0x0000000084300000, 0x0000000084300000|100%| O|  |TAMS 0x0000000084300000, 0x0000000084200000| Untracked 
|  67|0x0000000084300000, 0x0000000084400000, 0x0000000084400000|100%| O|  |TAMS 0x0000000084400000, 0x0000000084300000| Untracked 
|  68|0x0000000084400000, 0x0000000084500000, 0x0000000084500000|100%| O|  |TAMS 0x0000000084500000, 0x0000000084400000| Untracked 
|  69|0x0000000084500000, 0x0000000084600000, 0x0000000084600000|100%| O|  |TAMS 0x0000000084600000, 0x0000000084500000| Untracked 
|  70|0x0000000084600000, 0x0000000084700000, 0x0000000084700000|100%| O|  |TAMS 0x0000000084700000, 0x0000000084600000| Untracked 
|  71|0x0000000084700000, 0x0000000084800000, 0x0000000084800000|100%| O|  |TAMS 0x0000000084800000, 0x0000000084700000| Untracked 
|  72|0x0000000084800000, 0x0000000084900000, 0x0000000084900000|100%| O|  |TAMS 0x0000000084900000, 0x0000000084800000| Untracked 
|  73|0x0000000084900000, 0x0000000084a00000, 0x0000000084a00000|100%| O|  |TAMS 0x0000000084a00000, 0x0000000084900000| Untracked 
|  74|0x0000000084a00000, 0x0000000084b00000, 0x0000000084b00000|100%| O|  |TAMS 0x0000000084b00000, 0x0000000084a00000| Untracked 
|  75|0x0000000084b00000, 0x0000000084c00000, 0x0000000084c00000|100%| O|  |TAMS 0x0000000084c00000, 0x0000000084b00000| Untracked 
|  76|0x0000000084c00000, 0x0000000084d00000, 0x0000000084d00000|100%| O|  |TAMS 0x0000000084d00000, 0x0000000084c00000| Untracked 
|  77|0x0000000084d00000, 0x0000000084e00000, 0x0000000084e00000|100%| O|  |TAMS 0x0000000084e00000, 0x0000000084d00000| Untracked 
|  78|0x0000000084e00000, 0x0000000084f00000, 0x0000000084f00000|100%| O|  |TAMS 0x0000000084f00000, 0x0000000084e00000| Untracked 
|  79|0x0000000084f00000, 0x0000000084fe9a00, 0x0000000085000000| 91%| O|  |TAMS 0x0000000084fe9a00, 0x0000000084f00000| Untracked 
|  80|0x0000000085000000, 0x0000000085100000, 0x0000000085100000|100%|HS|  |TAMS 0x0000000085100000, 0x0000000085000000| Complete 
|  81|0x0000000085100000, 0x0000000085200000, 0x0000000085200000|100%|HS|  |TAMS 0x0000000085100000, 0x0000000085100000| Complete 
|  82|0x0000000085200000, 0x0000000085300000, 0x0000000085300000|100%|HC|  |TAMS 0x0000000085200000, 0x0000000085200000| Complete 
|  83|0x0000000085300000, 0x0000000085400000, 0x0000000085400000|100%|HS|  |TAMS 0x0000000085400000, 0x0000000085300000| Complete 
|  84|0x0000000085400000, 0x0000000085500000, 0x0000000085500000|100%|HC|  |TAMS 0x0000000085500000, 0x0000000085400000| Complete 
|  85|0x0000000085500000, 0x0000000085600000, 0x0000000085600000|100%|HS|  |TAMS 0x0000000085600000, 0x0000000085500000| Complete 
|  86|0x0000000085600000, 0x0000000085700000, 0x0000000085700000|100%|HC|  |TAMS 0x0000000085700000, 0x0000000085600000| Complete 
|  87|0x0000000085700000, 0x0000000085800000, 0x0000000085800000|100%|HS|  |TAMS 0x0000000085700000, 0x0000000085700000| Complete 
|  88|0x0000000085800000, 0x0000000085900000, 0x0000000085900000|100%|HC|  |TAMS 0x0000000085800000, 0x0000000085800000| Complete 
|  89|0x0000000085900000, 0x0000000085a00000, 0x0000000085a00000|100%|HS|  |TAMS 0x0000000085900000, 0x0000000085900000| Complete 
|  90|0x0000000085a00000, 0x0000000085b00000, 0x0000000085b00000|100%|HC|  |TAMS 0x0000000085a00000, 0x0000000085a00000| Complete 
|  91|0x0000000085b00000, 0x0000000085c00000, 0x0000000085c00000|100%|HS|  |TAMS 0x0000000085b00000, 0x0000000085b00000| Complete 
|  92|0x0000000085c00000, 0x0000000085d00000, 0x0000000085d00000|100%|HC|  |TAMS 0x0000000085c00000, 0x0000000085c00000| Complete 
|  93|0x0000000085d00000, 0x0000000085e00000, 0x0000000085e00000|100%|HS|  |TAMS 0x0000000085d00000, 0x0000000085d00000| Complete 
|  94|0x0000000085e00000, 0x0000000085f00000, 0x0000000085f00000|100%|HC|  |TAMS 0x0000000085e00000, 0x0000000085e00000| Complete 
|  95|0x0000000085f00000, 0x0000000086000000, 0x0000000086000000|100%|HS|  |TAMS 0x0000000086000000, 0x0000000085f00000| Complete 
|  96|0x0000000086000000, 0x0000000086100000, 0x0000000086100000|100%|HC|  |TAMS 0x0000000086100000, 0x0000000086000000| Complete 
|  97|0x0000000086100000, 0x0000000086200000, 0x0000000086200000|100%|HS|  |TAMS 0x0000000086200000, 0x0000000086100000| Complete 
|  98|0x0000000086200000, 0x0000000086300000, 0x0000000086300000|100%|HC|  |TAMS 0x0000000086300000, 0x0000000086200000| Complete 
|  99|0x0000000086300000, 0x0000000086400000, 0x0000000086400000|100%|HS|  |TAMS 0x0000000086400000, 0x0000000086300000| Complete 
| 100|0x0000000086400000, 0x0000000086500000, 0x0000000086500000|100%|HC|  |TAMS 0x0000000086500000, 0x0000000086400000| Complete 
| 101|0x0000000086500000, 0x0000000086600000, 0x0000000086600000|100%|HS|  |TAMS 0x0000000086600000, 0x0000000086500000| Complete 
| 102|0x0000000086600000, 0x0000000086700000, 0x0000000086700000|100%|HC|  |TAMS 0x0000000086700000, 0x0000000086600000| Complete 
| 103|0x0000000086700000, 0x0000000086800000, 0x0000000086800000|100%|HS|  |TAMS 0x0000000086800000, 0x0000000086700000| Complete 
| 104|0x0000000086800000, 0x0000000086900000, 0x0000000086900000|100%|HC|  |TAMS 0x0000000086900000, 0x0000000086800000| Complete 
| 105|0x0000000086900000, 0x0000000086a00000, 0x0000000086a00000|100%|HS|  |TAMS 0x0000000086a00000, 0x0000000086900000| Complete 
| 106|0x0000000086a00000, 0x0000000086b00000, 0x0000000086b00000|100%|HC|  |TAMS 0x0000000086b00000, 0x0000000086a00000| Complete 
| 107|0x0000000086b00000, 0x0000000086c00000, 0x0000000086c00000|100%|HS|  |TAMS 0x0000000086c00000, 0x0000000086b00000| Complete 
| 108|0x0000000086c00000, 0x0000000086d00000, 0x0000000086d00000|100%|HC|  |TAMS 0x0000000086d00000, 0x0000000086c00000| Complete 
| 109|0x0000000086d00000, 0x0000000086e00000, 0x0000000086e00000|100%|HS|  |TAMS 0x0000000086e00000, 0x0000000086d00000| Complete 
| 110|0x0000000086e00000, 0x0000000086f00000, 0x0000000086f00000|100%|HC|  |TAMS 0x0000000086f00000, 0x0000000086e00000| Complete 
| 111|0x0000000086f00000, 0x0000000087000000, 0x0000000087000000|100%|HS|  |TAMS 0x0000000087000000, 0x0000000086f00000| Complete 
| 112|0x0000000087000000, 0x0000000087100000, 0x0000000087100000|100%|HC|  |TAMS 0x0000000087100000, 0x0000000087000000| Complete 
| 113|0x0000000087100000, 0x0000000087200000, 0x0000000087200000|100%|HS|  |TAMS 0x0000000087200000, 0x0000000087100000| Complete 
| 114|0x0000000087200000, 0x0000000087300000, 0x0000000087300000|100%|HC|  |TAMS 0x0000000087300000, 0x0000000087200000| Complete 
| 115|0x0000000087300000, 0x0000000087400000, 0x0000000087400000|100%|HS|  |TAMS 0x0000000087300000, 0x0000000087300000| Complete 
| 116|0x0000000087400000, 0x0000000087500000, 0x0000000087500000|100%|HC|  |TAMS 0x0000000087400000, 0x0000000087400000| Complete 
| 117|0x0000000087500000, 0x0000000087600000, 0x0000000087600000|100%|HS|  |TAMS 0x0000000087500000, 0x0000000087500000| Complete 
| 118|0x0000000087600000, 0x0000000087700000, 0x0000000087700000|100%|HC|  |TAMS 0x0000000087600000, 0x0000000087600000| Complete 
| 119|0x0000000087700000, 0x0000000087800000, 0x0000000087800000|100%|HS|  |TAMS 0x0000000087700000, 0x0000000087700000| Complete 
| 120|0x0000000087800000, 0x0000000087900000, 0x0000000087900000|100%|HC|  |TAMS 0x0000000087800000, 0x0000000087800000| Complete 
| 121|0x0000000087900000, 0x0000000087a00000, 0x0000000087a00000|100%|HS|  |TAMS 0x0000000087900000, 0x0000000087900000| Complete 
| 122|0x0000000087a00000, 0x0000000087b00000, 0x0000000087b00000|100%|HC|  |TAMS 0x0000000087a00000, 0x0000000087a00000| Complete 
| 123|0x0000000087b00000, 0x0000000087c00000, 0x0000000087c00000|100%|HS|  |TAMS 0x0000000087b00000, 0x0000000087b00000| Complete 
| 124|0x0000000087c00000, 0x0000000087d00000, 0x0000000087d00000|100%|HC|  |TAMS 0x0000000087c00000, 0x0000000087c00000| Complete 
| 125|0x0000000087d00000, 0x0000000087e00000, 0x0000000087e00000|100%|HS|  |TAMS 0x0000000087d00000, 0x0000000087d00000| Complete 
| 126|0x0000000087e00000, 0x0000000087f00000, 0x0000000087f00000|100%|HC|  |TAMS 0x0000000087e00000, 0x0000000087e00000| Complete 
| 127|0x0000000087f00000, 0x0000000088000000, 0x0000000088000000|100%|HS|  |TAMS 0x0000000087f00000, 0x0000000087f00000| Complete 
| 128|0x0000000088000000, 0x0000000088100000, 0x0000000088100000|100%|HC|  |TAMS 0x0000000088000000, 0x0000000088000000| Complete 
| 129|0x0000000088100000, 0x0000000088200000, 0x0000000088200000|100%|HS|  |TAMS 0x0000000088100000, 0x0000000088100000| Complete 
| 130|0x0000000088200000, 0x0000000088300000, 0x0000000088300000|100%|HS|  |TAMS 0x0000000088200000, 0x0000000088200000| Complete 
| 131|0x0000000088300000, 0x0000000088300000, 0x0000000088400000|  0%| F|  |TAMS 0x0000000088300000, 0x0000000088300000| Untracked 
| 132|0x0000000088400000, 0x0000000088400000, 0x0000000088500000|  0%| F|  |TAMS 0x0000000088400000, 0x0000000088400000| Untracked 
| 133|0x0000000088500000, 0x0000000088500000, 0x0000000088600000|  0%| F|  |TAMS 0x0000000088500000, 0x0000000088500000| Untracked 
| 134|0x0000000088600000, 0x0000000088600000, 0x0000000088700000|  0%| F|  |TAMS 0x0000000088600000, 0x0000000088600000| Untracked 
| 135|0x0000000088700000, 0x0000000088700000, 0x0000000088800000|  0%| F|  |TAMS 0x0000000088700000, 0x0000000088700000| Untracked 
| 136|0x0000000088800000, 0x0000000088800000, 0x0000000088900000|  0%| F|  |TAMS 0x0000000088800000, 0x0000000088800000| Untracked 
| 137|0x0000000088900000, 0x0000000088900000, 0x0000000088a00000|  0%| F|  |TAMS 0x0000000088900000, 0x0000000088900000| Untracked 
| 138|0x0000000088a00000, 0x0000000088a00000, 0x0000000088b00000|  0%| F|  |TAMS 0x0000000088a00000, 0x0000000088a00000| Untracked 
| 139|0x0000000088b00000, 0x0000000088b00000, 0x0000000088c00000|  0%| F|  |TAMS 0x0000000088b00000, 0x0000000088b00000| Untracked 
| 140|0x0000000088c00000, 0x0000000088c00000, 0x0000000088d00000|  0%| F|  |TAMS 0x0000000088c00000, 0x0000000088c00000| Untracked 
| 141|0x0000000088d00000, 0x0000000088d00000, 0x0000000088e00000|  0%| F|  |TAMS 0x0000000088d00000, 0x0000000088d00000| Untracked 
| 142|0x0000000088e00000, 0x0000000088e00000, 0x0000000088f00000|  0%| F|  |TAMS 0x0000000088e00000, 0x0000000088e00000| Untracked 
| 143|0x0000000088f00000, 0x0000000088f00000, 0x0000000089000000|  0%| F|  |TAMS 0x0000000088f00000, 0x0000000088f00000| Untracked 
| 144|0x0000000089000000, 0x0000000089000000, 0x0000000089100000|  0%| F|  |TAMS 0x0000000089000000, 0x0000000089000000| Untracked 
| 145|0x0000000089100000, 0x0000000089100000, 0x0000000089200000|  0%| F|  |TAMS 0x0000000089100000, 0x0000000089100000| Untracked 
| 146|0x0000000089200000, 0x0000000089200000, 0x0000000089300000|  0%| F|  |TAMS 0x0000000089200000, 0x0000000089200000| Untracked 
| 147|0x0000000089300000, 0x0000000089300000, 0x0000000089400000|  0%| F|  |TAMS 0x0000000089300000, 0x0000000089300000| Untracked 
| 148|0x0000000089400000, 0x0000000089400000, 0x0000000089500000|  0%| F|  |TAMS 0x0000000089400000, 0x0000000089400000| Untracked 
| 149|0x0000000089500000, 0x0000000089500000, 0x0000000089600000|  0%| F|  |TAMS 0x0000000089500000, 0x0000000089500000| Untracked 
| 150|0x0000000089600000, 0x0000000089600000, 0x0000000089700000|  0%| F|  |TAMS 0x0000000089600000, 0x0000000089600000| Untracked 
| 151|0x0000000089700000, 0x0000000089700000, 0x0000000089800000|  0%| F|  |TAMS 0x0000000089700000, 0x0000000089700000| Untracked 
| 152|0x0000000089800000, 0x0000000089800000, 0x0000000089900000|  0%| F|  |TAMS 0x0000000089800000, 0x0000000089800000| Untracked 
| 153|0x0000000089900000, 0x0000000089900000, 0x0000000089a00000|  0%| F|  |TAMS 0x0000000089900000, 0x0000000089900000| Untracked 
| 154|0x0000000089a00000, 0x0000000089a00000, 0x0000000089b00000|  0%| F|  |TAMS 0x0000000089a00000, 0x0000000089a00000| Untracked 
| 155|0x0000000089b00000, 0x0000000089b00000, 0x0000000089c00000|  0%| F|  |TAMS 0x0000000089b00000, 0x0000000089b00000| Untracked 
| 156|0x0000000089c00000, 0x0000000089c00000, 0x0000000089d00000|  0%| F|  |TAMS 0x0000000089c00000, 0x0000000089c00000| Untracked 
| 157|0x0000000089d00000, 0x0000000089d00000, 0x0000000089e00000|  0%| F|  |TAMS 0x0000000089d00000, 0x0000000089d00000| Untracked 
| 158|0x0000000089e00000, 0x0000000089e00000, 0x0000000089f00000|  0%| F|  |TAMS 0x0000000089e00000, 0x0000000089e00000| Untracked 
| 159|0x0000000089f00000, 0x0000000089f00000, 0x000000008a000000|  0%| F|  |TAMS 0x0000000089f00000, 0x0000000089f00000| Untracked 
| 160|0x000000008a000000, 0x000000008a000000, 0x000000008a100000|  0%| F|  |TAMS 0x000000008a000000, 0x000000008a000000| Untracked 
| 161|0x000000008a100000, 0x000000008a100000, 0x000000008a200000|  0%| F|  |TAMS 0x000000008a100000, 0x000000008a100000| Untracked 
| 162|0x000000008a200000, 0x000000008a200000, 0x000000008a300000|  0%| F|  |TAMS 0x000000008a200000, 0x000000008a200000| Untracked 
| 163|0x000000008a300000, 0x000000008a300000, 0x000000008a400000|  0%| F|  |TAMS 0x000000008a300000, 0x000000008a300000| Untracked 
| 164|0x000000008a400000, 0x000000008a400000, 0x000000008a500000|  0%| F|  |TAMS 0x000000008a400000, 0x000000008a400000| Untracked 
| 165|0x000000008a500000, 0x000000008a500000, 0x000000008a600000|  0%| F|  |TAMS 0x000000008a500000, 0x000000008a500000| Untracked 
| 166|0x000000008a600000, 0x000000008a600000, 0x000000008a700000|  0%| F|  |TAMS 0x000000008a600000, 0x000000008a600000| Untracked 
| 167|0x000000008a700000, 0x000000008a700000, 0x000000008a800000|  0%| F|  |TAMS 0x000000008a700000, 0x000000008a700000| Untracked 
| 168|0x000000008a800000, 0x000000008a800000, 0x000000008a900000|  0%| F|  |TAMS 0x000000008a800000, 0x000000008a800000| Untracked 
| 169|0x000000008a900000, 0x000000008a900000, 0x000000008aa00000|  0%| F|  |TAMS 0x000000008a900000, 0x000000008a900000| Untracked 
| 170|0x000000008aa00000, 0x000000008aa00000, 0x000000008ab00000|  0%| F|  |TAMS 0x000000008aa00000, 0x000000008aa00000| Untracked 
| 171|0x000000008ab00000, 0x000000008ab00000, 0x000000008ac00000|  0%| F|  |TAMS 0x000000008ab00000, 0x000000008ab00000| Untracked 
| 172|0x000000008ac00000, 0x000000008ac00000, 0x000000008ad00000|  0%| F|  |TAMS 0x000000008ac00000, 0x000000008ac00000| Untracked 
| 173|0x000000008ad00000, 0x000000008ad00000, 0x000000008ae00000|  0%| F|  |TAMS 0x000000008ad00000, 0x000000008ad00000| Untracked 
| 174|0x000000008ae00000, 0x000000008ae00000, 0x000000008af00000|  0%| F|  |TAMS 0x000000008ae00000, 0x000000008ae00000| Untracked 
| 175|0x000000008af00000, 0x000000008af00000, 0x000000008b000000|  0%| F|  |TAMS 0x000000008af00000, 0x000000008af00000| Untracked 
| 176|0x000000008b000000, 0x000000008b000000, 0x000000008b100000|  0%| F|  |TAMS 0x000000008b000000, 0x000000008b000000| Untracked 
| 177|0x000000008b100000, 0x000000008b100000, 0x000000008b200000|  0%| F|  |TAMS 0x000000008b100000, 0x000000008b100000| Untracked 
| 178|0x000000008b200000, 0x000000008b200000, 0x000000008b300000|  0%| F|  |TAMS 0x000000008b200000, 0x000000008b200000| Untracked 
| 179|0x000000008b300000, 0x000000008b300000, 0x000000008b400000|  0%| F|  |TAMS 0x000000008b300000, 0x000000008b300000| Untracked 
| 180|0x000000008b400000, 0x000000008b400000, 0x000000008b500000|  0%| F|  |TAMS 0x000000008b400000, 0x000000008b400000| Untracked 
| 181|0x000000008b500000, 0x000000008b500000, 0x000000008b600000|  0%| F|  |TAMS 0x000000008b500000, 0x000000008b500000| Untracked 
| 182|0x000000008b600000, 0x000000008b600000, 0x000000008b700000|  0%| F|  |TAMS 0x000000008b600000, 0x000000008b600000| Untracked 
| 183|0x000000008b700000, 0x000000008b700000, 0x000000008b800000|  0%| F|  |TAMS 0x000000008b700000, 0x000000008b700000| Untracked 
| 184|0x000000008b800000, 0x000000008b800000, 0x000000008b900000|  0%| F|  |TAMS 0x000000008b800000, 0x000000008b800000| Untracked 
| 185|0x000000008b900000, 0x000000008b900000, 0x000000008ba00000|  0%| F|  |TAMS 0x000000008b900000, 0x000000008b900000| Untracked 
| 186|0x000000008ba00000, 0x000000008ba00000, 0x000000008bb00000|  0%| F|  |TAMS 0x000000008ba00000, 0x000000008ba00000| Untracked 
| 187|0x000000008bb00000, 0x000000008bb00000, 0x000000008bc00000|  0%| F|  |TAMS 0x000000008bb00000, 0x000000008bb00000| Untracked 
| 188|0x000000008bc00000, 0x000000008bc00000, 0x000000008bd00000|  0%| F|  |TAMS 0x000000008bc00000, 0x000000008bc00000| Untracked 
| 189|0x000000008bd00000, 0x000000008bd00000, 0x000000008be00000|  0%| F|  |TAMS 0x000000008bd00000, 0x000000008bd00000| Untracked 
| 190|0x000000008be00000, 0x000000008be00000, 0x000000008bf00000|  0%| F|  |TAMS 0x000000008be00000, 0x000000008be00000| Untracked 
| 191|0x000000008bf00000, 0x000000008bf00000, 0x000000008c000000|  0%| F|  |TAMS 0x000000008bf00000, 0x000000008bf00000| Untracked 
| 192|0x000000008c000000, 0x000000008c000000, 0x000000008c100000|  0%| F|  |TAMS 0x000000008c000000, 0x000000008c000000| Untracked 
| 193|0x000000008c100000, 0x000000008c100000, 0x000000008c200000|  0%| F|  |TAMS 0x000000008c100000, 0x000000008c100000| Untracked 
| 194|0x000000008c200000, 0x000000008c200000, 0x000000008c300000|  0%| F|  |TAMS 0x000000008c200000, 0x000000008c200000| Untracked 
| 195|0x000000008c300000, 0x000000008c300000, 0x000000008c400000|  0%| F|  |TAMS 0x000000008c300000, 0x000000008c300000| Untracked 
| 196|0x000000008c400000, 0x000000008c400000, 0x000000008c500000|  0%| F|  |TAMS 0x000000008c400000, 0x000000008c400000| Untracked 
| 197|0x000000008c500000, 0x000000008c5d1bf0, 0x000000008c600000| 81%| S|CS|TAMS 0x000000008c500000, 0x000000008c500000| Complete 
| 198|0x000000008c600000, 0x000000008c700000, 0x000000008c700000|100%| S|CS|TAMS 0x000000008c600000, 0x000000008c600000| Complete 
| 199|0x000000008c700000, 0x000000008c800000, 0x000000008c800000|100%| S|CS|TAMS 0x000000008c700000, 0x000000008c700000| Complete 
| 200|0x000000008c800000, 0x000000008c900000, 0x000000008c900000|100%| S|CS|TAMS 0x000000008c800000, 0x000000008c800000| Complete 
| 201|0x000000008c900000, 0x000000008ca00000, 0x000000008ca00000|100%| S|CS|TAMS 0x000000008c900000, 0x000000008c900000| Complete 
| 202|0x000000008ca00000, 0x000000008cb00000, 0x000000008cb00000|100%| S|CS|TAMS 0x000000008ca00000, 0x000000008ca00000| Complete 
| 203|0x000000008cb00000, 0x000000008cc00000, 0x000000008cc00000|100%| S|CS|TAMS 0x000000008cb00000, 0x000000008cb00000| Complete 
| 204|0x000000008cc00000, 0x000000008cd00000, 0x000000008cd00000|100%| S|CS|TAMS 0x000000008cc00000, 0x000000008cc00000| Complete 
| 205|0x000000008cd00000, 0x000000008ce00000, 0x000000008ce00000|100%| S|CS|TAMS 0x000000008cd00000, 0x000000008cd00000| Complete 
| 206|0x000000008ce00000, 0x000000008cf00000, 0x000000008cf00000|100%| S|CS|TAMS 0x000000008ce00000, 0x000000008ce00000| Complete 
| 207|0x000000008cf00000, 0x000000008d000000, 0x000000008d000000|100%| S|CS|TAMS 0x000000008cf00000, 0x000000008cf00000| Complete 
| 208|0x000000008d000000, 0x000000008d000000, 0x000000008d100000|  0%| F|  |TAMS 0x000000008d000000, 0x000000008d000000| Untracked 
| 209|0x000000008d100000, 0x000000008d100000, 0x000000008d200000|  0%| F|  |TAMS 0x000000008d100000, 0x000000008d100000| Untracked 
| 210|0x000000008d200000, 0x000000008d200000, 0x000000008d300000|  0%| F|  |TAMS 0x000000008d200000, 0x000000008d200000| Untracked 
| 211|0x000000008d300000, 0x000000008d300000, 0x000000008d400000|  0%| F|  |TAMS 0x000000008d300000, 0x000000008d300000| Untracked 
| 212|0x000000008d400000, 0x000000008d400000, 0x000000008d500000|  0%| F|  |TAMS 0x000000008d400000, 0x000000008d400000| Untracked 
| 213|0x000000008d500000, 0x000000008d500000, 0x000000008d600000|  0%| F|  |TAMS 0x000000008d500000, 0x000000008d500000| Untracked 
| 214|0x000000008d600000, 0x000000008d600000, 0x000000008d700000|  0%| F|  |TAMS 0x000000008d600000, 0x000000008d600000| Untracked 
| 215|0x000000008d700000, 0x000000008d700000, 0x000000008d800000|  0%| F|  |TAMS 0x000000008d700000, 0x000000008d700000| Untracked 
| 216|0x000000008d800000, 0x000000008d800000, 0x000000008d900000|  0%| F|  |TAMS 0x000000008d800000, 0x000000008d800000| Untracked 
| 217|0x000000008d900000, 0x000000008d900000, 0x000000008da00000|  0%| F|  |TAMS 0x000000008d900000, 0x000000008d900000| Untracked 
| 218|0x000000008da00000, 0x000000008da00000, 0x000000008db00000|  0%| F|  |TAMS 0x000000008da00000, 0x000000008da00000| Untracked 
| 219|0x000000008db00000, 0x000000008db00000, 0x000000008dc00000|  0%| F|  |TAMS 0x000000008db00000, 0x000000008db00000| Untracked 
| 220|0x000000008dc00000, 0x000000008dc00000, 0x000000008dd00000|  0%| F|  |TAMS 0x000000008dc00000, 0x000000008dc00000| Untracked 
| 221|0x000000008dd00000, 0x000000008dd00000, 0x000000008de00000|  0%| F|  |TAMS 0x000000008dd00000, 0x000000008dd00000| Untracked 
| 222|0x000000008de00000, 0x000000008ded4410, 0x000000008df00000| 82%| E|  |TAMS 0x000000008de00000, 0x000000008de00000| Complete 
| 223|0x000000008df00000, 0x000000008e000000, 0x000000008e000000|100%| E|CS|TAMS 0x000000008df00000, 0x000000008df00000| Complete 
| 224|0x000000008e000000, 0x000000008e100000, 0x000000008e100000|100%| E|CS|TAMS 0x000000008e000000, 0x000000008e000000| Complete 
| 225|0x000000008e100000, 0x000000008e200000, 0x000000008e200000|100%| E|CS|TAMS 0x000000008e100000, 0x000000008e100000| Complete 
| 226|0x000000008e200000, 0x000000008e300000, 0x000000008e300000|100%| E|CS|TAMS 0x000000008e200000, 0x000000008e200000| Complete 
| 227|0x000000008e300000, 0x000000008e400000, 0x000000008e400000|100%| E|CS|TAMS 0x000000008e300000, 0x000000008e300000| Complete 
| 228|0x000000008e400000, 0x000000008e500000, 0x000000008e500000|100%| E|CS|TAMS 0x000000008e400000, 0x000000008e400000| Complete 
| 229|0x000000008e500000, 0x000000008e600000, 0x000000008e600000|100%| E|CS|TAMS 0x000000008e500000, 0x000000008e500000| Complete 
| 230|0x000000008e600000, 0x000000008e700000, 0x000000008e700000|100%| E|CS|TAMS 0x000000008e600000, 0x000000008e600000| Complete 
| 231|0x000000008e700000, 0x000000008e800000, 0x000000008e800000|100%| E|CS|TAMS 0x000000008e700000, 0x000000008e700000| Complete 
| 232|0x000000008e800000, 0x000000008e900000, 0x000000008e900000|100%| E|CS|TAMS 0x000000008e800000, 0x000000008e800000| Complete 
| 233|0x000000008e900000, 0x000000008ea00000, 0x000000008ea00000|100%| E|CS|TAMS 0x000000008e900000, 0x000000008e900000| Complete 
| 234|0x000000008ea00000, 0x000000008eb00000, 0x000000008eb00000|100%| E|CS|TAMS 0x000000008ea00000, 0x000000008ea00000| Complete 
| 235|0x000000008eb00000, 0x000000008ec00000, 0x000000008ec00000|100%| E|CS|TAMS 0x000000008eb00000, 0x000000008eb00000| Complete 
| 236|0x000000008ec00000, 0x000000008ed00000, 0x000000008ed00000|100%| E|CS|TAMS 0x000000008ec00000, 0x000000008ec00000| Complete 
| 237|0x000000008ed00000, 0x000000008ee00000, 0x000000008ee00000|100%| E|CS|TAMS 0x000000008ed00000, 0x000000008ed00000| Complete 
| 238|0x000000008ee00000, 0x000000008ef00000, 0x000000008ef00000|100%| E|CS|TAMS 0x000000008ee00000, 0x000000008ee00000| Complete 
| 239|0x000000008ef00000, 0x000000008f000000, 0x000000008f000000|100%| E|CS|TAMS 0x000000008ef00000, 0x000000008ef00000| Complete 
| 240|0x000000008f000000, 0x000000008f100000, 0x000000008f100000|100%| E|CS|TAMS 0x000000008f000000, 0x000000008f000000| Complete 
| 241|0x000000008f100000, 0x000000008f200000, 0x000000008f200000|100%| E|CS|TAMS 0x000000008f100000, 0x000000008f100000| Complete 
| 242|0x000000008f200000, 0x000000008f300000, 0x000000008f300000|100%| E|CS|TAMS 0x000000008f200000, 0x000000008f200000| Complete 
| 243|0x000000008f300000, 0x000000008f400000, 0x000000008f400000|100%| E|CS|TAMS 0x000000008f300000, 0x000000008f300000| Complete 
| 244|0x000000008f400000, 0x000000008f500000, 0x000000008f500000|100%| E|CS|TAMS 0x000000008f400000, 0x000000008f400000| Complete 
| 245|0x000000008f500000, 0x000000008f600000, 0x000000008f600000|100%| E|CS|TAMS 0x000000008f500000, 0x000000008f500000| Complete 
| 246|0x000000008f600000, 0x000000008f700000, 0x000000008f700000|100%| E|CS|TAMS 0x000000008f600000, 0x000000008f600000| Complete 
| 247|0x000000008f700000, 0x000000008f800000, 0x000000008f800000|100%| E|CS|TAMS 0x000000008f700000, 0x000000008f700000| Complete 
| 248|0x000000008f800000, 0x000000008f900000, 0x000000008f900000|100%| E|CS|TAMS 0x000000008f800000, 0x000000008f800000| Complete 
| 249|0x000000008f900000, 0x000000008fa00000, 0x000000008fa00000|100%| E|CS|TAMS 0x000000008f900000, 0x000000008f900000| Complete 
| 250|0x000000008fa00000, 0x000000008fb00000, 0x000000008fb00000|100%| E|CS|TAMS 0x000000008fa00000, 0x000000008fa00000| Complete 
| 251|0x000000008fb00000, 0x000000008fc00000, 0x000000008fc00000|100%| E|CS|TAMS 0x000000008fb00000, 0x000000008fb00000| Complete 
| 252|0x000000008fc00000, 0x000000008fd00000, 0x000000008fd00000|100%| E|CS|TAMS 0x000000008fc00000, 0x000000008fc00000| Complete 
| 253|0x000000008fd00000, 0x000000008fe00000, 0x000000008fe00000|100%| E|  |TAMS 0x000000008fd00000, 0x000000008fd00000| Complete 

Card table byte_map: [0x000001c2580e0000,0x000001c2584e0000] _byte_map_base: 0x000001c257ce0000

Marking Bits (Prev, Next): (CMBitMap*) 0x000001c244efe4f0, (CMBitMap*) 0x000001c244efe4b8
 Prev Bits: [0x000001c25a8e0000, 0x000001c25c8e0000)
 Next Bits: [0x000001c2588e0000, 0x000001c25a8e0000)

Polling page: 0x000001c244690000

Metaspace:

Usage:
  Non-class:     76.85 MB capacity,    75.47 MB ( 98%) used,     1.13 MB (  1%) free+waste,   259.94 KB ( <1%) overhead. 
      Class:     12.02 MB capacity,    11.21 MB ( 93%) used,   714.53 KB (  6%) free+waste,   116.69 KB ( <1%) overhead. 
       Both:     88.88 MB capacity,    86.68 MB ( 98%) used,     1.82 MB (  2%) free+waste,   376.63 KB ( <1%) overhead. 

Virtual space:
  Non-class space:       78.00 MB reserved,      76.95 MB ( 99%) committed 
      Class space:        1.00 GB reserved,      12.13 MB (  1%) committed 
             Both:        1.08 GB reserved,      89.07 MB (  8%) committed 

Chunk freelists:
   Non-Class:  35.00 KB
       Class:  72.00 KB
        Both:  107.00 KB

MaxMetaspaceSize: 17179869184.00 GB
CompressedClassSpaceSize: 1.00 GB

CodeHeap 'non-profiled nmethods': size=120000Kb used=7403Kb max_used=7403Kb free=112596Kb
 bounds [0x000001c250480000, 0x000001c250bc0000, 0x000001c2579b0000]
CodeHeap 'profiled nmethods': size=120000Kb used=24868Kb max_used=24868Kb free=95131Kb
 bounds [0x000001c248f50000, 0x000001c24a7a0000, 0x000001c250480000]
CodeHeap 'non-nmethods': size=5760Kb used=2295Kb max_used=2357Kb free=3464Kb
 bounds [0x000001c2489b0000, 0x000001c248c20000, 0x000001c248f50000]
 total_blobs=12471 nmethods=11571 adapters=811
 compilation: enabled
              stopped_count=0, restarted_count=0
 full_count=0

Compilation events (20 events):
Event: 246.958 Thread 0x000001c25fc1e000 nmethod 11576 0x000001c24a76c210 code [0x000001c24a76c3e0, 0x000001c24a76c688]
Event: 246.958 Thread 0x000001c25fc1e000 11579       3       org.gradle.api.internal.artifacts.ivyservice.modulecache.ModuleMetadataStore::getFilePath (49 bytes)
Event: 246.958 Thread 0x000001c25fc1e000 nmethod 11579 0x000001c24a76c810 code [0x000001c24a76ca40, 0x000001c24a76d6d8]
Event: 246.958 Thread 0x000001c25fc1e000 11578       3       org.gradle.internal.component.external.model.VariantMetadataRules::<init> (22 bytes)
Event: 246.958 Thread 0x000001c25fc1e000 nmethod 11578 0x000001c24a76da10 code [0x000001c24a76dc00, 0x000001c24a76e118]
Event: 246.958 Thread 0x000001c25fc1e000 11580       3       org.gradle.api.internal.artifacts.dsl.DefaultComponentMetadataProcessor::processMetadata (254 bytes)
Event: 246.959 Thread 0x000001c25fc1e000 nmethod 11580 0x000001c24a76e290 code [0x000001c24a76e620, 0x000001c24a76fac8]
Event: 246.959 Thread 0x000001c25fc1e000 11582       3       java.util.AbstractCollection::containsAll (38 bytes)
Event: 246.960 Thread 0x000001c25fc1e000 nmethod 11582 0x000001c24a770210 code [0x000001c24a770400, 0x000001c24a7708f8]
Event: 246.960 Thread 0x000001c25fc1e000 11581  s    3       org.gradle.api.internal.artifacts.ivyservice.modulecache.DefaultCachedMetadata::putProcessedMetadata (64 bytes)
Event: 246.960 Thread 0x000001c25fc1e000 nmethod 11581 0x000001c24a770a90 code [0x000001c24a770d40, 0x000001c24a771ce8]
Event: 246.960 Thread 0x000001c25fc1e000 11584       3       org.gradle.api.internal.artifacts.ivyservice.modulecache.ModuleMetadataSerializer$Reader::readMavenDependencies (39 bytes)
Event: 246.961 Thread 0x000001c25fc1e000 nmethod 11584 0x000001c24a772190 code [0x000001c24a772400, 0x000001c24a772e18]
Event: 246.961 Thread 0x000001c25fc1e000 11585       3       org.gradle.api.internal.artifacts.ivyservice.modulecache.ModuleSourcesSerializer::read (50 bytes)
Event: 246.962 Thread 0x000001c25fc1e000 nmethod 11585 0x000001c24a773290 code [0x000001c24a773540, 0x000001c24a774228]
Event: 246.962 Thread 0x000001c25fc1e000 11586       3       org.gradle.api.internal.artifacts.ivyservice.modulecache.ModuleMetadataCacheEntry::<init> (20 bytes)
Event: 246.962 Thread 0x000001c25fc1e000 nmethod 11586 0x000001c24a774710 code [0x000001c24a7748c0, 0x000001c24a774a38]
Event: 246.962 Thread 0x000001c25fc1e000 11583       3       org.gradle.internal.component.external.model.ConfigurationBoundExternalDependencyMetadata::isChanging (8 bytes)
Event: 246.962 Thread 0x000001c25fc1e000 nmethod 11583 0x000001c24a774b10 code [0x000001c24a774cc0, 0x000001c24a774e88]
Event: 246.964 Thread 0x000001c25fc1e000 11587       3       org.gradle.api.internal.artifacts.ivyservice.ivyresolve.strategy.StaticVersionComparator::compare (326 bytes)

GC Heap History (20 events):
Event: 2.570 GC heap before
{Heap before GC invocations=4 (full 0):
 garbage-first heap   total 260096K, used 93166K [0x0000000080000000, 0x0000000100000000)
  region size 1024K, 76 young (77824K), 2 survivors (2048K)
 Metaspace       used 35005K, capacity 35786K, committed 35840K, reserved 1081344K
  class space    used 4555K, capacity 4863K, committed 4864K, reserved 1048576K
}
Event: 2.577 GC heap after
{Heap after GC invocations=5 (full 0):
 garbage-first heap   total 260096K, used 22276K [0x0000000080000000, 0x0000000100000000)
  region size 1024K, 6 young (6144K), 6 survivors (6144K)
 Metaspace       used 35005K, capacity 35786K, committed 35840K, reserved 1081344K
  class space    used 4555K, capacity 4863K, committed 4864K, reserved 1048576K
}
Event: 3.431 GC heap before
{Heap before GC invocations=6 (full 0):
 garbage-first heap   total 260096K, used 135940K [0x0000000080000000, 0x0000000100000000)
  region size 1024K, 114 young (116736K), 6 survivors (6144K)
 Metaspace       used 44168K, capacity 45202K, committed 45516K, reserved 1089536K
  class space    used 5657K, capacity 6025K, committed 6144K, reserved 1048576K
}
Event: 3.438 GC heap after
{Heap after GC invocations=7 (full 0):
 garbage-first heap   total 260096K, used 29252K [0x0000000080000000, 0x0000000100000000)
  region size 1024K, 13 young (13312K), 13 survivors (13312K)
 Metaspace       used 44168K, capacity 45202K, committed 45516K, reserved 1089536K
  class space    used 5657K, capacity 6025K, committed 6144K, reserved 1048576K
}
Event: 4.314 GC heap before
{Heap before GC invocations=7 (full 0):
 garbage-first heap   total 260096K, used 159300K [0x0000000080000000, 0x0000000100000000)
  region size 1024K, 135 young (138240K), 13 survivors (13312K)
 Metaspace       used 52028K, capacity 53366K, committed 53452K, reserved 1095680K
  class space    used 6622K, capacity 7131K, committed 7168K, reserved 1048576K
}
Event: 4.324 GC heap after
{Heap after GC invocations=8 (full 0):
 garbage-first heap   total 260096K, used 44530K [0x0000000080000000, 0x0000000100000000)
  region size 1024K, 17 young (17408K), 17 survivors (17408K)
 Metaspace       used 52028K, capacity 53366K, committed 53452K, reserved 1095680K
  class space    used 6622K, capacity 7131K, committed 7168K, reserved 1048576K
}
Event: 4.818 GC heap before
{Heap before GC invocations=8 (full 0):
 garbage-first heap   total 260096K, used 91634K [0x0000000080000000, 0x0000000100000000)
  region size 1024K, 64 young (65536K), 17 survivors (17408K)
 Metaspace       used 58766K, capacity 60201K, committed 60236K, reserved 1101824K
  class space    used 7486K, capacity 8043K, committed 8064K, reserved 1048576K
}
Event: 4.831 GC heap after
{Heap after GC invocations=9 (full 0):
 garbage-first heap   total 260096K, used 48370K [0x0000000080000000, 0x0000000100000000)
  region size 1024K, 4 young (4096K), 4 survivors (4096K)
 Metaspace       used 58766K, capacity 60201K, committed 60236K, reserved 1101824K
  class space    used 7486K, capacity 8043K, committed 8064K, reserved 1048576K
}
Event: 5.630 GC heap before
{Heap before GC invocations=10 (full 0):
 garbage-first heap   total 260096K, used 161010K [0x0000000080000000, 0x0000000100000000)
  region size 1024K, 114 young (116736K), 4 survivors (4096K)
 Metaspace       used 66218K, capacity 67785K, committed 67916K, reserved 1107968K
  class space    used 8442K, capacity 9041K, committed 9088K, reserved 1048576K
}
Event: 5.638 GC heap after
{Heap after GC invocations=11 (full 0):
 garbage-first heap   total 260096K, used 55927K [0x0000000080000000, 0x0000000100000000)
  region size 1024K, 12 young (12288K), 12 survivors (12288K)
 Metaspace       used 66218K, capacity 67785K, committed 67916K, reserved 1107968K
  class space    used 8442K, capacity 9041K, committed 9088K, reserved 1048576K
}
Event: 6.708 GC heap before
{Heap before GC invocations=12 (full 0):
 garbage-first heap   total 260096K, used 170615K [0x0000000080000000, 0x0000000100000000)
  region size 1024K, 124 young (126976K), 12 survivors (12288K)
 Metaspace       used 78100K, capacity 79823K, committed 80076K, reserved 1118208K
  class space    used 10207K, capacity 10884K, committed 11008K, reserved 1048576K
}
Event: 6.719 GC heap after
{Heap after GC invocations=13 (full 0):
 garbage-first heap   total 260096K, used 63538K [0x0000000080000000, 0x0000000100000000)
  region size 1024K, 8 young (8192K), 8 survivors (8192K)
 Metaspace       used 78100K, capacity 79823K, committed 80076K, reserved 1118208K
  class space    used 10207K, capacity 10884K, committed 11008K, reserved 1048576K
}
Event: 7.561 GC heap before
{Heap before GC invocations=13 (full 0):
 garbage-first heap   total 260096K, used 180274K [0x0000000080000000, 0x0000000100000000)
  region size 1024K, 122 young (124928K), 8 survivors (8192K)
 Metaspace       used 81125K, capacity 83326K, committed 83404K, reserved 1122304K
  class space    used 10614K, capacity 11459K, committed 11520K, reserved 1048576K
}
Event: 7.570 GC heap after
{Heap after GC invocations=14 (full 0):
 garbage-first heap   total 260096K, used 72917K [0x0000000080000000, 0x0000000100000000)
  region size 1024K, 16 young (16384K), 16 survivors (16384K)
 Metaspace       used 81125K, capacity 83326K, committed 83404K, reserved 1122304K
  class space    used 10614K, capacity 11459K, committed 11520K, reserved 1048576K
}
Event: 8.140 GC heap before
{Heap before GC invocations=14 (full 0):
 garbage-first heap   total 260096K, used 186581K [0x0000000080000000, 0x0000000100000000)
  region size 1024K, 128 young (131072K), 16 survivors (16384K)
 Metaspace       used 81931K, capacity 84070K, committed 84300K, reserved 1122304K
  class space    used 10680K, capacity 11528K, committed 11648K, reserved 1048576K
}
Event: 8.153 GC heap after
{Heap after GC invocations=15 (full 0):
 garbage-first heap   total 260096K, used 82270K [0x0000000080000000, 0x0000000100000000)
  region size 1024K, 10 young (10240K), 10 survivors (10240K)
 Metaspace       used 81931K, capacity 84070K, committed 84300K, reserved 1122304K
  class space    used 10680K, capacity 11528K, committed 11648K, reserved 1048576K
}
Event: 8.627 GC heap before
{Heap before GC invocations=15 (full 0):
 garbage-first heap   total 260096K, used 192862K [0x0000000080000000, 0x0000000100000000)
  region size 1024K, 119 young (121856K), 10 survivors (10240K)
 Metaspace       used 84243K, capacity 86384K, committed 86604K, reserved 1124352K
  class space    used 10949K, capacity 11785K, committed 11904K, reserved 1048576K
}
Event: 8.637 GC heap after
{Heap after GC invocations=16 (full 0):
 garbage-first heap   total 260096K, used 88460K [0x0000000080000000, 0x0000000100000000)
  region size 1024K, 7 young (7168K), 7 survivors (7168K)
 Metaspace       used 84243K, capacity 86384K, committed 86604K, reserved 1124352K
  class space    used 10949K, capacity 11785K, committed 11904K, reserved 1048576K
}
Event: 8.980 GC heap before
{Heap before GC invocations=16 (full 0):
 garbage-first heap   total 260096K, used 170380K [0x0000000080000000, 0x0000000100000000)
  region size 1024K, 53 young (54272K), 7 survivors (7168K)
 Metaspace       used 87737K, capacity 89996K, committed 90060K, reserved 1126400K
  class space    used 11384K, capacity 12252K, committed 12288K, reserved 1048576K
}
Event: 8.986 GC heap after
{Heap after GC invocations=17 (full 0):
 garbage-first heap   total 260096K, used 118509K [0x0000000080000000, 0x0000000100000000)
  region size 1024K, 11 young (11264K), 11 survivors (11264K)
 Metaspace       used 87737K, capacity 89996K, committed 90060K, reserved 1126400K
  class space    used 11384K, capacity 12252K, committed 12288K, reserved 1048576K
}

Deoptimization events (20 events):
Event: 246.874 Thread 0x000001c26a94c000 DEOPT PACKING pc=0x000001c250a0c5d8 sp=0x0000008c00ff8f10
Event: 246.874 Thread 0x000001c26a94c000 DEOPT UNPACKING pc=0x000001c2489d662f sp=0x0000008c00ff8e48 mode 2
Event: 246.875 Thread 0x000001c26a94c000 Uncommon trap: trap_request=0xffffffc6 fr.pc=0x000001c250a0c5d8 relative=0x0000000000000478
Event: 246.875 Thread 0x000001c26a94c000 Uncommon trap: reason=bimorphic_or_optimized_type_check action=maybe_recompile pc=0x000001c250a0c5d8 method=java.util.Collections.indexedBinarySearch(Ljava/util/List;Ljava/lang/Object;Ljava/util/Comparator;)I @ 3 c2
Event: 246.875 Thread 0x000001c26a94c000 DEOPT PACKING pc=0x000001c250a0c5d8 sp=0x0000008c00ff8f10
Event: 246.875 Thread 0x000001c26a94c000 DEOPT UNPACKING pc=0x000001c2489d662f sp=0x0000008c00ff8e48 mode 2
Event: 246.906 Thread 0x000001c26a94c000 DEOPT PACKING pc=0x000001c24a40c3d5 sp=0x0000008c00ff8320
Event: 246.906 Thread 0x000001c26a94c000 DEOPT UNPACKING pc=0x000001c2489d6dde sp=0x0000008c00ff7840 mode 0
Event: 246.908 Thread 0x000001c26a94c000 Uncommon trap: trap_request=0xffffffc6 fr.pc=0x000001c250a0c5d8 relative=0x0000000000000478
Event: 246.908 Thread 0x000001c26a94c000 Uncommon trap: reason=bimorphic_or_optimized_type_check action=maybe_recompile pc=0x000001c250a0c5d8 method=java.util.Collections.indexedBinarySearch(Ljava/util/List;Ljava/lang/Object;Ljava/util/Comparator;)I @ 3 c2
Event: 246.908 Thread 0x000001c26a94c000 DEOPT PACKING pc=0x000001c250a0c5d8 sp=0x0000008c00ff8f10
Event: 246.908 Thread 0x000001c26a94c000 DEOPT UNPACKING pc=0x000001c2489d662f sp=0x0000008c00ff8e48 mode 2
Event: 246.951 Thread 0x000001c26a94c000 Uncommon trap: trap_request=0xffffffc6 fr.pc=0x000001c250a0c5d8 relative=0x0000000000000478
Event: 246.951 Thread 0x000001c26a94c000 Uncommon trap: reason=bimorphic_or_optimized_type_check action=maybe_recompile pc=0x000001c250a0c5d8 method=java.util.Collections.indexedBinarySearch(Ljava/util/List;Ljava/lang/Object;Ljava/util/Comparator;)I @ 3 c2
Event: 246.951 Thread 0x000001c26a94c000 DEOPT PACKING pc=0x000001c250a0c5d8 sp=0x0000008c00ff8f10
Event: 246.951 Thread 0x000001c26a94c000 DEOPT UNPACKING pc=0x000001c2489d662f sp=0x0000008c00ff8e48 mode 2
Event: 246.955 Thread 0x000001c26a94c000 Uncommon trap: trap_request=0xffffffc6 fr.pc=0x000001c250a0b178 relative=0x0000000000000418
Event: 246.955 Thread 0x000001c26a94c000 Uncommon trap: reason=bimorphic_or_optimized_type_check action=maybe_recompile pc=0x000001c250a0b178 method=java.util.Collections.indexedBinarySearch(Ljava/util/List;Ljava/lang/Object;Ljava/util/Comparator;)I @ 3 c2
Event: 246.955 Thread 0x000001c26a94c000 DEOPT PACKING pc=0x000001c250a0b178 sp=0x0000008c00ff8e90
Event: 246.955 Thread 0x000001c26a94c000 DEOPT UNPACKING pc=0x000001c2489d662f sp=0x0000008c00ff8e48 mode 2

Classes redefined (0 events):
No events

Internal exceptions (20 events):
Event: 7.854 Thread 0x000001c265299000 Exception <a 'java/lang/NoSuchMethodError'{0x000000008ca6c020}: <clinit>> (0x000000008ca6c020) thrown at [./src/hotspot/share/prims/jni.cpp, line 1362]
Event: 7.855 Thread 0x000001c265299000 Exception <a 'java/lang/NoSuchMethodError'{0x000000008ca6d628}: <clinit>> (0x000000008ca6d628) thrown at [./src/hotspot/share/prims/jni.cpp, line 1362]
Event: 7.855 Thread 0x000001c265299000 Exception <a 'java/lang/NoSuchMethodError'{0x000000008ca6f7c8}: <clinit>> (0x000000008ca6f7c8) thrown at [./src/hotspot/share/prims/jni.cpp, line 1362]
Event: 7.856 Thread 0x000001c265299000 Exception <a 'java/lang/NoSuchMethodError'{0x000000008ca87930}: <clinit>> (0x000000008ca87930) thrown at [./src/hotspot/share/prims/jni.cpp, line 1362]
Event: 7.856 Thread 0x000001c265299000 Exception <a 'java/lang/NoSuchMethodError'{0x000000008ca88e10}: <clinit>> (0x000000008ca88e10) thrown at [./src/hotspot/share/prims/jni.cpp, line 1362]
Event: 7.994 Thread 0x000001c265299000 Implicit null exception at 0x000001c250a64d64 to 0x000001c250a65158
Event: 8.067 Thread 0x000001c265299000 Exception <a 'java/lang/NoSuchMethodError'{0x0000000089cff390}: 'int java.lang.invoke.DirectMethodHandle$Holder.invokeSpecial(java.lang.Object, java.lang.Object, java.lang.Object, java.lang.Object, java.lang.Object)'> (0x0000000089cff390) thrown at [./src/hotspot/share/interpreter/linkResolver.cpp, line 773]
Event: 8.418 Thread 0x000001c264d83000 Implicit null exception at 0x000001c250ac4e55 to 0x000001c250ac56e0
Event: 8.815 Thread 0x000001c265299000 Exception <a 'java/lang/NoSuchMethodError'{0x000000008de91378}: <clinit>> (0x000000008de91378) thrown at [./src/hotspot/share/prims/jni.cpp, line 1362]
Event: 8.817 Thread 0x000001c265299000 Exception <a 'java/lang/NoSuchMethodError'{0x000000008dee1130}: <clinit>> (0x000000008dee1130) thrown at [./src/hotspot/share/prims/jni.cpp, line 1362]
Event: 8.818 Thread 0x000001c265299000 Exception <a 'java/lang/NoSuchMethodError'{0x000000008def39e0}: <clinit>> (0x000000008def39e0) thrown at [./src/hotspot/share/prims/jni.cpp, line 1362]
Event: 9.045 Thread 0x000001c26a946800 Exception <a 'java/lang/NoSuchMethodError'{0x000000008fb9ae38}: 'java.lang.Object java.lang.invoke.DirectMethodHandle$Holder.invokeVirtual(java.lang.Object, java.lang.Object, int)'> (0x000000008fb9ae38) thrown at [./src/hotspot/share/interpreter/linkResolver.cpp, line 773]
Event: 9.147 Thread 0x000001c265299000 Exception <a 'java/lang/NoSuchMethodError'{0x000000008fafa228}: 'void java.lang.invoke.DirectMethodHandle$Holder.invokeStatic(java.lang.Object, java.lang.Object, java.lang.Object, java.lang.Object, java.lang.Object, java.lang.Object, java.lang.Object)'> (0x000000008fafa228) thrown at [./src/hotspot/share/interpreter/linkResolver.cpp, line 773]
Event: 9.176 Thread 0x000001c26210c000 Exception <a 'sun/nio/fs/WindowsException'{0x000000008f8b3490}> (0x000000008f8b3490) thrown at [./src/hotspot/share/prims/jni.cpp, line 615]
Event: 9.176 Thread 0x000001c26210c000 Exception <a 'sun/nio/fs/WindowsException'{0x000000008f8b3510}> (0x000000008f8b3510) thrown at [./src/hotspot/share/prims/jni.cpp, line 615]
Event: 9.176 Thread 0x000001c26210c000 Exception <a 'sun/nio/fs/WindowsException'{0x000000008f8b4f10}> (0x000000008f8b4f10) thrown at [./src/hotspot/share/prims/jni.cpp, line 615]
Event: 9.208 Thread 0x000001c26210c000 Exception <a 'java/lang/NoSuchMethodError'{0x000000008f6b38d8}: 'int java.lang.invoke.DirectMethodHandle$Holder.invokeVirtual(java.lang.Object, java.lang.Object, java.lang.Object)'> (0x000000008f6b38d8) thrown at [./src/hotspot/share/interpreter/linkResolver.cpp, line 773]
Event: 11.411 Thread 0x000001c262816000 Implicit null exception at 0x000001c2504b3974 to 0x000001c2504b3e88
Event: 11.411 Thread 0x000001c262816000 Implicit null exception at 0x000001c25085a614 to 0x000001c25085abe8
Event: 246.626 Thread 0x000001c26a94c000 Implicit null exception at 0x000001c250ad5d82 to 0x000001c250ad690c

Events (20 events):
Event: 246.633 Executing VM operation: RevokeBias
Event: 246.633 Executing VM operation: RevokeBias done
Event: 246.636 Thread 0x000001c26a94f800 Thread added: 0x000001c26a94f800
Event: 246.646 Executing VM operation: RevokeBias
Event: 246.646 Executing VM operation: RevokeBias done
Event: 246.667 Thread 0x000001c26a951000 Thread added: 0x000001c26a951000
Event: 246.669 Thread 0x000001c26a94d000 Thread added: 0x000001c26a94d000
Event: 246.672 Thread 0x000001c26a953800 Thread added: 0x000001c26a953800
Event: 246.675 Executing VM operation: RevokeBias
Event: 246.676 Executing VM operation: RevokeBias done
Event: 246.676 Executing VM operation: RevokeBias
Event: 246.676 Executing VM operation: RevokeBias done
Event: 246.690 Thread 0x000001c26a954000 Thread added: 0x000001c26a954000
Event: 246.711 Executing VM operation: RevokeBias
Event: 246.717 Executing VM operation: RevokeBias done
Event: 246.725 Executing VM operation: RevokeBias
Event: 246.725 Executing VM operation: RevokeBias done
Event: 246.728 Executing VM operation: RevokeBias
Event: 246.729 Executing VM operation: RevokeBias done
Event: 246.804 Thread 0x000001c265291000 Thread added: 0x000001c265291000


Dynamic libraries:
0x00007ff64f110000 - 0x00007ff64f11a000 	C:\Program Files\Android\Android Studio\jre\bin\java.exe
0x00007ff9d2930000 - 0x00007ff9d2b47000 	C:\WINDOWS\SYSTEM32\ntdll.dll
0x00007ff9d2360000 - 0x00007ff9d2424000 	C:\WINDOWS\System32\KERNEL32.DLL
0x00007ff9d02e0000 - 0x00007ff9d0686000 	C:\WINDOWS\System32\KERNELBASE.dll
0x00007ff9d0190000 - 0x00007ff9d02a1000 	C:\WINDOWS\System32\ucrtbase.dll
0x00007ff9c82c0000 - 0x00007ff9c82d9000 	C:\Program Files\Android\Android Studio\jre\bin\jli.dll
0x00007ff9c6430000 - 0x00007ff9c6447000 	C:\Program Files\Android\Android Studio\jre\bin\VCRUNTIME140.dll
0x00007ff9d1850000 - 0x00007ff9d19fe000 	C:\WINDOWS\System32\USER32.dll
0x00007ff9b28b0000 - 0x00007ff9b2b43000 	C:\WINDOWS\WinSxS\amd64_microsoft.windows.common-controls_6595b64144ccf1df_6.0.22621.2361_none_2712ced57382f843\COMCTL32.dll
0x00007ff9d02b0000 - 0x00007ff9d02d6000 	C:\WINDOWS\System32\win32u.dll
0x00007ff9d2260000 - 0x00007ff9d2307000 	C:\WINDOWS\System32\msvcrt.dll
0x00007ff9d0f10000 - 0x00007ff9d0f39000 	C:\WINDOWS\System32\GDI32.dll
0x00007ff9cfcb0000 - 0x00007ff9cfdc8000 	C:\WINDOWS\System32\gdi32full.dll
0x00007ff9cffb0000 - 0x00007ff9d004a000 	C:\WINDOWS\System32\msvcp_win.dll
0x00007ff9d2320000 - 0x00007ff9d2351000 	C:\WINDOWS\System32\IMM32.DLL
0x00007ff99cb70000 - 0x00007ff99cc0d000 	C:\Program Files\Android\Android Studio\jre\bin\msvcp140.dll
0x00007ff96d360000 - 0x00007ff96de35000 	C:\Program Files\Android\Android Studio\jre\bin\server\jvm.dll
0x00007ff9d0a00000 - 0x00007ff9d0ab0000 	C:\WINDOWS\System32\ADVAPI32.dll
0x00007ff9d2840000 - 0x00007ff9d28e6000 	C:\WINDOWS\System32\sechost.dll
0x00007ff9d26b0000 - 0x00007ff9d27c7000 	C:\WINDOWS\System32\RPCRT4.dll
0x00007ff9d2520000 - 0x00007ff9d2528000 	C:\WINDOWS\System32\PSAPI.DLL
0x00007ff9ca490000 - 0x00007ff9ca4c4000 	C:\WINDOWS\SYSTEM32\WINMM.dll
0x00007ff9cabe0000 - 0x00007ff9cabea000 	C:\WINDOWS\SYSTEM32\VERSION.dll
0x00007ff9cd1e0000 - 0x00007ff9cd1e9000 	C:\WINDOWS\SYSTEM32\WSOCK32.dll
0x00007ff9d2530000 - 0x00007ff9d25a1000 	C:\WINDOWS\System32\WS2_32.dll
0x00007ff9ced40000 - 0x00007ff9ced58000 	C:\WINDOWS\SYSTEM32\kernel.appcore.dll
0x00007ff9b5a70000 - 0x00007ff9b5a81000 	C:\Program Files\Android\Android Studio\jre\bin\verify.dll
0x00007ff9ccf50000 - 0x00007ff9cd17e000 	C:\WINDOWS\SYSTEM32\DBGHELP.DLL
0x00007ff9d0f40000 - 0x00007ff9d12ca000 	C:\WINDOWS\System32\combase.dll
0x00007ff9d2430000 - 0x00007ff9d2507000 	C:\WINDOWS\System32\OLEAUT32.dll
0x00007ff9c71e0000 - 0x00007ff9c7212000 	C:\WINDOWS\SYSTEM32\dbgcore.DLL
0x00007ff9d0050000 - 0x00007ff9d00ca000 	C:\WINDOWS\System32\bcryptPrimitives.dll
0x00007ff9b0860000 - 0x00007ff9b0889000 	C:\Program Files\Android\Android Studio\jre\bin\java.dll
0x00007ff9cb9a0000 - 0x00007ff9cb9ab000 	C:\Program Files\Android\Android Studio\jre\bin\jimage.dll
0x00007ff9b1b20000 - 0x00007ff9b1b38000 	C:\Program Files\Android\Android Studio\jre\bin\zip.dll
0x00007ff9d1a00000 - 0x00007ff9d2258000 	C:\WINDOWS\System32\SHELL32.dll
0x00007ff9cdbd0000 - 0x00007ff9ce4c2000 	C:\WINDOWS\SYSTEM32\windows.storage.dll
0x00007ff9cda90000 - 0x00007ff9cdbce000 	C:\WINDOWS\SYSTEM32\wintypes.dll
0x00007ff9d0900000 - 0x00007ff9d09f3000 	C:\WINDOWS\System32\SHCORE.dll
0x00007ff9d08a0000 - 0x00007ff9d08fe000 	C:\WINDOWS\System32\shlwapi.dll
0x00007ff9cfbe0000 - 0x00007ff9cfc06000 	C:\WINDOWS\SYSTEM32\profapi.dll
0x00007ff9b0670000 - 0x00007ff9b068a000 	C:\Program Files\Android\Android Studio\jre\bin\net.dll
0x00007ff9ca2f0000 - 0x00007ff9ca427000 	C:\WINDOWS\SYSTEM32\WINHTTP.dll
0x00007ff9cf220000 - 0x00007ff9cf289000 	C:\WINDOWS\system32\mswsock.dll
0x00007ff9ac670000 - 0x00007ff9ac684000 	C:\Program Files\Android\Android Studio\jre\bin\nio.dll
0x00007ff992b80000 - 0x00007ff992ba7000 	C:\Users\bob arcon\.gradle\native\e1d6ef7f7dcc3fd88c89a11ec53ec762bb8ba0a96d01ffa2cd45eb1d1d8dd5c5\windows-amd64\native-platform.dll
0x00007ff9764a0000 - 0x00007ff9765e4000 	C:\Users\bob arcon\.gradle\native\5664cfc778a61ccfe75a443a1ab52a65af34e5dc3c78e0209fed803814484fcb\windows-amd64\native-platform-file-events.dll
0x00007ff9cb980000 - 0x00007ff9cb98a000 	C:\Program Files\Android\Android Studio\jre\bin\management.dll
0x00007ff9c82b0000 - 0x00007ff9c82bd000 	C:\Program Files\Android\Android Studio\jre\bin\management_ext.dll
0x00007ff9cf4b0000 - 0x00007ff9cf4cb000 	C:\WINDOWS\SYSTEM32\CRYPTSP.dll
0x00007ff9ced00000 - 0x00007ff9ced35000 	C:\WINDOWS\system32\rsaenh.dll
0x00007ff9cf330000 - 0x00007ff9cf35c000 	C:\WINDOWS\SYSTEM32\USERENV.dll
0x00007ff9cf650000 - 0x00007ff9cf678000 	C:\WINDOWS\SYSTEM32\bcrypt.dll
0x00007ff9cf4d0000 - 0x00007ff9cf4dc000 	C:\WINDOWS\SYSTEM32\CRYPTBASE.dll
0x00007ff9ce7e0000 - 0x00007ff9ce80d000 	C:\WINDOWS\SYSTEM32\IPHLPAPI.DLL
0x00007ff9d2310000 - 0x00007ff9d2319000 	C:\WINDOWS\System32\NSI.dll
0x00007ff9ca470000 - 0x00007ff9ca489000 	C:\WINDOWS\SYSTEM32\dhcpcsvc6.DLL
0x00007ff9ca230000 - 0x00007ff9ca24f000 	C:\WINDOWS\SYSTEM32\dhcpcsvc.DLL
0x00007ff9ce810000 - 0x00007ff9ce909000 	C:\WINDOWS\SYSTEM32\DNSAPI.dll

dbghelp: loaded successfully - version: 4.0.5 - missing functions: none
symbol engine: initialized successfully - sym options: 0x614 - pdb path: .;C:\Program Files\Android\Android Studio\jre\bin;C:\WINDOWS\SYSTEM32;C:\WINDOWS\WinSxS\amd64_microsoft.windows.common-controls_6595b64144ccf1df_6.0.22621.2361_none_2712ced57382f843;C:\Program Files\Android\Android Studio\jre\bin\server;C:\Users\bob arcon\.gradle\native\e1d6ef7f7dcc3fd88c89a11ec53ec762bb8ba0a96d01ffa2cd45eb1d1d8dd5c5\windows-amd64;C:\Users\bob arcon\.gradle\native\5664cfc778a61ccfe75a443a1ab52a65af34e5dc3c78e0209fed803814484fcb\windows-amd64

VM Arguments:
jvm_args: --add-opens=java.base/java.util=ALL-UNNAMED --add-opens=java.base/java.lang=ALL-UNNAMED --add-opens=java.base/java.lang.invoke=ALL-UNNAMED --add-opens=java.base/java.util=ALL-UNNAMED --add-opens=java.prefs/java.util.prefs=ALL-UNNAMED --add-opens=java.prefs/java.util.prefs=ALL-UNNAMED --add-opens=java.base/java.nio.charset=ALL-UNNAMED --add-opens=java.base/java.net=ALL-UNNAMED --add-opens=java.base/java.util.concurrent.atomic=ALL-UNNAMED -Xmx2048m -Dfile.encoding=UTF-8 -Duser.country=US -Duser.language=en -Duser.variant 
java_command: org.gradle.launcher.daemon.bootstrap.GradleDaemon 7.2
java_class_path (initial): C:\Users\bob arcon\.gradle\wrapper\dists\gradle-7.2-bin\2dnblmf4td7x66yl1d74lt32g\gradle-7.2\lib\gradle-launcher-7.2.jar
Launcher Type: SUN_STANDARD

[Global flags]
     intx CICompilerCount                          = 4                                         {product} {ergonomic}
     uint ConcGCThreads                            = 2                                         {product} {ergonomic}
     uint G1ConcRefinementThreads                  = 8                                         {product} {ergonomic}
   size_t G1HeapRegionSize                         = 1048576                                   {product} {ergonomic}
    uintx GCDrainStackTargetSize                   = 64                                        {product} {ergonomic}
   size_t InitialHeapSize                          = 266338304                                 {product} {ergonomic}
   size_t MarkStackSize                            = 4194304                                   {product} {ergonomic}
   size_t MaxHeapSize                              = 2147483648                                {product} {command line}
   size_t MaxNewSize                               = 1287651328                                {product} {ergonomic}
   size_t MinHeapDeltaBytes                        = 1048576                                   {product} {ergonomic}
    uintx NonNMethodCodeHeapSize                   = 5836300                                {pd product} {ergonomic}
    uintx NonProfiledCodeHeapSize                  = 122910970                              {pd product} {ergonomic}
    uintx ProfiledCodeHeapSize                     = 122910970                              {pd product} {ergonomic}
    uintx ReservedCodeCacheSize                    = 251658240                              {pd product} {ergonomic}
     bool SegmentedCodeCache                       = true                                      {product} {ergonomic}
     bool UseCompressedClassPointers               = true                                 {lp64_product} {ergonomic}
     bool UseCompressedOops                        = true                                 {lp64_product} {ergonomic}
     bool UseG1GC                                  = true                                      {product} {ergonomic}
     bool UseLargePagesIndividualAllocation        = false                                  {pd product} {ergonomic}

Logging:
Log output configuration:
 #0: stdout all=warning uptime,level,tags
 #1: stderr all=off uptime,level,tags

Environment Variables:
PATH=C:\Windows\system32;C:\Windows;C:\Windows\System32\Wbem;C:\Windows\System32\WindowsPowerShell\v1.0\;C:\Windows\System32\OpenSSH\;C:\Program Files (x86)\NVIDIA Corporation\PhysX\Common;C:\Program Files\NVIDIA Corporation\NVIDIA NvDLISR;C:\WINDOWS\system32;C:\WINDOWS;C:\WINDOWS\System32\Wbem;C:\WINDOWS\System32\WindowsPowerShell\v1.0\;C:\WINDOWS\System32\OpenSSH\;C:\Program Files\dotnet\;C:\WINDOWS\system32;C:\WINDOWS;C:\WINDOWS\System32\Wbem;C:\WINDOWS\System32\WindowsPowerShell\v1.0\;C:\WINDOWS\System32\OpenSSH\;C:\Program Files (x86)\Microsoft SQL Server\100\Tools\Binn\;C:\Program Files\Microsoft SQL Server\100\Tools\Binn\;C:\Program Files\Microsoft SQL Server\100\DTS\Binn\;C:\Program Files (x86)\Microsoft SQL Server\100\Tools\Binn\VSShell\Common7\IDE\;C:\Program Files (x86)\Microsoft SQL Server\100\DTS\Binn\;C:\Program Files\Microsoft SQL Server\150\Tools\Binn\;C:\Program Files\Microsoft SQL Server\Client SDK\ODBC\170\Tools\Binn\;C:\Program Files\Git\cmd;C:\Users\bob arcon\AppData\Local\Microsoft\WindowsApps;C:\Users\bob arcon\.dotnet\tools;
USERNAME=bob arcon
OS=Windows_NT
PROCESSOR_IDENTIFIER=Intel64 Family 6 Model 165 Stepping 2, GenuineIntel



---------------  S Y S T E M  ---------------

OS: Windows 10 , 64 bit Build 22621 (10.0.22621.2361)
OS uptime: 0 days 13:57 hours
Hyper-V role detected

CPU:total 8 (initial active 8) (4 cores per cpu, 2 threads per core) family 6 model 165 stepping 2 microcode 0xe0, cmov, cx8, fxsr, mmx, sse, sse2, sse3, ssse3, sse4.1, sse4.2, popcnt, avx, avx2, aes, clmul, erms, 3dnowpref, lzcnt, ht, tsc, tscinvbit, bmi1, bmi2, adx, fma

Memory: 4k page, system-wide physical 16215M (2011M free)
TotalPageFile size 34270M (AvailPageFile size 5M)
current process WorkingSet (physical memory assigned to process): 524M, peak: 529M
current process commit charge ("private bytes"): 573M, peak: 577M

vm_info: OpenJDK 64-Bit Server VM (11.0.11+9-b60-7590822) for windows-amd64 JRE (11.0.11+9-b60-7590822), built on Jul 29 2021 21:43:44 by "builder" with MS VC++ 14.0 (VS2015)

END.
