#
# There is insufficient memory for the Java Runtime Environment to continue.
# Native memory allocation (malloc) failed to allocate 871856 bytes for Chunk::new
# Possible reasons:
#   The system is out of physical RAM or swap space
#   The process is running with CompressedOops enabled, and the Java Heap may be blocking the growth of the native heap
# Possible solutions:
#   Reduce memory load on the system
#   Increase physical memory or swap space
#   Check if swap backing store is full
#   Decrease Java heap size (-Xmx/-Xms)
#   Decrease number of Java threads
#   Decrease Java thread stack sizes (-Xss)
#   Set larger code cache with -XX:ReservedCodeCacheSize=
#   JVM is running with Unscaled Compressed Oops mode in which the Java heap is
#     placed in the first 4GB address space. The Java Heap base address is the
#     maximum limit for the native heap growth. Please use -XX:HeapBaseMinAddress
#     to set the Java Heap base and to place the Java Heap above 4GB virtual address.
# This output file may be truncated or incomplete.
#
#  Out of Memory Error (./src/hotspot/share/memory/arena.cpp:197), pid=1256, tid=2420
#
# JRE version: OpenJDK Runtime Environment (11.0.11+9) (build 11.0.11+9-b60-7590822)
# Java VM: OpenJDK 64-Bit Server VM (11.0.11+9-b60-7590822, mixed mode, tiered, compressed oops, g1 gc, windows-amd64)
# No core dump will be written. Minidumps are not enabled by default on client versions of Windows
#

---------------  S U M M A R Y ------------

Command Line: --add-opens=java.base/java.util=ALL-UNNAMED --add-opens=java.base/java.lang=ALL-UNNAMED --add-opens=java.base/java.lang.invoke=ALL-UNNAMED --add-opens=java.base/java.util=ALL-UNNAMED --add-opens=java.prefs/java.util.prefs=ALL-UNNAMED --add-opens=java.prefs/java.util.prefs=ALL-UNNAMED --add-opens=java.base/java.nio.charset=ALL-UNNAMED --add-opens=java.base/java.net=ALL-UNNAMED --add-opens=java.base/java.util.concurrent.atomic=ALL-UNNAMED -Xmx2048m -Dfile.encoding=UTF-8 -Duser.country=US -Duser.language=en -Duser.variant org.gradle.launcher.daemon.bootstrap.GradleDaemon 7.2

Host: Intel(R) Core(TM) i5-10300H CPU @ 2.50GHz, 8 cores, 15G,  Windows 10 , 64 bit Build 22621 (10.0.22621.2361)
Time: Tue Oct 10 10:02:01 2023 Malay Peninsula Standard Time elapsed time: 4.673885 seconds (0d 0h 0m 4s)

---------------  T H R E A D  ---------------

Current thread (0x000002353d379800):  JavaThread "C2 CompilerThread1" daemon [_thread_in_native, id=2420, stack(0x00000091bd900000,0x00000091bda00000)]


Current CompileTask:
C2:   4673 5362       4       java.util.jar.JarFile::getManifestFromReference (117 bytes)

Stack: [0x00000091bd900000,0x00000091bda00000]
Native frames: (J=compiled Java code, j=interpreted, Vv=VM code, C=native code)
V  [jvm.dll+0x5f214a]
V  [jvm.dll+0x726fb5]
V  [jvm.dll+0x7285cd]
V  [jvm.dll+0x728c83]
V  [jvm.dll+0x243278]
V  [jvm.dll+0xbc53c]
V  [jvm.dll+0xbca3c]
V  [jvm.dll+0x353e7d]
V  [jvm.dll+0x321893]
V  [jvm.dll+0x320d8a]
V  [jvm.dll+0x1fc1e2]
V  [jvm.dll+0x1fb3d4]
V  [jvm.dll+0x183d6c]
V  [jvm.dll+0x209a57]
V  [jvm.dll+0x2082a1]
V  [jvm.dll+0x6ef58f]
V  [jvm.dll+0x6e80b5]
V  [jvm.dll+0x5f1036]
C  [ucrtbase.dll+0x29363]
C  [KERNEL32.DLL+0x1257d]
C  [ntdll.dll+0x5aa78]


---------------  P R O C E S S  ---------------

Threads class SMR info:
_java_thread_list=0x000002353fe06920, length=123, elements={
0x000002351f439800, 0x000002353a11f800, 0x000002353a12b800, 0x000002353a17d800,
0x000002353a17e800, 0x000002353a182000, 0x000002353a183800, 0x000002353a18c800,
0x000002353a190800, 0x000002353a321800, 0x000002353baa1000, 0x000002353c5d6800,
0x000002353a3e6000, 0x000002353a9d5800, 0x000002353bad1000, 0x000002353c288000,
0x000002353c375000, 0x000002353c3a0800, 0x000002353c31c800, 0x000002353c520800,
0x000002353c524800, 0x000002353c524000, 0x000002353c51f000, 0x000002353d379800,
0x000002353c525800, 0x000002353b1eb800, 0x000002353c522000, 0x000002353c521800,
0x000002353c520000, 0x000002353c523000, 0x000002353f51f000, 0x000002353f520000,
0x000002353f520800, 0x000002353f51e800, 0x000002353f527000, 0x000002353f525000,
0x000002353f523000, 0x000002353f525800, 0x000002353f526800, 0x000002353f528000,
0x000002353f522800, 0x000002353f529000, 0x000002353f52a800, 0x000002353f529800,
0x000002353f52b800, 0x000002353f52c000, 0x000002353f52d000, 0x00000235411a8000,
0x00000235411a8800, 0x00000235411ab000, 0x00000235411a6800, 0x00000235411a7000,
0x00000235411a9800, 0x00000235411aa800, 0x00000235411a5800, 0x00000235411b1800,
0x00000235411af000, 0x00000235411b0000, 0x00000235411ac000, 0x00000235411b2800,
0x00000235411b1000, 0x00000235411ad000, 0x00000235411b3800, 0x00000235411ad800,
0x00000235411b4000, 0x00000235411ae800, 0x000002353f766000, 0x000002353f763000,
0x000002353f768000, 0x000002353f767000, 0x000002353f765800, 0x000002353f764000,
0x000002353f764800, 0x000002353f762000, 0x000002353f76c000, 0x000002353f76e800,
0x000002353f76d800, 0x000002353f769800, 0x000002353f76d000, 0x000002353f768800,
0x000002353f76f000, 0x000002353f770000, 0x000002353f76a800, 0x000002353f771000,
0x000002353f76b000, 0x000002353d3a3000, 0x000002353d3a2800, 0x000002353d3a9000,
0x000002353d3a4000, 0x000002353d3a4800, 0x000002353d3a5800, 0x000002353d3a8000,
0x000002353d3a9800, 0x000002353d3ac000, 0x000002353d3a6800, 0x000002353d3aa800,
0x000002353d3a7000, 0x000002353d3ae800, 0x000002353d3af800, 0x000002353d3ab800,
0x000002353d3b1000, 0x000002353d3ad000, 0x000002353d3ad800, 0x000002353d3b0000,
0x000002353e025800, 0x000002353e024000, 0x000002353e027800, 0x000002353e026800,
0x000002353e028000, 0x000002353e029000, 0x000002353e023800, 0x000002353e02a000,
0x000002353e02a800, 0x000002353e025000, 0x000002353e02b800, 0x000002353e02e800,
0x000002353e031000, 0x000002353e030800, 0x000002353e02c800, 0x000002353e02f800,
0x000002353e032000, 0x000002353e02d000, 0x000002353e02e000
}

Java Threads: ( => current thread )
  0x000002351f439800 JavaThread "main" [_thread_blocked, id=12176, stack(0x00000091bb300000,0x00000091bb400000)]
  0x000002353a11f800 JavaThread "Reference Handler" daemon [_thread_blocked, id=14096, stack(0x00000091bba00000,0x00000091bbb00000)]
  0x000002353a12b800 JavaThread "Finalizer" daemon [_thread_blocked, id=17040, stack(0x00000091bbb00000,0x00000091bbc00000)]
  0x000002353a17d800 JavaThread "Signal Dispatcher" daemon [_thread_blocked, id=19500, stack(0x00000091bbc00000,0x00000091bbd00000)]
  0x000002353a17e800 JavaThread "Attach Listener" daemon [_thread_blocked, id=20376, stack(0x00000091bbd00000,0x00000091bbe00000)]
  0x000002353a182000 JavaThread "Service Thread" daemon [_thread_blocked, id=9144, stack(0x00000091bbe00000,0x00000091bbf00000)]
  0x000002353a183800 JavaThread "C2 CompilerThread0" daemon [_thread_in_native, id=15220, stack(0x00000091bbf00000,0x00000091bc000000)]
  0x000002353a18c800 JavaThread "C1 CompilerThread0" daemon [_thread_in_native, id=15548, stack(0x00000091bc000000,0x00000091bc100000)]
  0x000002353a190800 JavaThread "Sweeper thread" daemon [_thread_blocked, id=15780, stack(0x00000091bc100000,0x00000091bc200000)]
  0x000002353a321800 JavaThread "Common-Cleaner" daemon [_thread_blocked, id=18192, stack(0x00000091bc200000,0x00000091bc300000)]
  0x000002353baa1000 JavaThread "Daemon health stats" [_thread_blocked, id=15636, stack(0x00000091bcb00000,0x00000091bcc00000)]
  0x000002353c5d6800 JavaThread "Incoming local TCP Connector on port 65507" [_thread_in_native, id=20024, stack(0x00000091bc400000,0x00000091bc500000)]
  0x000002353a3e6000 JavaThread "Daemon periodic checks" [_thread_blocked, id=18252, stack(0x00000091bc500000,0x00000091bc600000)]
  0x000002353a9d5800 JavaThread "Daemon" [_thread_blocked, id=12844, stack(0x00000091bcc00000,0x00000091bcd00000)]
  0x000002353bad1000 JavaThread "Handler for socket connection from /127.0.0.1:65507 to /127.0.0.1:65508" [_thread_in_native, id=6204, stack(0x00000091bcd00000,0x00000091bce00000)]
  0x000002353c288000 JavaThread "Cancel handler" [_thread_blocked, id=5000, stack(0x00000091bce00000,0x00000091bcf00000)]
  0x000002353c375000 JavaThread "Daemon worker" [_thread_in_vm, id=9448, stack(0x00000091bcf00000,0x00000091bd000000)]
  0x000002353c3a0800 JavaThread "Asynchronous log dispatcher for DefaultDaemonConnection: socket connection from /127.0.0.1:65507 to /127.0.0.1:65508" [_thread_blocked, id=1404, stack(0x00000091bd000000,0x00000091bd100000)]
  0x000002353c31c800 JavaThread "Stdin handler" [_thread_blocked, id=9896, stack(0x00000091bd100000,0x00000091bd200000)]
  0x000002353c520800 JavaThread "Daemon client event forwarder" [_thread_blocked, id=19628, stack(0x00000091bd200000,0x00000091bd300000)]
  0x000002353c524800 JavaThread "Cache worker for journal cache (C:\Users\bob arcon\.gradle\caches\journal-1)" [_thread_blocked, id=18924, stack(0x00000091bd300000,0x00000091bd400000)]
  0x000002353c524000 JavaThread "File lock request listener" [_thread_in_native, id=18692, stack(0x00000091bd400000,0x00000091bd500000)]
  0x000002353c51f000 JavaThread "Cache worker for file hash cache (C:\Users\bob arcon\.gradle\caches\7.2\fileHashes)" [_thread_blocked, id=20168, stack(0x00000091bd500000,0x00000091bd600000)]
=>0x000002353d379800 JavaThread "C2 CompilerThread1" daemon [_thread_in_native, id=2420, stack(0x00000091bd900000,0x00000091bda00000)]
  0x000002353c525800 JavaThread "Cache worker for file hash cache (C:\Users\bob arcon\Desktop\ANDROID POS\MyApplication2\.gradle\7.2\fileHashes)" [_thread_blocked, id=14172, stack(0x00000091bda00000,0x00000091bdb00000)]
  0x000002353b1eb800 JavaThread "C2 CompilerThread2" daemon [_thread_in_native, id=19144, stack(0x00000091bdb00000,0x00000091bdc00000)]
  0x000002353c522000 JavaThread "File watcher server" daemon [_thread_in_native, id=14496, stack(0x00000091bdc00000,0x00000091bdd00000)]
  0x000002353c521800 JavaThread "File watcher consumer" daemon [_thread_blocked, id=13304, stack(0x00000091bdd00000,0x00000091bde00000)]
  0x000002353c520000 JavaThread "Cache worker for checksums cache (C:\Users\bob arcon\Desktop\ANDROID POS\MyApplication2\.gradle\checksums)" [_thread_blocked, id=8100, stack(0x00000091bde00000,0x00000091bdf00000)]
  0x000002353c523000 JavaThread "Cache worker for cache directory md-supplier (C:\Users\bob arcon\.gradle\caches\7.2\md-supplier)" [_thread_blocked, id=16548, stack(0x00000091bdf00000,0x00000091be000000)]
  0x000002353f51f000 JavaThread "Cache worker for cache directory md-rule (C:\Users\bob arcon\.gradle\caches\7.2\md-rule)" [_thread_blocked, id=4664, stack(0x00000091be000000,0x00000091be100000)]
  0x000002353f520000 JavaThread "Cache worker for execution history cache (C:\Users\bob arcon\.gradle\caches\7.2\executionHistory)" [_thread_blocked, id=12904, stack(0x00000091be100000,0x00000091be200000)]
  0x000002353f520800 JavaThread "jar transforms" [_thread_blocked, id=19000, stack(0x00000091be200000,0x00000091be300000)]
  0x000002353f51e800 JavaThread "Cache worker for file content cache (C:\Users\bob arcon\.gradle\caches\7.2\fileContent)" [_thread_blocked, id=3568, stack(0x00000091be300000,0x00000091be400000)]
  0x000002353f527000 JavaThread "jar transforms Thread 2" [_thread_blocked, id=18952, stack(0x00000091be400000,0x00000091be500000)]
  0x000002353f525000 JavaThread "Cache worker for dependencies-accessors (C:\Users\bob arcon\Desktop\ANDROID POS\MyApplication2\.gradle\7.2\dependencies-accessors)" [_thread_blocked, id=15608, stack(0x00000091be500000,0x00000091be600000)]
  0x000002353f523000 JavaThread "jar transforms Thread 3" [_thread_blocked, id=17616, stack(0x00000091be600000,0x00000091be700000)]
  0x000002353f525800 JavaThread "Cache worker for Build Output Cleanup Cache (C:\Users\bob arcon\Desktop\ANDROID POS\MyApplication2\.gradle\buildOutputCleanup)" [_thread_blocked, id=3780, stack(0x00000091be700000,0x00000091be800000)]
  0x000002353f526800 JavaThread "Unconstrained build operations" [_thread_blocked, id=20296, stack(0x00000091be800000,0x00000091be900000)]
  0x000002353f528000 JavaThread "Unconstrained build operations Thread 2" [_thread_blocked, id=11956, stack(0x00000091be900000,0x00000091bea00000)]
  0x000002353f522800 JavaThread "Unconstrained build operations Thread 3" [_thread_blocked, id=12340, stack(0x00000091bea00000,0x00000091beb00000)]
  0x000002353f529000 JavaThread "Unconstrained build operations Thread 4" [_thread_blocked, id=5680, stack(0x00000091beb00000,0x00000091bec00000)]
  0x000002353f52a800 JavaThread "Unconstrained build operations Thread 5" [_thread_blocked, id=19512, stack(0x00000091bec00000,0x00000091bed00000)]
  0x000002353f529800 JavaThread "Unconstrained build operations Thread 6" [_thread_blocked, id=17812, stack(0x00000091bed00000,0x00000091bee00000)]
  0x000002353f52b800 JavaThread "Unconstrained build operations Thread 7" [_thread_blocked, id=11844, stack(0x00000091bee00000,0x00000091bef00000)]
  0x000002353f52c000 JavaThread "Unconstrained build operations Thread 8" [_thread_blocked, id=18040, stack(0x00000091bef00000,0x00000091bf000000)]
  0x000002353f52d000 JavaThread "Unconstrained build operations Thread 9" [_thread_blocked, id=19448, stack(0x00000091bf000000,0x00000091bf100000)]
  0x00000235411a8000 JavaThread "Unconstrained build operations Thread 10" [_thread_blocked, id=9360, stack(0x00000091bf100000,0x00000091bf200000)]
  0x00000235411a8800 JavaThread "Unconstrained build operations Thread 11" [_thread_blocked, id=17052, stack(0x00000091bf200000,0x00000091bf300000)]
  0x00000235411ab000 JavaThread "Unconstrained build operations Thread 12" [_thread_blocked, id=18860, stack(0x00000091bf300000,0x00000091bf400000)]
  0x00000235411a6800 JavaThread "Unconstrained build operations Thread 13" [_thread_blocked, id=10220, stack(0x00000091bf400000,0x00000091bf500000)]
  0x00000235411a7000 JavaThread "Unconstrained build operations Thread 14" [_thread_blocked, id=19024, stack(0x00000091bf500000,0x00000091bf600000)]
  0x00000235411a9800 JavaThread "Unconstrained build operations Thread 15" [_thread_blocked, id=6684, stack(0x00000091bf600000,0x00000091bf700000)]
  0x00000235411aa800 JavaThread "Unconstrained build operations Thread 16" [_thread_blocked, id=16576, stack(0x00000091bf700000,0x00000091bf800000)]
  0x00000235411a5800 JavaThread "Unconstrained build operations Thread 17" [_thread_blocked, id=18036, stack(0x00000091bf800000,0x00000091bf900000)]
  0x00000235411b1800 JavaThread "Unconstrained build operations Thread 18" [_thread_blocked, id=13152, stack(0x00000091bf900000,0x00000091bfa00000)]
  0x00000235411af000 JavaThread "Unconstrained build operations Thread 19" [_thread_blocked, id=19116, stack(0x00000091bfa00000,0x00000091bfb00000)]
  0x00000235411b0000 JavaThread "Unconstrained build operations Thread 20" [_thread_blocked, id=19532, stack(0x00000091bfb00000,0x00000091bfc00000)]
  0x00000235411ac000 JavaThread "Unconstrained build operations Thread 21" [_thread_blocked, id=17672, stack(0x00000091bfc00000,0x00000091bfd00000)]
  0x00000235411b2800 JavaThread "Unconstrained build operations Thread 22" [_thread_blocked, id=15124, stack(0x00000091bfd00000,0x00000091bfe00000)]
  0x00000235411b1000 JavaThread "Unconstrained build operations Thread 23" [_thread_blocked, id=17556, stack(0x00000091bfe00000,0x00000091bff00000)]
  0x00000235411ad000 JavaThread "Unconstrained build operations Thread 24" [_thread_blocked, id=11092, stack(0x00000091bff00000,0x00000091c0000000)]
  0x00000235411b3800 JavaThread "Unconstrained build operations Thread 25" [_thread_blocked, id=18524, stack(0x00000091c0000000,0x00000091c0100000)]
  0x00000235411ad800 JavaThread "Unconstrained build operations Thread 26" [_thread_blocked, id=12440, stack(0x00000091c0100000,0x00000091c0200000)]
  0x00000235411b4000 JavaThread "Unconstrained build operations Thread 27" [_thread_blocked, id=15480, stack(0x00000091c0200000,0x00000091c0300000)]
  0x00000235411ae800 JavaThread "Unconstrained build operations Thread 28" [_thread_blocked, id=10832, stack(0x00000091c0300000,0x00000091c0400000)]
  0x000002353f766000 JavaThread "Unconstrained build operations Thread 29" [_thread_blocked, id=11504, stack(0x00000091c0400000,0x00000091c0500000)]
  0x000002353f763000 JavaThread "Unconstrained build operations Thread 30" [_thread_blocked, id=280, stack(0x00000091c0500000,0x00000091c0600000)]
  0x000002353f768000 JavaThread "Unconstrained build operations Thread 31" [_thread_blocked, id=18652, stack(0x00000091c0600000,0x00000091c0700000)]
  0x000002353f767000 JavaThread "Unconstrained build operations Thread 32" [_thread_blocked, id=19476, stack(0x00000091c0700000,0x00000091c0800000)]
  0x000002353f765800 JavaThread "Unconstrained build operations Thread 33" [_thread_blocked, id=18616, stack(0x00000091c0800000,0x00000091c0900000)]
  0x000002353f764000 JavaThread "Unconstrained build operations Thread 34" [_thread_blocked, id=18020, stack(0x00000091c0900000,0x00000091c0a00000)]
  0x000002353f764800 JavaThread "Unconstrained build operations Thread 35" [_thread_blocked, id=20336, stack(0x00000091c0a00000,0x00000091c0b00000)]
  0x000002353f762000 JavaThread "Unconstrained build operations Thread 36" [_thread_blocked, id=17220, stack(0x00000091c0b00000,0x00000091c0c00000)]
  0x000002353f76c000 JavaThread "Unconstrained build operations Thread 37" [_thread_blocked, id=20228, stack(0x00000091c0c00000,0x00000091c0d00000)]
  0x000002353f76e800 JavaThread "Unconstrained build operations Thread 38" [_thread_blocked, id=20080, stack(0x00000091c0d00000,0x00000091c0e00000)]
  0x000002353f76d800 JavaThread "Unconstrained build operations Thread 39" [_thread_blocked, id=1360, stack(0x00000091c0e00000,0x00000091c0f00000)]
  0x000002353f769800 JavaThread "Unconstrained build operations Thread 40" [_thread_blocked, id=19372, stack(0x00000091c0f00000,0x00000091c1000000)]
  0x000002353f76d000 JavaThread "Unconstrained build operations Thread 41" [_thread_blocked, id=19660, stack(0x00000091c1000000,0x00000091c1100000)]
  0x000002353f768800 JavaThread "Unconstrained build operations Thread 42" [_thread_blocked, id=13688, stack(0x00000091c1100000,0x00000091c1200000)]
  0x000002353f76f000 JavaThread "Unconstrained build operations Thread 43" [_thread_blocked, id=12912, stack(0x00000091c1200000,0x00000091c1300000)]
  0x000002353f770000 JavaThread "Unconstrained build operations Thread 44" [_thread_blocked, id=15212, stack(0x00000091c1300000,0x00000091c1400000)]
  0x000002353f76a800 JavaThread "Unconstrained build operations Thread 45" [_thread_blocked, id=19820, stack(0x00000091c1400000,0x00000091c1500000)]
  0x000002353f771000 JavaThread "Unconstrained build operations Thread 46" [_thread_blocked, id=20176, stack(0x00000091c1500000,0x00000091c1600000)]
  0x000002353f76b000 JavaThread "Unconstrained build operations Thread 47" [_thread_blocked, id=19068, stack(0x00000091c1600000,0x00000091c1700000)]
  0x000002353d3a3000 JavaThread "Unconstrained build operations Thread 48" [_thread_blocked, id=19640, stack(0x00000091c1700000,0x00000091c1800000)]
  0x000002353d3a2800 JavaThread "Unconstrained build operations Thread 49" [_thread_blocked, id=8448, stack(0x00000091c1800000,0x00000091c1900000)]
  0x000002353d3a9000 JavaThread "Unconstrained build operations Thread 50" [_thread_blocked, id=8720, stack(0x00000091c1900000,0x00000091c1a00000)]
  0x000002353d3a4000 JavaThread "Unconstrained build operations Thread 51" [_thread_blocked, id=19248, stack(0x00000091c1a00000,0x00000091c1b00000)]
  0x000002353d3a4800 JavaThread "Unconstrained build operations Thread 52" [_thread_blocked, id=14072, stack(0x00000091c1b00000,0x00000091c1c00000)]
  0x000002353d3a5800 JavaThread "Unconstrained build operations Thread 53" [_thread_blocked, id=16016, stack(0x00000091c1c00000,0x00000091c1d00000)]
  0x000002353d3a8000 JavaThread "Unconstrained build operations Thread 54" [_thread_blocked, id=14944, stack(0x00000091c1d00000,0x00000091c1e00000)]
  0x000002353d3a9800 JavaThread "Unconstrained build operations Thread 55" [_thread_blocked, id=19204, stack(0x00000091c1e00000,0x00000091c1f00000)]
  0x000002353d3ac000 JavaThread "Unconstrained build operations Thread 56" [_thread_blocked, id=11172, stack(0x00000091c1f00000,0x00000091c2000000)]
  0x000002353d3a6800 JavaThread "Unconstrained build operations Thread 57" [_thread_blocked, id=18876, stack(0x00000091c2000000,0x00000091c2100000)]
  0x000002353d3aa800 JavaThread "Unconstrained build operations Thread 58" [_thread_blocked, id=18904, stack(0x00000091c2100000,0x00000091c2200000)]
  0x000002353d3a7000 JavaThread "Unconstrained build operations Thread 59" [_thread_blocked, id=13532, stack(0x00000091c2200000,0x00000091c2300000)]
  0x000002353d3ae800 JavaThread "Unconstrained build operations Thread 60" [_thread_blocked, id=9392, stack(0x00000091c2300000,0x00000091c2400000)]
  0x000002353d3af800 JavaThread "Unconstrained build operations Thread 61" [_thread_blocked, id=13024, stack(0x00000091c2400000,0x00000091c2500000)]
  0x000002353d3ab800 JavaThread "Unconstrained build operations Thread 62" [_thread_blocked, id=18512, stack(0x00000091c2500000,0x00000091c2600000)]
  0x000002353d3b1000 JavaThread "Unconstrained build operations Thread 63" [_thread_blocked, id=15084, stack(0x00000091c2600000,0x00000091c2700000)]
  0x000002353d3ad000 JavaThread "Unconstrained build operations Thread 64" [_thread_blocked, id=19960, stack(0x00000091c2700000,0x00000091c2800000)]
  0x000002353d3ad800 JavaThread "Unconstrained build operations Thread 65" [_thread_blocked, id=3404, stack(0x00000091c2800000,0x00000091c2900000)]
  0x000002353d3b0000 JavaThread "Unconstrained build operations Thread 66" [_thread_blocked, id=13512, stack(0x00000091c2900000,0x00000091c2a00000)]
  0x000002353e025800 JavaThread "Unconstrained build operations Thread 67" [_thread_blocked, id=9480, stack(0x00000091c2a00000,0x00000091c2b00000)]
  0x000002353e024000 JavaThread "Unconstrained build operations Thread 68" [_thread_blocked, id=19268, stack(0x00000091c2b00000,0x00000091c2c00000)]
  0x000002353e027800 JavaThread "Unconstrained build operations Thread 69" [_thread_blocked, id=19504, stack(0x00000091c2c00000,0x00000091c2d00000)]
  0x000002353e026800 JavaThread "Unconstrained build operations Thread 70" [_thread_blocked, id=6844, stack(0x00000091c2d00000,0x00000091c2e00000)]
  0x000002353e028000 JavaThread "Unconstrained build operations Thread 71" [_thread_blocked, id=11324, stack(0x00000091c2e00000,0x00000091c2f00000)]
  0x000002353e029000 JavaThread "Unconstrained build operations Thread 72" [_thread_blocked, id=18484, stack(0x00000091c2f00000,0x00000091c3000000)]
  0x000002353e023800 JavaThread "Unconstrained build operations Thread 73" [_thread_blocked, id=7192, stack(0x00000091c3000000,0x00000091c3100000)]
  0x000002353e02a000 JavaThread "Unconstrained build operations Thread 74" [_thread_blocked, id=16940, stack(0x00000091c3100000,0x00000091c3200000)]
  0x000002353e02a800 JavaThread "Unconstrained build operations Thread 75" [_thread_blocked, id=8472, stack(0x00000091c3200000,0x00000091c3300000)]
  0x000002353e025000 JavaThread "Unconstrained build operations Thread 76" [_thread_blocked, id=13192, stack(0x00000091c3300000,0x00000091c3400000)]
  0x000002353e02b800 JavaThread "Unconstrained build operations Thread 77" [_thread_blocked, id=9560, stack(0x00000091c3400000,0x00000091c3500000)]
  0x000002353e02e800 JavaThread "Unconstrained build operations Thread 78" [_thread_blocked, id=18096, stack(0x00000091c3500000,0x00000091c3600000)]
  0x000002353e031000 JavaThread "Unconstrained build operations Thread 79" [_thread_blocked, id=13096, stack(0x00000091c3600000,0x00000091c3700000)]
  0x000002353e030800 JavaThread "Unconstrained build operations Thread 80" [_thread_blocked, id=9880, stack(0x00000091c3700000,0x00000091c3800000)]
  0x000002353e02c800 JavaThread "jar transforms Thread 4" [_thread_blocked, id=19168, stack(0x00000091c3800000,0x00000091c3900000)]
  0x000002353e02f800 JavaThread "jar transforms Thread 5" [_thread_blocked, id=18140, stack(0x00000091c3900000,0x00000091c3a00000)]
  0x000002353e032000 JavaThread "jar transforms Thread 6" [_thread_blocked, id=5480, stack(0x00000091c3a00000,0x00000091c3b00000)]
  0x000002353e02d000 JavaThread "jar transforms Thread 7" [_thread_blocked, id=13172, stack(0x00000091c3b00000,0x00000091c3c00000)]
  0x000002353e02e000 JavaThread "jar transforms Thread 8" [_thread_blocked, id=2360, stack(0x00000091c3c00000,0x00000091c3d00000)]

Other Threads:
  0x00000235398de800 VMThread "VM Thread" [stack: 0x00000091bb900000,0x00000091bba00000] [id=15368]
  0x000002353a35a800 WatcherThread [stack: 0x00000091bc300000,0x00000091bc400000] [id=18820]
  0x000002351f452800 GCTaskThread "GC Thread#0" [stack: 0x00000091bb400000,0x00000091bb500000] [id=5628]
  0x000002353b1c2800 GCTaskThread "GC Thread#1" [stack: 0x00000091bc600000,0x00000091bc700000] [id=15612]
  0x000002353afce000 GCTaskThread "GC Thread#2" [stack: 0x00000091bc700000,0x00000091bc800000] [id=20472]
  0x000002353aa6f000 GCTaskThread "GC Thread#3" [stack: 0x00000091bc800000,0x00000091bc900000] [id=2096]
  0x000002353b54c000 GCTaskThread "GC Thread#4" [stack: 0x00000091bc900000,0x00000091bca00000] [id=3344]
  0x000002353a6d8000 GCTaskThread "GC Thread#5" [stack: 0x00000091bca00000,0x00000091bcb00000] [id=15500]
  0x000002353c569000 GCTaskThread "GC Thread#6" [stack: 0x00000091bd600000,0x00000091bd700000] [id=19600]
  0x000002353c56c000 GCTaskThread "GC Thread#7" [stack: 0x00000091bd700000,0x00000091bd800000] [id=17776]
  0x000002351f488000 ConcurrentGCThread "G1 Main Marker" [stack: 0x00000091bb500000,0x00000091bb600000] [id=19256]
  0x000002351f489000 ConcurrentGCThread "G1 Conc#0" [stack: 0x00000091bb600000,0x00000091bb700000] [id=18748]
  0x000002353cbdc000 ConcurrentGCThread "G1 Conc#1" [stack: 0x00000091bd800000,0x00000091bd900000] [id=18456]
  0x000002351f50e000 ConcurrentGCThread "G1 Refine#0" [stack: 0x00000091bb700000,0x00000091bb800000] [id=11608]
  0x000002353976f800 ConcurrentGCThread "G1 Young RemSet Sampling" [stack: 0x00000091bb800000,0x00000091bb900000] [id=19568]

Threads with active compile tasks:
C2 CompilerThread0   4688 5331 % !   4       java.util.jar.Attributes::read @ 186 (390 bytes)
C2 CompilerThread1   4688 5362       4       java.util.jar.JarFile::getManifestFromReference (117 bytes)
C2 CompilerThread2   4688 5361       4       java.util.jar.JarFile::getManifest (5 bytes)

VM state:not at safepoint (normal execution)

VM Mutex/Monitor currently owned by a thread: None

Heap address: 0x0000000080000000, size: 2048 MB, Compressed Oops mode: 32-bit
Narrow klass base: 0x0000000000000000, Narrow klass shift: 3
Compressed class space size: 1073741824 Address: 0x0000000100000000

Heap:
 garbage-first heap   total 260096K, used 145477K [0x0000000080000000, 0x0000000100000000)
  region size 1024K, 123 young (125952K), 13 survivors (13312K)
 Metaspace       used 50548K, capacity 51841K, committed 52044K, reserved 1093632K
  class space    used 6451K, capacity 6967K, committed 6988K, reserved 1048576K
Heap Regions: E=young(eden), S=young(survivor), O=old, HS=humongous(starts), HC=humongous(continues), CS=collection set, F=free, A=archive, TAMS=top-at-mark-start (previous, next)
|   0|0x0000000080000000, 0x0000000080100000, 0x0000000080100000|100%| O|  |TAMS 0x0000000080100000, 0x0000000080000000| Untracked 
|   1|0x0000000080100000, 0x0000000080200000, 0x0000000080200000|100%| O|  |TAMS 0x0000000080200000, 0x0000000080100000| Untracked 
|   2|0x0000000080200000, 0x0000000080300000, 0x0000000080300000|100%| O|  |TAMS 0x0000000080300000, 0x0000000080200000| Untracked 
|   3|0x0000000080300000, 0x0000000080400000, 0x0000000080400000|100%|HS|  |TAMS 0x0000000080400000, 0x0000000080300000| Complete 
|   4|0x0000000080400000, 0x0000000080500000, 0x0000000080500000|100%|HC|  |TAMS 0x0000000080500000, 0x0000000080400000| Complete 
|   5|0x0000000080500000, 0x0000000080600000, 0x0000000080600000|100%|HC|  |TAMS 0x0000000080600000, 0x0000000080500000| Complete 
|   6|0x0000000080600000, 0x0000000080700000, 0x0000000080700000|100%| O|  |TAMS 0x0000000080700000, 0x0000000080600000| Untracked 
|   7|0x0000000080700000, 0x0000000080800000, 0x0000000080800000|100%| O|  |TAMS 0x0000000080800000, 0x0000000080700000| Untracked 
|   8|0x0000000080800000, 0x0000000080900000, 0x0000000080900000|100%| O|  |TAMS 0x0000000080900000, 0x0000000080800000| Untracked 
|   9|0x0000000080900000, 0x0000000080a00000, 0x0000000080a00000|100%| O|  |TAMS 0x0000000080a00000, 0x0000000080900000| Untracked 
|  10|0x0000000080a00000, 0x0000000080b00000, 0x0000000080b00000|100%| O|  |TAMS 0x0000000080b00000, 0x0000000080a00000| Untracked 
|  11|0x0000000080b00000, 0x0000000080c00000, 0x0000000080c00000|100%| O|  |TAMS 0x0000000080c00000, 0x0000000080b00000| Untracked 
|  12|0x0000000080c00000, 0x0000000080d00000, 0x0000000080d00000|100%| O|  |TAMS 0x0000000080d00000, 0x0000000080c00000| Untracked 
|  13|0x0000000080d00000, 0x0000000080e00000, 0x0000000080e00000|100%| O|  |TAMS 0x0000000080e00000, 0x0000000080d00000| Untracked 
|  14|0x0000000080e00000, 0x0000000080f00000, 0x0000000080f00000|100%| O|  |TAMS 0x0000000080f00000, 0x0000000080e00000| Untracked 
|  15|0x0000000080f00000, 0x0000000081000000, 0x0000000081000000|100%| O|  |TAMS 0x0000000081000000, 0x0000000080f00000| Untracked 
|  16|0x0000000081000000, 0x000000008109ba00, 0x0000000081100000| 60%| O|  |TAMS 0x000000008109ba00, 0x0000000081000000| Untracked 
|  17|0x0000000081100000, 0x0000000081200000, 0x0000000081200000|100%|HS|  |TAMS 0x0000000081100000, 0x0000000081100000| Complete 
|  18|0x0000000081200000, 0x0000000081300000, 0x0000000081300000|100%|HS|  |TAMS 0x0000000081200000, 0x0000000081200000| Complete 
|  19|0x0000000081300000, 0x0000000081400000, 0x0000000081400000|100%|HS|  |TAMS 0x0000000081300000, 0x0000000081300000| Complete 
|  20|0x0000000081400000, 0x0000000081500000, 0x0000000081500000|100%|HS|  |TAMS 0x0000000081400000, 0x0000000081400000| Complete 
|  21|0x0000000081500000, 0x0000000081600000, 0x0000000081600000|100%|HC|  |TAMS 0x0000000081500000, 0x0000000081500000| Complete 
|  22|0x0000000081600000, 0x0000000081600000, 0x0000000081700000|  0%| F|  |TAMS 0x0000000081600000, 0x0000000081600000| Untracked 
|  23|0x0000000081700000, 0x0000000081700000, 0x0000000081800000|  0%| F|  |TAMS 0x0000000081700000, 0x0000000081700000| Untracked 
|  24|0x0000000081800000, 0x0000000081800000, 0x0000000081900000|  0%| F|  |TAMS 0x0000000081800000, 0x0000000081800000| Untracked 
|  25|0x0000000081900000, 0x0000000081900000, 0x0000000081a00000|  0%| F|  |TAMS 0x0000000081900000, 0x0000000081900000| Untracked 
|  26|0x0000000081a00000, 0x0000000081a00000, 0x0000000081b00000|  0%| F|  |TAMS 0x0000000081a00000, 0x0000000081a00000| Untracked 
|  27|0x0000000081b00000, 0x0000000081b00000, 0x0000000081c00000|  0%| F|  |TAMS 0x0000000081b00000, 0x0000000081b00000| Untracked 
|  28|0x0000000081c00000, 0x0000000081c00000, 0x0000000081d00000|  0%| F|  |TAMS 0x0000000081c00000, 0x0000000081c00000| Untracked 
|  29|0x0000000081d00000, 0x0000000081d00000, 0x0000000081e00000|  0%| F|  |TAMS 0x0000000081d00000, 0x0000000081d00000| Untracked 
|  30|0x0000000081e00000, 0x0000000081e00000, 0x0000000081f00000|  0%| F|  |TAMS 0x0000000081e00000, 0x0000000081e00000| Untracked 
|  31|0x0000000081f00000, 0x0000000081f00000, 0x0000000082000000|  0%| F|  |TAMS 0x0000000081f00000, 0x0000000081f00000| Untracked 
|  32|0x0000000082000000, 0x0000000082000000, 0x0000000082100000|  0%| F|  |TAMS 0x0000000082000000, 0x0000000082000000| Untracked 
|  33|0x0000000082100000, 0x0000000082100000, 0x0000000082200000|  0%| F|  |TAMS 0x0000000082100000, 0x0000000082100000| Untracked 
|  34|0x0000000082200000, 0x0000000082200000, 0x0000000082300000|  0%| F|  |TAMS 0x0000000082200000, 0x0000000082200000| Untracked 
|  35|0x0000000082300000, 0x0000000082300000, 0x0000000082400000|  0%| F|  |TAMS 0x0000000082300000, 0x0000000082300000| Untracked 
|  36|0x0000000082400000, 0x0000000082400000, 0x0000000082500000|  0%| F|  |TAMS 0x0000000082400000, 0x0000000082400000| Untracked 
|  37|0x0000000082500000, 0x0000000082500000, 0x0000000082600000|  0%| F|  |TAMS 0x0000000082500000, 0x0000000082500000| Untracked 
|  38|0x0000000082600000, 0x0000000082600000, 0x0000000082700000|  0%| F|  |TAMS 0x0000000082600000, 0x0000000082600000| Untracked 
|  39|0x0000000082700000, 0x0000000082700000, 0x0000000082800000|  0%| F|  |TAMS 0x0000000082700000, 0x0000000082700000| Untracked 
|  40|0x0000000082800000, 0x0000000082800000, 0x0000000082900000|  0%| F|  |TAMS 0x0000000082800000, 0x0000000082800000| Untracked 
|  41|0x0000000082900000, 0x0000000082900000, 0x0000000082a00000|  0%| F|  |TAMS 0x0000000082900000, 0x0000000082900000| Untracked 
|  42|0x0000000082a00000, 0x0000000082a00000, 0x0000000082b00000|  0%| F|  |TAMS 0x0000000082a00000, 0x0000000082a00000| Untracked 
|  43|0x0000000082b00000, 0x0000000082b00000, 0x0000000082c00000|  0%| F|  |TAMS 0x0000000082b00000, 0x0000000082b00000| Untracked 
|  44|0x0000000082c00000, 0x0000000082c00000, 0x0000000082d00000|  0%| F|  |TAMS 0x0000000082c00000, 0x0000000082c00000| Untracked 
|  45|0x0000000082d00000, 0x0000000082d00000, 0x0000000082e00000|  0%| F|  |TAMS 0x0000000082d00000, 0x0000000082d00000| Untracked 
|  46|0x0000000082e00000, 0x0000000082e00000, 0x0000000082f00000|  0%| F|  |TAMS 0x0000000082e00000, 0x0000000082e00000| Untracked 
|  47|0x0000000082f00000, 0x0000000082f00000, 0x0000000083000000|  0%| F|  |TAMS 0x0000000082f00000, 0x0000000082f00000| Untracked 
|  48|0x0000000083000000, 0x0000000083000000, 0x0000000083100000|  0%| F|  |TAMS 0x0000000083000000, 0x0000000083000000| Untracked 
|  49|0x0000000083100000, 0x0000000083100000, 0x0000000083200000|  0%| F|  |TAMS 0x0000000083100000, 0x0000000083100000| Untracked 
|  50|0x0000000083200000, 0x0000000083200000, 0x0000000083300000|  0%| F|  |TAMS 0x0000000083200000, 0x0000000083200000| Untracked 
|  51|0x0000000083300000, 0x0000000083300000, 0x0000000083400000|  0%| F|  |TAMS 0x0000000083300000, 0x0000000083300000| Untracked 
|  52|0x0000000083400000, 0x0000000083400000, 0x0000000083500000|  0%| F|  |TAMS 0x0000000083400000, 0x0000000083400000| Untracked 
|  53|0x0000000083500000, 0x0000000083500000, 0x0000000083600000|  0%| F|  |TAMS 0x0000000083500000, 0x0000000083500000| Untracked 
|  54|0x0000000083600000, 0x0000000083600000, 0x0000000083700000|  0%| F|  |TAMS 0x0000000083600000, 0x0000000083600000| Untracked 
|  55|0x0000000083700000, 0x0000000083700000, 0x0000000083800000|  0%| F|  |TAMS 0x0000000083700000, 0x0000000083700000| Untracked 
|  56|0x0000000083800000, 0x0000000083800000, 0x0000000083900000|  0%| F|  |TAMS 0x0000000083800000, 0x0000000083800000| Untracked 
|  57|0x0000000083900000, 0x0000000083900000, 0x0000000083a00000|  0%| F|  |TAMS 0x0000000083900000, 0x0000000083900000| Untracked 
|  58|0x0000000083a00000, 0x0000000083a00000, 0x0000000083b00000|  0%| F|  |TAMS 0x0000000083a00000, 0x0000000083a00000| Untracked 
|  59|0x0000000083b00000, 0x0000000083b00000, 0x0000000083c00000|  0%| F|  |TAMS 0x0000000083b00000, 0x0000000083b00000| Untracked 
|  60|0x0000000083c00000, 0x0000000083c00000, 0x0000000083d00000|  0%| F|  |TAMS 0x0000000083c00000, 0x0000000083c00000| Untracked 
|  61|0x0000000083d00000, 0x0000000083d00000, 0x0000000083e00000|  0%| F|  |TAMS 0x0000000083d00000, 0x0000000083d00000| Untracked 
|  62|0x0000000083e00000, 0x0000000083e00000, 0x0000000083f00000|  0%| F|  |TAMS 0x0000000083e00000, 0x0000000083e00000| Untracked 
|  63|0x0000000083f00000, 0x0000000083f00000, 0x0000000084000000|  0%| F|  |TAMS 0x0000000083f00000, 0x0000000083f00000| Untracked 
|  64|0x0000000084000000, 0x0000000084000000, 0x0000000084100000|  0%| F|  |TAMS 0x0000000084000000, 0x0000000084000000| Untracked 
|  65|0x0000000084100000, 0x0000000084100000, 0x0000000084200000|  0%| F|  |TAMS 0x0000000084100000, 0x0000000084100000| Untracked 
|  66|0x0000000084200000, 0x0000000084200000, 0x0000000084300000|  0%| F|  |TAMS 0x0000000084200000, 0x0000000084200000| Untracked 
|  67|0x0000000084300000, 0x0000000084300000, 0x0000000084400000|  0%| F|  |TAMS 0x0000000084300000, 0x0000000084300000| Untracked 
|  68|0x0000000084400000, 0x0000000084400000, 0x0000000084500000|  0%| F|  |TAMS 0x0000000084400000, 0x0000000084400000| Untracked 
|  69|0x0000000084500000, 0x0000000084500000, 0x0000000084600000|  0%| F|  |TAMS 0x0000000084500000, 0x0000000084500000| Untracked 
|  70|0x0000000084600000, 0x0000000084600000, 0x0000000084700000|  0%| F|  |TAMS 0x0000000084600000, 0x0000000084600000| Untracked 
|  71|0x0000000084700000, 0x0000000084700000, 0x0000000084800000|  0%| F|  |TAMS 0x0000000084700000, 0x0000000084700000| Untracked 
|  72|0x0000000084800000, 0x0000000084800000, 0x0000000084900000|  0%| F|  |TAMS 0x0000000084800000, 0x0000000084800000| Untracked 
|  73|0x0000000084900000, 0x0000000084900000, 0x0000000084a00000|  0%| F|  |TAMS 0x0000000084900000, 0x0000000084900000| Untracked 
|  74|0x0000000084a00000, 0x0000000084a00000, 0x0000000084b00000|  0%| F|  |TAMS 0x0000000084a00000, 0x0000000084a00000| Untracked 
|  75|0x0000000084b00000, 0x0000000084b00000, 0x0000000084c00000|  0%| F|  |TAMS 0x0000000084b00000, 0x0000000084b00000| Untracked 
|  76|0x0000000084c00000, 0x0000000084c00000, 0x0000000084d00000|  0%| F|  |TAMS 0x0000000084c00000, 0x0000000084c00000| Untracked 
|  77|0x0000000084d00000, 0x0000000084d00000, 0x0000000084e00000|  0%| F|  |TAMS 0x0000000084d00000, 0x0000000084d00000| Untracked 
|  78|0x0000000084e00000, 0x0000000084e00000, 0x0000000084f00000|  0%| F|  |TAMS 0x0000000084e00000, 0x0000000084e00000| Untracked 
|  79|0x0000000084f00000, 0x0000000084f00000, 0x0000000085000000|  0%| F|  |TAMS 0x0000000084f00000, 0x0000000084f00000| Untracked 
|  80|0x0000000085000000, 0x0000000085000000, 0x0000000085100000|  0%| F|  |TAMS 0x0000000085000000, 0x0000000085000000| Untracked 
|  81|0x0000000085100000, 0x0000000085100000, 0x0000000085200000|  0%| F|  |TAMS 0x0000000085100000, 0x0000000085100000| Untracked 
|  82|0x0000000085200000, 0x0000000085200000, 0x0000000085300000|  0%| F|  |TAMS 0x0000000085200000, 0x0000000085200000| Untracked 
|  83|0x0000000085300000, 0x0000000085300000, 0x0000000085400000|  0%| F|  |TAMS 0x0000000085300000, 0x0000000085300000| Untracked 
|  84|0x0000000085400000, 0x0000000085400000, 0x0000000085500000|  0%| F|  |TAMS 0x0000000085400000, 0x0000000085400000| Untracked 
|  85|0x0000000085500000, 0x0000000085500000, 0x0000000085600000|  0%| F|  |TAMS 0x0000000085500000, 0x0000000085500000| Untracked 
|  86|0x0000000085600000, 0x0000000085600000, 0x0000000085700000|  0%| F|  |TAMS 0x0000000085600000, 0x0000000085600000| Untracked 
|  87|0x0000000085700000, 0x0000000085700000, 0x0000000085800000|  0%| F|  |TAMS 0x0000000085700000, 0x0000000085700000| Untracked 
|  88|0x0000000085800000, 0x0000000085800000, 0x0000000085900000|  0%| F|  |TAMS 0x0000000085800000, 0x0000000085800000| Untracked 
|  89|0x0000000085900000, 0x0000000085900000, 0x0000000085a00000|  0%| F|  |TAMS 0x0000000085900000, 0x0000000085900000| Untracked 
|  90|0x0000000085a00000, 0x0000000085a00000, 0x0000000085b00000|  0%| F|  |TAMS 0x0000000085a00000, 0x0000000085a00000| Untracked 
|  91|0x0000000085b00000, 0x0000000085b00000, 0x0000000085c00000|  0%| F|  |TAMS 0x0000000085b00000, 0x0000000085b00000| Untracked 
|  92|0x0000000085c00000, 0x0000000085c00000, 0x0000000085d00000|  0%| F|  |TAMS 0x0000000085c00000, 0x0000000085c00000| Untracked 
|  93|0x0000000085d00000, 0x0000000085d00000, 0x0000000085e00000|  0%| F|  |TAMS 0x0000000085d00000, 0x0000000085d00000| Untracked 
|  94|0x0000000085e00000, 0x0000000085e00000, 0x0000000085f00000|  0%| F|  |TAMS 0x0000000085e00000, 0x0000000085e00000| Untracked 
|  95|0x0000000085f00000, 0x0000000085f00000, 0x0000000086000000|  0%| F|  |TAMS 0x0000000085f00000, 0x0000000085f00000| Untracked 
|  96|0x0000000086000000, 0x0000000086000000, 0x0000000086100000|  0%| F|  |TAMS 0x0000000086000000, 0x0000000086000000| Untracked 
|  97|0x0000000086100000, 0x0000000086100000, 0x0000000086200000|  0%| F|  |TAMS 0x0000000086100000, 0x0000000086100000| Untracked 
|  98|0x0000000086200000, 0x0000000086200000, 0x0000000086300000|  0%| F|  |TAMS 0x0000000086200000, 0x0000000086200000| Untracked 
|  99|0x0000000086300000, 0x0000000086300000, 0x0000000086400000|  0%| F|  |TAMS 0x0000000086300000, 0x0000000086300000| Untracked 
| 100|0x0000000086400000, 0x0000000086400000, 0x0000000086500000|  0%| F|  |TAMS 0x0000000086400000, 0x0000000086400000| Untracked 
| 101|0x0000000086500000, 0x0000000086500000, 0x0000000086600000|  0%| F|  |TAMS 0x0000000086500000, 0x0000000086500000| Untracked 
| 102|0x0000000086600000, 0x0000000086600000, 0x0000000086700000|  0%| F|  |TAMS 0x0000000086600000, 0x0000000086600000| Untracked 
| 103|0x0000000086700000, 0x0000000086700000, 0x0000000086800000|  0%| F|  |TAMS 0x0000000086700000, 0x0000000086700000| Untracked 
| 104|0x0000000086800000, 0x0000000086800000, 0x0000000086900000|  0%| F|  |TAMS 0x0000000086800000, 0x0000000086800000| Untracked 
| 105|0x0000000086900000, 0x0000000086900000, 0x0000000086a00000|  0%| F|  |TAMS 0x0000000086900000, 0x0000000086900000| Untracked 
| 106|0x0000000086a00000, 0x0000000086a00000, 0x0000000086b00000|  0%| F|  |TAMS 0x0000000086a00000, 0x0000000086a00000| Untracked 
| 107|0x0000000086b00000, 0x0000000086b00000, 0x0000000086c00000|  0%| F|  |TAMS 0x0000000086b00000, 0x0000000086b00000| Untracked 
| 108|0x0000000086c00000, 0x0000000086c00000, 0x0000000086d00000|  0%| F|  |TAMS 0x0000000086c00000, 0x0000000086c00000| Untracked 
| 109|0x0000000086d00000, 0x0000000086d00000, 0x0000000086e00000|  0%| F|  |TAMS 0x0000000086d00000, 0x0000000086d00000| Untracked 
| 110|0x0000000086e00000, 0x0000000086e00000, 0x0000000086f00000|  0%| F|  |TAMS 0x0000000086e00000, 0x0000000086e00000| Untracked 
| 111|0x0000000086f00000, 0x0000000086f00000, 0x0000000087000000|  0%| F|  |TAMS 0x0000000086f00000, 0x0000000086f00000| Untracked 
| 112|0x0000000087000000, 0x0000000087000000, 0x0000000087100000|  0%| F|  |TAMS 0x0000000087000000, 0x0000000087000000| Untracked 
| 113|0x0000000087100000, 0x0000000087100000, 0x0000000087200000|  0%| F|  |TAMS 0x0000000087100000, 0x0000000087100000| Untracked 
| 114|0x0000000087200000, 0x0000000087200000, 0x0000000087300000|  0%| F|  |TAMS 0x0000000087200000, 0x0000000087200000| Untracked 
| 115|0x0000000087300000, 0x0000000087300000, 0x0000000087400000|  0%| F|  |TAMS 0x0000000087300000, 0x0000000087300000| Untracked 
| 116|0x0000000087400000, 0x0000000087400000, 0x0000000087500000|  0%| F|  |TAMS 0x0000000087400000, 0x0000000087400000| Untracked 
| 117|0x0000000087500000, 0x0000000087500000, 0x0000000087600000|  0%| F|  |TAMS 0x0000000087500000, 0x0000000087500000| Untracked 
| 118|0x0000000087600000, 0x0000000087600000, 0x0000000087700000|  0%| F|  |TAMS 0x0000000087600000, 0x0000000087600000| Untracked 
| 119|0x0000000087700000, 0x0000000087700000, 0x0000000087800000|  0%| F|  |TAMS 0x0000000087700000, 0x0000000087700000| Untracked 
| 120|0x0000000087800000, 0x0000000087800000, 0x0000000087900000|  0%| F|  |TAMS 0x0000000087800000, 0x0000000087800000| Untracked 
| 121|0x0000000087900000, 0x0000000087900000, 0x0000000087a00000|  0%| F|  |TAMS 0x0000000087900000, 0x0000000087900000| Untracked 
| 122|0x0000000087a00000, 0x0000000087a00000, 0x0000000087b00000|  0%| F|  |TAMS 0x0000000087a00000, 0x0000000087a00000| Untracked 
| 123|0x0000000087b00000, 0x0000000087b00000, 0x0000000087c00000|  0%| F|  |TAMS 0x0000000087b00000, 0x0000000087b00000| Untracked 
| 124|0x0000000087c00000, 0x0000000087c75ae8, 0x0000000087d00000| 45%| S|CS|TAMS 0x0000000087c00000, 0x0000000087c00000| Complete 
| 125|0x0000000087d00000, 0x0000000087e00000, 0x0000000087e00000|100%| S|CS|TAMS 0x0000000087d00000, 0x0000000087d00000| Complete 
| 126|0x0000000087e00000, 0x0000000087f00000, 0x0000000087f00000|100%| S|CS|TAMS 0x0000000087e00000, 0x0000000087e00000| Complete 
| 127|0x0000000087f00000, 0x0000000088000000, 0x0000000088000000|100%| S|CS|TAMS 0x0000000087f00000, 0x0000000087f00000| Complete 
| 128|0x0000000088000000, 0x0000000088100000, 0x0000000088100000|100%| S|CS|TAMS 0x0000000088000000, 0x0000000088000000| Complete 
| 129|0x0000000088100000, 0x0000000088200000, 0x0000000088200000|100%| S|CS|TAMS 0x0000000088100000, 0x0000000088100000| Complete 
| 130|0x0000000088200000, 0x0000000088300000, 0x0000000088300000|100%| S|CS|TAMS 0x0000000088200000, 0x0000000088200000| Complete 
| 131|0x0000000088300000, 0x0000000088400000, 0x0000000088400000|100%| S|CS|TAMS 0x0000000088300000, 0x0000000088300000| Complete 
| 132|0x0000000088400000, 0x0000000088500000, 0x0000000088500000|100%| S|CS|TAMS 0x0000000088400000, 0x0000000088400000| Complete 
| 133|0x0000000088500000, 0x0000000088600000, 0x0000000088600000|100%| S|CS|TAMS 0x0000000088500000, 0x0000000088500000| Complete 
| 134|0x0000000088600000, 0x0000000088700000, 0x0000000088700000|100%| S|CS|TAMS 0x0000000088600000, 0x0000000088600000| Complete 
| 135|0x0000000088700000, 0x0000000088800000, 0x0000000088800000|100%| S|CS|TAMS 0x0000000088700000, 0x0000000088700000| Complete 
| 136|0x0000000088800000, 0x0000000088900000, 0x0000000088900000|100%| S|CS|TAMS 0x0000000088800000, 0x0000000088800000| Complete 
| 137|0x0000000088900000, 0x0000000088900000, 0x0000000088a00000|  0%| F|  |TAMS 0x0000000088900000, 0x0000000088900000| Untracked 
| 138|0x0000000088a00000, 0x0000000088a00000, 0x0000000088b00000|  0%| F|  |TAMS 0x0000000088a00000, 0x0000000088a00000| Untracked 
| 139|0x0000000088b00000, 0x0000000088b00000, 0x0000000088c00000|  0%| F|  |TAMS 0x0000000088b00000, 0x0000000088b00000| Untracked 
| 140|0x0000000088c00000, 0x0000000088c00000, 0x0000000088d00000|  0%| F|  |TAMS 0x0000000088c00000, 0x0000000088c00000| Untracked 
| 141|0x0000000088d00000, 0x0000000088d00000, 0x0000000088e00000|  0%| F|  |TAMS 0x0000000088d00000, 0x0000000088d00000| Untracked 
| 142|0x0000000088e00000, 0x0000000088e00000, 0x0000000088f00000|  0%| F|  |TAMS 0x0000000088e00000, 0x0000000088e00000| Untracked 
| 143|0x0000000088f00000, 0x0000000088f80800, 0x0000000089000000| 50%| E|  |TAMS 0x0000000088f00000, 0x0000000088f00000| Complete 
| 144|0x0000000089000000, 0x0000000089100000, 0x0000000089100000|100%| E|CS|TAMS 0x0000000089000000, 0x0000000089000000| Complete 
| 145|0x0000000089100000, 0x0000000089200000, 0x0000000089200000|100%| E|CS|TAMS 0x0000000089100000, 0x0000000089100000| Complete 
| 146|0x0000000089200000, 0x0000000089300000, 0x0000000089300000|100%| E|CS|TAMS 0x0000000089200000, 0x0000000089200000| Complete 
| 147|0x0000000089300000, 0x0000000089400000, 0x0000000089400000|100%| E|CS|TAMS 0x0000000089300000, 0x0000000089300000| Complete 
| 148|0x0000000089400000, 0x0000000089500000, 0x0000000089500000|100%| E|CS|TAMS 0x0000000089400000, 0x0000000089400000| Complete 
| 149|0x0000000089500000, 0x0000000089600000, 0x0000000089600000|100%| E|CS|TAMS 0x0000000089500000, 0x0000000089500000| Complete 
| 150|0x0000000089600000, 0x0000000089700000, 0x0000000089700000|100%| E|CS|TAMS 0x0000000089600000, 0x0000000089600000| Complete 
| 151|0x0000000089700000, 0x0000000089800000, 0x0000000089800000|100%| E|CS|TAMS 0x0000000089700000, 0x0000000089700000| Complete 
| 152|0x0000000089800000, 0x0000000089900000, 0x0000000089900000|100%| E|CS|TAMS 0x0000000089800000, 0x0000000089800000| Complete 
| 153|0x0000000089900000, 0x0000000089a00000, 0x0000000089a00000|100%| E|CS|TAMS 0x0000000089900000, 0x0000000089900000| Complete 
| 154|0x0000000089a00000, 0x0000000089b00000, 0x0000000089b00000|100%| E|CS|TAMS 0x0000000089a00000, 0x0000000089a00000| Complete 
| 155|0x0000000089b00000, 0x0000000089c00000, 0x0000000089c00000|100%| E|CS|TAMS 0x0000000089b00000, 0x0000000089b00000| Complete 
| 156|0x0000000089c00000, 0x0000000089d00000, 0x0000000089d00000|100%| E|CS|TAMS 0x0000000089c00000, 0x0000000089c00000| Complete 
| 157|0x0000000089d00000, 0x0000000089e00000, 0x0000000089e00000|100%| E|CS|TAMS 0x0000000089d00000, 0x0000000089d00000| Complete 
| 158|0x0000000089e00000, 0x0000000089f00000, 0x0000000089f00000|100%| E|CS|TAMS 0x0000000089e00000, 0x0000000089e00000| Complete 
| 159|0x0000000089f00000, 0x000000008a000000, 0x000000008a000000|100%| E|CS|TAMS 0x0000000089f00000, 0x0000000089f00000| Complete 
| 160|0x000000008a000000, 0x000000008a100000, 0x000000008a100000|100%| E|CS|TAMS 0x000000008a000000, 0x000000008a000000| Complete 
| 161|0x000000008a100000, 0x000000008a200000, 0x000000008a200000|100%| E|CS|TAMS 0x000000008a100000, 0x000000008a100000| Complete 
| 162|0x000000008a200000, 0x000000008a300000, 0x000000008a300000|100%| E|CS|TAMS 0x000000008a200000, 0x000000008a200000| Complete 
| 163|0x000000008a300000, 0x000000008a400000, 0x000000008a400000|100%| E|CS|TAMS 0x000000008a300000, 0x000000008a300000| Complete 
| 164|0x000000008a400000, 0x000000008a500000, 0x000000008a500000|100%| E|CS|TAMS 0x000000008a400000, 0x000000008a400000| Complete 
| 165|0x000000008a500000, 0x000000008a600000, 0x000000008a600000|100%| E|CS|TAMS 0x000000008a500000, 0x000000008a500000| Complete 
| 166|0x000000008a600000, 0x000000008a700000, 0x000000008a700000|100%| E|CS|TAMS 0x000000008a600000, 0x000000008a600000| Complete 
| 167|0x000000008a700000, 0x000000008a800000, 0x000000008a800000|100%| E|CS|TAMS 0x000000008a700000, 0x000000008a700000| Complete 
| 168|0x000000008a800000, 0x000000008a900000, 0x000000008a900000|100%| E|CS|TAMS 0x000000008a800000, 0x000000008a800000| Complete 
| 169|0x000000008a900000, 0x000000008aa00000, 0x000000008aa00000|100%| E|CS|TAMS 0x000000008a900000, 0x000000008a900000| Complete 
| 170|0x000000008aa00000, 0x000000008ab00000, 0x000000008ab00000|100%| E|CS|TAMS 0x000000008aa00000, 0x000000008aa00000| Complete 
| 171|0x000000008ab00000, 0x000000008ac00000, 0x000000008ac00000|100%| E|CS|TAMS 0x000000008ab00000, 0x000000008ab00000| Complete 
| 172|0x000000008ac00000, 0x000000008ad00000, 0x000000008ad00000|100%| E|CS|TAMS 0x000000008ac00000, 0x000000008ac00000| Complete 
| 173|0x000000008ad00000, 0x000000008ae00000, 0x000000008ae00000|100%| E|  |TAMS 0x000000008ad00000, 0x000000008ad00000| Complete 
| 174|0x000000008ae00000, 0x000000008af00000, 0x000000008af00000|100%| E|CS|TAMS 0x000000008ae00000, 0x000000008ae00000| Complete 
| 175|0x000000008af00000, 0x000000008b000000, 0x000000008b000000|100%| E|CS|TAMS 0x000000008af00000, 0x000000008af00000| Complete 
| 176|0x000000008b000000, 0x000000008b100000, 0x000000008b100000|100%| E|CS|TAMS 0x000000008b000000, 0x000000008b000000| Complete 
| 177|0x000000008b100000, 0x000000008b200000, 0x000000008b200000|100%| E|CS|TAMS 0x000000008b100000, 0x000000008b100000| Complete 
| 178|0x000000008b200000, 0x000000008b300000, 0x000000008b300000|100%| E|CS|TAMS 0x000000008b200000, 0x000000008b200000| Complete 
| 179|0x000000008b300000, 0x000000008b400000, 0x000000008b400000|100%| E|CS|TAMS 0x000000008b300000, 0x000000008b300000| Complete 
| 180|0x000000008b400000, 0x000000008b500000, 0x000000008b500000|100%| E|CS|TAMS 0x000000008b400000, 0x000000008b400000| Complete 
| 181|0x000000008b500000, 0x000000008b600000, 0x000000008b600000|100%| E|CS|TAMS 0x000000008b500000, 0x000000008b500000| Complete 
| 182|0x000000008b600000, 0x000000008b700000, 0x000000008b700000|100%| E|CS|TAMS 0x000000008b600000, 0x000000008b600000| Complete 
| 183|0x000000008b700000, 0x000000008b800000, 0x000000008b800000|100%| E|CS|TAMS 0x000000008b700000, 0x000000008b700000| Complete 
| 184|0x000000008b800000, 0x000000008b900000, 0x000000008b900000|100%| E|CS|TAMS 0x000000008b800000, 0x000000008b800000| Complete 
| 185|0x000000008b900000, 0x000000008ba00000, 0x000000008ba00000|100%| E|CS|TAMS 0x000000008b900000, 0x000000008b900000| Complete 
| 186|0x000000008ba00000, 0x000000008bb00000, 0x000000008bb00000|100%| E|CS|TAMS 0x000000008ba00000, 0x000000008ba00000| Complete 
| 187|0x000000008bb00000, 0x000000008bc00000, 0x000000008bc00000|100%| E|CS|TAMS 0x000000008bb00000, 0x000000008bb00000| Complete 
| 188|0x000000008bc00000, 0x000000008bd00000, 0x000000008bd00000|100%| E|CS|TAMS 0x000000008bc00000, 0x000000008bc00000| Complete 
| 189|0x000000008bd00000, 0x000000008be00000, 0x000000008be00000|100%| E|CS|TAMS 0x000000008bd00000, 0x000000008bd00000| Complete 
| 190|0x000000008be00000, 0x000000008bf00000, 0x000000008bf00000|100%| E|CS|TAMS 0x000000008be00000, 0x000000008be00000| Complete 
| 191|0x000000008bf00000, 0x000000008c000000, 0x000000008c000000|100%| E|CS|TAMS 0x000000008bf00000, 0x000000008bf00000| Complete 
| 192|0x000000008c000000, 0x000000008c100000, 0x000000008c100000|100%| E|CS|TAMS 0x000000008c000000, 0x000000008c000000| Complete 
| 193|0x000000008c100000, 0x000000008c200000, 0x000000008c200000|100%| E|CS|TAMS 0x000000008c100000, 0x000000008c100000| Complete 
| 194|0x000000008c200000, 0x000000008c300000, 0x000000008c300000|100%| E|CS|TAMS 0x000000008c200000, 0x000000008c200000| Complete 
| 195|0x000000008c300000, 0x000000008c400000, 0x000000008c400000|100%| E|CS|TAMS 0x000000008c300000, 0x000000008c300000| Complete 
| 196|0x000000008c400000, 0x000000008c500000, 0x000000008c500000|100%| E|CS|TAMS 0x000000008c400000, 0x000000008c400000| Complete 
| 197|0x000000008c500000, 0x000000008c600000, 0x000000008c600000|100%| E|CS|TAMS 0x000000008c500000, 0x000000008c500000| Complete 
| 198|0x000000008c600000, 0x000000008c700000, 0x000000008c700000|100%| E|CS|TAMS 0x000000008c600000, 0x000000008c600000| Complete 
| 199|0x000000008c700000, 0x000000008c800000, 0x000000008c800000|100%| E|CS|TAMS 0x000000008c700000, 0x000000008c700000| Complete 
| 200|0x000000008c800000, 0x000000008c900000, 0x000000008c900000|100%| E|CS|TAMS 0x000000008c800000, 0x000000008c800000| Complete 
| 201|0x000000008c900000, 0x000000008ca00000, 0x000000008ca00000|100%| E|CS|TAMS 0x000000008c900000, 0x000000008c900000| Complete 
| 202|0x000000008ca00000, 0x000000008cb00000, 0x000000008cb00000|100%| E|CS|TAMS 0x000000008ca00000, 0x000000008ca00000| Complete 
| 203|0x000000008cb00000, 0x000000008cc00000, 0x000000008cc00000|100%| E|CS|TAMS 0x000000008cb00000, 0x000000008cb00000| Complete 
| 204|0x000000008cc00000, 0x000000008cd00000, 0x000000008cd00000|100%| E|CS|TAMS 0x000000008cc00000, 0x000000008cc00000| Complete 
| 205|0x000000008cd00000, 0x000000008ce00000, 0x000000008ce00000|100%| E|CS|TAMS 0x000000008cd00000, 0x000000008cd00000| Complete 
| 206|0x000000008ce00000, 0x000000008cf00000, 0x000000008cf00000|100%| E|CS|TAMS 0x000000008ce00000, 0x000000008ce00000| Complete 
| 207|0x000000008cf00000, 0x000000008d000000, 0x000000008d000000|100%| E|CS|TAMS 0x000000008cf00000, 0x000000008cf00000| Complete 
| 208|0x000000008d000000, 0x000000008d100000, 0x000000008d100000|100%| E|CS|TAMS 0x000000008d000000, 0x000000008d000000| Complete 
| 209|0x000000008d100000, 0x000000008d200000, 0x000000008d200000|100%| E|CS|TAMS 0x000000008d100000, 0x000000008d100000| Complete 
| 210|0x000000008d200000, 0x000000008d300000, 0x000000008d300000|100%| E|CS|TAMS 0x000000008d200000, 0x000000008d200000| Complete 
| 211|0x000000008d300000, 0x000000008d400000, 0x000000008d400000|100%| E|CS|TAMS 0x000000008d300000, 0x000000008d300000| Complete 
| 212|0x000000008d400000, 0x000000008d500000, 0x000000008d500000|100%| E|CS|TAMS 0x000000008d400000, 0x000000008d400000| Complete 
| 213|0x000000008d500000, 0x000000008d600000, 0x000000008d600000|100%| E|CS|TAMS 0x000000008d500000, 0x000000008d500000| Complete 
| 214|0x000000008d600000, 0x000000008d700000, 0x000000008d700000|100%| E|CS|TAMS 0x000000008d600000, 0x000000008d600000| Complete 
| 215|0x000000008d700000, 0x000000008d800000, 0x000000008d800000|100%| E|CS|TAMS 0x000000008d700000, 0x000000008d700000| Complete 
| 216|0x000000008d800000, 0x000000008d900000, 0x000000008d900000|100%| E|CS|TAMS 0x000000008d800000, 0x000000008d800000| Complete 
| 217|0x000000008d900000, 0x000000008da00000, 0x000000008da00000|100%| E|CS|TAMS 0x000000008d900000, 0x000000008d900000| Complete 
| 218|0x000000008da00000, 0x000000008db00000, 0x000000008db00000|100%| E|CS|TAMS 0x000000008da00000, 0x000000008da00000| Complete 
| 219|0x000000008db00000, 0x000000008dc00000, 0x000000008dc00000|100%| E|CS|TAMS 0x000000008db00000, 0x000000008db00000| Complete 
| 220|0x000000008dc00000, 0x000000008dd00000, 0x000000008dd00000|100%| E|CS|TAMS 0x000000008dc00000, 0x000000008dc00000| Complete 
| 221|0x000000008dd00000, 0x000000008de00000, 0x000000008de00000|100%| E|CS|TAMS 0x000000008dd00000, 0x000000008dd00000| Complete 
| 222|0x000000008de00000, 0x000000008df00000, 0x000000008df00000|100%| E|CS|TAMS 0x000000008de00000, 0x000000008de00000| Complete 
| 223|0x000000008df00000, 0x000000008e000000, 0x000000008e000000|100%| E|CS|TAMS 0x000000008df00000, 0x000000008df00000| Complete 
| 224|0x000000008e000000, 0x000000008e100000, 0x000000008e100000|100%| E|CS|TAMS 0x000000008e000000, 0x000000008e000000| Complete 
| 225|0x000000008e100000, 0x000000008e200000, 0x000000008e200000|100%| E|CS|TAMS 0x000000008e100000, 0x000000008e100000| Complete 
| 226|0x000000008e200000, 0x000000008e300000, 0x000000008e300000|100%| E|CS|TAMS 0x000000008e200000, 0x000000008e200000| Complete 
| 227|0x000000008e300000, 0x000000008e400000, 0x000000008e400000|100%| E|CS|TAMS 0x000000008e300000, 0x000000008e300000| Complete 
| 228|0x000000008e400000, 0x000000008e500000, 0x000000008e500000|100%| E|CS|TAMS 0x000000008e400000, 0x000000008e400000| Complete 
| 229|0x000000008e500000, 0x000000008e600000, 0x000000008e600000|100%| E|CS|TAMS 0x000000008e500000, 0x000000008e500000| Complete 
| 230|0x000000008e600000, 0x000000008e700000, 0x000000008e700000|100%| E|CS|TAMS 0x000000008e600000, 0x000000008e600000| Complete 
| 231|0x000000008e700000, 0x000000008e800000, 0x000000008e800000|100%| E|CS|TAMS 0x000000008e700000, 0x000000008e700000| Complete 
| 232|0x000000008e800000, 0x000000008e900000, 0x000000008e900000|100%| E|CS|TAMS 0x000000008e800000, 0x000000008e800000| Complete 
| 233|0x000000008e900000, 0x000000008ea00000, 0x000000008ea00000|100%| E|CS|TAMS 0x000000008e900000, 0x000000008e900000| Complete 
| 234|0x000000008ea00000, 0x000000008eb00000, 0x000000008eb00000|100%| E|CS|TAMS 0x000000008ea00000, 0x000000008ea00000| Complete 
| 235|0x000000008eb00000, 0x000000008ec00000, 0x000000008ec00000|100%| E|CS|TAMS 0x000000008eb00000, 0x000000008eb00000| Complete 
| 236|0x000000008ec00000, 0x000000008ed00000, 0x000000008ed00000|100%| E|CS|TAMS 0x000000008ec00000, 0x000000008ec00000| Complete 
| 237|0x000000008ed00000, 0x000000008ee00000, 0x000000008ee00000|100%| E|CS|TAMS 0x000000008ed00000, 0x000000008ed00000| Complete 
| 238|0x000000008ee00000, 0x000000008ef00000, 0x000000008ef00000|100%| E|CS|TAMS 0x000000008ee00000, 0x000000008ee00000| Complete 
| 239|0x000000008ef00000, 0x000000008f000000, 0x000000008f000000|100%| E|CS|TAMS 0x000000008ef00000, 0x000000008ef00000| Complete 
| 240|0x000000008f000000, 0x000000008f100000, 0x000000008f100000|100%| E|CS|TAMS 0x000000008f000000, 0x000000008f000000| Complete 
| 241|0x000000008f100000, 0x000000008f200000, 0x000000008f200000|100%| E|CS|TAMS 0x000000008f100000, 0x000000008f100000| Complete 
| 242|0x000000008f200000, 0x000000008f300000, 0x000000008f300000|100%| E|CS|TAMS 0x000000008f200000, 0x000000008f200000| Complete 
| 243|0x000000008f300000, 0x000000008f400000, 0x000000008f400000|100%| E|CS|TAMS 0x000000008f300000, 0x000000008f300000| Complete 
| 244|0x000000008f400000, 0x000000008f500000, 0x000000008f500000|100%| E|CS|TAMS 0x000000008f400000, 0x000000008f400000| Complete 
| 245|0x000000008f500000, 0x000000008f600000, 0x000000008f600000|100%| E|CS|TAMS 0x000000008f500000, 0x000000008f500000| Complete 
| 246|0x000000008f600000, 0x000000008f700000, 0x000000008f700000|100%| E|CS|TAMS 0x000000008f600000, 0x000000008f600000| Complete 
| 247|0x000000008f700000, 0x000000008f800000, 0x000000008f800000|100%| E|CS|TAMS 0x000000008f700000, 0x000000008f700000| Complete 
| 248|0x000000008f800000, 0x000000008f900000, 0x000000008f900000|100%| E|CS|TAMS 0x000000008f800000, 0x000000008f800000| Complete 
| 249|0x000000008f900000, 0x000000008fa00000, 0x000000008fa00000|100%| E|CS|TAMS 0x000000008f900000, 0x000000008f900000| Complete 
| 250|0x000000008fa00000, 0x000000008fb00000, 0x000000008fb00000|100%| E|CS|TAMS 0x000000008fa00000, 0x000000008fa00000| Complete 
| 251|0x000000008fb00000, 0x000000008fc00000, 0x000000008fc00000|100%| E|CS|TAMS 0x000000008fb00000, 0x000000008fb00000| Complete 
| 252|0x000000008fc00000, 0x000000008fd00000, 0x000000008fd00000|100%| E|CS|TAMS 0x000000008fc00000, 0x000000008fc00000| Complete 
| 253|0x000000008fd00000, 0x000000008fe00000, 0x000000008fe00000|100%| E|CS|TAMS 0x000000008fd00000, 0x000000008fd00000| Complete 

Card table byte_map: [0x0000023532660000,0x0000023532a60000] _byte_map_base: 0x0000023532260000

Marking Bits (Prev, Next): (CMBitMap*) 0x000002351f47f008, (CMBitMap*) 0x000002351f47f040
 Prev Bits: [0x0000023532e60000, 0x0000023534e60000)
 Next Bits: [0x0000023534e60000, 0x0000023536e60000)

Polling page: 0x000002351d450000

Metaspace:

Usage:
  Non-class:     43.89 MB capacity,    43.10 MB ( 98%) used,   669.38 KB (  1%) free+waste,   133.69 KB ( <1%) overhead. 
      Class:      6.80 MB capacity,     6.31 MB ( 93%) used,   442.07 KB (  6%) free+waste,    63.94 KB ( <1%) overhead. 
       Both:     50.69 MB capacity,    49.41 MB ( 97%) used,     1.09 MB (  2%) free+waste,   197.63 KB ( <1%) overhead. 

Virtual space:
  Non-class space:       44.00 MB reserved,      44.00 MB (100%) committed 
      Class space:        1.00 GB reserved,       6.82 MB ( <1%) committed 
             Both:        1.04 GB reserved,      50.82 MB (  5%) committed 

Chunk freelists:
   Non-Class:  52.00 KB
       Class:  8.00 KB
        Both:  60.00 KB

MaxMetaspaceSize: 17179869184.00 GB
CompressedClassSpaceSize: 1.00 GB

CodeHeap 'non-profiled nmethods': size=120000Kb used=3063Kb max_used=3063Kb free=116936Kb
 bounds [0x000002352aa00000, 0x000002352ad00000, 0x0000023531f30000]
CodeHeap 'profiled nmethods': size=120000Kb used=10910Kb max_used=10910Kb free=109089Kb
 bounds [0x00000235234d0000, 0x0000023523f80000, 0x000002352aa00000]
CodeHeap 'non-nmethods': size=5760Kb used=2219Kb max_used=2279Kb free=3540Kb
 bounds [0x0000023522f30000, 0x00000235231a0000, 0x00000235234d0000]
 total_blobs=6174 nmethods=5384 adapters=701
 compilation: enabled
              stopped_count=0, restarted_count=0
 full_count=0

Compilation events (20 events):
Event: 4.649 Thread 0x000002353a18c800 5373       3       java.lang.invoke.MethodTypeForm::<init> (687 bytes)
Event: 4.652 Thread 0x000002353a18c800 nmethod 5373 0x0000023523f5cd10 code [0x0000023523f5d0e0, 0x0000023523f5f528]
Event: 4.652 Thread 0x000002353a18c800 5372       3       sun.reflect.generics.parser.SignatureParser::parseMethodSig (10 bytes)
Event: 4.653 Thread 0x000002353a18c800 nmethod 5372 0x0000023523f60110 code [0x0000023523f602e0, 0x0000023523f604c8]
Event: 4.655 Thread 0x000002353a18c800 5378       3       java.lang.reflect.ProxyGenerator::codeClassForName (41 bytes)
Event: 4.656 Thread 0x000002353a18c800 nmethod 5378 0x0000023523f60590 code [0x0000023523f60900, 0x0000023523f61cd8]
Event: 4.656 Thread 0x000002353a18c800 5379       3       java.lang.reflect.ProxyGenerator$MethodInfo::write (283 bytes)
Event: 4.658 Thread 0x000002353b1eb800 nmethod 5347 0x000002352acf9890 code [0x000002352acf9b80, 0x000002352acfc420]
Event: 4.658 Thread 0x000002353b1eb800 5361       4       java.util.jar.JarFile::getManifest (5 bytes)
Event: 4.659 Thread 0x000002353a18c800 nmethod 5379 0x0000023523f62590 code [0x0000023523f62c60, 0x0000023523f67008]
Event: 4.659 Thread 0x000002353a18c800 5384       3       org.objectweb.asm.SymbolTable::addConstantUtf8 (98 bytes)
Event: 4.660 Thread 0x000002353a18c800 nmethod 5384 0x0000023523f68510 code [0x0000023523f68760, 0x0000023523f68dd8]
Event: 4.660 Thread 0x000002353a18c800 5383       2       org.objectweb.asm.SymbolTable$Entry::<init> (17 bytes)
Event: 4.660 Thread 0x000002353a18c800 nmethod 5383 0x0000023523f69190 code [0x0000023523f69340, 0x0000023523f69488]
Event: 4.660 Thread 0x000002353a18c800 5380  s    3       java.io.ByteArrayOutputStream::writeTo (14 bytes)
Event: 4.660 Thread 0x000002353a18c800 nmethod 5380 0x0000023523f69590 code [0x0000023523f69760, 0x0000023523f69aa8]
Event: 4.660 Thread 0x000002353a18c800 5381       3       java.lang.reflect.Constructor::setAccessible (21 bytes)
Event: 4.660 Thread 0x000002353a18c800 nmethod 5381 0x0000023523f69b90 code [0x0000023523f69dc0, 0x0000023523f6a458]
Event: 4.660 Thread 0x000002353a18c800 5382       3       java.lang.reflect.Constructor::checkCanSetAccessible (29 bytes)
Event: 4.661 Thread 0x000002353a18c800 nmethod 5382 0x0000023523f6a690 code [0x0000023523f6a860, 0x0000023523f6ab18]

GC Heap History (10 events):
Event: 0.513 GC heap before
{Heap before GC invocations=0 (full 0):
 garbage-first heap   total 260096K, used 29696K [0x0000000080000000, 0x0000000100000000)
  region size 1024K, 24 young (24576K), 0 survivors (0K)
 Metaspace       used 9870K, capacity 10114K, committed 10368K, reserved 1058816K
  class space    used 1029K, capacity 1102K, committed 1152K, reserved 1048576K
}
Event: 0.516 GC heap after
{Heap after GC invocations=1 (full 0):
 garbage-first heap   total 260096K, used 9518K [0x0000000080000000, 0x0000000100000000)
  region size 1024K, 3 young (3072K), 3 survivors (3072K)
 Metaspace       used 9870K, capacity 10114K, committed 10368K, reserved 1058816K
  class space    used 1029K, capacity 1102K, committed 1152K, reserved 1048576K
}
Event: 1.956 GC heap before
{Heap before GC invocations=1 (full 0):
 garbage-first heap   total 260096K, used 108846K [0x0000000080000000, 0x0000000100000000)
  region size 1024K, 101 young (103424K), 3 survivors (3072K)
 Metaspace       used 20665K, capacity 21075K, committed 21248K, reserved 1067008K
  class space    used 2538K, capacity 2693K, committed 2816K, reserved 1048576K
}
Event: 1.964 GC heap after
{Heap after GC invocations=2 (full 0):
 garbage-first heap   total 260096K, used 16792K [0x0000000080000000, 0x0000000100000000)
  region size 1024K, 11 young (11264K), 11 survivors (11264K)
 Metaspace       used 20665K, capacity 21075K, committed 21248K, reserved 1067008K
  class space    used 2538K, capacity 2693K, committed 2816K, reserved 1048576K
}
Event: 2.426 GC heap before
{Heap before GC invocations=3 (full 0):
 garbage-first heap   total 260096K, used 83352K [0x0000000080000000, 0x0000000100000000)
  region size 1024K, 76 young (77824K), 11 survivors (11264K)
 Metaspace       used 26872K, capacity 27467K, committed 27648K, reserved 1073152K
  class space    used 3546K, capacity 3769K, committed 3840K, reserved 1048576K
}
Event: 2.432 GC heap after
{Heap after GC invocations=4 (full 0):
 garbage-first heap   total 260096K, used 19994K [0x0000000080000000, 0x0000000100000000)
  region size 1024K, 3 young (3072K), 3 survivors (3072K)
 Metaspace       used 26872K, capacity 27467K, committed 27648K, reserved 1073152K
  class space    used 3546K, capacity 3769K, committed 3840K, reserved 1048576K
}
Event: 2.953 GC heap before
{Heap before GC invocations=4 (full 0):
 garbage-first heap   total 260096K, used 66074K [0x0000000080000000, 0x0000000100000000)
  region size 1024K, 49 young (50176K), 3 survivors (3072K)
 Metaspace       used 35021K, capacity 35785K, committed 35840K, reserved 1081344K
  class space    used 4554K, capacity 4863K, committed 4864K, reserved 1048576K
}
Event: 2.959 GC heap after
{Heap after GC invocations=5 (full 0):
 garbage-first heap   total 260096K, used 22810K [0x0000000080000000, 0x0000000100000000)
  region size 1024K, 6 young (6144K), 6 survivors (6144K)
 Metaspace       used 35021K, capacity 35785K, committed 35840K, reserved 1081344K
  class space    used 4554K, capacity 4863K, committed 4864K, reserved 1048576K
}
Event: 3.854 GC heap before
{Heap before GC invocations=6 (full 0):
 garbage-first heap   total 260096K, used 139546K [0x0000000080000000, 0x0000000100000000)
  region size 1024K, 117 young (119808K), 6 survivors (6144K)
 Metaspace       used 44360K, capacity 45362K, committed 45516K, reserved 1089536K
  class space    used 5695K, capacity 6057K, committed 6092K, reserved 1048576K
}
Event: 3.861 GC heap after
{Heap after GC invocations=7 (full 0):
 garbage-first heap   total 260096K, used 29765K [0x0000000080000000, 0x0000000100000000)
  region size 1024K, 13 young (13312K), 13 survivors (13312K)
 Metaspace       used 44360K, capacity 45362K, committed 45516K, reserved 1089536K
  class space    used 5695K, capacity 6057K, committed 6092K, reserved 1048576K
}

Deoptimization events (20 events):
Event: 4.552 Thread 0x000002353c375000 Uncommon trap: trap_request=0xffffff4d fr.pc=0x000002352aa560fc relative=0x000000000000059c
Event: 4.552 Thread 0x000002353c375000 Uncommon trap: reason=unstable_if action=reinterpret pc=0x000002352aa560fc method=java.util.jar.Manifest$FastInputStream.readLine([BII)I @ 130 c2
Event: 4.552 Thread 0x000002353c375000 DEOPT PACKING pc=0x000002352aa560fc sp=0x00000091bcff7610
Event: 4.552 Thread 0x000002353c375000 DEOPT UNPACKING pc=0x0000023522f5662f sp=0x00000091bcff75a0 mode 2
Event: 4.639 Thread 0x000002353c375000 Uncommon trap: trap_request=0xffffff4d fr.pc=0x000002352abea8c8 relative=0x0000000000000748
Event: 4.639 Thread 0x000002353c375000 Uncommon trap: reason=unstable_if action=reinterpret pc=0x000002352abea8c8 method=java.io.BufferedInputStream.read([BII)I @ 56 c2
Event: 4.639 Thread 0x000002353c375000 DEOPT PACKING pc=0x000002352abea8c8 sp=0x00000091bcff6ca0
Event: 4.639 Thread 0x000002353c375000 DEOPT UNPACKING pc=0x0000023522f5662f sp=0x00000091bcff6c58 mode 2
Event: 4.640 Thread 0x000002353c375000 Uncommon trap: trap_request=0xffffff4d fr.pc=0x000002352aa7c674 relative=0x0000000000000054
Event: 4.640 Thread 0x000002353c375000 Uncommon trap: reason=unstable_if action=reinterpret pc=0x000002352aa7c674 method=java.util.regex.Pattern.has(I)Z @ 6 c2
Event: 4.640 Thread 0x000002353c375000 DEOPT PACKING pc=0x000002352aa7c674 sp=0x00000091bcff5ce0
Event: 4.640 Thread 0x000002353c375000 DEOPT UNPACKING pc=0x0000023522f5662f sp=0x00000091bcff5c70 mode 2
Event: 4.657 Thread 0x000002353c375000 Uncommon trap: trap_request=0xffffff45 fr.pc=0x000002352abd856c relative=0x0000000000000d4c
Event: 4.657 Thread 0x000002353c375000 Uncommon trap: reason=unstable_fused_if action=reinterpret pc=0x000002352abd856c method=org.objectweb.asm.ByteVector.putUTF8(Ljava/lang/String;)Lorg/objectweb/asm/ByteVector; @ 93 c2
Event: 4.657 Thread 0x000002353c375000 DEOPT PACKING pc=0x000002352abd856c sp=0x00000091bcff7740
Event: 4.657 Thread 0x000002353c375000 DEOPT UNPACKING pc=0x0000023522f5662f sp=0x00000091bcff7698 mode 2
Event: 4.657 Thread 0x000002353c375000 Uncommon trap: trap_request=0xffffff4d fr.pc=0x000002352ac05190 relative=0x0000000000005c10
Event: 4.657 Thread 0x000002353c375000 Uncommon trap: reason=unstable_if action=reinterpret pc=0x000002352ac05190 method=org.objectweb.asm.Frame.execute(IILorg/objectweb/asm/Symbol;Lorg/objectweb/asm/SymbolTable;)V @ 1 c2
Event: 4.657 Thread 0x000002353c375000 DEOPT PACKING pc=0x000002352ac05190 sp=0x00000091bcff7930
Event: 4.657 Thread 0x000002353c375000 DEOPT UNPACKING pc=0x0000023522f5662f sp=0x00000091bcff78d8 mode 2

Classes redefined (0 events):
No events

Internal exceptions (20 events):
Event: 4.509 Thread 0x000002353c375000 Exception <a 'java/lang/ClassNotFoundException'{0x000000008a357e78}: org/gradle/api/DefaultTaskCustomizer> (0x000000008a357e78) thrown at [./src/hotspot/share/classfile/systemDictionary.cpp, line 231]
Event: 4.513 Thread 0x000002353c375000 Exception <a 'java/lang/ClassNotFoundException'{0x000000008a3d9928}: org/gradle/api/internal/ConventionTaskCustomizer> (0x000000008a3d9928) thrown at [./src/hotspot/share/classfile/systemDictionary.cpp, line 231]
Event: 4.514 Thread 0x000002353c375000 Exception <a 'java/lang/ClassNotFoundException'{0x000000008a211e40}: org/gradle/api/tasks/DeleteCustomizer> (0x000000008a211e40) thrown at [./src/hotspot/share/classfile/systemDictionary.cpp, line 231]
Event: 4.516 Thread 0x000002353c375000 Exception <a 'java/lang/ClassNotFoundException'{0x000000008a251220}: org/gradle/api/tasks/Delete_DecoratedCustomizer> (0x000000008a251220) thrown at [./src/hotspot/share/classfile/systemDictionary.cpp, line 231]
Event: 4.531 Thread 0x000002353c375000 Exception <a 'java/lang/NoSuchMethodError'{0x000000008a164738}: 'long java.lang.invoke.DirectMethodHandle$Holder.invokeVirtual(java.lang.Object, java.lang.Object)'> (0x000000008a164738) thrown at [./src/hotspot/share/interpreter/linkResolver.cpp, line 773]
Event: 4.534 Thread 0x000002353c520800 Exception <a 'java/lang/NoSuchMethodError'{0x000000008a0080d0}: <clinit>> (0x000000008a0080d0) thrown at [./src/hotspot/share/prims/jni.cpp, line 1362]
Event: 4.538 Thread 0x000002353c520800 Exception <a 'java/lang/NoSuchMethodError'{0x000000008a025708}: <clinit>> (0x000000008a025708) thrown at [./src/hotspot/share/prims/jni.cpp, line 1362]
Event: 4.538 Thread 0x000002353c520800 Exception <a 'java/lang/NoSuchMethodError'{0x000000008a026818}: <clinit>> (0x000000008a026818) thrown at [./src/hotspot/share/prims/jni.cpp, line 1362]
Event: 4.538 Thread 0x000002353c520800 Exception <a 'java/lang/NoSuchMethodError'{0x000000008a027b20}: <clinit>> (0x000000008a027b20) thrown at [./src/hotspot/share/prims/jni.cpp, line 1362]
Event: 4.538 Thread 0x000002353c520800 Exception <a 'java/lang/NoSuchMethodError'{0x000000008a028b40}: <clinit>> (0x000000008a028b40) thrown at [./src/hotspot/share/prims/jni.cpp, line 1362]
Event: 4.539 Thread 0x000002353c520800 Exception <a 'java/lang/NoSuchMethodError'{0x000000008a03aea0}: <clinit>> (0x000000008a03aea0) thrown at [./src/hotspot/share/prims/jni.cpp, line 1362]
Event: 4.540 Thread 0x000002353c520800 Exception <a 'java/lang/NoSuchMethodError'{0x000000008a0453f8}: <clinit>> (0x000000008a0453f8) thrown at [./src/hotspot/share/prims/jni.cpp, line 1362]
Event: 4.542 Thread 0x000002353c520800 Exception <a 'java/lang/NoSuchMethodError'{0x000000008a058af8}: <clinit>> (0x000000008a058af8) thrown at [./src/hotspot/share/prims/jni.cpp, line 1362]
Event: 4.547 Thread 0x000002353c375000 Exception <a 'java/lang/ClassNotFoundException'{0x000000008a097a40}: build_8jhwyukq3a6hm1xyas2f7upqwBeanInfo> (0x000000008a097a40) thrown at [./src/hotspot/share/classfile/systemDictionary.cpp, line 231]
Event: 4.547 Thread 0x000002353c375000 Exception <a 'java/lang/ClassNotFoundException'{0x000000008a0a29f8}: build_8jhwyukq3a6hm1xyas2f7upqwCustomizer> (0x000000008a0a29f8) thrown at [./src/hotspot/share/classfile/systemDictionary.cpp, line 231]
Event: 4.562 Thread 0x000002353c375000 Exception <a 'java/lang/ClassNotFoundException'{0x0000000089e286b0}: org/gradle/api/internal/plugins/DefaultObjectConfigurationActionBeanInfo> (0x0000000089e286b0) thrown at [./src/hotspot/share/classfile/systemDictionary.cpp, line 231]
Event: 4.563 Thread 0x000002353c375000 Exception <a 'java/lang/ClassNotFoundException'{0x0000000089e5d7a0}: org/gradle/api/internal/plugins/DefaultObjectConfigurationActionCustomizer> (0x0000000089e5d7a0) thrown at [./src/hotspot/share/classfile/systemDictionary.cpp, line 231]
Event: 4.650 Thread 0x000002353c375000 Exception <a 'java/lang/NoSuchMethodError'{0x00000000894ae880}: 'java.lang.Object java.lang.invoke.DirectMethodHandle$Holder.invokeStatic(java.lang.Object, java.lang.Object, java.lang.Object, java.lang.Object, int)'> (0x00000000894ae880) thrown at [./src/hotspot/share/interpreter/linkResolver.cpp, line 773]
Event: 4.651 Thread 0x000002353c375000 Exception <a 'java/lang/NoSuchMethodError'{0x00000000894b3278}: 'java.lang.Object java.lang.invoke.DirectMethodHandle$Holder.invokeSpecial(java.lang.Object, java.lang.Object, java.lang.Object, java.lang.Object, java.lang.Object, int)'> (0x00000000894b3278) thrown at [./src/hotspot/share/interpreter/linkResolver.cpp, line 773]
Event: 4.651 Thread 0x000002353c375000 Exception <a 'java/lang/NoSuchMethodError'{0x00000000894b78b8}: 'java.lang.Object java.lang.invoke.Invokers$Holder.linkToTargetMethod(java.lang.Object, java.lang.Object, java.lang.Object, int, java.lang.Object)'> (0x00000000894b78b8) thrown at [./src/hotspot/share/interpreter/linkResolver.cpp, line 773]

Events (20 events):
Event: 4.659 loading class jdk/internal/reflect/UnsafeStaticIntegerFieldAccessorImpl
Event: 4.659 loading class jdk/internal/reflect/UnsafeStaticIntegerFieldAccessorImpl done
Event: 4.659 loading class org/gradle/internal/instantiation/generator/AsmBackedClassGenerator
Event: 4.659 loading class org/gradle/internal/instantiation/generator/AsmBackedClassGenerator done
Event: 4.659 loading class com/android/build/gradle/options/TestRunnerArguments
Event: 4.659 loading class com/android/build/gradle/options/TestRunnerArguments done
Event: 4.660 loading class com/android/build/gradle/options/TestRunnerArguments$Companion
Event: 4.660 loading class com/android/build/gradle/options/TestRunnerArguments$Companion done
Event: 4.660 loading class org/gradle/api/plugins/ExtraPropertiesExtension
Event: 4.660 loading class org/gradle/api/plugins/ExtraPropertiesExtension done
Event: 4.660 loading class kotlin/text/StringsKt
Event: 4.660 loading class kotlin/text/StringsKt done
Event: 4.660 loading class kotlin/text/StringsKt
Event: 4.660 loading class kotlin/text/StringsKt done
Event: 4.661 loading class kotlin/text/StringsKt___StringsKt
Event: 4.661 loading class kotlin/text/StringsKt___StringsKt done
Event: 4.663 loading class kotlin/text/StringsKt___StringsJvmKt
Event: 4.663 loading class kotlin/text/StringsKt___StringsJvmKt done
Event: 4.663 loading class kotlin/text/StringsKt__StringsKt
Event: 4.663 loading class kotlin/text/StringsKt__StringsKt done


Dynamic libraries:
0x00007ff64f110000 - 0x00007ff64f11a000 	C:\Program Files\Android\Android Studio\jre\bin\java.exe
0x00007ff9d2930000 - 0x00007ff9d2b47000 	C:\WINDOWS\SYSTEM32\ntdll.dll
0x00007ff9d2360000 - 0x00007ff9d2424000 	C:\WINDOWS\System32\KERNEL32.DLL
0x00007ff9d02e0000 - 0x00007ff9d0686000 	C:\WINDOWS\System32\KERNELBASE.dll
0x00007ff9d0190000 - 0x00007ff9d02a1000 	C:\WINDOWS\System32\ucrtbase.dll
0x00007ff9aa150000 - 0x00007ff9aa167000 	C:\Program Files\Android\Android Studio\jre\bin\VCRUNTIME140.dll
0x00007ff9c6430000 - 0x00007ff9c6449000 	C:\Program Files\Android\Android Studio\jre\bin\jli.dll
0x00007ff9d1850000 - 0x00007ff9d19fe000 	C:\WINDOWS\System32\USER32.dll
0x00007ff9d02b0000 - 0x00007ff9d02d6000 	C:\WINDOWS\System32\win32u.dll
0x00007ff9b28b0000 - 0x00007ff9b2b43000 	C:\WINDOWS\WinSxS\amd64_microsoft.windows.common-controls_6595b64144ccf1df_6.0.22621.2361_none_2712ced57382f843\COMCTL32.dll
0x00007ff9d0f10000 - 0x00007ff9d0f39000 	C:\WINDOWS\System32\GDI32.dll
0x00007ff9d2260000 - 0x00007ff9d2307000 	C:\WINDOWS\System32\msvcrt.dll
0x00007ff9cfcb0000 - 0x00007ff9cfdc8000 	C:\WINDOWS\System32\gdi32full.dll
0x00007ff9cffb0000 - 0x00007ff9d004a000 	C:\WINDOWS\System32\msvcp_win.dll
0x00007ff9d2320000 - 0x00007ff9d2351000 	C:\WINDOWS\System32\IMM32.DLL
0x00007ff99cb70000 - 0x00007ff99cc0d000 	C:\Program Files\Android\Android Studio\jre\bin\msvcp140.dll
0x00007ff96d360000 - 0x00007ff96de35000 	C:\Program Files\Android\Android Studio\jre\bin\server\jvm.dll
0x00007ff9d0a00000 - 0x00007ff9d0ab0000 	C:\WINDOWS\System32\ADVAPI32.dll
0x00007ff9d2840000 - 0x00007ff9d28e6000 	C:\WINDOWS\System32\sechost.dll
0x00007ff9d26b0000 - 0x00007ff9d27c7000 	C:\WINDOWS\System32\RPCRT4.dll
0x00007ff9d2520000 - 0x00007ff9d2528000 	C:\WINDOWS\System32\PSAPI.DLL
0x00007ff9cd1e0000 - 0x00007ff9cd1e9000 	C:\WINDOWS\SYSTEM32\WSOCK32.dll
0x00007ff9ca490000 - 0x00007ff9ca4c4000 	C:\WINDOWS\SYSTEM32\WINMM.dll
0x00007ff9cabe0000 - 0x00007ff9cabea000 	C:\WINDOWS\SYSTEM32\VERSION.dll
0x00007ff9d2530000 - 0x00007ff9d25a1000 	C:\WINDOWS\System32\ws2_32.DLL
0x00007ff9ced40000 - 0x00007ff9ced58000 	C:\WINDOWS\SYSTEM32\kernel.appcore.dll
0x00007ff9b5a70000 - 0x00007ff9b5a81000 	C:\Program Files\Android\Android Studio\jre\bin\verify.dll
0x00007ff9ccf50000 - 0x00007ff9cd17e000 	C:\WINDOWS\SYSTEM32\DBGHELP.DLL
0x00007ff9d0f40000 - 0x00007ff9d12ca000 	C:\WINDOWS\System32\combase.dll
0x00007ff9d2430000 - 0x00007ff9d2507000 	C:\WINDOWS\System32\OLEAUT32.dll
0x00007ff9c71e0000 - 0x00007ff9c7212000 	C:\WINDOWS\SYSTEM32\dbgcore.DLL
0x00007ff9d0050000 - 0x00007ff9d00ca000 	C:\WINDOWS\System32\bcryptPrimitives.dll
0x00007ff9b0860000 - 0x00007ff9b0889000 	C:\Program Files\Android\Android Studio\jre\bin\java.dll
0x00007ff9cb9a0000 - 0x00007ff9cb9ab000 	C:\Program Files\Android\Android Studio\jre\bin\jimage.dll
0x00007ff9b1b20000 - 0x00007ff9b1b38000 	C:\Program Files\Android\Android Studio\jre\bin\zip.dll
0x00007ff9d1a00000 - 0x00007ff9d2258000 	C:\WINDOWS\System32\SHELL32.dll
0x00007ff9cdbd0000 - 0x00007ff9ce4c2000 	C:\WINDOWS\SYSTEM32\windows.storage.dll
0x00007ff9cda90000 - 0x00007ff9cdbce000 	C:\WINDOWS\SYSTEM32\wintypes.dll
0x00007ff9d0900000 - 0x00007ff9d09f3000 	C:\WINDOWS\System32\SHCORE.dll
0x00007ff9d08a0000 - 0x00007ff9d08fe000 	C:\WINDOWS\System32\shlwapi.dll
0x00007ff9cfbe0000 - 0x00007ff9cfc06000 	C:\WINDOWS\SYSTEM32\profapi.dll
0x00007ff9b0670000 - 0x00007ff9b068a000 	C:\Program Files\Android\Android Studio\jre\bin\net.dll
0x00007ff9ca2f0000 - 0x00007ff9ca427000 	C:\WINDOWS\SYSTEM32\WINHTTP.dll
0x00007ff9cf220000 - 0x00007ff9cf289000 	C:\WINDOWS\system32\mswsock.dll
0x00007ff9ac670000 - 0x00007ff9ac684000 	C:\Program Files\Android\Android Studio\jre\bin\nio.dll
0x00007ff992b80000 - 0x00007ff992ba7000 	C:\Users\bob arcon\.gradle\native\e1d6ef7f7dcc3fd88c89a11ec53ec762bb8ba0a96d01ffa2cd45eb1d1d8dd5c5\windows-amd64\native-platform.dll
0x00007ff9764a0000 - 0x00007ff9765e4000 	C:\Users\bob arcon\.gradle\native\5664cfc778a61ccfe75a443a1ab52a65af34e5dc3c78e0209fed803814484fcb\windows-amd64\native-platform-file-events.dll
0x00007ff9cb980000 - 0x00007ff9cb98a000 	C:\Program Files\Android\Android Studio\jre\bin\management.dll
0x00007ff9c82b0000 - 0x00007ff9c82bd000 	C:\Program Files\Android\Android Studio\jre\bin\management_ext.dll
0x00007ff9cf4b0000 - 0x00007ff9cf4cb000 	C:\WINDOWS\SYSTEM32\CRYPTSP.dll
0x00007ff9ced00000 - 0x00007ff9ced35000 	C:\WINDOWS\system32\rsaenh.dll
0x00007ff9cf330000 - 0x00007ff9cf35c000 	C:\WINDOWS\SYSTEM32\USERENV.dll
0x00007ff9cf650000 - 0x00007ff9cf678000 	C:\WINDOWS\SYSTEM32\bcrypt.dll
0x00007ff9cf4d0000 - 0x00007ff9cf4dc000 	C:\WINDOWS\SYSTEM32\CRYPTBASE.dll
0x00007ff9ce7e0000 - 0x00007ff9ce80d000 	C:\WINDOWS\SYSTEM32\IPHLPAPI.DLL
0x00007ff9d2310000 - 0x00007ff9d2319000 	C:\WINDOWS\System32\NSI.dll
0x00007ff9ca470000 - 0x00007ff9ca489000 	C:\WINDOWS\SYSTEM32\dhcpcsvc6.DLL
0x00007ff9ca230000 - 0x00007ff9ca24f000 	C:\WINDOWS\SYSTEM32\dhcpcsvc.DLL
0x00007ff9ce810000 - 0x00007ff9ce909000 	C:\WINDOWS\SYSTEM32\DNSAPI.dll

dbghelp: loaded successfully - version: 4.0.5 - missing functions: none
symbol engine: initialized successfully - sym options: 0x614 - pdb path: .;C:\Program Files\Android\Android Studio\jre\bin;C:\WINDOWS\SYSTEM32;C:\WINDOWS\WinSxS\amd64_microsoft.windows.common-controls_6595b64144ccf1df_6.0.22621.2361_none_2712ced57382f843;C:\Program Files\Android\Android Studio\jre\bin\server;C:\Users\bob arcon\.gradle\native\e1d6ef7f7dcc3fd88c89a11ec53ec762bb8ba0a96d01ffa2cd45eb1d1d8dd5c5\windows-amd64;C:\Users\bob arcon\.gradle\native\5664cfc778a61ccfe75a443a1ab52a65af34e5dc3c78e0209fed803814484fcb\windows-amd64

VM Arguments:
jvm_args: --add-opens=java.base/java.util=ALL-UNNAMED --add-opens=java.base/java.lang=ALL-UNNAMED --add-opens=java.base/java.lang.invoke=ALL-UNNAMED --add-opens=java.base/java.util=ALL-UNNAMED --add-opens=java.prefs/java.util.prefs=ALL-UNNAMED --add-opens=java.prefs/java.util.prefs=ALL-UNNAMED --add-opens=java.base/java.nio.charset=ALL-UNNAMED --add-opens=java.base/java.net=ALL-UNNAMED --add-opens=java.base/java.util.concurrent.atomic=ALL-UNNAMED -Xmx2048m -Dfile.encoding=UTF-8 -Duser.country=US -Duser.language=en -Duser.variant 
java_command: org.gradle.launcher.daemon.bootstrap.GradleDaemon 7.2
java_class_path (initial): C:\Users\bob arcon\.gradle\wrapper\dists\gradle-7.2-bin\2dnblmf4td7x66yl1d74lt32g\gradle-7.2\lib\gradle-launcher-7.2.jar
Launcher Type: SUN_STANDARD

[Global flags]
     intx CICompilerCount                          = 4                                         {product} {ergonomic}
     uint ConcGCThreads                            = 2                                         {product} {ergonomic}
     uint G1ConcRefinementThreads                  = 8                                         {product} {ergonomic}
   size_t G1HeapRegionSize                         = 1048576                                   {product} {ergonomic}
    uintx GCDrainStackTargetSize                   = 64                                        {product} {ergonomic}
   size_t InitialHeapSize                          = 266338304                                 {product} {ergonomic}
   size_t MarkStackSize                            = 4194304                                   {product} {ergonomic}
   size_t MaxHeapSize                              = 2147483648                                {product} {command line}
   size_t MaxNewSize                               = 1287651328                                {product} {ergonomic}
   size_t MinHeapDeltaBytes                        = 1048576                                   {product} {ergonomic}
    uintx NonNMethodCodeHeapSize                   = 5836300                                {pd product} {ergonomic}
    uintx NonProfiledCodeHeapSize                  = 122910970                              {pd product} {ergonomic}
    uintx ProfiledCodeHeapSize                     = 122910970                              {pd product} {ergonomic}
    uintx ReservedCodeCacheSize                    = 251658240                              {pd product} {ergonomic}
     bool SegmentedCodeCache                       = true                                      {product} {ergonomic}
     bool UseCompressedClassPointers               = true                                 {lp64_product} {ergonomic}
     bool UseCompressedOops                        = true                                 {lp64_product} {ergonomic}
     bool UseG1GC                                  = true                                      {product} {ergonomic}
     bool UseLargePagesIndividualAllocation        = false                                  {pd product} {ergonomic}

Logging:
Log output configuration:
 #0: stdout all=warning uptime,level,tags
 #1: stderr all=off uptime,level,tags

Environment Variables:
PATH=C:\Windows\system32;C:\Windows;C:\Windows\System32\Wbem;C:\Windows\System32\WindowsPowerShell\v1.0\;C:\Windows\System32\OpenSSH\;C:\Program Files (x86)\NVIDIA Corporation\PhysX\Common;C:\Program Files\NVIDIA Corporation\NVIDIA NvDLISR;C:\WINDOWS\system32;C:\WINDOWS;C:\WINDOWS\System32\Wbem;C:\WINDOWS\System32\WindowsPowerShell\v1.0\;C:\WINDOWS\System32\OpenSSH\;C:\Program Files\dotnet\;C:\WINDOWS\system32;C:\WINDOWS;C:\WINDOWS\System32\Wbem;C:\WINDOWS\System32\WindowsPowerShell\v1.0\;C:\WINDOWS\System32\OpenSSH\;C:\Program Files (x86)\Microsoft SQL Server\100\Tools\Binn\;C:\Program Files\Microsoft SQL Server\100\Tools\Binn\;C:\Program Files\Microsoft SQL Server\100\DTS\Binn\;C:\Program Files (x86)\Microsoft SQL Server\100\Tools\Binn\VSShell\Common7\IDE\;C:\Program Files (x86)\Microsoft SQL Server\100\DTS\Binn\;C:\Program Files\Microsoft SQL Server\150\Tools\Binn\;C:\Program Files\Microsoft SQL Server\Client SDK\ODBC\170\Tools\Binn\;C:\Program Files\Git\cmd;C:\Users\bob arcon\AppData\Local\Microsoft\WindowsApps;C:\Users\bob arcon\.dotnet\tools;
USERNAME=bob arcon
OS=Windows_NT
PROCESSOR_IDENTIFIER=Intel64 Family 6 Model 165 Stepping 2, GenuineIntel



---------------  S Y S T E M  ---------------

OS: Windows 10 , 64 bit Build 22621 (10.0.22621.2361)
OS uptime: 0 days 14:01 hours
Hyper-V role detected

CPU:total 8 (initial active 8) (4 cores per cpu, 2 threads per core) family 6 model 165 stepping 2 microcode 0xe0, cmov, cx8, fxsr, mmx, sse, sse2, sse3, ssse3, sse4.1, sse4.2, popcnt, avx, avx2, aes, clmul, erms, 3dnowpref, lzcnt, ht, tsc, tscinvbit, bmi1, bmi2, adx, fma

Memory: 4k page, system-wide physical 16215M (2333M free)
TotalPageFile size 34270M (AvailPageFile size 5M)
current process WorkingSet (physical memory assigned to process): 361M, peak: 361M
current process commit charge ("private bytes"): 502M, peak: 503M

vm_info: OpenJDK 64-Bit Server VM (11.0.11+9-b60-7590822) for windows-amd64 JRE (11.0.11+9-b60-7590822), built on Jul 29 2021 21:43:44 by "builder" with MS VC++ 14.0 (VS2015)

END.
