#
# There is insufficient memory for the Java Runtime Environment to continue.
# Native memory allocation (malloc) failed to allocate 1034576 bytes for Chunk::new
# Possible reasons:
#   The system is out of physical RAM or swap space
#   The process is running with CompressedOops enabled, and the Java Heap may be blocking the growth of the native heap
# Possible solutions:
#   Reduce memory load on the system
#   Increase physical memory or swap space
#   Check if swap backing store is full
#   Decrease Java heap size (-Xmx/-Xms)
#   Decrease number of Java threads
#   Decrease Java thread stack sizes (-Xss)
#   Set larger code cache with -XX:ReservedCodeCacheSize=
#   JVM is running with Unscaled Compressed Oops mode in which the Java heap is
#     placed in the first 4GB address space. The Java Heap base address is the
#     maximum limit for the native heap growth. Please use -XX:HeapBaseMinAddress
#     to set the Java Heap base and to place the Java Heap above 4GB virtual address.
# This output file may be truncated or incomplete.
#
#  Out of Memory Error (./src/hotspot/share/memory/arena.cpp:197), pid=14516, tid=21488
#
# JRE version: OpenJDK Runtime Environment (11.0.11+9) (build 11.0.11+9-b60-7590822)
# Java VM: OpenJDK 64-Bit Server VM (11.0.11+9-b60-7590822, mixed mode, tiered, compressed oops, g1 gc, windows-amd64)
# No core dump will be written. Minidumps are not enabled by default on client versions of Windows
#

---------------  S U M M A R Y ------------

Command Line: --add-opens=java.base/java.util=ALL-UNNAMED --add-opens=java.base/java.lang=ALL-UNNAMED --add-opens=java.base/java.lang.invoke=ALL-UNNAMED --add-opens=java.base/java.util=ALL-UNNAMED --add-opens=java.prefs/java.util.prefs=ALL-UNNAMED --add-opens=java.prefs/java.util.prefs=ALL-UNNAMED --add-opens=java.base/java.nio.charset=ALL-UNNAMED --add-opens=java.base/java.net=ALL-UNNAMED --add-opens=java.base/java.util.concurrent.atomic=ALL-UNNAMED -Xmx2048m -Dfile.encoding=UTF-8 -Duser.country=US -Duser.language=en -Duser.variant org.gradle.launcher.daemon.bootstrap.GradleDaemon 7.2

Host: Intel(R) Core(TM) i5-10300H CPU @ 2.50GHz, 8 cores, 15G,  Windows 10 , 64 bit Build 22621 (10.0.22621.2361)
Time: Tue Oct 10 10:16:00 2023 Malay Peninsula Standard Time elapsed time: 10.657110 seconds (0d 0h 0m 10s)

---------------  T H R E A D  ---------------

Current thread (0x000001a921cb0000):  JavaThread "C2 CompilerThread0" daemon [_thread_in_native, id=21488, stack(0x000000683fa00000,0x000000683fb00000)]


Current CompileTask:
C2:  10657 10584   !   4       com.sun.tools.javac.parser.JavaTokenizer::readToken (2179 bytes)

Stack: [0x000000683fa00000,0x000000683fb00000]
Native frames: (J=compiled Java code, j=interpreted, Vv=VM code, C=native code)
V  [jvm.dll+0x5f214a]
V  [jvm.dll+0x726fb5]
V  [jvm.dll+0x7285cd]
V  [jvm.dll+0x728c83]
V  [jvm.dll+0x243278]
V  [jvm.dll+0xbc53c]
V  [jvm.dll+0xbca3c]
V  [jvm.dll+0x353e7d]
V  [jvm.dll+0x19895c]
V  [jvm.dll+0x1fc2ee]
V  [jvm.dll+0x1fb3d4]
V  [jvm.dll+0x183d6c]
V  [jvm.dll+0x209a57]
V  [jvm.dll+0x2082a1]
V  [jvm.dll+0x6ef58f]
V  [jvm.dll+0x6e80b5]
V  [jvm.dll+0x5f1036]
C  [ucrtbase.dll+0x29363]
C  [KERNEL32.DLL+0x1257d]
C  [ntdll.dll+0x5aa78]


---------------  P R O C E S S  ---------------

Threads class SMR info:
_java_thread_list=0x000001a9271e09c0, length=134, elements={
0x000001a906f6e000, 0x000001a921c52000, 0x000001a921c54000, 0x000001a921ca9800,
0x000001a921caa800, 0x000001a921cab800, 0x000001a921cb0000, 0x000001a921cbc800,
0x000001a921cbf800, 0x000001a921e2a000, 0x000001a924432800, 0x000001a921eb9800,
0x000001a92370b000, 0x000001a9244f2800, 0x000001a922009000, 0x000001a923395800,
0x000001a923cbf800, 0x000001a92330c000, 0x000001a92342a000, 0x000001a923428800,
0x000001a923424800, 0x000001a923427000, 0x000001a923427800, 0x000001a923429800,
0x000001a923425000, 0x000001a923426000, 0x000001a92342b000, 0x000001a92478e000,
0x000001a924790800, 0x000001a92478e800, 0x000001a92478d000, 0x000001a924791000,
0x000001a92478c800, 0x000001a924797800, 0x000001a924793800, 0x000001a924797000,
0x000001a924796000, 0x000001a924794800, 0x000001a924795800, 0x000001a924798800,
0x000001a924793000, 0x000001a924799800, 0x000001a92479a000, 0x000001a92479b000,
0x000001a925a3b000, 0x000001a925a3c000, 0x000001a925a39800, 0x000001a925a3c800,
0x000001a925a37000, 0x000001a925a37800, 0x000001a925a3d800, 0x000001a925a3e000,
0x000001a925a3a000, 0x000001a925a38800, 0x000001a925a43000, 0x000001a925a40000,
0x000001a925a45000, 0x000001a925a44000, 0x000001a925a3f000, 0x000001a925a45800,
0x000001a925a40800, 0x000001a925a41800, 0x000001a925a42800, 0x000001a9275d8000,
0x000001a9275d6000, 0x000001a9275da000, 0x000001a9275d9000, 0x000001a9275da800,
0x000001a9275db800, 0x000001a9275dc800, 0x000001a9275d6800, 0x000001a9275dd000,
0x000001a9275d7800, 0x000001a9275de800, 0x000001a9275de000, 0x000001a9275df800,
0x000001a9275e1000, 0x000001a9275e0800, 0x000001a9275e2000, 0x000001a9275e3000,
0x000001a9275e3800, 0x000001a9275e4800, 0x000001a9279ac800, 0x000001a9279ad800,
0x000001a9279ac000, 0x000001a9279b0800, 0x000001a9279ab000, 0x000001a9279b0000,
0x000001a9279af000, 0x000001a9279ae000, 0x000001a9279b5000, 0x000001a9279b3000,
0x000001a9279b4000, 0x000001a9279b7000, 0x000001a9279b5800, 0x000001a9279b2800,
0x000001a9279b6800, 0x000001a9279b1800, 0x000001a9279b8000, 0x000001a9279b9000,
0x000001a9279b9800, 0x000001a9291e4800, 0x000001a9291e8000, 0x000001a9291e7000,
0x000001a9291e2800, 0x000001a9291e3000, 0x000001a9291e5800, 0x000001a9291e9000,
0x000001a9291e6800, 0x000001a9291e9800, 0x000001a9291e4000, 0x000001a9291ed800,
0x000001a9291ea800, 0x000001a9291ee800, 0x000001a9291ed000, 0x000001a9291eb800,
0x000001a9291ef800, 0x000001a9291ec000, 0x000001a9291f0000, 0x000001a9291f1000,
0x000001a925c15000, 0x000001a925c13000, 0x000001a925c19800, 0x000001a925c17800,
0x000001a925c13800, 0x000001a925c1a000, 0x000001a925c16000, 0x000001a925c17000,
0x000001a925c14800, 0x000001a925c20800, 0x000001a925c20000, 0x000001a925c1c800,
0x000001a9241b8800, 0x000001a9245a3000
}

Java Threads: ( => current thread )
  0x000001a906f6e000 JavaThread "main" [_thread_blocked, id=20580, stack(0x000000683ee00000,0x000000683ef00000)]
  0x000001a921c52000 JavaThread "Reference Handler" daemon [_thread_blocked, id=19892, stack(0x000000683f500000,0x000000683f600000)]
  0x000001a921c54000 JavaThread "Finalizer" daemon [_thread_blocked, id=19444, stack(0x000000683f600000,0x000000683f700000)]
  0x000001a921ca9800 JavaThread "Signal Dispatcher" daemon [_thread_blocked, id=18168, stack(0x000000683f700000,0x000000683f800000)]
  0x000001a921caa800 JavaThread "Attach Listener" daemon [_thread_blocked, id=17344, stack(0x000000683f800000,0x000000683f900000)]
  0x000001a921cab800 JavaThread "Service Thread" daemon [_thread_blocked, id=8156, stack(0x000000683f900000,0x000000683fa00000)]
=>0x000001a921cb0000 JavaThread "C2 CompilerThread0" daemon [_thread_in_native, id=21488, stack(0x000000683fa00000,0x000000683fb00000)]
  0x000001a921cbc800 JavaThread "C1 CompilerThread0" daemon [_thread_blocked, id=19144, stack(0x000000683fb00000,0x000000683fc00000)]
  0x000001a921cbf800 JavaThread "Sweeper thread" daemon [_thread_blocked, id=17556, stack(0x000000683fc00000,0x000000683fd00000)]
  0x000001a921e2a000 JavaThread "Common-Cleaner" daemon [_thread_blocked, id=18200, stack(0x000000683fd00000,0x000000683fe00000)]
  0x000001a924432800 JavaThread "Daemon health stats" [_thread_blocked, id=4524, stack(0x0000006840600000,0x0000006840700000)]
  0x000001a921eb9800 JavaThread "Incoming local TCP Connector on port 49354" [_thread_in_native, id=19912, stack(0x000000683ff00000,0x0000006840000000)]
  0x000001a92370b000 JavaThread "Daemon periodic checks" [_thread_blocked, id=20536, stack(0x0000006840000000,0x0000006840100000)]
  0x000001a9244f2800 JavaThread "Daemon" [_thread_blocked, id=10828, stack(0x0000006840700000,0x0000006840800000)]
  0x000001a922009000 JavaThread "Handler for socket connection from /127.0.0.1:49354 to /127.0.0.1:49355" [_thread_in_native, id=18600, stack(0x0000006840800000,0x0000006840900000)]
  0x000001a923395800 JavaThread "Cancel handler" [_thread_blocked, id=7272, stack(0x0000006840900000,0x0000006840a00000)]
  0x000001a923cbf800 JavaThread "Daemon worker" [_thread_blocked, id=20664, stack(0x0000006840a00000,0x0000006840b00000)]
  0x000001a92330c000 JavaThread "Asynchronous log dispatcher for DefaultDaemonConnection: socket connection from /127.0.0.1:49354 to /127.0.0.1:49355" [_thread_blocked, id=13276, stack(0x0000006840b00000,0x0000006840c00000)]
  0x000001a92342a000 JavaThread "Stdin handler" [_thread_blocked, id=6716, stack(0x0000006840c00000,0x0000006840d00000)]
  0x000001a923428800 JavaThread "Daemon client event forwarder" [_thread_blocked, id=20568, stack(0x0000006840e00000,0x0000006840f00000)]
  0x000001a923424800 JavaThread "Cache worker for journal cache (C:\Users\bob arcon\.gradle\caches\journal-1)" [_thread_blocked, id=8292, stack(0x0000006840f00000,0x0000006841000000)]
  0x000001a923427000 JavaThread "File lock request listener" [_thread_in_native, id=18528, stack(0x0000006841000000,0x0000006841100000)]
  0x000001a923427800 JavaThread "Cache worker for file hash cache (C:\Users\bob arcon\.gradle\caches\7.2\fileHashes)" [_thread_blocked, id=17460, stack(0x0000006841100000,0x0000006841200000)]
  0x000001a923429800 JavaThread "Cache worker for file hash cache (C:\Users\bob arcon\Desktop\ANDROID POS\MyApplication2\.gradle\7.2\fileHashes)" [_thread_blocked, id=21332, stack(0x0000006841500000,0x0000006841600000)]
  0x000001a923425000 JavaThread "File watcher server" daemon [_thread_in_native, id=12820, stack(0x0000006841700000,0x0000006841800000)]
  0x000001a923426000 JavaThread "File watcher consumer" daemon [_thread_blocked, id=18008, stack(0x0000006841800000,0x0000006841900000)]
  0x000001a92342b000 JavaThread "Cache worker for checksums cache (C:\Users\bob arcon\Desktop\ANDROID POS\MyApplication2\.gradle\checksums)" [_thread_blocked, id=11284, stack(0x0000006841900000,0x0000006841a00000)]
  0x000001a92478e000 JavaThread "Cache worker for cache directory md-supplier (C:\Users\bob arcon\.gradle\caches\7.2\md-supplier)" [_thread_blocked, id=11528, stack(0x0000006841a00000,0x0000006841b00000)]
  0x000001a924790800 JavaThread "Cache worker for cache directory md-rule (C:\Users\bob arcon\.gradle\caches\7.2\md-rule)" [_thread_blocked, id=12220, stack(0x0000006841b00000,0x0000006841c00000)]
  0x000001a92478e800 JavaThread "Cache worker for execution history cache (C:\Users\bob arcon\.gradle\caches\7.2\executionHistory)" [_thread_blocked, id=6680, stack(0x0000006841c00000,0x0000006841d00000)]
  0x000001a92478d000 JavaThread "jar transforms" [_thread_blocked, id=18936, stack(0x0000006841d00000,0x0000006841e00000)]
  0x000001a924791000 JavaThread "Cache worker for file content cache (C:\Users\bob arcon\.gradle\caches\7.2\fileContent)" [_thread_blocked, id=15112, stack(0x0000006841e00000,0x0000006841f00000)]
  0x000001a92478c800 JavaThread "jar transforms Thread 2" [_thread_blocked, id=5140, stack(0x0000006841f00000,0x0000006842000000)]
  0x000001a924797800 JavaThread "Cache worker for dependencies-accessors (C:\Users\bob arcon\Desktop\ANDROID POS\MyApplication2\.gradle\7.2\dependencies-accessors)" [_thread_blocked, id=14844, stack(0x0000006842000000,0x0000006842100000)]
  0x000001a924793800 JavaThread "jar transforms Thread 3" [_thread_blocked, id=10200, stack(0x0000006842100000,0x0000006842200000)]
  0x000001a924797000 JavaThread "Cache worker for Build Output Cleanup Cache (C:\Users\bob arcon\Desktop\ANDROID POS\MyApplication2\.gradle\buildOutputCleanup)" [_thread_blocked, id=21048, stack(0x0000006842200000,0x0000006842300000)]
  0x000001a924796000 JavaThread "Unconstrained build operations" [_thread_blocked, id=15148, stack(0x0000006842300000,0x0000006842400000)]
  0x000001a924794800 JavaThread "Unconstrained build operations Thread 2" [_thread_blocked, id=20924, stack(0x0000006842400000,0x0000006842500000)]
  0x000001a924795800 JavaThread "Unconstrained build operations Thread 3" [_thread_blocked, id=9016, stack(0x0000006842500000,0x0000006842600000)]
  0x000001a924798800 JavaThread "Unconstrained build operations Thread 4" [_thread_blocked, id=18836, stack(0x0000006842600000,0x0000006842700000)]
  0x000001a924793000 JavaThread "Unconstrained build operations Thread 5" [_thread_blocked, id=19320, stack(0x0000006842700000,0x0000006842800000)]
  0x000001a924799800 JavaThread "Unconstrained build operations Thread 6" [_thread_blocked, id=3696, stack(0x0000006842800000,0x0000006842900000)]
  0x000001a92479a000 JavaThread "Unconstrained build operations Thread 7" [_thread_blocked, id=20712, stack(0x0000006842900000,0x0000006842a00000)]
  0x000001a92479b000 JavaThread "Unconstrained build operations Thread 8" [_thread_blocked, id=18896, stack(0x0000006842a00000,0x0000006842b00000)]
  0x000001a925a3b000 JavaThread "Unconstrained build operations Thread 9" [_thread_blocked, id=17476, stack(0x0000006842b00000,0x0000006842c00000)]
  0x000001a925a3c000 JavaThread "Unconstrained build operations Thread 10" [_thread_blocked, id=21432, stack(0x0000006842c00000,0x0000006842d00000)]
  0x000001a925a39800 JavaThread "Unconstrained build operations Thread 11" [_thread_blocked, id=19620, stack(0x0000006842d00000,0x0000006842e00000)]
  0x000001a925a3c800 JavaThread "Unconstrained build operations Thread 12" [_thread_blocked, id=6880, stack(0x0000006842e00000,0x0000006842f00000)]
  0x000001a925a37000 JavaThread "Unconstrained build operations Thread 13" [_thread_blocked, id=18296, stack(0x0000006842f00000,0x0000006843000000)]
  0x000001a925a37800 JavaThread "Unconstrained build operations Thread 14" [_thread_blocked, id=20576, stack(0x0000006843000000,0x0000006843100000)]
  0x000001a925a3d800 JavaThread "Unconstrained build operations Thread 15" [_thread_blocked, id=21268, stack(0x0000006843100000,0x0000006843200000)]
  0x000001a925a3e000 JavaThread "Unconstrained build operations Thread 16" [_thread_blocked, id=19904, stack(0x0000006843200000,0x0000006843300000)]
  0x000001a925a3a000 JavaThread "Unconstrained build operations Thread 17" [_thread_blocked, id=6432, stack(0x0000006843300000,0x0000006843400000)]
  0x000001a925a38800 JavaThread "Unconstrained build operations Thread 18" [_thread_blocked, id=4284, stack(0x0000006843400000,0x0000006843500000)]
  0x000001a925a43000 JavaThread "Unconstrained build operations Thread 19" [_thread_blocked, id=13188, stack(0x0000006843500000,0x0000006843600000)]
  0x000001a925a40000 JavaThread "Unconstrained build operations Thread 20" [_thread_blocked, id=6524, stack(0x0000006843600000,0x0000006843700000)]
  0x000001a925a45000 JavaThread "Unconstrained build operations Thread 21" [_thread_blocked, id=13004, stack(0x0000006843700000,0x0000006843800000)]
  0x000001a925a44000 JavaThread "Unconstrained build operations Thread 22" [_thread_blocked, id=20200, stack(0x0000006843800000,0x0000006843900000)]
  0x000001a925a3f000 JavaThread "Unconstrained build operations Thread 23" [_thread_blocked, id=9396, stack(0x0000006843900000,0x0000006843a00000)]
  0x000001a925a45800 JavaThread "Unconstrained build operations Thread 24" [_thread_blocked, id=20548, stack(0x0000006843a00000,0x0000006843b00000)]
  0x000001a925a40800 JavaThread "Unconstrained build operations Thread 25" [_thread_blocked, id=10632, stack(0x0000006843b00000,0x0000006843c00000)]
  0x000001a925a41800 JavaThread "Unconstrained build operations Thread 26" [_thread_blocked, id=15212, stack(0x0000006843c00000,0x0000006843d00000)]
  0x000001a925a42800 JavaThread "Unconstrained build operations Thread 27" [_thread_blocked, id=7792, stack(0x0000006843d00000,0x0000006843e00000)]
  0x000001a9275d8000 JavaThread "Unconstrained build operations Thread 28" [_thread_blocked, id=14840, stack(0x0000006843e00000,0x0000006843f00000)]
  0x000001a9275d6000 JavaThread "Unconstrained build operations Thread 29" [_thread_blocked, id=18716, stack(0x0000006843f00000,0x0000006844000000)]
  0x000001a9275da000 JavaThread "Unconstrained build operations Thread 30" [_thread_blocked, id=20908, stack(0x0000006844000000,0x0000006844100000)]
  0x000001a9275d9000 JavaThread "Unconstrained build operations Thread 31" [_thread_blocked, id=15196, stack(0x0000006844100000,0x0000006844200000)]
  0x000001a9275da800 JavaThread "Unconstrained build operations Thread 32" [_thread_blocked, id=10196, stack(0x0000006844200000,0x0000006844300000)]
  0x000001a9275db800 JavaThread "Unconstrained build operations Thread 33" [_thread_blocked, id=9556, stack(0x0000006844300000,0x0000006844400000)]
  0x000001a9275dc800 JavaThread "Unconstrained build operations Thread 34" [_thread_blocked, id=17052, stack(0x0000006844400000,0x0000006844500000)]
  0x000001a9275d6800 JavaThread "Unconstrained build operations Thread 35" [_thread_blocked, id=19160, stack(0x0000006844500000,0x0000006844600000)]
  0x000001a9275dd000 JavaThread "Unconstrained build operations Thread 36" [_thread_blocked, id=16548, stack(0x0000006844600000,0x0000006844700000)]
  0x000001a9275d7800 JavaThread "Unconstrained build operations Thread 37" [_thread_blocked, id=18656, stack(0x0000006844700000,0x0000006844800000)]
  0x000001a9275de800 JavaThread "Unconstrained build operations Thread 38" [_thread_blocked, id=10616, stack(0x0000006844800000,0x0000006844900000)]
  0x000001a9275de000 JavaThread "Unconstrained build operations Thread 39" [_thread_blocked, id=16716, stack(0x0000006844900000,0x0000006844a00000)]
  0x000001a9275df800 JavaThread "Unconstrained build operations Thread 40" [_thread_blocked, id=17464, stack(0x0000006844a00000,0x0000006844b00000)]
  0x000001a9275e1000 JavaThread "Unconstrained build operations Thread 41" [_thread_blocked, id=15632, stack(0x0000006844b00000,0x0000006844c00000)]
  0x000001a9275e0800 JavaThread "Unconstrained build operations Thread 42" [_thread_blocked, id=16720, stack(0x0000006844c00000,0x0000006844d00000)]
  0x000001a9275e2000 JavaThread "Unconstrained build operations Thread 43" [_thread_blocked, id=20072, stack(0x0000006844d00000,0x0000006844e00000)]
  0x000001a9275e3000 JavaThread "Unconstrained build operations Thread 44" [_thread_blocked, id=20360, stack(0x0000006844e00000,0x0000006844f00000)]
  0x000001a9275e3800 JavaThread "Unconstrained build operations Thread 45" [_thread_blocked, id=21340, stack(0x0000006844f00000,0x0000006845000000)]
  0x000001a9275e4800 JavaThread "Unconstrained build operations Thread 46" [_thread_blocked, id=16676, stack(0x0000006845000000,0x0000006845100000)]
  0x000001a9279ac800 JavaThread "Unconstrained build operations Thread 47" [_thread_blocked, id=13752, stack(0x0000006845100000,0x0000006845200000)]
  0x000001a9279ad800 JavaThread "Unconstrained build operations Thread 48" [_thread_blocked, id=18080, stack(0x0000006845200000,0x0000006845300000)]
  0x000001a9279ac000 JavaThread "Unconstrained build operations Thread 49" [_thread_blocked, id=20228, stack(0x0000006845300000,0x0000006845400000)]
  0x000001a9279b0800 JavaThread "Unconstrained build operations Thread 50" [_thread_blocked, id=18320, stack(0x0000006845400000,0x0000006845500000)]
  0x000001a9279ab000 JavaThread "Unconstrained build operations Thread 51" [_thread_blocked, id=13616, stack(0x0000006845500000,0x0000006845600000)]
  0x000001a9279b0000 JavaThread "Unconstrained build operations Thread 52" [_thread_blocked, id=17112, stack(0x0000006845600000,0x0000006845700000)]
  0x000001a9279af000 JavaThread "Unconstrained build operations Thread 53" [_thread_blocked, id=18784, stack(0x0000006845700000,0x0000006845800000)]
  0x000001a9279ae000 JavaThread "Unconstrained build operations Thread 54" [_thread_blocked, id=9324, stack(0x0000006845800000,0x0000006845900000)]
  0x000001a9279b5000 JavaThread "Unconstrained build operations Thread 55" [_thread_blocked, id=6216, stack(0x0000006845900000,0x0000006845a00000)]
  0x000001a9279b3000 JavaThread "Unconstrained build operations Thread 56" [_thread_blocked, id=10952, stack(0x0000006845a00000,0x0000006845b00000)]
  0x000001a9279b4000 JavaThread "Unconstrained build operations Thread 57" [_thread_blocked, id=16308, stack(0x0000006845b00000,0x0000006845c00000)]
  0x000001a9279b7000 JavaThread "Unconstrained build operations Thread 58" [_thread_blocked, id=18704, stack(0x0000006845c00000,0x0000006845d00000)]
  0x000001a9279b5800 JavaThread "Unconstrained build operations Thread 59" [_thread_blocked, id=20720, stack(0x0000006845d00000,0x0000006845e00000)]
  0x000001a9279b2800 JavaThread "Unconstrained build operations Thread 60" [_thread_blocked, id=19812, stack(0x0000006845e00000,0x0000006845f00000)]
  0x000001a9279b6800 JavaThread "Unconstrained build operations Thread 61" [_thread_blocked, id=21264, stack(0x0000006845f00000,0x0000006846000000)]
  0x000001a9279b1800 JavaThread "Unconstrained build operations Thread 62" [_thread_blocked, id=14264, stack(0x0000006846000000,0x0000006846100000)]
  0x000001a9279b8000 JavaThread "Unconstrained build operations Thread 63" [_thread_blocked, id=20100, stack(0x0000006846100000,0x0000006846200000)]
  0x000001a9279b9000 JavaThread "Unconstrained build operations Thread 64" [_thread_blocked, id=19808, stack(0x0000006846200000,0x0000006846300000)]
  0x000001a9279b9800 JavaThread "Unconstrained build operations Thread 65" [_thread_blocked, id=10120, stack(0x0000006846300000,0x0000006846400000)]
  0x000001a9291e4800 JavaThread "Unconstrained build operations Thread 66" [_thread_blocked, id=18144, stack(0x0000006846400000,0x0000006846500000)]
  0x000001a9291e8000 JavaThread "Unconstrained build operations Thread 67" [_thread_blocked, id=12340, stack(0x0000006846500000,0x0000006846600000)]
  0x000001a9291e7000 JavaThread "Unconstrained build operations Thread 68" [_thread_blocked, id=8732, stack(0x0000006846600000,0x0000006846700000)]
  0x000001a9291e2800 JavaThread "Unconstrained build operations Thread 69" [_thread_blocked, id=1936, stack(0x0000006846700000,0x0000006846800000)]
  0x000001a9291e3000 JavaThread "Unconstrained build operations Thread 70" [_thread_blocked, id=13980, stack(0x0000006846800000,0x0000006846900000)]
  0x000001a9291e5800 JavaThread "Unconstrained build operations Thread 71" [_thread_blocked, id=21076, stack(0x0000006846900000,0x0000006846a00000)]
  0x000001a9291e9000 JavaThread "Unconstrained build operations Thread 72" [_thread_blocked, id=20128, stack(0x0000006846a00000,0x0000006846b00000)]
  0x000001a9291e6800 JavaThread "Unconstrained build operations Thread 73" [_thread_blocked, id=20188, stack(0x0000006846b00000,0x0000006846c00000)]
  0x000001a9291e9800 JavaThread "Unconstrained build operations Thread 74" [_thread_blocked, id=21400, stack(0x0000006846c00000,0x0000006846d00000)]
  0x000001a9291e4000 JavaThread "Unconstrained build operations Thread 75" [_thread_blocked, id=11572, stack(0x0000006846d00000,0x0000006846e00000)]
  0x000001a9291ed800 JavaThread "Unconstrained build operations Thread 76" [_thread_blocked, id=18256, stack(0x0000006846e00000,0x0000006846f00000)]
  0x000001a9291ea800 JavaThread "Unconstrained build operations Thread 77" [_thread_blocked, id=19544, stack(0x0000006846f00000,0x0000006847000000)]
  0x000001a9291ee800 JavaThread "Unconstrained build operations Thread 78" [_thread_blocked, id=20840, stack(0x0000006847000000,0x0000006847100000)]
  0x000001a9291ed000 JavaThread "Unconstrained build operations Thread 79" [_thread_blocked, id=14112, stack(0x0000006847100000,0x0000006847200000)]
  0x000001a9291eb800 JavaThread "Unconstrained build operations Thread 80" [_thread_blocked, id=9264, stack(0x0000006847200000,0x0000006847300000)]
  0x000001a9291ef800 JavaThread "jar transforms Thread 4" [_thread_blocked, id=18136, stack(0x0000006847300000,0x0000006847400000)]
  0x000001a9291ec000 JavaThread "jar transforms Thread 5" [_thread_blocked, id=10512, stack(0x0000006847400000,0x0000006847500000)]
  0x000001a9291f0000 JavaThread "jar transforms Thread 6" [_thread_blocked, id=2360, stack(0x0000006847500000,0x0000006847600000)]
  0x000001a9291f1000 JavaThread "jar transforms Thread 7" [_thread_blocked, id=19260, stack(0x0000006847600000,0x0000006847700000)]
  0x000001a925c15000 JavaThread "jar transforms Thread 8" [_thread_blocked, id=1360, stack(0x0000006847700000,0x0000006847800000)]
  0x000001a925c13000 JavaThread "Memory manager" [_thread_blocked, id=20324, stack(0x0000006847800000,0x0000006847900000)]
  0x000001a925c19800 JavaThread "build event listener" [_thread_blocked, id=21452, stack(0x0000006847900000,0x0000006847a00000)]
  0x000001a925c17800 JavaThread "Execution worker for ':'" [_thread_in_Java, id=2488, stack(0x0000006847a00000,0x0000006847b00000)]
  0x000001a925c13800 JavaThread "Execution worker for ':' Thread 2" [_thread_blocked, id=8448, stack(0x0000006847b00000,0x0000006847c00000)]
  0x000001a925c1a000 JavaThread "Execution worker for ':' Thread 3" [_thread_blocked, id=18924, stack(0x0000006847c00000,0x0000006847d00000)]
  0x000001a925c16000 JavaThread "Execution worker for ':' Thread 4" [_thread_blocked, id=18652, stack(0x0000006847d00000,0x0000006847e00000)]
  0x000001a925c17000 JavaThread "Execution worker for ':' Thread 5" [_thread_blocked, id=20780, stack(0x0000006847e00000,0x0000006847f00000)]
  0x000001a925c14800 JavaThread "Execution worker for ':' Thread 6" [_thread_blocked, id=20280, stack(0x0000006847f00000,0x0000006848000000)]
  0x000001a925c20800 JavaThread "Execution worker for ':' Thread 7" [_thread_blocked, id=17428, stack(0x0000006848000000,0x0000006848100000)]
  0x000001a925c20000 JavaThread "Cache worker for execution history cache (C:\Users\bob arcon\Desktop\ANDROID POS\MyApplication2\.gradle\7.2\executionHistory)" [_thread_blocked, id=16536, stack(0x0000006848100000,0x0000006848200000)]
  0x000001a925c1c800 JavaThread "Cache worker for Java compile cache (C:\Users\bob arcon\.gradle\caches\7.2\javaCompile)" [_thread_blocked, id=18920, stack(0x0000006848200000,0x0000006848300000)]
  0x000001a9241b8800 JavaThread "C2 CompilerThread1" daemon [_thread_in_native, id=19740, stack(0x0000006840d00000,0x0000006840e00000)]
  0x000001a9245a3000 JavaThread "C2 CompilerThread2" daemon [_thread_in_native, id=19536, stack(0x0000006841600000,0x0000006841700000)]

Other Threads:
  0x000001a921c4f800 VMThread "VM Thread" [stack: 0x000000683f400000,0x000000683f500000] [id=11256]
  0x000001a921e45000 WatcherThread [stack: 0x000000683fe00000,0x000000683ff00000] [id=21380]
  0x000001a904e8c000 GCTaskThread "GC Thread#0" [stack: 0x000000683ef00000,0x000000683f000000] [id=21360]
  0x000001a923492800 GCTaskThread "GC Thread#1" [stack: 0x0000006840100000,0x0000006840200000] [id=20432]
  0x000001a922317000 GCTaskThread "GC Thread#2" [stack: 0x0000006840200000,0x0000006840300000] [id=18988]
  0x000001a922d2e800 GCTaskThread "GC Thread#3" [stack: 0x0000006840300000,0x0000006840400000] [id=20452]
  0x000001a922ca9000 GCTaskThread "GC Thread#4" [stack: 0x0000006840400000,0x0000006840500000] [id=10036]
  0x000001a923292800 GCTaskThread "GC Thread#5" [stack: 0x0000006840500000,0x0000006840600000] [id=19488]
  0x000001a9233fb800 GCTaskThread "GC Thread#6" [stack: 0x0000006841200000,0x0000006841300000] [id=19608]
  0x000001a9238ee800 GCTaskThread "GC Thread#7" [stack: 0x0000006841300000,0x0000006841400000] [id=21352]
  0x000001a906fb4800 ConcurrentGCThread "G1 Main Marker" [stack: 0x000000683f000000,0x000000683f100000] [id=19384]
  0x000001a906fb7000 ConcurrentGCThread "G1 Conc#0" [stack: 0x000000683f100000,0x000000683f200000] [id=17980]
  0x000001a92384c800 ConcurrentGCThread "G1 Conc#1" [stack: 0x0000006841400000,0x0000006841500000] [id=18532]
  0x000001a92129c800 ConcurrentGCThread "G1 Refine#0" [stack: 0x000000683f200000,0x000000683f300000] [id=20428]
  0x000001a92129e800 ConcurrentGCThread "G1 Young RemSet Sampling" [stack: 0x000000683f300000,0x000000683f400000] [id=20116]

Threads with active compile tasks:
C2 CompilerThread0  10677 10584   !   4       com.sun.tools.javac.parser.JavaTokenizer::readToken (2179 bytes)
C1 CompilerThread0  10677 10865   !   3       java.io.PrintWriter::newLine (65 bytes)
C2 CompilerThread1  10677 10737       4       com.sun.tools.javac.util.ListBuffer::append (66 bytes)
C2 CompilerThread2  10677 10718       4       com.sun.tools.javac.parser.JavacParser::term3 (2482 bytes)

VM state:not at safepoint (normal execution)

VM Mutex/Monitor currently owned by a thread: None

Heap address: 0x0000000080000000, size: 2048 MB, Compressed Oops mode: 32-bit
Narrow klass base: 0x0000000000000000, Narrow klass shift: 3
Compressed class space size: 1073741824 Address: 0x0000000100000000

Heap:
 garbage-first heap   total 260096K, used 162550K [0x0000000080000000, 0x0000000100000000)
  region size 1024K, 84 young (86016K), 9 survivors (9216K)
 Metaspace       used 89523K, capacity 91758K, committed 91852K, reserved 1128448K
  class space    used 11577K, capacity 12409K, committed 12492K, reserved 1048576K
Heap Regions: E=young(eden), S=young(survivor), O=old, HS=humongous(starts), HC=humongous(continues), CS=collection set, F=free, A=archive, TAMS=top-at-mark-start (previous, next)
|   0|0x0000000080000000, 0x0000000080100000, 0x0000000080100000|100%| O|  |TAMS 0x0000000080100000, 0x0000000080000000| Untracked 
|   1|0x0000000080100000, 0x0000000080200000, 0x0000000080200000|100%| O|  |TAMS 0x0000000080200000, 0x0000000080100000| Untracked 
|   2|0x0000000080200000, 0x0000000080300000, 0x0000000080300000|100%| O|  |TAMS 0x0000000080300000, 0x0000000080200000| Untracked 
|   3|0x0000000080300000, 0x0000000080400000, 0x0000000080400000|100%|HS|  |TAMS 0x0000000080400000, 0x0000000080300000| Complete 
|   4|0x0000000080400000, 0x0000000080500000, 0x0000000080500000|100%|HC|  |TAMS 0x0000000080500000, 0x0000000080400000| Complete 
|   5|0x0000000080500000, 0x0000000080600000, 0x0000000080600000|100%|HC|  |TAMS 0x0000000080600000, 0x0000000080500000| Complete 
|   6|0x0000000080600000, 0x0000000080700000, 0x0000000080700000|100%| O|  |TAMS 0x0000000080700000, 0x0000000080600000| Untracked 
|   7|0x0000000080700000, 0x0000000080800000, 0x0000000080800000|100%| O|  |TAMS 0x0000000080800000, 0x0000000080700000| Untracked 
|   8|0x0000000080800000, 0x0000000080900000, 0x0000000080900000|100%| O|  |TAMS 0x0000000080900000, 0x0000000080800000| Untracked 
|   9|0x0000000080900000, 0x0000000080a00000, 0x0000000080a00000|100%| O|  |TAMS 0x0000000080a00000, 0x0000000080900000| Untracked 
|  10|0x0000000080a00000, 0x0000000080b00000, 0x0000000080b00000|100%| O|  |TAMS 0x0000000080b00000, 0x0000000080a00000| Untracked 
|  11|0x0000000080b00000, 0x0000000080c00000, 0x0000000080c00000|100%| O|  |TAMS 0x0000000080c00000, 0x0000000080b00000| Untracked 
|  12|0x0000000080c00000, 0x0000000080d00000, 0x0000000080d00000|100%| O|  |TAMS 0x0000000080d00000, 0x0000000080c00000| Untracked 
|  13|0x0000000080d00000, 0x0000000080e00000, 0x0000000080e00000|100%| O|  |TAMS 0x0000000080e00000, 0x0000000080d00000| Untracked 
|  14|0x0000000080e00000, 0x0000000080f00000, 0x0000000080f00000|100%| O|  |TAMS 0x0000000080f00000, 0x0000000080e00000| Untracked 
|  15|0x0000000080f00000, 0x0000000081000000, 0x0000000081000000|100%| O|  |TAMS 0x0000000081000000, 0x0000000080f00000| Untracked 
|  16|0x0000000081000000, 0x0000000081100000, 0x0000000081100000|100%| O|  |TAMS 0x0000000081100000, 0x0000000081000000| Untracked 
|  17|0x0000000081100000, 0x0000000081200000, 0x0000000081200000|100%|HS|  |TAMS 0x0000000081200000, 0x0000000081100000| Complete 
|  18|0x0000000081200000, 0x0000000081300000, 0x0000000081300000|100%|HS|  |TAMS 0x0000000081300000, 0x0000000081200000| Complete 
|  19|0x0000000081300000, 0x0000000081400000, 0x0000000081400000|100%|HS|  |TAMS 0x0000000081400000, 0x0000000081300000| Complete 
|  20|0x0000000081400000, 0x0000000081500000, 0x0000000081500000|100%|HS|  |TAMS 0x0000000081500000, 0x0000000081400000| Complete 
|  21|0x0000000081500000, 0x0000000081600000, 0x0000000081600000|100%|HC|  |TAMS 0x0000000081600000, 0x0000000081500000| Complete 
|  22|0x0000000081600000, 0x0000000081700000, 0x0000000081700000|100%| O|  |TAMS 0x0000000081700000, 0x0000000081600000| Untracked 
|  23|0x0000000081700000, 0x0000000081800000, 0x0000000081800000|100%| O|  |TAMS 0x0000000081800000, 0x0000000081700000| Untracked 
|  24|0x0000000081800000, 0x0000000081900000, 0x0000000081900000|100%| O|  |TAMS 0x0000000081900000, 0x0000000081800000| Untracked 
|  25|0x0000000081900000, 0x0000000081a00000, 0x0000000081a00000|100%| O|  |TAMS 0x0000000081a00000, 0x0000000081900000| Untracked 
|  26|0x0000000081a00000, 0x0000000081b00000, 0x0000000081b00000|100%| O|  |TAMS 0x0000000081b00000, 0x0000000081a00000| Untracked 
|  27|0x0000000081b00000, 0x0000000081c00000, 0x0000000081c00000|100%| O|  |TAMS 0x0000000081c00000, 0x0000000081b00000| Untracked 
|  28|0x0000000081c00000, 0x0000000081d00000, 0x0000000081d00000|100%| O|  |TAMS 0x0000000081d00000, 0x0000000081c00000| Untracked 
|  29|0x0000000081d00000, 0x0000000081e00000, 0x0000000081e00000|100%| O|  |TAMS 0x0000000081e00000, 0x0000000081d00000| Untracked 
|  30|0x0000000081e00000, 0x0000000081f00000, 0x0000000081f00000|100%| O|  |TAMS 0x0000000081f00000, 0x0000000081e00000| Untracked 
|  31|0x0000000081f00000, 0x0000000082000000, 0x0000000082000000|100%| O|  |TAMS 0x0000000082000000, 0x0000000081f00000| Untracked 
|  32|0x0000000082000000, 0x0000000082100000, 0x0000000082100000|100%| O|  |TAMS 0x0000000082100000, 0x0000000082000000| Untracked 
|  33|0x0000000082100000, 0x0000000082200000, 0x0000000082200000|100%| O|  |TAMS 0x0000000082200000, 0x0000000082100000| Untracked 
|  34|0x0000000082200000, 0x0000000082300000, 0x0000000082300000|100%| O|  |TAMS 0x0000000082300000, 0x0000000082200000| Untracked 
|  35|0x0000000082300000, 0x0000000082400000, 0x0000000082400000|100%| O|  |TAMS 0x0000000082400000, 0x0000000082300000| Untracked 
|  36|0x0000000082400000, 0x0000000082500000, 0x0000000082500000|100%| O|  |TAMS 0x0000000082500000, 0x0000000082400000| Untracked 
|  37|0x0000000082500000, 0x0000000082600000, 0x0000000082600000|100%| O|  |TAMS 0x0000000082600000, 0x0000000082500000| Untracked 
|  38|0x0000000082600000, 0x0000000082700000, 0x0000000082700000|100%| O|  |TAMS 0x0000000082700000, 0x0000000082600000| Untracked 
|  39|0x0000000082700000, 0x0000000082800000, 0x0000000082800000|100%| O|  |TAMS 0x0000000082800000, 0x0000000082700000| Untracked 
|  40|0x0000000082800000, 0x0000000082900000, 0x0000000082900000|100%| O|  |TAMS 0x0000000082900000, 0x0000000082800000| Untracked 
|  41|0x0000000082900000, 0x0000000082a00000, 0x0000000082a00000|100%| O|  |TAMS 0x0000000082a00000, 0x0000000082900000| Untracked 
|  42|0x0000000082a00000, 0x0000000082b00000, 0x0000000082b00000|100%| O|  |TAMS 0x0000000082b00000, 0x0000000082a00000| Untracked 
|  43|0x0000000082b00000, 0x0000000082c00000, 0x0000000082c00000|100%| O|  |TAMS 0x0000000082bd5600, 0x0000000082b00000| Untracked 
|  44|0x0000000082c00000, 0x0000000082d00000, 0x0000000082d00000|100%| O|  |TAMS 0x0000000082c00000, 0x0000000082c00000| Untracked 
|  45|0x0000000082d00000, 0x0000000082e00000, 0x0000000082e00000|100%| O|  |TAMS 0x0000000082d00000, 0x0000000082d00000| Untracked 
|  46|0x0000000082e00000, 0x0000000082f00000, 0x0000000082f00000|100%| O|  |TAMS 0x0000000082e00000, 0x0000000082e00000| Untracked 
|  47|0x0000000082f00000, 0x0000000083000000, 0x0000000083000000|100%| O|  |TAMS 0x0000000082f00000, 0x0000000082f00000| Untracked 
|  48|0x0000000083000000, 0x0000000083100000, 0x0000000083100000|100%| O|  |TAMS 0x0000000083000000, 0x0000000083000000| Untracked 
|  49|0x0000000083100000, 0x0000000083200000, 0x0000000083200000|100%| O|  |TAMS 0x0000000083100000, 0x0000000083100000| Untracked 
|  50|0x0000000083200000, 0x0000000083300000, 0x0000000083300000|100%| O|  |TAMS 0x0000000083200000, 0x0000000083200000| Untracked 
|  51|0x0000000083300000, 0x0000000083400000, 0x0000000083400000|100%| O|  |TAMS 0x0000000083300000, 0x0000000083300000| Untracked 
|  52|0x0000000083400000, 0x0000000083500000, 0x0000000083500000|100%| O|  |TAMS 0x0000000083400000, 0x0000000083400000| Untracked 
|  53|0x0000000083500000, 0x0000000083600000, 0x0000000083600000|100%| O|  |TAMS 0x0000000083500000, 0x0000000083500000| Untracked 
|  54|0x0000000083600000, 0x0000000083700000, 0x0000000083700000|100%| O|  |TAMS 0x0000000083600000, 0x0000000083600000| Untracked 
|  55|0x0000000083700000, 0x0000000083800000, 0x0000000083800000|100%| O|  |TAMS 0x0000000083700000, 0x0000000083700000| Untracked 
|  56|0x0000000083800000, 0x0000000083900000, 0x0000000083900000|100%| O|  |TAMS 0x0000000083800000, 0x0000000083800000| Untracked 
|  57|0x0000000083900000, 0x0000000083a00000, 0x0000000083a00000|100%| O|  |TAMS 0x0000000083900000, 0x0000000083900000| Untracked 
|  58|0x0000000083a00000, 0x0000000083b00000, 0x0000000083b00000|100%| O|  |TAMS 0x0000000083a00000, 0x0000000083a00000| Untracked 
|  59|0x0000000083b00000, 0x0000000083c00000, 0x0000000083c00000|100%| O|  |TAMS 0x0000000083b00000, 0x0000000083b00000| Untracked 
|  60|0x0000000083c00000, 0x0000000083d00000, 0x0000000083d00000|100%| O|  |TAMS 0x0000000083c00000, 0x0000000083c00000| Untracked 
|  61|0x0000000083d00000, 0x0000000083e00000, 0x0000000083e00000|100%| O|  |TAMS 0x0000000083d00000, 0x0000000083d00000| Untracked 
|  62|0x0000000083e00000, 0x0000000083f00000, 0x0000000083f00000|100%| O|  |TAMS 0x0000000083e00000, 0x0000000083e00000| Untracked 
|  63|0x0000000083f00000, 0x0000000084000000, 0x0000000084000000|100%| O|  |TAMS 0x0000000083f00000, 0x0000000083f00000| Untracked 
|  64|0x0000000084000000, 0x0000000084100000, 0x0000000084100000|100%| O|  |TAMS 0x0000000084000000, 0x0000000084000000| Untracked 
|  65|0x0000000084100000, 0x0000000084200000, 0x0000000084200000|100%| O|  |TAMS 0x0000000084100000, 0x0000000084100000| Untracked 
|  66|0x0000000084200000, 0x0000000084300000, 0x0000000084300000|100%| O|  |TAMS 0x0000000084200000, 0x0000000084200000| Untracked 
|  67|0x0000000084300000, 0x0000000084400000, 0x0000000084400000|100%| O|  |TAMS 0x0000000084300000, 0x0000000084300000| Untracked 
|  68|0x0000000084400000, 0x0000000084500000, 0x0000000084500000|100%| O|  |TAMS 0x0000000084400000, 0x0000000084400000| Untracked 
|  69|0x0000000084500000, 0x0000000084600000, 0x0000000084600000|100%| O|  |TAMS 0x0000000084500000, 0x0000000084500000| Untracked 
|  70|0x0000000084600000, 0x00000000846c5200, 0x0000000084700000| 77%| O|  |TAMS 0x0000000084600000, 0x0000000084600000| Untracked 
|  71|0x0000000084700000, 0x0000000084800000, 0x0000000084800000|100%|HS|  |TAMS 0x0000000084700000, 0x0000000084700000| Complete 
|  72|0x0000000084800000, 0x0000000084900000, 0x0000000084900000|100%|HS|  |TAMS 0x0000000084800000, 0x0000000084800000| Complete 
|  73|0x0000000084900000, 0x0000000084a00000, 0x0000000084a00000|100%|HS|  |TAMS 0x0000000084900000, 0x0000000084900000| Complete 
|  74|0x0000000084a00000, 0x0000000084b00000, 0x0000000084b00000|100%|HS|  |TAMS 0x0000000084a00000, 0x0000000084a00000| Complete 
|  75|0x0000000084b00000, 0x0000000084c00000, 0x0000000084c00000|100%|HC|  |TAMS 0x0000000084b00000, 0x0000000084b00000| Complete 
|  76|0x0000000084c00000, 0x0000000084d00000, 0x0000000084d00000|100%|HS|  |TAMS 0x0000000084c00000, 0x0000000084c00000| Complete 
|  77|0x0000000084d00000, 0x0000000084d00000, 0x0000000084e00000|  0%| F|  |TAMS 0x0000000084d00000, 0x0000000084d00000| Untracked 
|  78|0x0000000084e00000, 0x0000000084e00000, 0x0000000084f00000|  0%| F|  |TAMS 0x0000000084e00000, 0x0000000084e00000| Untracked 
|  79|0x0000000084f00000, 0x0000000084f00000, 0x0000000085000000|  0%| F|  |TAMS 0x0000000084f00000, 0x0000000084f00000| Untracked 
|  80|0x0000000085000000, 0x0000000085000000, 0x0000000085100000|  0%| F|  |TAMS 0x0000000085000000, 0x0000000085000000| Untracked 
|  81|0x0000000085100000, 0x0000000085100000, 0x0000000085200000|  0%| F|  |TAMS 0x0000000085100000, 0x0000000085100000| Untracked 
|  82|0x0000000085200000, 0x0000000085200000, 0x0000000085300000|  0%| F|  |TAMS 0x0000000085200000, 0x0000000085200000| Untracked 
|  83|0x0000000085300000, 0x0000000085300000, 0x0000000085400000|  0%| F|  |TAMS 0x0000000085300000, 0x0000000085300000| Untracked 
|  84|0x0000000085400000, 0x0000000085400000, 0x0000000085500000|  0%| F|  |TAMS 0x0000000085400000, 0x0000000085400000| Untracked 
|  85|0x0000000085500000, 0x0000000085500000, 0x0000000085600000|  0%| F|  |TAMS 0x0000000085500000, 0x0000000085500000| Untracked 
|  86|0x0000000085600000, 0x0000000085600000, 0x0000000085700000|  0%| F|  |TAMS 0x0000000085600000, 0x0000000085600000| Untracked 
|  87|0x0000000085700000, 0x0000000085700000, 0x0000000085800000|  0%| F|  |TAMS 0x0000000085700000, 0x0000000085700000| Untracked 
|  88|0x0000000085800000, 0x0000000085800000, 0x0000000085900000|  0%| F|  |TAMS 0x0000000085800000, 0x0000000085800000| Untracked 
|  89|0x0000000085900000, 0x0000000085900000, 0x0000000085a00000|  0%| F|  |TAMS 0x0000000085900000, 0x0000000085900000| Untracked 
|  90|0x0000000085a00000, 0x0000000085a00000, 0x0000000085b00000|  0%| F|  |TAMS 0x0000000085a00000, 0x0000000085a00000| Untracked 
|  91|0x0000000085b00000, 0x0000000085b00000, 0x0000000085c00000|  0%| F|  |TAMS 0x0000000085b00000, 0x0000000085b00000| Untracked 
|  92|0x0000000085c00000, 0x0000000085c00000, 0x0000000085d00000|  0%| F|  |TAMS 0x0000000085c00000, 0x0000000085c00000| Untracked 
|  93|0x0000000085d00000, 0x0000000085d00000, 0x0000000085e00000|  0%| F|  |TAMS 0x0000000085d00000, 0x0000000085d00000| Untracked 
|  94|0x0000000085e00000, 0x0000000085e00000, 0x0000000085f00000|  0%| F|  |TAMS 0x0000000085e00000, 0x0000000085e00000| Untracked 
|  95|0x0000000085f00000, 0x0000000085f00000, 0x0000000086000000|  0%| F|  |TAMS 0x0000000085f00000, 0x0000000085f00000| Untracked 
|  96|0x0000000086000000, 0x0000000086000000, 0x0000000086100000|  0%| F|  |TAMS 0x0000000086000000, 0x0000000086000000| Untracked 
|  97|0x0000000086100000, 0x0000000086100000, 0x0000000086200000|  0%| F|  |TAMS 0x0000000086100000, 0x0000000086100000| Untracked 
|  98|0x0000000086200000, 0x0000000086200000, 0x0000000086300000|  0%| F|  |TAMS 0x0000000086200000, 0x0000000086200000| Untracked 
|  99|0x0000000086300000, 0x0000000086300000, 0x0000000086400000|  0%| F|  |TAMS 0x0000000086300000, 0x0000000086300000| Untracked 
| 100|0x0000000086400000, 0x0000000086400000, 0x0000000086500000|  0%| F|  |TAMS 0x0000000086400000, 0x0000000086400000| Untracked 
| 101|0x0000000086500000, 0x0000000086500000, 0x0000000086600000|  0%| F|  |TAMS 0x0000000086500000, 0x0000000086500000| Untracked 
| 102|0x0000000086600000, 0x0000000086600000, 0x0000000086700000|  0%| F|  |TAMS 0x0000000086600000, 0x0000000086600000| Untracked 
| 103|0x0000000086700000, 0x0000000086700000, 0x0000000086800000|  0%| F|  |TAMS 0x0000000086700000, 0x0000000086700000| Untracked 
| 104|0x0000000086800000, 0x0000000086800000, 0x0000000086900000|  0%| F|  |TAMS 0x0000000086800000, 0x0000000086800000| Untracked 
| 105|0x0000000086900000, 0x0000000086900000, 0x0000000086a00000|  0%| F|  |TAMS 0x0000000086900000, 0x0000000086900000| Untracked 
| 106|0x0000000086a00000, 0x0000000086a00000, 0x0000000086b00000|  0%| F|  |TAMS 0x0000000086a00000, 0x0000000086a00000| Untracked 
| 107|0x0000000086b00000, 0x0000000086b00000, 0x0000000086c00000|  0%| F|  |TAMS 0x0000000086b00000, 0x0000000086b00000| Untracked 
| 108|0x0000000086c00000, 0x0000000086c00000, 0x0000000086d00000|  0%| F|  |TAMS 0x0000000086c00000, 0x0000000086c00000| Untracked 
| 109|0x0000000086d00000, 0x0000000086d00000, 0x0000000086e00000|  0%| F|  |TAMS 0x0000000086d00000, 0x0000000086d00000| Untracked 
| 110|0x0000000086e00000, 0x0000000086e00000, 0x0000000086f00000|  0%| F|  |TAMS 0x0000000086e00000, 0x0000000086e00000| Untracked 
| 111|0x0000000086f00000, 0x0000000086f00000, 0x0000000087000000|  0%| F|  |TAMS 0x0000000086f00000, 0x0000000086f00000| Untracked 
| 112|0x0000000087000000, 0x0000000087000000, 0x0000000087100000|  0%| F|  |TAMS 0x0000000087000000, 0x0000000087000000| Untracked 
| 113|0x0000000087100000, 0x0000000087100000, 0x0000000087200000|  0%| F|  |TAMS 0x0000000087100000, 0x0000000087100000| Untracked 
| 114|0x0000000087200000, 0x0000000087200000, 0x0000000087300000|  0%| F|  |TAMS 0x0000000087200000, 0x0000000087200000| Untracked 
| 115|0x0000000087300000, 0x0000000087300000, 0x0000000087400000|  0%| F|  |TAMS 0x0000000087300000, 0x0000000087300000| Untracked 
| 116|0x0000000087400000, 0x0000000087400000, 0x0000000087500000|  0%| F|  |TAMS 0x0000000087400000, 0x0000000087400000| Untracked 
| 117|0x0000000087500000, 0x0000000087500000, 0x0000000087600000|  0%| F|  |TAMS 0x0000000087500000, 0x0000000087500000| Untracked 
| 118|0x0000000087600000, 0x0000000087600000, 0x0000000087700000|  0%| F|  |TAMS 0x0000000087600000, 0x0000000087600000| Untracked 
| 119|0x0000000087700000, 0x0000000087700000, 0x0000000087800000|  0%| F|  |TAMS 0x0000000087700000, 0x0000000087700000| Untracked 
| 120|0x0000000087800000, 0x0000000087800000, 0x0000000087900000|  0%| F|  |TAMS 0x0000000087800000, 0x0000000087800000| Untracked 
| 121|0x0000000087900000, 0x0000000087900000, 0x0000000087a00000|  0%| F|  |TAMS 0x0000000087900000, 0x0000000087900000| Untracked 
| 122|0x0000000087a00000, 0x0000000087a00000, 0x0000000087b00000|  0%| F|  |TAMS 0x0000000087a00000, 0x0000000087a00000| Untracked 
| 123|0x0000000087b00000, 0x0000000087b00000, 0x0000000087c00000|  0%| F|  |TAMS 0x0000000087b00000, 0x0000000087b00000| Untracked 
| 124|0x0000000087c00000, 0x0000000087c00000, 0x0000000087d00000|  0%| F|  |TAMS 0x0000000087c00000, 0x0000000087c00000| Untracked 
| 125|0x0000000087d00000, 0x0000000087d00000, 0x0000000087e00000|  0%| F|  |TAMS 0x0000000087d00000, 0x0000000087d00000| Untracked 
| 126|0x0000000087e00000, 0x0000000087e00000, 0x0000000087f00000|  0%| F|  |TAMS 0x0000000087e00000, 0x0000000087e00000| Untracked 
| 127|0x0000000087f00000, 0x0000000087f00000, 0x0000000088000000|  0%| F|  |TAMS 0x0000000087f00000, 0x0000000087f00000| Untracked 
| 128|0x0000000088000000, 0x00000000880f8940, 0x0000000088100000| 97%| S|CS|TAMS 0x0000000088000000, 0x0000000088000000| Complete 
| 129|0x0000000088100000, 0x0000000088200000, 0x0000000088200000|100%| S|CS|TAMS 0x0000000088100000, 0x0000000088100000| Complete 
| 130|0x0000000088200000, 0x0000000088300000, 0x0000000088300000|100%| S|CS|TAMS 0x0000000088200000, 0x0000000088200000| Complete 
| 131|0x0000000088300000, 0x0000000088400000, 0x0000000088400000|100%| S|CS|TAMS 0x0000000088300000, 0x0000000088300000| Complete 
| 132|0x0000000088400000, 0x0000000088500000, 0x0000000088500000|100%| S|CS|TAMS 0x0000000088400000, 0x0000000088400000| Complete 
| 133|0x0000000088500000, 0x0000000088600000, 0x0000000088600000|100%| S|CS|TAMS 0x0000000088500000, 0x0000000088500000| Complete 
| 134|0x0000000088600000, 0x0000000088600000, 0x0000000088700000|  0%| F|  |TAMS 0x0000000088600000, 0x0000000088600000| Untracked 
| 135|0x0000000088700000, 0x0000000088700000, 0x0000000088800000|  0%| F|  |TAMS 0x0000000088700000, 0x0000000088700000| Untracked 
| 136|0x0000000088800000, 0x0000000088800000, 0x0000000088900000|  0%| F|  |TAMS 0x0000000088800000, 0x0000000088800000| Untracked 
| 137|0x0000000088900000, 0x0000000088900000, 0x0000000088a00000|  0%| F|  |TAMS 0x0000000088900000, 0x0000000088900000| Untracked 
| 138|0x0000000088a00000, 0x0000000088a00000, 0x0000000088b00000|  0%| F|  |TAMS 0x0000000088a00000, 0x0000000088a00000| Untracked 
| 139|0x0000000088b00000, 0x0000000088b00000, 0x0000000088c00000|  0%| F|  |TAMS 0x0000000088b00000, 0x0000000088b00000| Untracked 
| 140|0x0000000088c00000, 0x0000000088c00000, 0x0000000088d00000|  0%| F|  |TAMS 0x0000000088c00000, 0x0000000088c00000| Untracked 
| 141|0x0000000088d00000, 0x0000000088d00000, 0x0000000088e00000|  0%| F|  |TAMS 0x0000000088d00000, 0x0000000088d00000| Untracked 
| 142|0x0000000088e00000, 0x0000000088f00000, 0x0000000088f00000|100%| S|CS|TAMS 0x0000000088e00000, 0x0000000088e00000| Complete 
| 143|0x0000000088f00000, 0x0000000089000000, 0x0000000089000000|100%| S|CS|TAMS 0x0000000088f00000, 0x0000000088f00000| Complete 
| 144|0x0000000089000000, 0x0000000089100000, 0x0000000089100000|100%| S|CS|TAMS 0x0000000089000000, 0x0000000089000000| Complete 
| 145|0x0000000089100000, 0x0000000089100000, 0x0000000089200000|  0%| F|  |TAMS 0x0000000089100000, 0x0000000089100000| Untracked 
| 146|0x0000000089200000, 0x0000000089200000, 0x0000000089300000|  0%| F|  |TAMS 0x0000000089200000, 0x0000000089200000| Untracked 
| 147|0x0000000089300000, 0x0000000089300000, 0x0000000089400000|  0%| F|  |TAMS 0x0000000089300000, 0x0000000089300000| Untracked 
| 148|0x0000000089400000, 0x0000000089400000, 0x0000000089500000|  0%| F|  |TAMS 0x0000000089400000, 0x0000000089400000| Untracked 
| 149|0x0000000089500000, 0x0000000089500000, 0x0000000089600000|  0%| F|  |TAMS 0x0000000089500000, 0x0000000089500000| Untracked 
| 150|0x0000000089600000, 0x0000000089600000, 0x0000000089700000|  0%| F|  |TAMS 0x0000000089600000, 0x0000000089600000| Untracked 
| 151|0x0000000089700000, 0x0000000089700000, 0x0000000089800000|  0%| F|  |TAMS 0x0000000089700000, 0x0000000089700000| Untracked 
| 152|0x0000000089800000, 0x0000000089800000, 0x0000000089900000|  0%| F|  |TAMS 0x0000000089800000, 0x0000000089800000| Untracked 
| 153|0x0000000089900000, 0x0000000089900000, 0x0000000089a00000|  0%| F|  |TAMS 0x0000000089900000, 0x0000000089900000| Untracked 
| 154|0x0000000089a00000, 0x0000000089a00000, 0x0000000089b00000|  0%| F|  |TAMS 0x0000000089a00000, 0x0000000089a00000| Untracked 
| 155|0x0000000089b00000, 0x0000000089b00000, 0x0000000089c00000|  0%| F|  |TAMS 0x0000000089b00000, 0x0000000089b00000| Untracked 
| 156|0x0000000089c00000, 0x0000000089c00000, 0x0000000089d00000|  0%| F|  |TAMS 0x0000000089c00000, 0x0000000089c00000| Untracked 
| 157|0x0000000089d00000, 0x0000000089d00000, 0x0000000089e00000|  0%| F|  |TAMS 0x0000000089d00000, 0x0000000089d00000| Untracked 
| 158|0x0000000089e00000, 0x0000000089e00000, 0x0000000089f00000|  0%| F|  |TAMS 0x0000000089e00000, 0x0000000089e00000| Untracked 
| 159|0x0000000089f00000, 0x0000000089f00000, 0x000000008a000000|  0%| F|  |TAMS 0x0000000089f00000, 0x0000000089f00000| Untracked 
| 160|0x000000008a000000, 0x000000008a000000, 0x000000008a100000|  0%| F|  |TAMS 0x000000008a000000, 0x000000008a000000| Untracked 
| 161|0x000000008a100000, 0x000000008a100000, 0x000000008a200000|  0%| F|  |TAMS 0x000000008a100000, 0x000000008a100000| Untracked 
| 162|0x000000008a200000, 0x000000008a200000, 0x000000008a300000|  0%| F|  |TAMS 0x000000008a200000, 0x000000008a200000| Untracked 
| 163|0x000000008a300000, 0x000000008a300000, 0x000000008a400000|  0%| F|  |TAMS 0x000000008a300000, 0x000000008a300000| Untracked 
| 164|0x000000008a400000, 0x000000008a400000, 0x000000008a500000|  0%| F|  |TAMS 0x000000008a400000, 0x000000008a400000| Untracked 
| 165|0x000000008a500000, 0x000000008a500000, 0x000000008a600000|  0%| F|  |TAMS 0x000000008a500000, 0x000000008a500000| Untracked 
| 166|0x000000008a600000, 0x000000008a600000, 0x000000008a700000|  0%| F|  |TAMS 0x000000008a600000, 0x000000008a600000| Untracked 
| 167|0x000000008a700000, 0x000000008a700000, 0x000000008a800000|  0%| F|  |TAMS 0x000000008a700000, 0x000000008a700000| Untracked 
| 168|0x000000008a800000, 0x000000008a800000, 0x000000008a900000|  0%| F|  |TAMS 0x000000008a800000, 0x000000008a800000| Untracked 
| 169|0x000000008a900000, 0x000000008a900000, 0x000000008aa00000|  0%| F|  |TAMS 0x000000008a900000, 0x000000008a900000| Untracked 
| 170|0x000000008aa00000, 0x000000008aa00000, 0x000000008ab00000|  0%| F|  |TAMS 0x000000008aa00000, 0x000000008aa00000| Untracked 
| 171|0x000000008ab00000, 0x000000008ab00000, 0x000000008ac00000|  0%| F|  |TAMS 0x000000008ab00000, 0x000000008ab00000| Untracked 
| 172|0x000000008ac00000, 0x000000008ac00000, 0x000000008ad00000|  0%| F|  |TAMS 0x000000008ac00000, 0x000000008ac00000| Untracked 
| 173|0x000000008ad00000, 0x000000008ad00000, 0x000000008ae00000|  0%| F|  |TAMS 0x000000008ad00000, 0x000000008ad00000| Untracked 
| 174|0x000000008ae00000, 0x000000008ae00000, 0x000000008af00000|  0%| F|  |TAMS 0x000000008ae00000, 0x000000008ae00000| Untracked 
| 175|0x000000008af00000, 0x000000008af00000, 0x000000008b000000|  0%| F|  |TAMS 0x000000008af00000, 0x000000008af00000| Untracked 
| 176|0x000000008b000000, 0x000000008b000000, 0x000000008b100000|  0%| F|  |TAMS 0x000000008b000000, 0x000000008b000000| Untracked 
| 177|0x000000008b100000, 0x000000008b166738, 0x000000008b200000| 40%| E|  |TAMS 0x000000008b100000, 0x000000008b100000| Complete 
| 178|0x000000008b200000, 0x000000008b300000, 0x000000008b300000|100%| E|CS|TAMS 0x000000008b200000, 0x000000008b200000| Complete 
| 179|0x000000008b300000, 0x000000008b400000, 0x000000008b400000|100%| E|CS|TAMS 0x000000008b300000, 0x000000008b300000| Complete 
| 180|0x000000008b400000, 0x000000008b500000, 0x000000008b500000|100%| E|CS|TAMS 0x000000008b400000, 0x000000008b400000| Complete 
| 181|0x000000008b500000, 0x000000008b600000, 0x000000008b600000|100%| E|CS|TAMS 0x000000008b500000, 0x000000008b500000| Complete 
| 182|0x000000008b600000, 0x000000008b700000, 0x000000008b700000|100%| E|CS|TAMS 0x000000008b600000, 0x000000008b600000| Complete 
| 183|0x000000008b700000, 0x000000008b800000, 0x000000008b800000|100%| E|CS|TAMS 0x000000008b700000, 0x000000008b700000| Complete 
| 184|0x000000008b800000, 0x000000008b900000, 0x000000008b900000|100%| E|CS|TAMS 0x000000008b800000, 0x000000008b800000| Complete 
| 185|0x000000008b900000, 0x000000008ba00000, 0x000000008ba00000|100%| E|CS|TAMS 0x000000008b900000, 0x000000008b900000| Complete 
| 186|0x000000008ba00000, 0x000000008bb00000, 0x000000008bb00000|100%| E|CS|TAMS 0x000000008ba00000, 0x000000008ba00000| Complete 
| 187|0x000000008bb00000, 0x000000008bc00000, 0x000000008bc00000|100%| E|CS|TAMS 0x000000008bb00000, 0x000000008bb00000| Complete 
| 188|0x000000008bc00000, 0x000000008bd00000, 0x000000008bd00000|100%| E|CS|TAMS 0x000000008bc00000, 0x000000008bc00000| Complete 
| 189|0x000000008bd00000, 0x000000008be00000, 0x000000008be00000|100%| E|  |TAMS 0x000000008bd00000, 0x000000008bd00000| Complete 
| 190|0x000000008be00000, 0x000000008bf00000, 0x000000008bf00000|100%| E|CS|TAMS 0x000000008be00000, 0x000000008be00000| Complete 
| 191|0x000000008bf00000, 0x000000008c000000, 0x000000008c000000|100%| E|CS|TAMS 0x000000008bf00000, 0x000000008bf00000| Complete 
| 192|0x000000008c000000, 0x000000008c100000, 0x000000008c100000|100%| E|CS|TAMS 0x000000008c000000, 0x000000008c000000| Complete 
| 193|0x000000008c100000, 0x000000008c200000, 0x000000008c200000|100%| E|CS|TAMS 0x000000008c100000, 0x000000008c100000| Complete 
| 194|0x000000008c200000, 0x000000008c300000, 0x000000008c300000|100%| E|CS|TAMS 0x000000008c200000, 0x000000008c200000| Complete 
| 195|0x000000008c300000, 0x000000008c400000, 0x000000008c400000|100%| E|CS|TAMS 0x000000008c300000, 0x000000008c300000| Complete 
| 196|0x000000008c400000, 0x000000008c500000, 0x000000008c500000|100%| E|CS|TAMS 0x000000008c400000, 0x000000008c400000| Complete 
| 197|0x000000008c500000, 0x000000008c600000, 0x000000008c600000|100%| E|CS|TAMS 0x000000008c500000, 0x000000008c500000| Complete 
| 198|0x000000008c600000, 0x000000008c700000, 0x000000008c700000|100%| E|CS|TAMS 0x000000008c600000, 0x000000008c600000| Complete 
| 199|0x000000008c700000, 0x000000008c800000, 0x000000008c800000|100%| E|CS|TAMS 0x000000008c700000, 0x000000008c700000| Complete 
| 200|0x000000008c800000, 0x000000008c900000, 0x000000008c900000|100%| E|CS|TAMS 0x000000008c800000, 0x000000008c800000| Complete 
| 201|0x000000008c900000, 0x000000008ca00000, 0x000000008ca00000|100%| E|CS|TAMS 0x000000008c900000, 0x000000008c900000| Complete 
| 202|0x000000008ca00000, 0x000000008cb00000, 0x000000008cb00000|100%| E|CS|TAMS 0x000000008ca00000, 0x000000008ca00000| Complete 
| 203|0x000000008cb00000, 0x000000008cc00000, 0x000000008cc00000|100%| E|CS|TAMS 0x000000008cb00000, 0x000000008cb00000| Complete 
| 204|0x000000008cc00000, 0x000000008cd00000, 0x000000008cd00000|100%| E|CS|TAMS 0x000000008cc00000, 0x000000008cc00000| Complete 
| 205|0x000000008cd00000, 0x000000008ce00000, 0x000000008ce00000|100%| E|CS|TAMS 0x000000008cd00000, 0x000000008cd00000| Complete 
| 206|0x000000008ce00000, 0x000000008cf00000, 0x000000008cf00000|100%| E|CS|TAMS 0x000000008ce00000, 0x000000008ce00000| Complete 
| 207|0x000000008cf00000, 0x000000008d000000, 0x000000008d000000|100%| E|CS|TAMS 0x000000008cf00000, 0x000000008cf00000| Complete 
| 208|0x000000008d000000, 0x000000008d100000, 0x000000008d100000|100%| E|CS|TAMS 0x000000008d000000, 0x000000008d000000| Complete 
| 209|0x000000008d100000, 0x000000008d200000, 0x000000008d200000|100%| E|CS|TAMS 0x000000008d100000, 0x000000008d100000| Complete 
| 210|0x000000008d200000, 0x000000008d300000, 0x000000008d300000|100%| E|CS|TAMS 0x000000008d200000, 0x000000008d200000| Complete 
| 211|0x000000008d300000, 0x000000008d400000, 0x000000008d400000|100%| E|CS|TAMS 0x000000008d300000, 0x000000008d300000| Complete 
| 212|0x000000008d400000, 0x000000008d500000, 0x000000008d500000|100%| E|CS|TAMS 0x000000008d400000, 0x000000008d400000| Complete 
| 213|0x000000008d500000, 0x000000008d600000, 0x000000008d600000|100%| E|CS|TAMS 0x000000008d500000, 0x000000008d500000| Complete 
| 214|0x000000008d600000, 0x000000008d700000, 0x000000008d700000|100%| E|CS|TAMS 0x000000008d600000, 0x000000008d600000| Complete 
| 215|0x000000008d700000, 0x000000008d800000, 0x000000008d800000|100%| E|CS|TAMS 0x000000008d700000, 0x000000008d700000| Complete 
| 216|0x000000008d800000, 0x000000008d900000, 0x000000008d900000|100%| E|CS|TAMS 0x000000008d800000, 0x000000008d800000| Complete 
| 217|0x000000008d900000, 0x000000008da00000, 0x000000008da00000|100%| E|CS|TAMS 0x000000008d900000, 0x000000008d900000| Complete 
| 218|0x000000008da00000, 0x000000008db00000, 0x000000008db00000|100%| E|CS|TAMS 0x000000008da00000, 0x000000008da00000| Complete 
| 219|0x000000008db00000, 0x000000008dc00000, 0x000000008dc00000|100%| E|CS|TAMS 0x000000008db00000, 0x000000008db00000| Complete 
| 220|0x000000008dc00000, 0x000000008dd00000, 0x000000008dd00000|100%| E|CS|TAMS 0x000000008dc00000, 0x000000008dc00000| Complete 
| 221|0x000000008dd00000, 0x000000008de00000, 0x000000008de00000|100%| E|CS|TAMS 0x000000008dd00000, 0x000000008dd00000| Complete 
| 222|0x000000008de00000, 0x000000008df00000, 0x000000008df00000|100%| E|CS|TAMS 0x000000008de00000, 0x000000008de00000| Complete 
| 223|0x000000008df00000, 0x000000008e000000, 0x000000008e000000|100%| E|CS|TAMS 0x000000008df00000, 0x000000008df00000| Complete 
| 224|0x000000008e000000, 0x000000008e100000, 0x000000008e100000|100%| E|CS|TAMS 0x000000008e000000, 0x000000008e000000| Complete 
| 225|0x000000008e100000, 0x000000008e200000, 0x000000008e200000|100%| E|CS|TAMS 0x000000008e100000, 0x000000008e100000| Complete 
| 226|0x000000008e200000, 0x000000008e300000, 0x000000008e300000|100%| E|CS|TAMS 0x000000008e200000, 0x000000008e200000| Complete 
| 227|0x000000008e300000, 0x000000008e400000, 0x000000008e400000|100%| E|CS|TAMS 0x000000008e300000, 0x000000008e300000| Complete 
| 228|0x000000008e400000, 0x000000008e500000, 0x000000008e500000|100%| E|CS|TAMS 0x000000008e400000, 0x000000008e400000| Complete 
| 229|0x000000008e500000, 0x000000008e600000, 0x000000008e600000|100%| E|CS|TAMS 0x000000008e500000, 0x000000008e500000| Complete 
| 230|0x000000008e600000, 0x000000008e700000, 0x000000008e700000|100%| E|CS|TAMS 0x000000008e600000, 0x000000008e600000| Complete 
| 231|0x000000008e700000, 0x000000008e800000, 0x000000008e800000|100%| E|CS|TAMS 0x000000008e700000, 0x000000008e700000| Complete 
| 232|0x000000008e800000, 0x000000008e900000, 0x000000008e900000|100%| E|CS|TAMS 0x000000008e800000, 0x000000008e800000| Complete 
| 233|0x000000008e900000, 0x000000008ea00000, 0x000000008ea00000|100%| E|CS|TAMS 0x000000008e900000, 0x000000008e900000| Complete 
| 234|0x000000008ea00000, 0x000000008eb00000, 0x000000008eb00000|100%| E|CS|TAMS 0x000000008ea00000, 0x000000008ea00000| Complete 
| 235|0x000000008eb00000, 0x000000008ec00000, 0x000000008ec00000|100%| E|CS|TAMS 0x000000008eb00000, 0x000000008eb00000| Complete 
| 236|0x000000008ec00000, 0x000000008ed00000, 0x000000008ed00000|100%| E|CS|TAMS 0x000000008ec00000, 0x000000008ec00000| Complete 
| 237|0x000000008ed00000, 0x000000008ee00000, 0x000000008ee00000|100%| E|CS|TAMS 0x000000008ed00000, 0x000000008ed00000| Complete 
| 238|0x000000008ee00000, 0x000000008ef00000, 0x000000008ef00000|100%| E|CS|TAMS 0x000000008ee00000, 0x000000008ee00000| Complete 
| 239|0x000000008ef00000, 0x000000008f000000, 0x000000008f000000|100%| E|CS|TAMS 0x000000008ef00000, 0x000000008ef00000| Complete 
| 240|0x000000008f000000, 0x000000008f100000, 0x000000008f100000|100%| E|CS|TAMS 0x000000008f000000, 0x000000008f000000| Complete 
| 241|0x000000008f100000, 0x000000008f200000, 0x000000008f200000|100%| E|CS|TAMS 0x000000008f100000, 0x000000008f100000| Complete 
| 242|0x000000008f200000, 0x000000008f300000, 0x000000008f300000|100%| E|CS|TAMS 0x000000008f200000, 0x000000008f200000| Complete 
| 243|0x000000008f300000, 0x000000008f400000, 0x000000008f400000|100%| E|CS|TAMS 0x000000008f300000, 0x000000008f300000| Complete 
| 244|0x000000008f400000, 0x000000008f500000, 0x000000008f500000|100%| E|CS|TAMS 0x000000008f400000, 0x000000008f400000| Complete 
| 245|0x000000008f500000, 0x000000008f600000, 0x000000008f600000|100%| E|CS|TAMS 0x000000008f500000, 0x000000008f500000| Complete 
| 246|0x000000008f600000, 0x000000008f700000, 0x000000008f700000|100%| E|CS|TAMS 0x000000008f600000, 0x000000008f600000| Complete 
| 247|0x000000008f700000, 0x000000008f800000, 0x000000008f800000|100%| E|CS|TAMS 0x000000008f700000, 0x000000008f700000| Complete 
| 248|0x000000008f800000, 0x000000008f900000, 0x000000008f900000|100%| E|CS|TAMS 0x000000008f800000, 0x000000008f800000| Complete 
| 249|0x000000008f900000, 0x000000008fa00000, 0x000000008fa00000|100%| E|CS|TAMS 0x000000008f900000, 0x000000008f900000| Complete 
| 250|0x000000008fa00000, 0x000000008fb00000, 0x000000008fb00000|100%| E|CS|TAMS 0x000000008fa00000, 0x000000008fa00000| Complete 
| 251|0x000000008fb00000, 0x000000008fc00000, 0x000000008fc00000|100%| E|CS|TAMS 0x000000008fb00000, 0x000000008fb00000| Complete 
| 252|0x000000008fc00000, 0x000000008fd00000, 0x000000008fd00000|100%| E|CS|TAMS 0x000000008fc00000, 0x000000008fc00000| Complete 
| 253|0x000000008fd00000, 0x000000008fe00000, 0x000000008fe00000|100%| E|CS|TAMS 0x000000008fd00000, 0x000000008fd00000| Complete 

Card table byte_map: [0x000001a91a190000,0x000001a91a590000] _byte_map_base: 0x000001a919d90000

Marking Bits (Prev, Next): (CMBitMap*) 0x000001a906fabd60, (CMBitMap*) 0x000001a906fabd28
 Prev Bits: [0x000001a91c990000, 0x000001a91e990000)
 Next Bits: [0x000001a91a990000, 0x000001a91c990000)

Polling page: 0x000001a906740000

Metaspace:

Usage:
  Non-class:     77.52 MB capacity,    76.15 MB ( 98%) used,     1.11 MB (  1%) free+waste,   266.88 KB ( <1%) overhead. 
      Class:     12.13 MB capacity,    11.31 MB ( 93%) used,   710.71 KB (  6%) free+waste,   121.06 KB ( <1%) overhead. 
       Both:     89.65 MB capacity,    87.46 MB ( 98%) used,     1.81 MB (  2%) free+waste,   387.94 KB ( <1%) overhead. 

Virtual space:
  Non-class space:       78.00 MB reserved,      77.75 MB (>99%) committed 
      Class space:        1.00 GB reserved,      12.20 MB (  1%) committed 
             Both:        1.08 GB reserved,      89.95 MB (  8%) committed 

Chunk freelists:
   Non-Class:  0 bytes
       Class:  0 bytes
        Both:  0 bytes

MaxMetaspaceSize: 17179869184.00 GB
CompressedClassSpaceSize: 1.00 GB

CodeHeap 'non-profiled nmethods': size=120000Kb used=6747Kb max_used=6747Kb free=113252Kb
 bounds [0x000001a912530000, 0x000001a912bd0000, 0x000001a919a60000]
CodeHeap 'profiled nmethods': size=120000Kb used=24025Kb max_used=24025Kb free=95974Kb
 bounds [0x000001a90b000000, 0x000001a90c780000, 0x000001a912530000]
CodeHeap 'non-nmethods': size=5760Kb used=2284Kb max_used=2340Kb free=3475Kb
 bounds [0x000001a90aa60000, 0x000001a90acd0000, 0x000001a90b000000]
 total_blobs=11723 nmethods=10838 adapters=796
 compilation: enabled
              stopped_count=0, restarted_count=0
 full_count=0

Compilation events (20 events):
Event: 10.643 Thread 0x000001a921cbc800 10807       2       java.nio.HeapCharBuffer::<init> (20 bytes)
Event: 10.643 Thread 0x000001a921cbc800 nmethod 10807 0x000001a90c755310 code [0x000001a90c7554c0, 0x000001a90c755708]
Event: 10.643 Thread 0x000001a921cbc800 10808       2       org.gradle.internal.logging.events.RenderableOutputEvent::<init> (15 bytes)
Event: 10.643 Thread 0x000001a921cbc800 nmethod 10808 0x000001a90c755810 code [0x000001a90c7559c0, 0x000001a90c755bd8]
Event: 10.643 Thread 0x000001a921cbc800 10809       2       org.gradle.internal.io.StreamByteBuffer::hasRemaining (17 bytes)
Event: 10.644 Thread 0x000001a921cbc800 nmethod 10809 0x000001a90c755c90 code [0x000001a90c755e40, 0x000001a90c755f78]
Event: 10.644 Thread 0x000001a921cbc800 10810       2       java.io.OutputStreamWriter::flushBuffer (8 bytes)
Event: 10.644 Thread 0x000001a921cbc800 nmethod 10810 0x000001a90c756010 code [0x000001a90c7561c0, 0x000001a90c7562e8]
Event: 10.644 Thread 0x000001a921cbc800 10811   !   2       java.io.PrintStream::write (83 bytes)
Event: 10.644 Thread 0x000001a921cbc800 nmethod 10811 0x000001a90c756390 code [0x000001a90c7565c0, 0x000001a90c756b38]
Event: 10.644 Thread 0x000001a921cbc800 10812       2       org.gradle.internal.logging.sink.ProgressLogEventGenerator$Operation::completeHeader (154 bytes)
Event: 10.646 Thread 0x000001a921cbc800 nmethod 10812 0x000001a90c757010 code [0x000001a90c757320, 0x000001a90c7583e8]
Event: 10.646 Thread 0x000001a921cbc800 10813       2       org.gradle.internal.io.BufferCaster::cast (2 bytes)
Event: 10.646 Thread 0x000001a921cbc800 nmethod 10813 0x000001a90c758a10 code [0x000001a90c758bc0, 0x000001a90c758c98]
Event: 10.646 Thread 0x000001a921cbc800 10814       2       org.gradle.internal.operations.CurrentBuildOperationRef::instance (4 bytes)
Event: 10.646 Thread 0x000001a921cbc800 nmethod 10814 0x000001a90c758d10 code [0x000001a90c758ec0, 0x000001a90c758f98]
Event: 10.646 Thread 0x000001a921cbc800 10815   !   2       java.nio.charset.Charset::defaultCharset (53 bytes)
Event: 10.646 Thread 0x000001a921cbc800 nmethod 10815 0x000001a90c759010 code [0x000001a90c759260, 0x000001a90c759978]
Event: 10.646 Thread 0x000001a921cbc800 10816   !   2       java.nio.HeapCharBuffer::toString (30 bytes)
Event: 10.647 Thread 0x000001a921cbc800 nmethod 10816 0x000001a90c759d90 code [0x000001a90c759f60, 0x000001a90c75a248]

GC Heap History (20 events):
Event: 2.002 GC heap before
{Heap before GC invocations=1 (full 0):
 garbage-first heap   total 260096K, used 108839K [0x0000000080000000, 0x0000000100000000)
  region size 1024K, 101 young (103424K), 3 survivors (3072K)
 Metaspace       used 20681K, capacity 21079K, committed 21248K, reserved 1067008K
  class space    used 2537K, capacity 2693K, committed 2816K, reserved 1048576K
}
Event: 2.009 GC heap after
{Heap after GC invocations=2 (full 0):
 garbage-first heap   total 260096K, used 17355K [0x0000000080000000, 0x0000000100000000)
  region size 1024K, 11 young (11264K), 11 survivors (11264K)
 Metaspace       used 20681K, capacity 21079K, committed 21248K, reserved 1067008K
  class space    used 2537K, capacity 2693K, committed 2816K, reserved 1048576K
}
Event: 2.496 GC heap before
{Heap before GC invocations=3 (full 0):
 garbage-first heap   total 260096K, used 81867K [0x0000000080000000, 0x0000000100000000)
  region size 1024K, 75 young (76800K), 11 survivors (11264K)
 Metaspace       used 26786K, capacity 27434K, committed 27648K, reserved 1073152K
  class space    used 3527K, capacity 3735K, committed 3840K, reserved 1048576K
}
Event: 2.501 GC heap after
{Heap after GC invocations=4 (full 0):
 garbage-first heap   total 260096K, used 19612K [0x0000000080000000, 0x0000000100000000)
  region size 1024K, 3 young (3072K), 3 survivors (3072K)
 Metaspace       used 26786K, capacity 27434K, committed 27648K, reserved 1073152K
  class space    used 3527K, capacity 3735K, committed 3840K, reserved 1048576K
}
Event: 3.024 GC heap before
{Heap before GC invocations=4 (full 0):
 garbage-first heap   total 260096K, used 67740K [0x0000000080000000, 0x0000000100000000)
  region size 1024K, 51 young (52224K), 3 survivors (3072K)
 Metaspace       used 35030K, capacity 35789K, committed 35840K, reserved 1081344K
  class space    used 4555K, capacity 4863K, committed 4864K, reserved 1048576K
}
Event: 3.029 GC heap after
{Heap after GC invocations=5 (full 0):
 garbage-first heap   total 260096K, used 22570K [0x0000000080000000, 0x0000000100000000)
  region size 1024K, 6 young (6144K), 6 survivors (6144K)
 Metaspace       used 35030K, capacity 35789K, committed 35840K, reserved 1081344K
  class space    used 4555K, capacity 4863K, committed 4864K, reserved 1048576K
}
Event: 3.983 GC heap before
{Heap before GC invocations=6 (full 0):
 garbage-first heap   total 260096K, used 138282K [0x0000000080000000, 0x0000000100000000)
  region size 1024K, 116 young (118784K), 6 survivors (6144K)
 Metaspace       used 44345K, capacity 45365K, committed 45516K, reserved 1089536K
  class space    used 5694K, capacity 6057K, committed 6092K, reserved 1048576K
}
Event: 3.990 GC heap after
{Heap after GC invocations=7 (full 0):
 garbage-first heap   total 260096K, used 29493K [0x0000000080000000, 0x0000000100000000)
  region size 1024K, 13 young (13312K), 13 survivors (13312K)
 Metaspace       used 44345K, capacity 45365K, committed 45516K, reserved 1089536K
  class space    used 5694K, capacity 6057K, committed 6092K, reserved 1048576K
}
Event: 5.103 GC heap before
{Heap before GC invocations=7 (full 0):
 garbage-first heap   total 260096K, used 159541K [0x0000000080000000, 0x0000000100000000)
  region size 1024K, 136 young (139264K), 13 survivors (13312K)
 Metaspace       used 52335K, capacity 53696K, committed 53836K, reserved 1095680K
  class space    used 6675K, capacity 7199K, committed 7244K, reserved 1048576K
}
Event: 5.114 GC heap after
{Heap after GC invocations=8 (full 0):
 garbage-first heap   total 260096K, used 44911K [0x0000000080000000, 0x0000000100000000)
  region size 1024K, 17 young (17408K), 17 survivors (17408K)
 Metaspace       used 52335K, capacity 53696K, committed 53836K, reserved 1095680K
  class space    used 6675K, capacity 7199K, committed 7244K, reserved 1048576K
}
Event: 5.560 GC heap before
{Heap before GC invocations=8 (full 0):
 garbage-first heap   total 260096K, used 85871K [0x0000000080000000, 0x0000000100000000)
  region size 1024K, 58 young (59392K), 17 survivors (17408K)
 Metaspace       used 58556K, capacity 60019K, committed 60236K, reserved 1101824K
  class space    used 7463K, capacity 8002K, committed 8012K, reserved 1048576K
}
Event: 5.576 GC heap after
{Heap after GC invocations=9 (full 0):
 garbage-first heap   total 260096K, used 48292K [0x0000000080000000, 0x0000000100000000)
  region size 1024K, 4 young (4096K), 4 survivors (4096K)
 Metaspace       used 58556K, capacity 60019K, committed 60236K, reserved 1101824K
  class space    used 7463K, capacity 8002K, committed 8012K, reserved 1048576K
}
Event: 6.484 GC heap before
{Heap before GC invocations=10 (full 0):
 garbage-first heap   total 260096K, used 155812K [0x0000000080000000, 0x0000000100000000)
  region size 1024K, 109 young (111616K), 4 survivors (4096K)
 Metaspace       used 65442K, capacity 66952K, committed 67148K, reserved 1107968K
  class space    used 8333K, capacity 8910K, committed 9036K, reserved 1048576K
}
Event: 6.491 GC heap after
{Heap after GC invocations=11 (full 0):
 garbage-first heap   total 260096K, used 55690K [0x0000000080000000, 0x0000000100000000)
  region size 1024K, 11 young (11264K), 11 survivors (11264K)
 Metaspace       used 65442K, capacity 66952K, committed 67148K, reserved 1107968K
  class space    used 8333K, capacity 8910K, committed 9036K, reserved 1048576K
}
Event: 7.677 GC heap before
{Heap before GC invocations=11 (full 0):
 garbage-first heap   total 260096K, used 166282K [0x0000000080000000, 0x0000000100000000)
  region size 1024K, 119 young (121856K), 11 survivors (11264K)
 Metaspace       used 77290K, capacity 79030K, committed 79180K, reserved 1118208K
  class space    used 10113K, capacity 10792K, committed 10828K, reserved 1048576K
}
Event: 7.688 GC heap after
{Heap after GC invocations=12 (full 0):
 garbage-first heap   total 260096K, used 62289K [0x0000000080000000, 0x0000000100000000)
  region size 1024K, 7 young (7168K), 7 survivors (7168K)
 Metaspace       used 77290K, capacity 79030K, committed 79180K, reserved 1118208K
  class space    used 10113K, capacity 10792K, committed 10828K, reserved 1048576K
}
Event: 8.682 GC heap before
{Heap before GC invocations=12 (full 0):
 garbage-first heap   total 260096K, used 175953K [0x0000000080000000, 0x0000000100000000)
  region size 1024K, 118 young (120832K), 7 survivors (7168K)
 Metaspace       used 80972K, capacity 83104K, committed 83148K, reserved 1120256K
  class space    used 10597K, capacity 11430K, committed 11468K, reserved 1048576K
}
Event: 8.692 GC heap after
{Heap after GC invocations=13 (full 0):
 garbage-first heap   total 260096K, used 72489K [0x0000000080000000, 0x0000000100000000)
  region size 1024K, 15 young (15360K), 15 survivors (15360K)
 Metaspace       used 80972K, capacity 83104K, committed 83148K, reserved 1120256K
  class space    used 10597K, capacity 11430K, committed 11468K, reserved 1048576K
}
Event: 9.381 GC heap before
{Heap before GC invocations=13 (full 0):
 garbage-first heap   total 260096K, used 183081K [0x0000000080000000, 0x0000000100000000)
  region size 1024K, 124 young (126976K), 15 survivors (15360K)
 Metaspace       used 81910K, capacity 84015K, committed 84172K, reserved 1122304K
  class space    used 10665K, capacity 11468K, committed 11468K, reserved 1048576K
}
Event: 9.394 GC heap after
{Heap after GC invocations=14 (full 0):
 garbage-first heap   total 260096K, used 81654K [0x0000000080000000, 0x0000000100000000)
  region size 1024K, 9 young (9216K), 9 survivors (9216K)
 Metaspace       used 81910K, capacity 84015K, committed 84172K, reserved 1122304K
  class space    used 10665K, capacity 11468K, committed 11468K, reserved 1048576K
}

Deoptimization events (20 events):
Event: 10.525 Thread 0x000001a925c17800 DEOPT PACKING pc=0x000001a90c6da4c5 sp=0x0000006847af9350
Event: 10.525 Thread 0x000001a925c17800 DEOPT UNPACKING pc=0x000001a90aa86dde sp=0x0000006847af87f8 mode 0
Event: 10.531 Thread 0x000001a925c17800 DEOPT PACKING pc=0x000001a90c6da4c5 sp=0x0000006847af9350
Event: 10.531 Thread 0x000001a925c17800 DEOPT UNPACKING pc=0x000001a90aa86dde sp=0x0000006847af87f8 mode 0
Event: 10.551 Thread 0x000001a925c17800 Uncommon trap: trap_request=0xffffff4d fr.pc=0x000001a912bb7e34 relative=0x0000000000000574
Event: 10.551 Thread 0x000001a925c17800 Uncommon trap: reason=unstable_if action=reinterpret pc=0x000001a912bb7e34 method=com.sun.tools.javac.util.Position$LineMapImpl.build([CI)V @ 87 c2
Event: 10.551 Thread 0x000001a925c17800 DEOPT PACKING pc=0x000001a912bb7e34 sp=0x0000006847af9350
Event: 10.551 Thread 0x000001a925c17800 DEOPT UNPACKING pc=0x000001a90aa8662f sp=0x0000006847af9308 mode 2
Event: 10.557 Thread 0x000001a925c17800 DEOPT PACKING pc=0x000001a90c7329c5 sp=0x0000006847af9350
Event: 10.557 Thread 0x000001a925c17800 DEOPT UNPACKING pc=0x000001a90aa86dde sp=0x0000006847af87f8 mode 0
Event: 10.559 Thread 0x000001a925c17800 Uncommon trap: trap_request=0xffffff4d fr.pc=0x000001a912bafda8 relative=0x0000000000001448
Event: 10.559 Thread 0x000001a925c17800 Uncommon trap: reason=unstable_if action=reinterpret pc=0x000001a912bafda8 method=com.sun.tools.javac.parser.JavaTokenizer.scanIdent()V @ 15 c2
Event: 10.559 Thread 0x000001a925c17800 DEOPT PACKING pc=0x000001a912bafda8 sp=0x0000006847af8300
Event: 10.559 Thread 0x000001a925c17800 DEOPT UNPACKING pc=0x000001a90aa8662f sp=0x0000006847af82f0 mode 2
Event: 10.561 Thread 0x000001a925c17800 DEOPT PACKING pc=0x000001a90c7329c5 sp=0x0000006847af9350
Event: 10.561 Thread 0x000001a925c17800 DEOPT UNPACKING pc=0x000001a90aa86dde sp=0x0000006847af87f8 mode 0
Event: 10.578 Thread 0x000001a925c17800 DEOPT PACKING pc=0x000001a90c7329c5 sp=0x0000006847af9350
Event: 10.578 Thread 0x000001a925c17800 DEOPT UNPACKING pc=0x000001a90aa86dde sp=0x0000006847af87f8 mode 0
Event: 10.629 Thread 0x000001a925c17800 DEOPT PACKING pc=0x000001a90c7329c5 sp=0x0000006847af9350
Event: 10.629 Thread 0x000001a925c17800 DEOPT UNPACKING pc=0x000001a90aa86dde sp=0x0000006847af87f8 mode 0

Classes redefined (0 events):
No events

Internal exceptions (20 events):
Event: 7.900 Thread 0x000001a925c17800 Exception <a 'java/lang/IncompatibleClassChangeError'{0x000000008ea4e030}: Found class java.lang.Object, but interface was expected> (0x000000008ea4e030) thrown at [./src/hotspot/share/interpreter/linkResolver.cpp, line 839]
Event: 7.921 Thread 0x000001a923428800 Exception <a 'java/lang/NoSuchMethodError'{0x000000008e99d110}: <clinit>> (0x000000008e99d110) thrown at [./src/hotspot/share/prims/jni.cpp, line 1362]
Event: 7.921 Thread 0x000001a925c17800 Exception <a 'java/lang/NoSuchMethodError'{0x000000008e96a498}: 'java.lang.Object java.lang.invoke.DirectMethodHandle$Holder.invokeInterface(java.lang.Object, java.lang.Object, int)'> (0x000000008e96a498) thrown at [./src/hotspot/share/interpreter/linkResolver.cpp, line 773]
Event: 7.922 Thread 0x000001a925c17800 Exception <a 'java/lang/NoSuchMethodError'{0x000000008e9a9278}: 'void java.lang.invoke.DirectMethodHandle$Holder.invokeStatic(java.lang.Object, java.lang.Object, java.lang.Object, int)'> (0x000000008e9a9278) thrown at [./src/hotspot/share/interpreter/linkResolver.cpp, line 773]
Event: 7.958 Thread 0x000001a925c17800 Exception <a 'java/lang/IncompatibleClassChangeError'{0x000000008e7251a0}: Found class java.lang.Object, but interface was expected> (0x000000008e7251a0) thrown at [./src/hotspot/share/interpreter/linkResolver.cpp, line 839]
Event: 7.961 Thread 0x000001a925c17800 Exception <a 'java/lang/IncompatibleClassChangeError'{0x000000008e748778}: Found class java.lang.Object, but interface was expected> (0x000000008e748778) thrown at [./src/hotspot/share/interpreter/linkResolver.cpp, line 839]
Event: 8.213 Thread 0x000001a925c17800 Exception <a 'java/lang/NoSuchMethodError'{0x000000008da02e10}: 'void java.lang.invoke.DirectMethodHandle$Holder.invokeStatic(java.lang.Object, java.lang.Object, java.lang.Object, java.lang.Object, int, java.lang.Object, java.lang.Object)'> (0x000000008da02e10) thrown at [./src/hotspot/share/interpreter/linkResolver.cpp, line 773]
Event: 8.236 Thread 0x000001a925c17800 Exception <a 'java/lang/NoSuchMethodError'{0x000000008d802318}: 'java.lang.Object java.lang.invoke.DirectMethodHandle$Holder.invokeSpecialIFC(java.lang.Object, java.lang.Object, java.lang.Object)'> (0x000000008d802318) thrown at [./src/hotspot/share/interpreter/linkResolver.cpp, line 773]
Event: 8.269 Thread 0x000001a925c17800 Exception <a 'java/lang/NoSuchMethodError'{0x000000008cd42578}: 'int java.lang.invoke.DirectMethodHandle$Holder.invokeStaticInit(java.lang.Object, java.lang.Object, java.lang.Object, java.lang.Object, java.lang.Object)'> (0x000000008cd42578) thrown at [./src/hotspot/share/interpreter/linkResolver.cpp, line 773]
Event: 8.455 Thread 0x000001a925a3a000 Exception <a 'java/lang/NoSuchMethodError'{0x000000008d0dfdb8}: 'void java.lang.invoke.DirectMethodHandle$Holder.invokeVirtual(java.lang.Object, java.lang.Object)'> (0x000000008d0dfdb8) thrown at [./src/hotspot/share/interpreter/linkResolver.cpp, line 773]
Event: 9.128 Thread 0x000001a925c17800 Exception <a 'java/lang/NoSuchMethodError'{0x000000008bbb61c8}: <clinit>> (0x000000008bbb61c8) thrown at [./src/hotspot/share/prims/jni.cpp, line 1362]
Event: 9.128 Thread 0x000001a925c17800 Exception <a 'java/lang/NoSuchMethodError'{0x000000008bbb77d0}: <clinit>> (0x000000008bbb77d0) thrown at [./src/hotspot/share/prims/jni.cpp, line 1362]
Event: 9.128 Thread 0x000001a925c17800 Exception <a 'java/lang/NoSuchMethodError'{0x000000008bbb9970}: <clinit>> (0x000000008bbb9970) thrown at [./src/hotspot/share/prims/jni.cpp, line 1362]
Event: 9.129 Thread 0x000001a925c17800 Exception <a 'java/lang/NoSuchMethodError'{0x000000008bbd1868}: <clinit>> (0x000000008bbd1868) thrown at [./src/hotspot/share/prims/jni.cpp, line 1362]
Event: 9.129 Thread 0x000001a925c17800 Exception <a 'java/lang/NoSuchMethodError'{0x000000008bbd2d48}: <clinit>> (0x000000008bbd2d48) thrown at [./src/hotspot/share/prims/jni.cpp, line 1362]
Event: 9.318 Thread 0x000001a924794800 Implicit null exception at 0x000001a912b2ebd2 to 0x000001a912b2efd8
Event: 9.409 Thread 0x000001a925c17800 Exception <a 'java/lang/NoSuchMethodError'{0x000000008fc47950}: 'int java.lang.invoke.DirectMethodHandle$Holder.invokeSpecial(java.lang.Object, java.lang.Object, java.lang.Object, java.lang.Object, java.lang.Object)'> (0x000000008fc47950) thrown at [./src/hotspot/share/interpreter/linkResolver.cpp, line 773]
Event: 9.749 Thread 0x000001a925c17800 Exception <a 'java/lang/NoSuchMethodError'{0x000000008f250718}: 'java.lang.Object java.lang.invoke.DirectMethodHandle$Holder.invokeStatic(java.lang.Object, java.lang.Object, int, java.lang.Object, java.lang.Object, java.lang.Object, java.lang.Object)'> (0x000000008f250718) thrown at [./src/hotspot/share/interpreter/linkResolver.cpp, line 773]
Event: 10.190 Thread 0x000001a925c17800 Exception <a 'java/lang/NoSuchMethodError'{0x000000008e18ba00}: 'java.lang.Object java.lang.invoke.Invokers$Holder.linkToTargetMethod(java.lang.Object, java.lang.Object, java.lang.Object, int, int, java.lang.Object)'> (0x000000008e18ba00) thrown at [./src/hotspot/share/interpreter/linkResolver.cpp, line 773]
Event: 10.379 Thread 0x000001a925c17800 Exception <a 'java/lang/NoSuchMethodError'{0x000000008d0ebb68}: 'int java.lang.invoke.DirectMethodHandle$Holder.invokeVirtual(java.lang.Object, java.lang.Object, java.lang.Object)'> (0x000000008d0ebb68) thrown at [./src/hotspot/share/interpreter/linkResolver.cpp, line 773]

Events (20 events):
Event: 10.450 loading class com/sun/tools/javac/tree/JCTree$JCLiteral done
Event: 10.452 Thread 0x000001a9245a3000 Thread added: 0x000001a9245a3000
Event: 10.468 Executing VM operation: ICBufferFull
Event: 10.468 Executing VM operation: ICBufferFull done
Event: 10.549 loading class org/gradle/process/internal/health/memory/JvmMemoryStatusSnapshot
Event: 10.549 loading class org/gradle/process/internal/health/memory/JvmMemoryStatusSnapshot done
Event: 10.549 Executing VM operation: RevokeBias
Event: 10.549 Executing VM operation: RevokeBias done
Event: 10.549 Executing VM operation: RevokeBias
Event: 10.550 Executing VM operation: RevokeBias done
Event: 10.634 loading class java/util/EnumMap$Values
Event: 10.634 loading class java/util/EnumMap$Values done
Event: 10.634 loading class java/util/EnumMap$ValueIterator
Event: 10.634 loading class java/util/EnumMap$ValueIterator done
Event: 10.635 loading class com/sun/tools/javac/resources/spi/versionProvider
Event: 10.635 loading class com/sun/tools/javac/resources/spi/versionProvider done
Event: 10.639 loading class java/lang/Throwable$WrappedPrintWriter
Event: 10.640 loading class java/lang/Throwable$PrintStreamOrWriter
Event: 10.640 loading class java/lang/Throwable$PrintStreamOrWriter done
Event: 10.640 loading class java/lang/Throwable$WrappedPrintWriter done


Dynamic libraries:
0x00007ff64f110000 - 0x00007ff64f11a000 	C:\Program Files\Android\Android Studio\jre\bin\java.exe
0x00007ff9d2930000 - 0x00007ff9d2b47000 	C:\WINDOWS\SYSTEM32\ntdll.dll
0x00007ff9d2360000 - 0x00007ff9d2424000 	C:\WINDOWS\System32\KERNEL32.DLL
0x00007ff9d02e0000 - 0x00007ff9d0686000 	C:\WINDOWS\System32\KERNELBASE.dll
0x00007ff9d0190000 - 0x00007ff9d02a1000 	C:\WINDOWS\System32\ucrtbase.dll
0x00007ff9a5c50000 - 0x00007ff9a5c67000 	C:\Program Files\Android\Android Studio\jre\bin\VCRUNTIME140.dll
0x00007ff9aa170000 - 0x00007ff9aa189000 	C:\Program Files\Android\Android Studio\jre\bin\jli.dll
0x00007ff9d1850000 - 0x00007ff9d19fe000 	C:\WINDOWS\System32\USER32.dll
0x00007ff9b28b0000 - 0x00007ff9b2b43000 	C:\WINDOWS\WinSxS\amd64_microsoft.windows.common-controls_6595b64144ccf1df_6.0.22621.2361_none_2712ced57382f843\COMCTL32.dll
0x00007ff9d02b0000 - 0x00007ff9d02d6000 	C:\WINDOWS\System32\win32u.dll
0x00007ff9d2260000 - 0x00007ff9d2307000 	C:\WINDOWS\System32\msvcrt.dll
0x00007ff9d0f10000 - 0x00007ff9d0f39000 	C:\WINDOWS\System32\GDI32.dll
0x00007ff9cfcb0000 - 0x00007ff9cfdc8000 	C:\WINDOWS\System32\gdi32full.dll
0x00007ff9cffb0000 - 0x00007ff9d004a000 	C:\WINDOWS\System32\msvcp_win.dll
0x00007ff9d2320000 - 0x00007ff9d2351000 	C:\WINDOWS\System32\IMM32.DLL
0x00007ff99eb70000 - 0x00007ff99ec0d000 	C:\Program Files\Android\Android Studio\jre\bin\msvcp140.dll
0x00007ff96d360000 - 0x00007ff96de35000 	C:\Program Files\Android\Android Studio\jre\bin\server\jvm.dll
0x00007ff9d0a00000 - 0x00007ff9d0ab0000 	C:\WINDOWS\System32\ADVAPI32.dll
0x00007ff9d2840000 - 0x00007ff9d28e6000 	C:\WINDOWS\System32\sechost.dll
0x00007ff9d26b0000 - 0x00007ff9d27c7000 	C:\WINDOWS\System32\RPCRT4.dll
0x00007ff9d2520000 - 0x00007ff9d2528000 	C:\WINDOWS\System32\PSAPI.DLL
0x00007ff9cd1e0000 - 0x00007ff9cd1e9000 	C:\WINDOWS\SYSTEM32\WSOCK32.dll
0x00007ff9ca490000 - 0x00007ff9ca4c4000 	C:\WINDOWS\SYSTEM32\WINMM.dll
0x00007ff9d2530000 - 0x00007ff9d25a1000 	C:\WINDOWS\System32\WS2_32.dll
0x00007ff9cabe0000 - 0x00007ff9cabea000 	C:\WINDOWS\SYSTEM32\VERSION.dll
0x00007ff9ced40000 - 0x00007ff9ced58000 	C:\WINDOWS\SYSTEM32\kernel.appcore.dll
0x00007ff9cb970000 - 0x00007ff9cb981000 	C:\Program Files\Android\Android Studio\jre\bin\verify.dll
0x00007ff9ccf50000 - 0x00007ff9cd17e000 	C:\WINDOWS\SYSTEM32\DBGHELP.DLL
0x00007ff9d0f40000 - 0x00007ff9d12ca000 	C:\WINDOWS\System32\combase.dll
0x00007ff9d2430000 - 0x00007ff9d2507000 	C:\WINDOWS\System32\OLEAUT32.dll
0x00007ff9c71e0000 - 0x00007ff9c7212000 	C:\WINDOWS\SYSTEM32\dbgcore.DLL
0x00007ff9d0050000 - 0x00007ff9d00ca000 	C:\WINDOWS\System32\bcryptPrimitives.dll
0x00007ff9b5a60000 - 0x00007ff9b5a89000 	C:\Program Files\Android\Android Studio\jre\bin\java.dll
0x00007ff9cb9a0000 - 0x00007ff9cb9ab000 	C:\Program Files\Android\Android Studio\jre\bin\jimage.dll
0x00007ff9b1e60000 - 0x00007ff9b1e78000 	C:\Program Files\Android\Android Studio\jre\bin\zip.dll
0x00007ff9d1a00000 - 0x00007ff9d2258000 	C:\WINDOWS\System32\SHELL32.dll
0x00007ff9cdbd0000 - 0x00007ff9ce4c2000 	C:\WINDOWS\SYSTEM32\windows.storage.dll
0x00007ff9cda90000 - 0x00007ff9cdbce000 	C:\WINDOWS\SYSTEM32\wintypes.dll
0x00007ff9d0900000 - 0x00007ff9d09f3000 	C:\WINDOWS\System32\SHCORE.dll
0x00007ff9d08a0000 - 0x00007ff9d08fe000 	C:\WINDOWS\System32\shlwapi.dll
0x00007ff9cfbe0000 - 0x00007ff9cfc06000 	C:\WINDOWS\SYSTEM32\profapi.dll
0x00007ff9b1b20000 - 0x00007ff9b1b3a000 	C:\Program Files\Android\Android Studio\jre\bin\net.dll
0x00007ff9ca2f0000 - 0x00007ff9ca427000 	C:\WINDOWS\SYSTEM32\WINHTTP.dll
0x00007ff9cf220000 - 0x00007ff9cf289000 	C:\WINDOWS\system32\mswsock.dll
0x00007ff9b0670000 - 0x00007ff9b0684000 	C:\Program Files\Android\Android Studio\jre\bin\nio.dll
0x00007ff9b0860000 - 0x00007ff9b0887000 	C:\Users\bob arcon\.gradle\native\e1d6ef7f7dcc3fd88c89a11ec53ec762bb8ba0a96d01ffa2cd45eb1d1d8dd5c5\windows-amd64\native-platform.dll
0x00007ff9761b0000 - 0x00007ff9762f4000 	C:\Users\bob arcon\.gradle\native\5664cfc778a61ccfe75a443a1ab52a65af34e5dc3c78e0209fed803814484fcb\windows-amd64\native-platform-file-events.dll
0x00007ff9c82b0000 - 0x00007ff9c82ba000 	C:\Program Files\Android\Android Studio\jre\bin\management.dll
0x00007ff9c8100000 - 0x00007ff9c810d000 	C:\Program Files\Android\Android Studio\jre\bin\management_ext.dll
0x00007ff9cf4b0000 - 0x00007ff9cf4cb000 	C:\WINDOWS\SYSTEM32\CRYPTSP.dll
0x00007ff9ced00000 - 0x00007ff9ced35000 	C:\WINDOWS\system32\rsaenh.dll
0x00007ff9cf330000 - 0x00007ff9cf35c000 	C:\WINDOWS\SYSTEM32\USERENV.dll
0x00007ff9cf650000 - 0x00007ff9cf678000 	C:\WINDOWS\SYSTEM32\bcrypt.dll
0x00007ff9cf4d0000 - 0x00007ff9cf4dc000 	C:\WINDOWS\SYSTEM32\CRYPTBASE.dll
0x00007ff9ce7e0000 - 0x00007ff9ce80d000 	C:\WINDOWS\SYSTEM32\IPHLPAPI.DLL
0x00007ff9d2310000 - 0x00007ff9d2319000 	C:\WINDOWS\System32\NSI.dll
0x00007ff9ca470000 - 0x00007ff9ca489000 	C:\WINDOWS\SYSTEM32\dhcpcsvc6.DLL
0x00007ff9ca230000 - 0x00007ff9ca24f000 	C:\WINDOWS\SYSTEM32\dhcpcsvc.DLL
0x00007ff9ce810000 - 0x00007ff9ce909000 	C:\WINDOWS\SYSTEM32\DNSAPI.dll

dbghelp: loaded successfully - version: 4.0.5 - missing functions: none
symbol engine: initialized successfully - sym options: 0x614 - pdb path: .;C:\Program Files\Android\Android Studio\jre\bin;C:\WINDOWS\SYSTEM32;C:\WINDOWS\WinSxS\amd64_microsoft.windows.common-controls_6595b64144ccf1df_6.0.22621.2361_none_2712ced57382f843;C:\Program Files\Android\Android Studio\jre\bin\server;C:\Users\bob arcon\.gradle\native\e1d6ef7f7dcc3fd88c89a11ec53ec762bb8ba0a96d01ffa2cd45eb1d1d8dd5c5\windows-amd64;C:\Users\bob arcon\.gradle\native\5664cfc778a61ccfe75a443a1ab52a65af34e5dc3c78e0209fed803814484fcb\windows-amd64

VM Arguments:
jvm_args: --add-opens=java.base/java.util=ALL-UNNAMED --add-opens=java.base/java.lang=ALL-UNNAMED --add-opens=java.base/java.lang.invoke=ALL-UNNAMED --add-opens=java.base/java.util=ALL-UNNAMED --add-opens=java.prefs/java.util.prefs=ALL-UNNAMED --add-opens=java.prefs/java.util.prefs=ALL-UNNAMED --add-opens=java.base/java.nio.charset=ALL-UNNAMED --add-opens=java.base/java.net=ALL-UNNAMED --add-opens=java.base/java.util.concurrent.atomic=ALL-UNNAMED -Xmx2048m -Dfile.encoding=UTF-8 -Duser.country=US -Duser.language=en -Duser.variant 
java_command: org.gradle.launcher.daemon.bootstrap.GradleDaemon 7.2
java_class_path (initial): C:\Users\bob arcon\.gradle\wrapper\dists\gradle-7.2-bin\2dnblmf4td7x66yl1d74lt32g\gradle-7.2\lib\gradle-launcher-7.2.jar
Launcher Type: SUN_STANDARD

[Global flags]
     intx CICompilerCount                          = 4                                         {product} {ergonomic}
     uint ConcGCThreads                            = 2                                         {product} {ergonomic}
     uint G1ConcRefinementThreads                  = 8                                         {product} {ergonomic}
   size_t G1HeapRegionSize                         = 1048576                                   {product} {ergonomic}
    uintx GCDrainStackTargetSize                   = 64                                        {product} {ergonomic}
   size_t InitialHeapSize                          = 266338304                                 {product} {ergonomic}
   size_t MarkStackSize                            = 4194304                                   {product} {ergonomic}
   size_t MaxHeapSize                              = 2147483648                                {product} {command line}
   size_t MaxNewSize                               = 1287651328                                {product} {ergonomic}
   size_t MinHeapDeltaBytes                        = 1048576                                   {product} {ergonomic}
    uintx NonNMethodCodeHeapSize                   = 5836300                                {pd product} {ergonomic}
    uintx NonProfiledCodeHeapSize                  = 122910970                              {pd product} {ergonomic}
    uintx ProfiledCodeHeapSize                     = 122910970                              {pd product} {ergonomic}
    uintx ReservedCodeCacheSize                    = 251658240                              {pd product} {ergonomic}
     bool SegmentedCodeCache                       = true                                      {product} {ergonomic}
     bool UseCompressedClassPointers               = true                                 {lp64_product} {ergonomic}
     bool UseCompressedOops                        = true                                 {lp64_product} {ergonomic}
     bool UseG1GC                                  = true                                      {product} {ergonomic}
     bool UseLargePagesIndividualAllocation        = false                                  {pd product} {ergonomic}

Logging:
Log output configuration:
 #0: stdout all=warning uptime,level,tags
 #1: stderr all=off uptime,level,tags

Environment Variables:
PATH=C:\Windows\system32;C:\Windows;C:\Windows\System32\Wbem;C:\Windows\System32\WindowsPowerShell\v1.0\;C:\Windows\System32\OpenSSH\;C:\Program Files (x86)\NVIDIA Corporation\PhysX\Common;C:\Program Files\NVIDIA Corporation\NVIDIA NvDLISR;C:\WINDOWS\system32;C:\WINDOWS;C:\WINDOWS\System32\Wbem;C:\WINDOWS\System32\WindowsPowerShell\v1.0\;C:\WINDOWS\System32\OpenSSH\;C:\Program Files\dotnet\;C:\WINDOWS\system32;C:\WINDOWS;C:\WINDOWS\System32\Wbem;C:\WINDOWS\System32\WindowsPowerShell\v1.0\;C:\WINDOWS\System32\OpenSSH\;C:\Program Files (x86)\Microsoft SQL Server\100\Tools\Binn\;C:\Program Files\Microsoft SQL Server\100\Tools\Binn\;C:\Program Files\Microsoft SQL Server\100\DTS\Binn\;C:\Program Files (x86)\Microsoft SQL Server\100\Tools\Binn\VSShell\Common7\IDE\;C:\Program Files (x86)\Microsoft SQL Server\100\DTS\Binn\;C:\Program Files\Microsoft SQL Server\150\Tools\Binn\;C:\Program Files\Microsoft SQL Server\Client SDK\ODBC\170\Tools\Binn\;C:\Program Files\Git\cmd;C:\Users\bob arcon\AppData\Local\Microsoft\WindowsApps;C:\Users\bob arcon\.dotnet\tools;
USERNAME=bob arcon
OS=Windows_NT
PROCESSOR_IDENTIFIER=Intel64 Family 6 Model 165 Stepping 2, GenuineIntel



---------------  S Y S T E M  ---------------

OS: Windows 10 , 64 bit Build 22621 (10.0.22621.2361)
OS uptime: 0 days 14:15 hours
Hyper-V role detected

CPU:total 8 (initial active 8) (4 cores per cpu, 2 threads per core) family 6 model 165 stepping 2 microcode 0xe0, cmov, cx8, fxsr, mmx, sse, sse2, sse3, ssse3, sse4.1, sse4.2, popcnt, avx, avx2, aes, clmul, erms, 3dnowpref, lzcnt, ht, tsc, tscinvbit, bmi1, bmi2, adx, fma

Memory: 4k page, system-wide physical 16215M (2615M free)
TotalPageFile size 34270M (AvailPageFile size 5M)
current process WorkingSet (physical memory assigned to process): 503M, peak: 503M
current process commit charge ("private bytes"): 567M, peak: 569M

vm_info: OpenJDK 64-Bit Server VM (11.0.11+9-b60-7590822) for windows-amd64 JRE (11.0.11+9-b60-7590822), built on Jul 29 2021 21:43:44 by "builder" with MS VC++ 14.0 (VS2015)

END.
