#
# There is insufficient memory for the Java Runtime Environment to continue.
# Native memory allocation (malloc) failed to allocate 1131696 bytes for Chunk::new
# Possible reasons:
#   The system is out of physical RAM or swap space
#   The process is running with CompressedOops enabled, and the Java Heap may be blocking the growth of the native heap
# Possible solutions:
#   Reduce memory load on the system
#   Increase physical memory or swap space
#   Check if swap backing store is full
#   Decrease Java heap size (-Xmx/-Xms)
#   Decrease number of Java threads
#   Decrease Java thread stack sizes (-Xss)
#   Set larger code cache with -XX:ReservedCodeCacheSize=
#   JVM is running with Unscaled Compressed Oops mode in which the Java heap is
#     placed in the first 4GB address space. The Java Heap base address is the
#     maximum limit for the native heap growth. Please use -XX:HeapBaseMinAddress
#     to set the Java Heap base and to place the Java Heap above 4GB virtual address.
# This output file may be truncated or incomplete.
#
#  Out of Memory Error (./src/hotspot/share/memory/arena.cpp:197), pid=20376, tid=19500
#
# JRE version: OpenJDK Runtime Environment (11.0.11+9) (build 11.0.11+9-b60-7590822)
# Java VM: OpenJDK 64-Bit Server VM (11.0.11+9-b60-7590822, mixed mode, tiered, compressed oops, g1 gc, windows-amd64)
# No core dump will be written. Minidumps are not enabled by default on client versions of Windows
#

---------------  S U M M A R Y ------------

Command Line: --add-opens=java.base/java.util=ALL-UNNAMED --add-opens=java.base/java.lang=ALL-UNNAMED --add-opens=java.base/java.lang.invoke=ALL-UNNAMED --add-opens=java.base/java.util=ALL-UNNAMED --add-opens=java.prefs/java.util.prefs=ALL-UNNAMED --add-opens=java.prefs/java.util.prefs=ALL-UNNAMED --add-opens=java.base/java.nio.charset=ALL-UNNAMED --add-opens=java.base/java.net=ALL-UNNAMED --add-opens=java.base/java.util.concurrent.atomic=ALL-UNNAMED -Xmx2048m -Dfile.encoding=UTF-8 -Duser.country=US -Duser.language=en -Duser.variant org.gradle.launcher.daemon.bootstrap.GradleDaemon 7.2

Host: Intel(R) Core(TM) i5-10300H CPU @ 2.50GHz, 8 cores, 15G,  Windows 10 , 64 bit Build 22621 (10.0.22621.2361)
Time: Tue Oct 10 10:01:25 2023 Malay Peninsula Standard Time elapsed time: 11.621469 seconds (0d 0h 0m 11s)

---------------  T H R E A D  ---------------

Current thread (0x0000028447d9d800):  JavaThread "C2 CompilerThread2" daemon [_thread_in_native, id=19500, stack(0x000000f2ca800000,0x000000f2ca900000)]


Current CompileTask:
C2:  11621 11797  s!   4       jdk.internal.loader.URLClassPath::getLoader (194 bytes)

Stack: [0x000000f2ca800000,0x000000f2ca900000]
Native frames: (J=compiled Java code, j=interpreted, Vv=VM code, C=native code)
V  [jvm.dll+0x5f214a]
V  [jvm.dll+0x726fb5]
V  [jvm.dll+0x7285cd]
V  [jvm.dll+0x728c83]
V  [jvm.dll+0x243278]
V  [jvm.dll+0xbc53c]
V  [jvm.dll+0xbca3c]
V  [jvm.dll+0x353e7d]
V  [jvm.dll+0x321893]
V  [jvm.dll+0x320d8a]
V  [jvm.dll+0x1fc1e2]
V  [jvm.dll+0x1fb3d4]
V  [jvm.dll+0x183d6c]
V  [jvm.dll+0x209a57]
V  [jvm.dll+0x2082a1]
V  [jvm.dll+0x6ef58f]
V  [jvm.dll+0x6e80b5]
V  [jvm.dll+0x5f1036]
C  [ucrtbase.dll+0x29363]
C  [KERNEL32.DLL+0x1257d]
C  [ntdll.dll+0x5aa78]


---------------  P R O C E S S  ---------------

Threads class SMR info:
_java_thread_list=0x000002844b87b240, length=134, elements={
0x000002842aba9000, 0x0000028445893800, 0x000002844589f000, 0x00000284458ef800,
0x00000284458f0800, 0x00000284458f1800, 0x00000284458f4000, 0x00000284458f5000,
0x0000028445901800, 0x0000028445a7d000, 0x0000028448532800, 0x0000028445c4e000,
0x00000284468c0000, 0x0000028447a53800, 0x0000028447eac000, 0x00000284489c3000,
0x0000028447e96800, 0x000002844781f800, 0x0000028448e8a000, 0x0000028448e8b000,
0x0000028448e85800, 0x0000028448e88800, 0x0000028448e8c000, 0x0000028448e87000,
0x0000028448e89800, 0x0000028448e86000, 0x0000028448e88000, 0x00000284493e5000,
0x00000284493e4800, 0x00000284493e6000, 0x00000284493e0000, 0x00000284493e7000,
0x00000284493e2800, 0x00000284493e1000, 0x00000284493eb000, 0x00000284493ea000,
0x00000284493e9000, 0x00000284493eb800, 0x00000284493ec800, 0x00000284493ed800,
0x00000284493e7800, 0x00000284493ee000, 0x00000284493ef000, 0x0000028448dea800,
0x0000028448deb000, 0x0000028448de8800, 0x0000028448dec000, 0x0000028448de9800,
0x0000028448ded000, 0x0000028448ded800, 0x0000028448de8000, 0x0000028448df1800,
0x0000028448df2800, 0x0000028448def800, 0x0000028448df3800, 0x0000028448df4000,
0x0000028448df0000, 0x0000028448df1000, 0x0000028448dee800, 0x0000028448df5000,
0x0000028448df6000, 0x0000028448df6800, 0x000002844ca2d800, 0x000002844ca28800,
0x000002844ca2e000, 0x000002844ca2f000, 0x000002844ca2c000, 0x000002844ca2a000,
0x000002844ca29800, 0x000002844ca30000, 0x000002844ca30800, 0x000002844ca2c800,
0x000002844ca2b000, 0x000002844ca36800, 0x000002844ca35800, 0x000002844ca32800,
0x000002844ca37000, 0x000002844ca31800, 0x000002844ca34000, 0x000002844ca34800,
0x000002844ca33000, 0x000002844ad58000, 0x000002844ad55800, 0x000002844ad59000,
0x000002844ad59800, 0x000002844ad56800, 0x000002844ad57000, 0x000002844ad5a800,
0x000002844ad55000, 0x000002844ad61000, 0x000002844ad5d000, 0x000002844ad5c000,
0x000002844ad60000, 0x000002844ad5e000, 0x000002844ad5e800, 0x000002844ad5f800,
0x000002844ad5b800, 0x000002844ad62000, 0x000002844ad62800, 0x000002844ad63800,
0x000002844ac9e000, 0x000002844ac9b800, 0x000002844ac9a000, 0x000002844ac9c800,
0x000002844ac9d800, 0x000002844aca0000, 0x000002844ac9f000, 0x000002844aca0800,
0x000002844ac9b000, 0x000002844aca7000, 0x000002844aca3000, 0x000002844aca1800,
0x000002844aca4800, 0x000002844aca4000, 0x000002844aca5800, 0x000002844aca6800,
0x000002844aca8000, 0x000002844aca2800, 0x000002844aca9000, 0x000002844b3ff800,
0x000002844b402000, 0x000002844b401800, 0x000002844b403000, 0x000002844b3fd000,
0x000002844b403800, 0x000002844b3fe000, 0x000002844b400800, 0x000002844b404800,
0x000002844b3ff000, 0x000002844b40a800, 0x000002844b409800, 0x000002844b40b000,
0x000002844ea43800, 0x0000028447d9d800
}

Java Threads: ( => current thread )
  0x000002842aba9000 JavaThread "main" [_thread_blocked, id=17596, stack(0x000000f2c1400000,0x000000f2c1500000)]
  0x0000028445893800 JavaThread "Reference Handler" daemon [_thread_blocked, id=6416, stack(0x000000f2c1b00000,0x000000f2c1c00000)]
  0x000002844589f000 JavaThread "Finalizer" daemon [_thread_blocked, id=6088, stack(0x000000f2c1c00000,0x000000f2c1d00000)]
  0x00000284458ef800 JavaThread "Signal Dispatcher" daemon [_thread_blocked, id=8296, stack(0x000000f2c1d00000,0x000000f2c1e00000)]
  0x00000284458f0800 JavaThread "Attach Listener" daemon [_thread_blocked, id=20420, stack(0x000000f2c1e00000,0x000000f2c1f00000)]
  0x00000284458f1800 JavaThread "Service Thread" daemon [_thread_blocked, id=16036, stack(0x000000f2c1f00000,0x000000f2c2000000)]
  0x00000284458f4000 JavaThread "C2 CompilerThread0" daemon [_thread_in_native, id=12848, stack(0x000000f2c2000000,0x000000f2c2100000)]
  0x00000284458f5000 JavaThread "C1 CompilerThread0" daemon [_thread_in_native, id=15912, stack(0x000000f2c2100000,0x000000f2c2200000)]
  0x0000028445901800 JavaThread "Sweeper thread" daemon [_thread_blocked, id=15036, stack(0x000000f2c2200000,0x000000f2c2300000)]
  0x0000028445a7d000 JavaThread "Common-Cleaner" daemon [_thread_blocked, id=18720, stack(0x000000f2c2300000,0x000000f2c2400000)]
  0x0000028448532800 JavaThread "Daemon health stats" [_thread_blocked, id=6680, stack(0x000000f2c2c00000,0x000000f2c2d00000)]
  0x0000028445c4e000 JavaThread "Incoming local TCP Connector on port 65500" [_thread_in_native, id=7708, stack(0x000000f2c2500000,0x000000f2c2600000)]
  0x00000284468c0000 JavaThread "Daemon periodic checks" [_thread_blocked, id=4164, stack(0x000000f2c2b00000,0x000000f2c2c00000)]
  0x0000028447a53800 JavaThread "Daemon" [_thread_blocked, id=8480, stack(0x000000f2c2d00000,0x000000f2c2e00000)]
  0x0000028447eac000 JavaThread "Handler for socket connection from /127.0.0.1:65500 to /127.0.0.1:65501" [_thread_in_native, id=19688, stack(0x000000f2c2e00000,0x000000f2c2f00000)]
  0x00000284489c3000 JavaThread "Cancel handler" [_thread_blocked, id=13992, stack(0x000000f2c2f00000,0x000000f2c3000000)]
  0x0000028447e96800 JavaThread "Daemon worker" [_thread_blocked, id=19564, stack(0x000000f2c3000000,0x000000f2c3100000)]
  0x000002844781f800 JavaThread "Asynchronous log dispatcher for DefaultDaemonConnection: socket connection from /127.0.0.1:65500 to /127.0.0.1:65501" [_thread_blocked, id=12472, stack(0x000000f2c3100000,0x000000f2c3200000)]
  0x0000028448e8a000 JavaThread "Stdin handler" [_thread_blocked, id=16472, stack(0x000000f2c3200000,0x000000f2c3300000)]
  0x0000028448e8b000 JavaThread "Daemon client event forwarder" [_thread_blocked, id=15272, stack(0x000000f2c3300000,0x000000f2c3400000)]
  0x0000028448e85800 JavaThread "Cache worker for journal cache (C:\Users\bob arcon\.gradle\caches\journal-1)" [_thread_blocked, id=20236, stack(0x000000f2c3400000,0x000000f2c3500000)]
  0x0000028448e88800 JavaThread "File lock request listener" [_thread_in_native, id=20248, stack(0x000000f2c3500000,0x000000f2c3600000)]
  0x0000028448e8c000 JavaThread "Cache worker for file hash cache (C:\Users\bob arcon\.gradle\caches\7.2\fileHashes)" [_thread_blocked, id=20092, stack(0x000000f2c3600000,0x000000f2c3700000)]
  0x0000028448e87000 JavaThread "Cache worker for file hash cache (C:\Users\bob arcon\Desktop\ANDROID POS\MyApplication2\.gradle\7.2\fileHashes)" [_thread_blocked, id=19812, stack(0x000000f2c3b00000,0x000000f2c3c00000)]
  0x0000028448e89800 JavaThread "File watcher server" daemon [_thread_in_native, id=12672, stack(0x000000f2c3d00000,0x000000f2c3e00000)]
  0x0000028448e86000 JavaThread "File watcher consumer" daemon [_thread_blocked, id=7380, stack(0x000000f2c3e00000,0x000000f2c3f00000)]
  0x0000028448e88000 JavaThread "Cache worker for checksums cache (C:\Users\bob arcon\Desktop\ANDROID POS\MyApplication2\.gradle\checksums)" [_thread_blocked, id=9236, stack(0x000000f2c3f00000,0x000000f2c4000000)]
  0x00000284493e5000 JavaThread "Cache worker for cache directory md-supplier (C:\Users\bob arcon\.gradle\caches\7.2\md-supplier)" [_thread_blocked, id=7580, stack(0x000000f2c4000000,0x000000f2c4100000)]
  0x00000284493e4800 JavaThread "Cache worker for cache directory md-rule (C:\Users\bob arcon\.gradle\caches\7.2\md-rule)" [_thread_blocked, id=16220, stack(0x000000f2c4100000,0x000000f2c4200000)]
  0x00000284493e6000 JavaThread "Cache worker for execution history cache (C:\Users\bob arcon\.gradle\caches\7.2\executionHistory)" [_thread_blocked, id=15672, stack(0x000000f2c4200000,0x000000f2c4300000)]
  0x00000284493e0000 JavaThread "jar transforms" [_thread_blocked, id=19780, stack(0x000000f2c4300000,0x000000f2c4400000)]
  0x00000284493e7000 JavaThread "Cache worker for file content cache (C:\Users\bob arcon\.gradle\caches\7.2\fileContent)" [_thread_blocked, id=19232, stack(0x000000f2c4400000,0x000000f2c4500000)]
  0x00000284493e2800 JavaThread "jar transforms Thread 2" [_thread_blocked, id=1520, stack(0x000000f2c4500000,0x000000f2c4600000)]
  0x00000284493e1000 JavaThread "Cache worker for dependencies-accessors (C:\Users\bob arcon\Desktop\ANDROID POS\MyApplication2\.gradle\7.2\dependencies-accessors)" [_thread_blocked, id=11788, stack(0x000000f2c4600000,0x000000f2c4700000)]
  0x00000284493eb000 JavaThread "jar transforms Thread 3" [_thread_blocked, id=9256, stack(0x000000f2c4700000,0x000000f2c4800000)]
  0x00000284493ea000 JavaThread "Cache worker for Build Output Cleanup Cache (C:\Users\bob arcon\Desktop\ANDROID POS\MyApplication2\.gradle\buildOutputCleanup)" [_thread_blocked, id=15532, stack(0x000000f2c4800000,0x000000f2c4900000)]
  0x00000284493e9000 JavaThread "Unconstrained build operations" [_thread_blocked, id=1656, stack(0x000000f2c4900000,0x000000f2c4a00000)]
  0x00000284493eb800 JavaThread "Unconstrained build operations Thread 2" [_thread_blocked, id=20148, stack(0x000000f2c4a00000,0x000000f2c4b00000)]
  0x00000284493ec800 JavaThread "Unconstrained build operations Thread 3" [_thread_blocked, id=12292, stack(0x000000f2c4b00000,0x000000f2c4c00000)]
  0x00000284493ed800 JavaThread "Unconstrained build operations Thread 4" [_thread_blocked, id=15832, stack(0x000000f2c4c00000,0x000000f2c4d00000)]
  0x00000284493e7800 JavaThread "Unconstrained build operations Thread 5" [_thread_blocked, id=20396, stack(0x000000f2c4d00000,0x000000f2c4e00000)]
  0x00000284493ee000 JavaThread "Unconstrained build operations Thread 6" [_thread_blocked, id=20300, stack(0x000000f2c4e00000,0x000000f2c4f00000)]
  0x00000284493ef000 JavaThread "Unconstrained build operations Thread 7" [_thread_blocked, id=16416, stack(0x000000f2c4f00000,0x000000f2c5000000)]
  0x0000028448dea800 JavaThread "Unconstrained build operations Thread 8" [_thread_blocked, id=19180, stack(0x000000f2c5000000,0x000000f2c5100000)]
  0x0000028448deb000 JavaThread "Unconstrained build operations Thread 9" [_thread_blocked, id=10252, stack(0x000000f2c5100000,0x000000f2c5200000)]
  0x0000028448de8800 JavaThread "Unconstrained build operations Thread 10" [_thread_blocked, id=20356, stack(0x000000f2c5200000,0x000000f2c5300000)]
  0x0000028448dec000 JavaThread "Unconstrained build operations Thread 11" [_thread_blocked, id=18712, stack(0x000000f2c5300000,0x000000f2c5400000)]
  0x0000028448de9800 JavaThread "Unconstrained build operations Thread 12" [_thread_blocked, id=18844, stack(0x000000f2c5400000,0x000000f2c5500000)]
  0x0000028448ded000 JavaThread "Unconstrained build operations Thread 13" [_thread_blocked, id=7364, stack(0x000000f2c5500000,0x000000f2c5600000)]
  0x0000028448ded800 JavaThread "Unconstrained build operations Thread 14" [_thread_blocked, id=19672, stack(0x000000f2c5600000,0x000000f2c5700000)]
  0x0000028448de8000 JavaThread "Unconstrained build operations Thread 15" [_thread_blocked, id=18768, stack(0x000000f2c5700000,0x000000f2c5800000)]
  0x0000028448df1800 JavaThread "Unconstrained build operations Thread 16" [_thread_blocked, id=3316, stack(0x000000f2c5800000,0x000000f2c5900000)]
  0x0000028448df2800 JavaThread "Unconstrained build operations Thread 17" [_thread_blocked, id=17972, stack(0x000000f2c5900000,0x000000f2c5a00000)]
  0x0000028448def800 JavaThread "Unconstrained build operations Thread 18" [_thread_blocked, id=18436, stack(0x000000f2c5a00000,0x000000f2c5b00000)]
  0x0000028448df3800 JavaThread "Unconstrained build operations Thread 19" [_thread_blocked, id=7924, stack(0x000000f2c5b00000,0x000000f2c5c00000)]
  0x0000028448df4000 JavaThread "Unconstrained build operations Thread 20" [_thread_blocked, id=19760, stack(0x000000f2c5c00000,0x000000f2c5d00000)]
  0x0000028448df0000 JavaThread "Unconstrained build operations Thread 21" [_thread_blocked, id=19080, stack(0x000000f2c5d00000,0x000000f2c5e00000)]
  0x0000028448df1000 JavaThread "Unconstrained build operations Thread 22" [_thread_blocked, id=17416, stack(0x000000f2c5e00000,0x000000f2c5f00000)]
  0x0000028448dee800 JavaThread "Unconstrained build operations Thread 23" [_thread_blocked, id=11836, stack(0x000000f2c5f00000,0x000000f2c6000000)]
  0x0000028448df5000 JavaThread "Unconstrained build operations Thread 24" [_thread_blocked, id=18008, stack(0x000000f2c6000000,0x000000f2c6100000)]
  0x0000028448df6000 JavaThread "Unconstrained build operations Thread 25" [_thread_blocked, id=9324, stack(0x000000f2c6100000,0x000000f2c6200000)]
  0x0000028448df6800 JavaThread "Unconstrained build operations Thread 26" [_thread_blocked, id=3216, stack(0x000000f2c6200000,0x000000f2c6300000)]
  0x000002844ca2d800 JavaThread "Unconstrained build operations Thread 27" [_thread_blocked, id=18188, stack(0x000000f2c6300000,0x000000f2c6400000)]
  0x000002844ca28800 JavaThread "Unconstrained build operations Thread 28" [_thread_blocked, id=13116, stack(0x000000f2c6400000,0x000000f2c6500000)]
  0x000002844ca2e000 JavaThread "Unconstrained build operations Thread 29" [_thread_blocked, id=17168, stack(0x000000f2c6500000,0x000000f2c6600000)]
  0x000002844ca2f000 JavaThread "Unconstrained build operations Thread 30" [_thread_blocked, id=1996, stack(0x000000f2c6600000,0x000000f2c6700000)]
  0x000002844ca2c000 JavaThread "Unconstrained build operations Thread 31" [_thread_blocked, id=12016, stack(0x000000f2c6700000,0x000000f2c6800000)]
  0x000002844ca2a000 JavaThread "Unconstrained build operations Thread 32" [_thread_blocked, id=19676, stack(0x000000f2c6800000,0x000000f2c6900000)]
  0x000002844ca29800 JavaThread "Unconstrained build operations Thread 33" [_thread_blocked, id=19552, stack(0x000000f2c6900000,0x000000f2c6a00000)]
  0x000002844ca30000 JavaThread "Unconstrained build operations Thread 34" [_thread_blocked, id=18920, stack(0x000000f2c6a00000,0x000000f2c6b00000)]
  0x000002844ca30800 JavaThread "Unconstrained build operations Thread 35" [_thread_blocked, id=12520, stack(0x000000f2c6b00000,0x000000f2c6c00000)]
  0x000002844ca2c800 JavaThread "Unconstrained build operations Thread 36" [_thread_blocked, id=1152, stack(0x000000f2c6c00000,0x000000f2c6d00000)]
  0x000002844ca2b000 JavaThread "Unconstrained build operations Thread 37" [_thread_blocked, id=19252, stack(0x000000f2c6d00000,0x000000f2c6e00000)]
  0x000002844ca36800 JavaThread "Unconstrained build operations Thread 38" [_thread_blocked, id=9064, stack(0x000000f2c6e00000,0x000000f2c6f00000)]
  0x000002844ca35800 JavaThread "Unconstrained build operations Thread 39" [_thread_blocked, id=15632, stack(0x000000f2c6f00000,0x000000f2c7000000)]
  0x000002844ca32800 JavaThread "Unconstrained build operations Thread 40" [_thread_blocked, id=18560, stack(0x000000f2c7000000,0x000000f2c7100000)]
  0x000002844ca37000 JavaThread "Unconstrained build operations Thread 41" [_thread_blocked, id=10496, stack(0x000000f2c7100000,0x000000f2c7200000)]
  0x000002844ca31800 JavaThread "Unconstrained build operations Thread 42" [_thread_blocked, id=18676, stack(0x000000f2c7200000,0x000000f2c7300000)]
  0x000002844ca34000 JavaThread "Unconstrained build operations Thread 43" [_thread_blocked, id=19588, stack(0x000000f2c7300000,0x000000f2c7400000)]
  0x000002844ca34800 JavaThread "Unconstrained build operations Thread 44" [_thread_blocked, id=4084, stack(0x000000f2c7400000,0x000000f2c7500000)]
  0x000002844ca33000 JavaThread "Unconstrained build operations Thread 45" [_thread_blocked, id=2804, stack(0x000000f2c7500000,0x000000f2c7600000)]
  0x000002844ad58000 JavaThread "Unconstrained build operations Thread 46" [_thread_blocked, id=18704, stack(0x000000f2c7600000,0x000000f2c7700000)]
  0x000002844ad55800 JavaThread "Unconstrained build operations Thread 47" [_thread_blocked, id=16876, stack(0x000000f2c7700000,0x000000f2c7800000)]
  0x000002844ad59000 JavaThread "Unconstrained build operations Thread 48" [_thread_blocked, id=16688, stack(0x000000f2c7800000,0x000000f2c7900000)]
  0x000002844ad59800 JavaThread "Unconstrained build operations Thread 49" [_thread_blocked, id=2896, stack(0x000000f2c7900000,0x000000f2c7a00000)]
  0x000002844ad56800 JavaThread "Unconstrained build operations Thread 50" [_thread_blocked, id=10468, stack(0x000000f2c7a00000,0x000000f2c7b00000)]
  0x000002844ad57000 JavaThread "Unconstrained build operations Thread 51" [_thread_blocked, id=17376, stack(0x000000f2c7b00000,0x000000f2c7c00000)]
  0x000002844ad5a800 JavaThread "Unconstrained build operations Thread 52" [_thread_blocked, id=20232, stack(0x000000f2c7c00000,0x000000f2c7d00000)]
  0x000002844ad55000 JavaThread "Unconstrained build operations Thread 53" [_thread_blocked, id=9264, stack(0x000000f2c7d00000,0x000000f2c7e00000)]
  0x000002844ad61000 JavaThread "Unconstrained build operations Thread 54" [_thread_blocked, id=10036, stack(0x000000f2c7e00000,0x000000f2c7f00000)]
  0x000002844ad5d000 JavaThread "Unconstrained build operations Thread 55" [_thread_blocked, id=19048, stack(0x000000f2c7f00000,0x000000f2c8000000)]
  0x000002844ad5c000 JavaThread "Unconstrained build operations Thread 56" [_thread_blocked, id=9060, stack(0x000000f2c8000000,0x000000f2c8100000)]
  0x000002844ad60000 JavaThread "Unconstrained build operations Thread 57" [_thread_blocked, id=19692, stack(0x000000f2c8100000,0x000000f2c8200000)]
  0x000002844ad5e000 JavaThread "Unconstrained build operations Thread 58" [_thread_blocked, id=18568, stack(0x000000f2c8200000,0x000000f2c8300000)]
  0x000002844ad5e800 JavaThread "Unconstrained build operations Thread 59" [_thread_blocked, id=4320, stack(0x000000f2c8300000,0x000000f2c8400000)]
  0x000002844ad5f800 JavaThread "Unconstrained build operations Thread 60" [_thread_blocked, id=17400, stack(0x000000f2c8400000,0x000000f2c8500000)]
  0x000002844ad5b800 JavaThread "Unconstrained build operations Thread 61" [_thread_blocked, id=18608, stack(0x000000f2c8500000,0x000000f2c8600000)]
  0x000002844ad62000 JavaThread "Unconstrained build operations Thread 62" [_thread_blocked, id=13976, stack(0x000000f2c8600000,0x000000f2c8700000)]
  0x000002844ad62800 JavaThread "Unconstrained build operations Thread 63" [_thread_blocked, id=18784, stack(0x000000f2c8700000,0x000000f2c8800000)]
  0x000002844ad63800 JavaThread "Unconstrained build operations Thread 64" [_thread_blocked, id=14500, stack(0x000000f2c8800000,0x000000f2c8900000)]
  0x000002844ac9e000 JavaThread "Unconstrained build operations Thread 65" [_thread_blocked, id=19056, stack(0x000000f2c8900000,0x000000f2c8a00000)]
  0x000002844ac9b800 JavaThread "Unconstrained build operations Thread 66" [_thread_blocked, id=19832, stack(0x000000f2c8a00000,0x000000f2c8b00000)]
  0x000002844ac9a000 JavaThread "Unconstrained build operations Thread 67" [_thread_blocked, id=17844, stack(0x000000f2c8b00000,0x000000f2c8c00000)]
  0x000002844ac9c800 JavaThread "Unconstrained build operations Thread 68" [_thread_blocked, id=19196, stack(0x000000f2c8c00000,0x000000f2c8d00000)]
  0x000002844ac9d800 JavaThread "Unconstrained build operations Thread 69" [_thread_blocked, id=18164, stack(0x000000f2c8d00000,0x000000f2c8e00000)]
  0x000002844aca0000 JavaThread "Unconstrained build operations Thread 70" [_thread_blocked, id=1436, stack(0x000000f2c8e00000,0x000000f2c8f00000)]
  0x000002844ac9f000 JavaThread "Unconstrained build operations Thread 71" [_thread_blocked, id=2332, stack(0x000000f2c8f00000,0x000000f2c9000000)]
  0x000002844aca0800 JavaThread "Unconstrained build operations Thread 72" [_thread_blocked, id=20084, stack(0x000000f2c9000000,0x000000f2c9100000)]
  0x000002844ac9b000 JavaThread "Unconstrained build operations Thread 73" [_thread_blocked, id=17480, stack(0x000000f2c9100000,0x000000f2c9200000)]
  0x000002844aca7000 JavaThread "Unconstrained build operations Thread 74" [_thread_blocked, id=7492, stack(0x000000f2c9200000,0x000000f2c9300000)]
  0x000002844aca3000 JavaThread "Unconstrained build operations Thread 75" [_thread_blocked, id=19128, stack(0x000000f2c9300000,0x000000f2c9400000)]
  0x000002844aca1800 JavaThread "Unconstrained build operations Thread 76" [_thread_blocked, id=19604, stack(0x000000f2c9400000,0x000000f2c9500000)]
  0x000002844aca4800 JavaThread "Unconstrained build operations Thread 77" [_thread_blocked, id=1256, stack(0x000000f2c9500000,0x000000f2c9600000)]
  0x000002844aca4000 JavaThread "Unconstrained build operations Thread 78" [_thread_blocked, id=18612, stack(0x000000f2c9600000,0x000000f2c9700000)]
  0x000002844aca5800 JavaThread "Unconstrained build operations Thread 79" [_thread_blocked, id=17500, stack(0x000000f2c9700000,0x000000f2c9800000)]
  0x000002844aca6800 JavaThread "Unconstrained build operations Thread 80" [_thread_blocked, id=17584, stack(0x000000f2c9800000,0x000000f2c9900000)]
  0x000002844aca8000 JavaThread "jar transforms Thread 4" [_thread_blocked, id=14464, stack(0x000000f2c9900000,0x000000f2c9a00000)]
  0x000002844aca2800 JavaThread "jar transforms Thread 5" [_thread_blocked, id=2440, stack(0x000000f2c9a00000,0x000000f2c9b00000)]
  0x000002844aca9000 JavaThread "jar transforms Thread 6" [_thread_blocked, id=10972, stack(0x000000f2c9b00000,0x000000f2c9c00000)]
  0x000002844b3ff800 JavaThread "jar transforms Thread 7" [_thread_blocked, id=18048, stack(0x000000f2c9c00000,0x000000f2c9d00000)]
  0x000002844b402000 JavaThread "jar transforms Thread 8" [_thread_blocked, id=4536, stack(0x000000f2c9d00000,0x000000f2c9e00000)]
  0x000002844b401800 JavaThread "Memory manager" [_thread_blocked, id=9040, stack(0x000000f2c9e00000,0x000000f2c9f00000)]
  0x000002844b403000 JavaThread "build event listener" [_thread_blocked, id=20432, stack(0x000000f2c9f00000,0x000000f2ca000000)]
  0x000002844b3fd000 JavaThread "Execution worker for ':'" [_thread_blocked, id=8392, stack(0x000000f2ca000000,0x000000f2ca100000)]
  0x000002844b403800 JavaThread "Execution worker for ':' Thread 2" [_thread_blocked, id=20320, stack(0x000000f2ca100000,0x000000f2ca200000)]
  0x000002844b3fe000 JavaThread "Execution worker for ':' Thread 3" [_thread_blocked, id=13188, stack(0x000000f2ca200000,0x000000f2ca300000)]
  0x000002844b400800 JavaThread "Execution worker for ':' Thread 4" [_thread_blocked, id=12176, stack(0x000000f2ca300000,0x000000f2ca400000)]
  0x000002844b404800 JavaThread "Execution worker for ':' Thread 5" [_thread_blocked, id=5628, stack(0x000000f2ca400000,0x000000f2ca500000)]
  0x000002844b3ff000 JavaThread "Execution worker for ':' Thread 6" [_thread_in_Java, id=19256, stack(0x000000f2ca500000,0x000000f2ca600000)]
  0x000002844b40a800 JavaThread "Execution worker for ':' Thread 7" [_thread_blocked, id=18748, stack(0x000000f2ca600000,0x000000f2ca700000)]
  0x000002844b409800 JavaThread "Cache worker for execution history cache (C:\Users\bob arcon\Desktop\ANDROID POS\MyApplication2\.gradle\7.2\executionHistory)" [_thread_blocked, id=11608, stack(0x000000f2ca700000,0x000000f2ca800000)]
  0x000002844b40b000 JavaThread "Cache worker for Java compile cache (C:\Users\bob arcon\.gradle\caches\7.2\javaCompile)" [_thread_blocked, id=14096, stack(0x000000f2c3c00000,0x000000f2c3d00000)]
  0x000002844ea43800 JavaThread "C2 CompilerThread1" daemon [_thread_in_native, id=14900, stack(0x000000f2c3a00000,0x000000f2c3b00000)]
=>0x0000028447d9d800 JavaThread "C2 CompilerThread2" daemon [_thread_in_native, id=19500, stack(0x000000f2ca800000,0x000000f2ca900000)]

Other Threads:
  0x0000028445891000 VMThread "VM Thread" [stack: 0x000000f2c1a00000,0x000000f2c1b00000] [id=15868]
  0x0000028445a8a000 WatcherThread [stack: 0x000000f2c2400000,0x000000f2c2500000] [id=17420]
  0x000002842abc4000 GCTaskThread "GC Thread#0" [stack: 0x000000f2c1500000,0x000000f2c1600000] [id=3916]
  0x0000028446213000 GCTaskThread "GC Thread#1" [stack: 0x000000f2c2600000,0x000000f2c2700000] [id=19536]
  0x0000028446a29800 GCTaskThread "GC Thread#2" [stack: 0x000000f2c2700000,0x000000f2c2800000] [id=1180]
  0x0000028446a2a000 GCTaskThread "GC Thread#3" [stack: 0x000000f2c2800000,0x000000f2c2900000] [id=20468]
  0x0000028446b06000 GCTaskThread "GC Thread#4" [stack: 0x000000f2c2900000,0x000000f2c2a00000] [id=7228]
  0x0000028446b07000 GCTaskThread "GC Thread#5" [stack: 0x000000f2c2a00000,0x000000f2c2b00000] [id=20364]
  0x000002844939f800 GCTaskThread "GC Thread#6" [stack: 0x000000f2c3700000,0x000000f2c3800000] [id=16048]
  0x0000028448f99000 GCTaskThread "GC Thread#7" [stack: 0x000000f2c3800000,0x000000f2c3900000] [id=19936]
  0x000002842abf6000 ConcurrentGCThread "G1 Main Marker" [stack: 0x000000f2c1600000,0x000000f2c1700000] [id=10256]
  0x000002842abf7000 ConcurrentGCThread "G1 Conc#0" [stack: 0x000000f2c1700000,0x000000f2c1800000] [id=13072]
  0x00000284486ee800 ConcurrentGCThread "G1 Conc#1" [stack: 0x000000f2c3900000,0x000000f2c3a00000] [id=19748]
  0x0000028444edc800 ConcurrentGCThread "G1 Refine#0" [stack: 0x000000f2c1800000,0x000000f2c1900000] [id=20120]
  0x000002844cf34000 ConcurrentGCThread "G1 Refine#1" [stack: 0x000000f2ca900000,0x000000f2caa00000] [id=17040]
  0x000002844cf37000 ConcurrentGCThread "G1 Refine#2" [stack: 0x000000f2caa00000,0x000000f2cab00000] [id=15368]
  0x000002844cf38800 ConcurrentGCThread "G1 Refine#3" [stack: 0x000000f2cab00000,0x000000f2cac00000] [id=19568]
  0x0000028444ede800 ConcurrentGCThread "G1 Young RemSet Sampling" [stack: 0x000000f2c1900000,0x000000f2c1a00000] [id=1936]

Threads with active compile tasks:
C2 CompilerThread0  11652 11555       4       com.sun.tools.javac.comp.Resolve::findInheritedMemberType (186 bytes)
C1 CompilerThread0  11652 11913       2       com.sun.tools.javac.code.Symbol::resetAnnotations (9 bytes)
C2 CompilerThread1  11652 11837       4       com.sun.tools.javac.comp.Resolve::findIdentInPackageInternal (137 bytes)
C2 CompilerThread2  11652 11797  s!   4       jdk.internal.loader.URLClassPath::getLoader (194 bytes)

VM state:not at safepoint (normal execution)

VM Mutex/Monitor currently owned by a thread: None

Heap address: 0x0000000080000000, size: 2048 MB, Compressed Oops mode: 32-bit
Narrow klass base: 0x0000000000000000, Narrow klass shift: 3
Compressed class space size: 1073741824 Address: 0x0000000100000000

Heap:
 garbage-first heap   total 260096K, used 175808K [0x0000000080000000, 0x0000000100000000)
  region size 1024K, 61 young (62464K), 14 survivors (14336K)
 Metaspace       used 90627K, capacity 92983K, committed 93260K, reserved 1130496K
  class space    used 11654K, capacity 12551K, committed 12620K, reserved 1048576K
Heap Regions: E=young(eden), S=young(survivor), O=old, HS=humongous(starts), HC=humongous(continues), CS=collection set, F=free, A=archive, TAMS=top-at-mark-start (previous, next)
|   0|0x0000000080000000, 0x0000000080100000, 0x0000000080100000|100%| O|  |TAMS 0x0000000080100000, 0x0000000080000000| Untracked 
|   1|0x0000000080100000, 0x0000000080200000, 0x0000000080200000|100%| O|  |TAMS 0x0000000080200000, 0x0000000080100000| Untracked 
|   2|0x0000000080200000, 0x0000000080300000, 0x0000000080300000|100%| O|  |TAMS 0x0000000080300000, 0x0000000080200000| Untracked 
|   3|0x0000000080300000, 0x0000000080400000, 0x0000000080400000|100%|HS|  |TAMS 0x0000000080400000, 0x0000000080300000| Complete 
|   4|0x0000000080400000, 0x0000000080500000, 0x0000000080500000|100%|HC|  |TAMS 0x0000000080500000, 0x0000000080400000| Complete 
|   5|0x0000000080500000, 0x0000000080600000, 0x0000000080600000|100%|HC|  |TAMS 0x0000000080600000, 0x0000000080500000| Complete 
|   6|0x0000000080600000, 0x0000000080700000, 0x0000000080700000|100%| O|  |TAMS 0x0000000080700000, 0x0000000080600000| Untracked 
|   7|0x0000000080700000, 0x0000000080800000, 0x0000000080800000|100%| O|  |TAMS 0x0000000080800000, 0x0000000080700000| Untracked 
|   8|0x0000000080800000, 0x0000000080900000, 0x0000000080900000|100%| O|  |TAMS 0x0000000080900000, 0x0000000080800000| Untracked 
|   9|0x0000000080900000, 0x0000000080a00000, 0x0000000080a00000|100%| O|  |TAMS 0x0000000080a00000, 0x0000000080900000| Untracked 
|  10|0x0000000080a00000, 0x0000000080b00000, 0x0000000080b00000|100%| O|  |TAMS 0x0000000080b00000, 0x0000000080a00000| Untracked 
|  11|0x0000000080b00000, 0x0000000080c00000, 0x0000000080c00000|100%| O|  |TAMS 0x0000000080c00000, 0x0000000080b00000| Untracked 
|  12|0x0000000080c00000, 0x0000000080d00000, 0x0000000080d00000|100%| O|  |TAMS 0x0000000080d00000, 0x0000000080c00000| Untracked 
|  13|0x0000000080d00000, 0x0000000080e00000, 0x0000000080e00000|100%| O|  |TAMS 0x0000000080e00000, 0x0000000080d00000| Untracked 
|  14|0x0000000080e00000, 0x0000000080f00000, 0x0000000080f00000|100%| O|  |TAMS 0x0000000080f00000, 0x0000000080e00000| Untracked 
|  15|0x0000000080f00000, 0x0000000081000000, 0x0000000081000000|100%| O|  |TAMS 0x0000000081000000, 0x0000000080f00000| Untracked 
|  16|0x0000000081000000, 0x0000000081100000, 0x0000000081100000|100%| O|  |TAMS 0x0000000081100000, 0x0000000081000000| Untracked 
|  17|0x0000000081100000, 0x0000000081200000, 0x0000000081200000|100%|HS|  |TAMS 0x0000000081200000, 0x0000000081100000| Complete 
|  18|0x0000000081200000, 0x0000000081300000, 0x0000000081300000|100%|HS|  |TAMS 0x0000000081300000, 0x0000000081200000| Complete 
|  19|0x0000000081300000, 0x0000000081400000, 0x0000000081400000|100%|HS|  |TAMS 0x0000000081400000, 0x0000000081300000| Complete 
|  20|0x0000000081400000, 0x0000000081500000, 0x0000000081500000|100%|HS|  |TAMS 0x0000000081500000, 0x0000000081400000| Complete 
|  21|0x0000000081500000, 0x0000000081600000, 0x0000000081600000|100%|HC|  |TAMS 0x0000000081600000, 0x0000000081500000| Complete 
|  22|0x0000000081600000, 0x0000000081700000, 0x0000000081700000|100%| O|  |TAMS 0x0000000081700000, 0x0000000081600000| Untracked 
|  23|0x0000000081700000, 0x0000000081800000, 0x0000000081800000|100%| O|  |TAMS 0x0000000081800000, 0x0000000081700000| Untracked 
|  24|0x0000000081800000, 0x0000000081900000, 0x0000000081900000|100%| O|  |TAMS 0x0000000081900000, 0x0000000081800000| Untracked 
|  25|0x0000000081900000, 0x0000000081a00000, 0x0000000081a00000|100%| O|  |TAMS 0x0000000081a00000, 0x0000000081900000| Untracked 
|  26|0x0000000081a00000, 0x0000000081b00000, 0x0000000081b00000|100%| O|  |TAMS 0x0000000081b00000, 0x0000000081a00000| Untracked 
|  27|0x0000000081b00000, 0x0000000081c00000, 0x0000000081c00000|100%| O|  |TAMS 0x0000000081c00000, 0x0000000081b00000| Untracked 
|  28|0x0000000081c00000, 0x0000000081d00000, 0x0000000081d00000|100%| O|  |TAMS 0x0000000081d00000, 0x0000000081c00000| Untracked 
|  29|0x0000000081d00000, 0x0000000081e00000, 0x0000000081e00000|100%| O|  |TAMS 0x0000000081e00000, 0x0000000081d00000| Untracked 
|  30|0x0000000081e00000, 0x0000000081f00000, 0x0000000081f00000|100%| O|  |TAMS 0x0000000081f00000, 0x0000000081e00000| Untracked 
|  31|0x0000000081f00000, 0x0000000082000000, 0x0000000082000000|100%| O|  |TAMS 0x0000000082000000, 0x0000000081f00000| Untracked 
|  32|0x0000000082000000, 0x0000000082100000, 0x0000000082100000|100%| O|  |TAMS 0x0000000082100000, 0x0000000082000000| Untracked 
|  33|0x0000000082100000, 0x0000000082200000, 0x0000000082200000|100%| O|  |TAMS 0x0000000082200000, 0x0000000082100000| Untracked 
|  34|0x0000000082200000, 0x0000000082300000, 0x0000000082300000|100%| O|  |TAMS 0x0000000082300000, 0x0000000082200000| Untracked 
|  35|0x0000000082300000, 0x0000000082400000, 0x0000000082400000|100%| O|  |TAMS 0x0000000082400000, 0x0000000082300000| Untracked 
|  36|0x0000000082400000, 0x0000000082500000, 0x0000000082500000|100%| O|  |TAMS 0x0000000082500000, 0x0000000082400000| Untracked 
|  37|0x0000000082500000, 0x0000000082600000, 0x0000000082600000|100%| O|  |TAMS 0x0000000082600000, 0x0000000082500000| Untracked 
|  38|0x0000000082600000, 0x0000000082700000, 0x0000000082700000|100%| O|  |TAMS 0x0000000082700000, 0x0000000082600000| Untracked 
|  39|0x0000000082700000, 0x0000000082800000, 0x0000000082800000|100%| O|  |TAMS 0x0000000082800000, 0x0000000082700000| Untracked 
|  40|0x0000000082800000, 0x0000000082900000, 0x0000000082900000|100%| O|  |TAMS 0x0000000082900000, 0x0000000082800000| Untracked 
|  41|0x0000000082900000, 0x0000000082a00000, 0x0000000082a00000|100%| O|  |TAMS 0x0000000082a00000, 0x0000000082900000| Untracked 
|  42|0x0000000082a00000, 0x0000000082b00000, 0x0000000082b00000|100%| O|  |TAMS 0x0000000082b00000, 0x0000000082a00000| Untracked 
|  43|0x0000000082b00000, 0x0000000082c00000, 0x0000000082c00000|100%| O|  |TAMS 0x0000000082b7e800, 0x0000000082b00000| Untracked 
|  44|0x0000000082c00000, 0x0000000082d00000, 0x0000000082d00000|100%| O|  |TAMS 0x0000000082c00000, 0x0000000082c00000| Untracked 
|  45|0x0000000082d00000, 0x0000000082e00000, 0x0000000082e00000|100%| O|  |TAMS 0x0000000082d00000, 0x0000000082d00000| Untracked 
|  46|0x0000000082e00000, 0x0000000082f00000, 0x0000000082f00000|100%| O|  |TAMS 0x0000000082e00000, 0x0000000082e00000| Untracked 
|  47|0x0000000082f00000, 0x0000000083000000, 0x0000000083000000|100%| O|  |TAMS 0x0000000082f00000, 0x0000000082f00000| Untracked 
|  48|0x0000000083000000, 0x0000000083100000, 0x0000000083100000|100%| O|  |TAMS 0x0000000083000000, 0x0000000083000000| Untracked 
|  49|0x0000000083100000, 0x0000000083200000, 0x0000000083200000|100%| O|  |TAMS 0x0000000083100000, 0x0000000083100000| Untracked 
|  50|0x0000000083200000, 0x0000000083300000, 0x0000000083300000|100%| O|  |TAMS 0x0000000083200000, 0x0000000083200000| Untracked 
|  51|0x0000000083300000, 0x0000000083400000, 0x0000000083400000|100%| O|  |TAMS 0x0000000083300000, 0x0000000083300000| Untracked 
|  52|0x0000000083400000, 0x0000000083500000, 0x0000000083500000|100%| O|  |TAMS 0x0000000083400000, 0x0000000083400000| Untracked 
|  53|0x0000000083500000, 0x0000000083600000, 0x0000000083600000|100%| O|  |TAMS 0x0000000083500000, 0x0000000083500000| Untracked 
|  54|0x0000000083600000, 0x0000000083700000, 0x0000000083700000|100%| O|  |TAMS 0x0000000083600000, 0x0000000083600000| Untracked 
|  55|0x0000000083700000, 0x0000000083800000, 0x0000000083800000|100%| O|  |TAMS 0x0000000083700000, 0x0000000083700000| Untracked 
|  56|0x0000000083800000, 0x0000000083900000, 0x0000000083900000|100%| O|  |TAMS 0x0000000083800000, 0x0000000083800000| Untracked 
|  57|0x0000000083900000, 0x0000000083a00000, 0x0000000083a00000|100%| O|  |TAMS 0x0000000083900000, 0x0000000083900000| Untracked 
|  58|0x0000000083a00000, 0x0000000083b00000, 0x0000000083b00000|100%| O|  |TAMS 0x0000000083a00000, 0x0000000083a00000| Untracked 
|  59|0x0000000083b00000, 0x0000000083c00000, 0x0000000083c00000|100%| O|  |TAMS 0x0000000083b00000, 0x0000000083b00000| Untracked 
|  60|0x0000000083c00000, 0x0000000083d00000, 0x0000000083d00000|100%| O|  |TAMS 0x0000000083c00000, 0x0000000083c00000| Untracked 
|  61|0x0000000083d00000, 0x0000000083e00000, 0x0000000083e00000|100%| O|  |TAMS 0x0000000083d00000, 0x0000000083d00000| Untracked 
|  62|0x0000000083e00000, 0x0000000083f00000, 0x0000000083f00000|100%| O|  |TAMS 0x0000000083e00000, 0x0000000083e00000| Untracked 
|  63|0x0000000083f00000, 0x0000000084000000, 0x0000000084000000|100%| O|  |TAMS 0x0000000083f00000, 0x0000000083f00000| Untracked 
|  64|0x0000000084000000, 0x0000000084100000, 0x0000000084100000|100%| O|  |TAMS 0x0000000084000000, 0x0000000084000000| Untracked 
|  65|0x0000000084100000, 0x0000000084200000, 0x0000000084200000|100%| O|  |TAMS 0x0000000084100000, 0x0000000084100000| Untracked 
|  66|0x0000000084200000, 0x0000000084300000, 0x0000000084300000|100%| O|  |TAMS 0x0000000084200000, 0x0000000084200000| Untracked 
|  67|0x0000000084300000, 0x0000000084400000, 0x0000000084400000|100%| O|  |TAMS 0x0000000084300000, 0x0000000084300000| Untracked 
|  68|0x0000000084400000, 0x0000000084500000, 0x0000000084500000|100%| O|  |TAMS 0x0000000084400000, 0x0000000084400000| Untracked 
|  69|0x0000000084500000, 0x0000000084600000, 0x0000000084600000|100%| O|  |TAMS 0x0000000084500000, 0x0000000084500000| Untracked 
|  70|0x0000000084600000, 0x0000000084700000, 0x0000000084700000|100%| O|  |TAMS 0x0000000084600000, 0x0000000084600000| Untracked 
|  71|0x0000000084700000, 0x0000000084800000, 0x0000000084800000|100%|HS|  |TAMS 0x0000000084700000, 0x0000000084700000| Complete 
|  72|0x0000000084800000, 0x0000000084900000, 0x0000000084900000|100%|HS|  |TAMS 0x0000000084800000, 0x0000000084800000| Complete 
|  73|0x0000000084900000, 0x0000000084a00000, 0x0000000084a00000|100%|HS|  |TAMS 0x0000000084900000, 0x0000000084900000| Complete 
|  74|0x0000000084a00000, 0x0000000084b00000, 0x0000000084b00000|100%|HC|  |TAMS 0x0000000084a00000, 0x0000000084a00000| Complete 
|  75|0x0000000084b00000, 0x0000000084c00000, 0x0000000084c00000|100%| O|  |TAMS 0x0000000084b00000, 0x0000000084b00000| Untracked 
|  76|0x0000000084c00000, 0x0000000084d00000, 0x0000000084d00000|100%|HS|  |TAMS 0x0000000084c00000, 0x0000000084c00000| Complete 
|  77|0x0000000084d00000, 0x0000000084e00000, 0x0000000084e00000|100%|HS|  |TAMS 0x0000000084d00000, 0x0000000084d00000| Complete 
|  78|0x0000000084e00000, 0x0000000084f00000, 0x0000000084f00000|100%|HC|  |TAMS 0x0000000084e00000, 0x0000000084e00000| Complete 
|  79|0x0000000084f00000, 0x0000000085000000, 0x0000000085000000|100%| O|  |TAMS 0x0000000084f00000, 0x0000000084f00000| Untracked 
|  80|0x0000000085000000, 0x0000000085100000, 0x0000000085100000|100%| O|  |TAMS 0x0000000085000000, 0x0000000085000000| Untracked 
|  81|0x0000000085100000, 0x0000000085200000, 0x0000000085200000|100%| O|  |TAMS 0x0000000085100000, 0x0000000085100000| Untracked 
|  82|0x0000000085200000, 0x0000000085300000, 0x0000000085300000|100%| O|  |TAMS 0x0000000085200000, 0x0000000085200000| Untracked 
|  83|0x0000000085300000, 0x0000000085400000, 0x0000000085400000|100%| O|  |TAMS 0x0000000085300000, 0x0000000085300000| Untracked 
|  84|0x0000000085400000, 0x0000000085500000, 0x0000000085500000|100%| O|  |TAMS 0x0000000085400000, 0x0000000085400000| Untracked 
|  85|0x0000000085500000, 0x0000000085600000, 0x0000000085600000|100%| O|  |TAMS 0x0000000085500000, 0x0000000085500000| Untracked 
|  86|0x0000000085600000, 0x0000000085700000, 0x0000000085700000|100%| O|  |TAMS 0x0000000085600000, 0x0000000085600000| Untracked 
|  87|0x0000000085700000, 0x0000000085800000, 0x0000000085800000|100%| O|  |TAMS 0x0000000085700000, 0x0000000085700000| Untracked 
|  88|0x0000000085800000, 0x0000000085900000, 0x0000000085900000|100%| O|  |TAMS 0x0000000085800000, 0x0000000085800000| Untracked 
|  89|0x0000000085900000, 0x0000000085a00000, 0x0000000085a00000|100%| O|  |TAMS 0x0000000085900000, 0x0000000085900000| Untracked 
|  90|0x0000000085a00000, 0x0000000085b00000, 0x0000000085b00000|100%| O|  |TAMS 0x0000000085a00000, 0x0000000085a00000| Untracked 
|  91|0x0000000085b00000, 0x0000000085c00000, 0x0000000085c00000|100%| O|  |TAMS 0x0000000085b00000, 0x0000000085b00000| Untracked 
|  92|0x0000000085c00000, 0x0000000085d00000, 0x0000000085d00000|100%| O|  |TAMS 0x0000000085c00000, 0x0000000085c00000| Untracked 
|  93|0x0000000085d00000, 0x0000000085e00000, 0x0000000085e00000|100%| O|  |TAMS 0x0000000085d00000, 0x0000000085d00000| Untracked 
|  94|0x0000000085e00000, 0x0000000085f00000, 0x0000000085f00000|100%| O|  |TAMS 0x0000000085e00000, 0x0000000085e00000| Untracked 
|  95|0x0000000085f00000, 0x0000000086000000, 0x0000000086000000|100%| O|  |TAMS 0x0000000085f00000, 0x0000000085f00000| Untracked 
|  96|0x0000000086000000, 0x0000000086100000, 0x0000000086100000|100%| O|  |TAMS 0x0000000086000000, 0x0000000086000000| Untracked 
|  97|0x0000000086100000, 0x0000000086200000, 0x0000000086200000|100%| O|  |TAMS 0x0000000086100000, 0x0000000086100000| Untracked 
|  98|0x0000000086200000, 0x0000000086300000, 0x0000000086300000|100%| O|  |TAMS 0x0000000086200000, 0x0000000086200000| Untracked 
|  99|0x0000000086300000, 0x0000000086400000, 0x0000000086400000|100%| O|  |TAMS 0x0000000086300000, 0x0000000086300000| Untracked 
| 100|0x0000000086400000, 0x0000000086500000, 0x0000000086500000|100%| O|  |TAMS 0x0000000086400000, 0x0000000086400000| Untracked 
| 101|0x0000000086500000, 0x0000000086600000, 0x0000000086600000|100%| O|  |TAMS 0x0000000086500000, 0x0000000086500000| Untracked 
| 102|0x0000000086600000, 0x0000000086700000, 0x0000000086700000|100%| O|  |TAMS 0x0000000086600000, 0x0000000086600000| Untracked 
| 103|0x0000000086700000, 0x0000000086800000, 0x0000000086800000|100%| O|  |TAMS 0x0000000086700000, 0x0000000086700000| Untracked 
| 104|0x0000000086800000, 0x0000000086900000, 0x0000000086900000|100%| O|  |TAMS 0x0000000086800000, 0x0000000086800000| Untracked 
| 105|0x0000000086900000, 0x0000000086a00000, 0x0000000086a00000|100%| O|  |TAMS 0x0000000086900000, 0x0000000086900000| Untracked 
| 106|0x0000000086a00000, 0x0000000086b00000, 0x0000000086b00000|100%| O|  |TAMS 0x0000000086a00000, 0x0000000086a00000| Untracked 
| 107|0x0000000086b00000, 0x0000000086c00000, 0x0000000086c00000|100%| O|  |TAMS 0x0000000086b00000, 0x0000000086b00000| Untracked 
| 108|0x0000000086c00000, 0x0000000086d00000, 0x0000000086d00000|100%| O|  |TAMS 0x0000000086c00000, 0x0000000086c00000| Untracked 
| 109|0x0000000086d00000, 0x0000000086e00000, 0x0000000086e00000|100%| O|  |TAMS 0x0000000086d00000, 0x0000000086d00000| Untracked 
| 110|0x0000000086e00000, 0x0000000086f00000, 0x0000000086f00000|100%| O|  |TAMS 0x0000000086e00000, 0x0000000086e00000| Untracked 
| 111|0x0000000086f00000, 0x0000000086fb0200, 0x0000000087000000| 68%| O|  |TAMS 0x0000000086f00000, 0x0000000086f00000| Untracked 
| 112|0x0000000087000000, 0x0000000087000000, 0x0000000087100000|  0%| F|  |TAMS 0x0000000087000000, 0x0000000087000000| Untracked 
| 113|0x0000000087100000, 0x0000000087100000, 0x0000000087200000|  0%| F|  |TAMS 0x0000000087100000, 0x0000000087100000| Untracked 
| 114|0x0000000087200000, 0x0000000087200000, 0x0000000087300000|  0%| F|  |TAMS 0x0000000087200000, 0x0000000087200000| Untracked 
| 115|0x0000000087300000, 0x0000000087300000, 0x0000000087400000|  0%| F|  |TAMS 0x0000000087300000, 0x0000000087300000| Untracked 
| 116|0x0000000087400000, 0x0000000087400000, 0x0000000087500000|  0%| F|  |TAMS 0x0000000087400000, 0x0000000087400000| Untracked 
| 117|0x0000000087500000, 0x0000000087500000, 0x0000000087600000|  0%| F|  |TAMS 0x0000000087500000, 0x0000000087500000| Untracked 
| 118|0x0000000087600000, 0x0000000087600000, 0x0000000087700000|  0%| F|  |TAMS 0x0000000087600000, 0x0000000087600000| Untracked 
| 119|0x0000000087700000, 0x0000000087700000, 0x0000000087800000|  0%| F|  |TAMS 0x0000000087700000, 0x0000000087700000| Untracked 
| 120|0x0000000087800000, 0x0000000087800000, 0x0000000087900000|  0%| F|  |TAMS 0x0000000087800000, 0x0000000087800000| Untracked 
| 121|0x0000000087900000, 0x0000000087900000, 0x0000000087a00000|  0%| F|  |TAMS 0x0000000087900000, 0x0000000087900000| Untracked 
| 122|0x0000000087a00000, 0x0000000087a00000, 0x0000000087b00000|  0%| F|  |TAMS 0x0000000087a00000, 0x0000000087a00000| Untracked 
| 123|0x0000000087b00000, 0x0000000087b00000, 0x0000000087c00000|  0%| F|  |TAMS 0x0000000087b00000, 0x0000000087b00000| Untracked 
| 124|0x0000000087c00000, 0x0000000087c00000, 0x0000000087d00000|  0%| F|  |TAMS 0x0000000087c00000, 0x0000000087c00000| Untracked 
| 125|0x0000000087d00000, 0x0000000087d00000, 0x0000000087e00000|  0%| F|  |TAMS 0x0000000087d00000, 0x0000000087d00000| Untracked 
| 126|0x0000000087e00000, 0x0000000087e00000, 0x0000000087f00000|  0%| F|  |TAMS 0x0000000087e00000, 0x0000000087e00000| Untracked 
| 127|0x0000000087f00000, 0x0000000087f00000, 0x0000000088000000|  0%| F|  |TAMS 0x0000000087f00000, 0x0000000087f00000| Untracked 
| 128|0x0000000088000000, 0x0000000088000000, 0x0000000088100000|  0%| F|  |TAMS 0x0000000088000000, 0x0000000088000000| Untracked 
| 129|0x0000000088100000, 0x0000000088100000, 0x0000000088200000|  0%| F|  |TAMS 0x0000000088100000, 0x0000000088100000| Untracked 
| 130|0x0000000088200000, 0x0000000088200000, 0x0000000088300000|  0%| F|  |TAMS 0x0000000088200000, 0x0000000088200000| Untracked 
| 131|0x0000000088300000, 0x0000000088300000, 0x0000000088400000|  0%| F|  |TAMS 0x0000000088300000, 0x0000000088300000| Untracked 
| 132|0x0000000088400000, 0x0000000088400000, 0x0000000088500000|  0%| F|  |TAMS 0x0000000088400000, 0x0000000088400000| Untracked 
| 133|0x0000000088500000, 0x0000000088500000, 0x0000000088600000|  0%| F|  |TAMS 0x0000000088500000, 0x0000000088500000| Untracked 
| 134|0x0000000088600000, 0x0000000088600000, 0x0000000088700000|  0%| F|  |TAMS 0x0000000088600000, 0x0000000088600000| Untracked 
| 135|0x0000000088700000, 0x0000000088700000, 0x0000000088800000|  0%| F|  |TAMS 0x0000000088700000, 0x0000000088700000| Untracked 
| 136|0x0000000088800000, 0x0000000088800000, 0x0000000088900000|  0%| F|  |TAMS 0x0000000088800000, 0x0000000088800000| Untracked 
| 137|0x0000000088900000, 0x0000000088900000, 0x0000000088a00000|  0%| F|  |TAMS 0x0000000088900000, 0x0000000088900000| Untracked 
| 138|0x0000000088a00000, 0x0000000088a00000, 0x0000000088b00000|  0%| F|  |TAMS 0x0000000088a00000, 0x0000000088a00000| Untracked 
| 139|0x0000000088b00000, 0x0000000088b00000, 0x0000000088c00000|  0%| F|  |TAMS 0x0000000088b00000, 0x0000000088b00000| Untracked 
| 140|0x0000000088c00000, 0x0000000088c00000, 0x0000000088d00000|  0%| F|  |TAMS 0x0000000088c00000, 0x0000000088c00000| Untracked 
| 141|0x0000000088d00000, 0x0000000088d00000, 0x0000000088e00000|  0%| F|  |TAMS 0x0000000088d00000, 0x0000000088d00000| Untracked 
| 142|0x0000000088e00000, 0x0000000088e00000, 0x0000000088f00000|  0%| F|  |TAMS 0x0000000088e00000, 0x0000000088e00000| Untracked 
| 143|0x0000000088f00000, 0x0000000088f00000, 0x0000000089000000|  0%| F|  |TAMS 0x0000000088f00000, 0x0000000088f00000| Untracked 
| 144|0x0000000089000000, 0x0000000089000000, 0x0000000089100000|  0%| F|  |TAMS 0x0000000089000000, 0x0000000089000000| Untracked 
| 145|0x0000000089100000, 0x0000000089200000, 0x0000000089200000|100%| S|CS|TAMS 0x0000000089100000, 0x0000000089100000| Complete 
| 146|0x0000000089200000, 0x0000000089200000, 0x0000000089300000|  0%| F|  |TAMS 0x0000000089200000, 0x0000000089200000| Untracked 
| 147|0x0000000089300000, 0x0000000089400000, 0x0000000089400000|100%| S|CS|TAMS 0x0000000089300000, 0x0000000089300000| Complete 
| 148|0x0000000089400000, 0x0000000089500000, 0x0000000089500000|100%| S|CS|TAMS 0x0000000089400000, 0x0000000089400000| Complete 
| 149|0x0000000089500000, 0x0000000089600000, 0x0000000089600000|100%| S|CS|TAMS 0x0000000089500000, 0x0000000089500000| Complete 
| 150|0x0000000089600000, 0x0000000089700000, 0x0000000089700000|100%| S|CS|TAMS 0x0000000089600000, 0x0000000089600000| Complete 
| 151|0x0000000089700000, 0x0000000089800000, 0x0000000089800000|100%| S|CS|TAMS 0x0000000089700000, 0x0000000089700000| Complete 
| 152|0x0000000089800000, 0x0000000089900000, 0x0000000089900000|100%| S|CS|TAMS 0x0000000089800000, 0x0000000089800000| Complete 
| 153|0x0000000089900000, 0x0000000089a00000, 0x0000000089a00000|100%| S|CS|TAMS 0x0000000089900000, 0x0000000089900000| Complete 
| 154|0x0000000089a00000, 0x0000000089b00000, 0x0000000089b00000|100%| S|CS|TAMS 0x0000000089a00000, 0x0000000089a00000| Complete 
| 155|0x0000000089b00000, 0x0000000089c00000, 0x0000000089c00000|100%| S|CS|TAMS 0x0000000089b00000, 0x0000000089b00000| Complete 
| 156|0x0000000089c00000, 0x0000000089d00000, 0x0000000089d00000|100%| S|CS|TAMS 0x0000000089c00000, 0x0000000089c00000| Complete 
| 157|0x0000000089d00000, 0x0000000089e00000, 0x0000000089e00000|100%| S|CS|TAMS 0x0000000089d00000, 0x0000000089d00000| Complete 
| 158|0x0000000089e00000, 0x0000000089f00000, 0x0000000089f00000|100%| S|CS|TAMS 0x0000000089e00000, 0x0000000089e00000| Complete 
| 159|0x0000000089f00000, 0x000000008a000000, 0x000000008a000000|100%| S|CS|TAMS 0x0000000089f00000, 0x0000000089f00000| Complete 
| 160|0x000000008a000000, 0x000000008a000000, 0x000000008a100000|  0%| F|  |TAMS 0x000000008a000000, 0x000000008a000000| Untracked 
| 161|0x000000008a100000, 0x000000008a100000, 0x000000008a200000|  0%| F|  |TAMS 0x000000008a100000, 0x000000008a100000| Untracked 
| 162|0x000000008a200000, 0x000000008a200000, 0x000000008a300000|  0%| F|  |TAMS 0x000000008a200000, 0x000000008a200000| Untracked 
| 163|0x000000008a300000, 0x000000008a300000, 0x000000008a400000|  0%| F|  |TAMS 0x000000008a300000, 0x000000008a300000| Untracked 
| 164|0x000000008a400000, 0x000000008a400000, 0x000000008a500000|  0%| F|  |TAMS 0x000000008a400000, 0x000000008a400000| Untracked 
| 165|0x000000008a500000, 0x000000008a500000, 0x000000008a600000|  0%| F|  |TAMS 0x000000008a500000, 0x000000008a500000| Untracked 
| 166|0x000000008a600000, 0x000000008a600000, 0x000000008a700000|  0%| F|  |TAMS 0x000000008a600000, 0x000000008a600000| Untracked 
| 167|0x000000008a700000, 0x000000008a700000, 0x000000008a800000|  0%| F|  |TAMS 0x000000008a700000, 0x000000008a700000| Untracked 
| 168|0x000000008a800000, 0x000000008a800000, 0x000000008a900000|  0%| F|  |TAMS 0x000000008a800000, 0x000000008a800000| Untracked 
| 169|0x000000008a900000, 0x000000008a900000, 0x000000008aa00000|  0%| F|  |TAMS 0x000000008a900000, 0x000000008a900000| Untracked 
| 170|0x000000008aa00000, 0x000000008aa00000, 0x000000008ab00000|  0%| F|  |TAMS 0x000000008aa00000, 0x000000008aa00000| Untracked 
| 171|0x000000008ab00000, 0x000000008ab00000, 0x000000008ac00000|  0%| F|  |TAMS 0x000000008ab00000, 0x000000008ab00000| Untracked 
| 172|0x000000008ac00000, 0x000000008ac00000, 0x000000008ad00000|  0%| F|  |TAMS 0x000000008ac00000, 0x000000008ac00000| Untracked 
| 173|0x000000008ad00000, 0x000000008ad00000, 0x000000008ae00000|  0%| F|  |TAMS 0x000000008ad00000, 0x000000008ad00000| Untracked 
| 174|0x000000008ae00000, 0x000000008ae00000, 0x000000008af00000|  0%| F|  |TAMS 0x000000008ae00000, 0x000000008ae00000| Untracked 
| 175|0x000000008af00000, 0x000000008af00000, 0x000000008b000000|  0%| F|  |TAMS 0x000000008af00000, 0x000000008af00000| Untracked 
| 176|0x000000008b000000, 0x000000008b000000, 0x000000008b100000|  0%| F|  |TAMS 0x000000008b000000, 0x000000008b000000| Untracked 
| 177|0x000000008b100000, 0x000000008b100000, 0x000000008b200000|  0%| F|  |TAMS 0x000000008b100000, 0x000000008b100000| Untracked 
| 178|0x000000008b200000, 0x000000008b200000, 0x000000008b300000|  0%| F|  |TAMS 0x000000008b200000, 0x000000008b200000| Untracked 
| 179|0x000000008b300000, 0x000000008b300000, 0x000000008b400000|  0%| F|  |TAMS 0x000000008b300000, 0x000000008b300000| Untracked 
| 180|0x000000008b400000, 0x000000008b400000, 0x000000008b500000|  0%| F|  |TAMS 0x000000008b400000, 0x000000008b400000| Untracked 
| 181|0x000000008b500000, 0x000000008b500000, 0x000000008b600000|  0%| F|  |TAMS 0x000000008b500000, 0x000000008b500000| Untracked 
| 182|0x000000008b600000, 0x000000008b600000, 0x000000008b700000|  0%| F|  |TAMS 0x000000008b600000, 0x000000008b600000| Untracked 
| 183|0x000000008b700000, 0x000000008b700000, 0x000000008b800000|  0%| F|  |TAMS 0x000000008b700000, 0x000000008b700000| Untracked 
| 184|0x000000008b800000, 0x000000008b800000, 0x000000008b900000|  0%| F|  |TAMS 0x000000008b800000, 0x000000008b800000| Untracked 
| 185|0x000000008b900000, 0x000000008b900000, 0x000000008ba00000|  0%| F|  |TAMS 0x000000008b900000, 0x000000008b900000| Untracked 
| 186|0x000000008ba00000, 0x000000008ba00000, 0x000000008bb00000|  0%| F|  |TAMS 0x000000008ba00000, 0x000000008ba00000| Untracked 
| 187|0x000000008bb00000, 0x000000008bb00000, 0x000000008bc00000|  0%| F|  |TAMS 0x000000008bb00000, 0x000000008bb00000| Untracked 
| 188|0x000000008bc00000, 0x000000008bc00000, 0x000000008bd00000|  0%| F|  |TAMS 0x000000008bc00000, 0x000000008bc00000| Untracked 
| 189|0x000000008bd00000, 0x000000008bd00000, 0x000000008be00000|  0%| F|  |TAMS 0x000000008bd00000, 0x000000008bd00000| Untracked 
| 190|0x000000008be00000, 0x000000008be00000, 0x000000008bf00000|  0%| F|  |TAMS 0x000000008be00000, 0x000000008be00000| Untracked 
| 191|0x000000008bf00000, 0x000000008bf00000, 0x000000008c000000|  0%| F|  |TAMS 0x000000008bf00000, 0x000000008bf00000| Untracked 
| 192|0x000000008c000000, 0x000000008c000000, 0x000000008c100000|  0%| F|  |TAMS 0x000000008c000000, 0x000000008c000000| Untracked 
| 193|0x000000008c100000, 0x000000008c100000, 0x000000008c200000|  0%| F|  |TAMS 0x000000008c100000, 0x000000008c100000| Untracked 
| 194|0x000000008c200000, 0x000000008c200000, 0x000000008c300000|  0%| F|  |TAMS 0x000000008c200000, 0x000000008c200000| Untracked 
| 195|0x000000008c300000, 0x000000008c300000, 0x000000008c400000|  0%| F|  |TAMS 0x000000008c300000, 0x000000008c300000| Untracked 
| 196|0x000000008c400000, 0x000000008c400000, 0x000000008c500000|  0%| F|  |TAMS 0x000000008c400000, 0x000000008c400000| Untracked 
| 197|0x000000008c500000, 0x000000008c500000, 0x000000008c600000|  0%| F|  |TAMS 0x000000008c500000, 0x000000008c500000| Untracked 
| 198|0x000000008c600000, 0x000000008c600000, 0x000000008c700000|  0%| F|  |TAMS 0x000000008c600000, 0x000000008c600000| Untracked 
| 199|0x000000008c700000, 0x000000008c700000, 0x000000008c800000|  0%| F|  |TAMS 0x000000008c700000, 0x000000008c700000| Untracked 
| 200|0x000000008c800000, 0x000000008c800000, 0x000000008c900000|  0%| F|  |TAMS 0x000000008c800000, 0x000000008c800000| Untracked 
| 201|0x000000008c900000, 0x000000008c900000, 0x000000008ca00000|  0%| F|  |TAMS 0x000000008c900000, 0x000000008c900000| Untracked 
| 202|0x000000008ca00000, 0x000000008ca00000, 0x000000008cb00000|  0%| F|  |TAMS 0x000000008ca00000, 0x000000008ca00000| Untracked 
| 203|0x000000008cb00000, 0x000000008cb00000, 0x000000008cc00000|  0%| F|  |TAMS 0x000000008cb00000, 0x000000008cb00000| Untracked 
| 204|0x000000008cc00000, 0x000000008cc00000, 0x000000008cd00000|  0%| F|  |TAMS 0x000000008cc00000, 0x000000008cc00000| Untracked 
| 205|0x000000008cd00000, 0x000000008cd00000, 0x000000008ce00000|  0%| F|  |TAMS 0x000000008cd00000, 0x000000008cd00000| Untracked 
| 206|0x000000008ce00000, 0x000000008ce00000, 0x000000008cf00000|  0%| F|  |TAMS 0x000000008ce00000, 0x000000008ce00000| Untracked 
| 207|0x000000008cf00000, 0x000000008d000000, 0x000000008d000000|100%| E|  |TAMS 0x000000008cf00000, 0x000000008cf00000| Complete 
| 208|0x000000008d000000, 0x000000008d100000, 0x000000008d100000|100%| E|CS|TAMS 0x000000008d000000, 0x000000008d000000| Complete 
| 209|0x000000008d100000, 0x000000008d200000, 0x000000008d200000|100%| E|CS|TAMS 0x000000008d100000, 0x000000008d100000| Complete 
| 210|0x000000008d200000, 0x000000008d300000, 0x000000008d300000|100%| E|CS|TAMS 0x000000008d200000, 0x000000008d200000| Complete 
| 211|0x000000008d300000, 0x000000008d400000, 0x000000008d400000|100%| E|CS|TAMS 0x000000008d300000, 0x000000008d300000| Complete 
| 212|0x000000008d400000, 0x000000008d500000, 0x000000008d500000|100%| E|CS|TAMS 0x000000008d400000, 0x000000008d400000| Complete 
| 213|0x000000008d500000, 0x000000008d600000, 0x000000008d600000|100%| E|CS|TAMS 0x000000008d500000, 0x000000008d500000| Complete 
| 214|0x000000008d600000, 0x000000008d700000, 0x000000008d700000|100%| E|CS|TAMS 0x000000008d600000, 0x000000008d600000| Complete 
| 215|0x000000008d700000, 0x000000008d800000, 0x000000008d800000|100%| E|CS|TAMS 0x000000008d700000, 0x000000008d700000| Complete 
| 216|0x000000008d800000, 0x000000008d900000, 0x000000008d900000|100%| E|CS|TAMS 0x000000008d800000, 0x000000008d800000| Complete 
| 217|0x000000008d900000, 0x000000008da00000, 0x000000008da00000|100%| E|CS|TAMS 0x000000008d900000, 0x000000008d900000| Complete 
| 218|0x000000008da00000, 0x000000008db00000, 0x000000008db00000|100%| E|CS|TAMS 0x000000008da00000, 0x000000008da00000| Complete 
| 219|0x000000008db00000, 0x000000008dc00000, 0x000000008dc00000|100%| E|CS|TAMS 0x000000008db00000, 0x000000008db00000| Complete 
| 220|0x000000008dc00000, 0x000000008dd00000, 0x000000008dd00000|100%| E|CS|TAMS 0x000000008dc00000, 0x000000008dc00000| Complete 
| 221|0x000000008dd00000, 0x000000008de00000, 0x000000008de00000|100%| E|CS|TAMS 0x000000008dd00000, 0x000000008dd00000| Complete 
| 222|0x000000008de00000, 0x000000008df00000, 0x000000008df00000|100%| E|CS|TAMS 0x000000008de00000, 0x000000008de00000| Complete 
| 223|0x000000008df00000, 0x000000008e000000, 0x000000008e000000|100%| E|CS|TAMS 0x000000008df00000, 0x000000008df00000| Complete 
| 224|0x000000008e000000, 0x000000008e100000, 0x000000008e100000|100%| E|CS|TAMS 0x000000008e000000, 0x000000008e000000| Complete 
| 225|0x000000008e100000, 0x000000008e200000, 0x000000008e200000|100%| E|CS|TAMS 0x000000008e100000, 0x000000008e100000| Complete 
| 226|0x000000008e200000, 0x000000008e300000, 0x000000008e300000|100%| E|CS|TAMS 0x000000008e200000, 0x000000008e200000| Complete 
| 227|0x000000008e300000, 0x000000008e400000, 0x000000008e400000|100%| E|CS|TAMS 0x000000008e300000, 0x000000008e300000| Complete 
| 228|0x000000008e400000, 0x000000008e500000, 0x000000008e500000|100%| E|CS|TAMS 0x000000008e400000, 0x000000008e400000| Complete 
| 229|0x000000008e500000, 0x000000008e600000, 0x000000008e600000|100%| E|CS|TAMS 0x000000008e500000, 0x000000008e500000| Complete 
| 230|0x000000008e600000, 0x000000008e700000, 0x000000008e700000|100%| E|CS|TAMS 0x000000008e600000, 0x000000008e600000| Complete 
| 231|0x000000008e700000, 0x000000008e800000, 0x000000008e800000|100%| E|CS|TAMS 0x000000008e700000, 0x000000008e700000| Complete 
| 232|0x000000008e800000, 0x000000008e900000, 0x000000008e900000|100%| E|CS|TAMS 0x000000008e800000, 0x000000008e800000| Complete 
| 233|0x000000008e900000, 0x000000008ea00000, 0x000000008ea00000|100%| E|CS|TAMS 0x000000008e900000, 0x000000008e900000| Complete 
| 234|0x000000008ea00000, 0x000000008eb00000, 0x000000008eb00000|100%| E|CS|TAMS 0x000000008ea00000, 0x000000008ea00000| Complete 
| 235|0x000000008eb00000, 0x000000008ec00000, 0x000000008ec00000|100%| E|CS|TAMS 0x000000008eb00000, 0x000000008eb00000| Complete 
| 236|0x000000008ec00000, 0x000000008ed00000, 0x000000008ed00000|100%| E|CS|TAMS 0x000000008ec00000, 0x000000008ec00000| Complete 
| 237|0x000000008ed00000, 0x000000008ee00000, 0x000000008ee00000|100%| E|CS|TAMS 0x000000008ed00000, 0x000000008ed00000| Complete 
| 238|0x000000008ee00000, 0x000000008ef00000, 0x000000008ef00000|100%| E|CS|TAMS 0x000000008ee00000, 0x000000008ee00000| Complete 
| 239|0x000000008ef00000, 0x000000008f000000, 0x000000008f000000|100%| E|CS|TAMS 0x000000008ef00000, 0x000000008ef00000| Complete 
| 240|0x000000008f000000, 0x000000008f100000, 0x000000008f100000|100%| E|CS|TAMS 0x000000008f000000, 0x000000008f000000| Complete 
| 241|0x000000008f100000, 0x000000008f200000, 0x000000008f200000|100%| E|CS|TAMS 0x000000008f100000, 0x000000008f100000| Complete 
| 242|0x000000008f200000, 0x000000008f300000, 0x000000008f300000|100%| E|CS|TAMS 0x000000008f200000, 0x000000008f200000| Complete 
| 243|0x000000008f300000, 0x000000008f400000, 0x000000008f400000|100%| E|CS|TAMS 0x000000008f300000, 0x000000008f300000| Complete 
| 244|0x000000008f400000, 0x000000008f500000, 0x000000008f500000|100%| E|CS|TAMS 0x000000008f400000, 0x000000008f400000| Complete 
| 245|0x000000008f500000, 0x000000008f600000, 0x000000008f600000|100%| E|CS|TAMS 0x000000008f500000, 0x000000008f500000| Complete 
| 246|0x000000008f600000, 0x000000008f700000, 0x000000008f700000|100%| E|CS|TAMS 0x000000008f600000, 0x000000008f600000| Complete 
| 247|0x000000008f700000, 0x000000008f800000, 0x000000008f800000|100%| E|CS|TAMS 0x000000008f700000, 0x000000008f700000| Complete 
| 248|0x000000008f800000, 0x000000008f900000, 0x000000008f900000|100%| E|CS|TAMS 0x000000008f800000, 0x000000008f800000| Complete 
| 249|0x000000008f900000, 0x000000008fa00000, 0x000000008fa00000|100%| E|CS|TAMS 0x000000008f900000, 0x000000008f900000| Complete 
| 250|0x000000008fa00000, 0x000000008fb00000, 0x000000008fb00000|100%| E|CS|TAMS 0x000000008fa00000, 0x000000008fa00000| Complete 
| 251|0x000000008fb00000, 0x000000008fc00000, 0x000000008fc00000|100%| E|CS|TAMS 0x000000008fb00000, 0x000000008fb00000| Complete 
| 252|0x000000008fc00000, 0x000000008fd00000, 0x000000008fd00000|100%| E|CS|TAMS 0x000000008fc00000, 0x000000008fc00000| Complete 
| 253|0x000000008fd00000, 0x000000008fe00000, 0x000000008fe00000|100%| E|CS|TAMS 0x000000008fd00000, 0x000000008fd00000| Complete 

Card table byte_map: [0x000002843ddd0000,0x000002843e1d0000] _byte_map_base: 0x000002843d9d0000

Marking Bits (Prev, Next): (CMBitMap*) 0x000002842abed2d8, (CMBitMap*) 0x000002842abed310
 Prev Bits: [0x000002843e5d0000, 0x00000284405d0000)
 Next Bits: [0x00000284405d0000, 0x00000284425d0000)

Polling page: 0x000002842a380000

Metaspace:

Usage:
  Non-class:     78.55 MB capacity,    77.14 MB ( 98%) used,     1.14 MB (  1%) free+waste,   278.81 KB ( <1%) overhead. 
      Class:     12.26 MB capacity,    11.38 MB ( 93%) used,   771.13 KB (  6%) free+waste,   125.63 KB (  1%) overhead. 
       Both:     90.80 MB capacity,    88.52 MB ( 97%) used,     1.89 MB (  2%) free+waste,   404.44 KB ( <1%) overhead. 

Virtual space:
  Non-class space:       80.00 MB reserved,      78.75 MB ( 98%) committed 
      Class space:        1.00 GB reserved,      12.32 MB (  1%) committed 
             Both:        1.08 GB reserved,      91.07 MB (  8%) committed 

Chunk freelists:
   Non-Class:  15.00 KB
       Class:  0 bytes
        Both:  15.00 KB

MaxMetaspaceSize: 17179869184.00 GB
CompressedClassSpaceSize: 1.00 GB

CodeHeap 'non-profiled nmethods': size=120000Kb used=7603Kb max_used=7603Kb free=112396Kb
 bounds [0x0000028436170000, 0x00000284368e0000, 0x000002843d6a0000]
CodeHeap 'profiled nmethods': size=120000Kb used=26525Kb max_used=26525Kb free=93474Kb
 bounds [0x000002842ec40000, 0x0000028430630000, 0x0000028436170000]
CodeHeap 'non-nmethods': size=5760Kb used=2286Kb max_used=2348Kb free=3473Kb
 bounds [0x000002842e6a0000, 0x000002842e910000, 0x000002842ec40000]
 total_blobs=12732 nmethods=11844 adapters=799
 compilation: enabled
              stopped_count=0, restarted_count=0
 full_count=0

Compilation events (20 events):
Event: 11.612 Thread 0x000002844ea43800 nmethod 11838 0x00000284368d5310 code [0x00000284368d54c0, 0x00000284368d56b8]
Event: 11.612 Thread 0x000002844ea43800 11793       4       com.sun.tools.javac.comp.Attr::checkIdInternal (762 bytes)
Event: 11.613 Thread 0x00000284458f5000 nmethod 11840 0x0000028430603890 code [0x0000028430603ba0, 0x0000028430604528]
Event: 11.614 Thread 0x00000284458f5000 11842       2       com.sun.tools.javac.tree.TreeScanner::<init> (5 bytes)
Event: 11.614 Thread 0x00000284458f5000 nmethod 11842 0x0000028430604c10 code [0x0000028430604dc0, 0x0000028430604eb8]
Event: 11.615 Thread 0x00000284458f5000 11844       2       com.sun.tools.javac.comp.TypeEnter$ImportsPhase::runPhase (70 bytes)
Event: 11.615 Thread 0x00000284458f5000 nmethod 11844 0x0000028430604f90 code [0x00000284306051a0, 0x0000028430605568]
Event: 11.615 Thread 0x00000284458f5000 11845       2       com.sun.tools.javac.comp.TypeEnter$HierarchyPhase::complete (73 bytes)
Event: 11.616 Thread 0x00000284458f5000 nmethod 11845 0x0000028430605890 code [0x0000028430605aa0, 0x0000028430605f28]
Event: 11.616 Thread 0x00000284458f5000 11846       2       com.sun.tools.javac.comp.TypeEnter$HierarchyPhase::runPhase (172 bytes)
Event: 11.616 Thread 0x00000284458f5000 nmethod 11846 0x0000028430606190 code [0x00000284306063c0, 0x00000284306068a8]
Event: 11.616 Thread 0x00000284458f5000 11849       2       com.sun.tools.javac.comp.TypeEnter$HierarchyPhase::doCompleteEnvs (76 bytes)
Event: 11.617 Thread 0x00000284458f5000 nmethod 11849 0x0000028430606d10 code [0x0000028430606f40, 0x0000028430607528]
Event: 11.617 Thread 0x00000284458f5000 11847       2       com.sun.tools.javac.code.Symbol$ClassSymbol::isAnnotationType (19 bytes)
Event: 11.617 Thread 0x00000284458f5000 nmethod 11847 0x0000028430607810 code [0x00000284306079c0, 0x0000028430607af8]
Event: 11.618 Thread 0x00000284458f5000 11850       2       com.sun.tools.javac.code.Types::isSameType (16 bytes)
Event: 11.618 Thread 0x00000284458f5000 nmethod 11850 0x0000028430607b90 code [0x0000028430607d40, 0x0000028430607ea8]
Event: 11.618 Thread 0x00000284458f5000 11851       2       com.sun.tools.javac.code.Types$5::visitClassType (10 bytes)
Event: 11.618 Thread 0x00000284458f5000 nmethod 11851 0x0000028430607f90 code [0x0000028430608140, 0x0000028430608288]
Event: 11.619 Thread 0x00000284458f5000 11852       2       com.sun.tools.javac.comp.Check::checkImportedPackagesObservable (135 bytes)

GC Heap History (20 events):
Event: 2.877 GC heap before
{Heap before GC invocations=4 (full 0):
 garbage-first heap   total 260096K, used 93233K [0x0000000080000000, 0x0000000100000000)
  region size 1024K, 76 young (77824K), 2 survivors (2048K)
 Metaspace       used 35030K, capacity 35786K, committed 35840K, reserved 1081344K
  class space    used 4556K, capacity 4863K, committed 4864K, reserved 1048576K
}
Event: 2.884 GC heap after
{Heap after GC invocations=5 (full 0):
 garbage-first heap   total 260096K, used 22605K [0x0000000080000000, 0x0000000100000000)
  region size 1024K, 6 young (6144K), 6 survivors (6144K)
 Metaspace       used 35030K, capacity 35786K, committed 35840K, reserved 1081344K
  class space    used 4556K, capacity 4863K, committed 4864K, reserved 1048576K
}
Event: 3.943 GC heap before
{Heap before GC invocations=6 (full 0):
 garbage-first heap   total 260096K, used 136269K [0x0000000080000000, 0x0000000100000000)
  region size 1024K, 114 young (116736K), 6 survivors (6144K)
 Metaspace       used 44168K, capacity 45193K, committed 45516K, reserved 1089536K
  class space    used 5652K, capacity 6022K, committed 6092K, reserved 1048576K
}
Event: 3.953 GC heap after
{Heap after GC invocations=7 (full 0):
 garbage-first heap   total 260096K, used 29509K [0x0000000080000000, 0x0000000100000000)
  region size 1024K, 13 young (13312K), 13 survivors (13312K)
 Metaspace       used 44168K, capacity 45193K, committed 45516K, reserved 1089536K
  class space    used 5652K, capacity 6022K, committed 6092K, reserved 1048576K
}
Event: 5.006 GC heap before
{Heap before GC invocations=7 (full 0):
 garbage-first heap   total 260096K, used 159557K [0x0000000080000000, 0x0000000100000000)
  region size 1024K, 135 young (138240K), 13 survivors (13312K)
 Metaspace       used 51848K, capacity 53154K, committed 53324K, reserved 1095680K
  class space    used 6610K, capacity 7124K, committed 7244K, reserved 1048576K
}
Event: 5.018 GC heap after
{Heap after GC invocations=8 (full 0):
 garbage-first heap   total 260096K, used 44824K [0x0000000080000000, 0x0000000100000000)
  region size 1024K, 17 young (17408K), 17 survivors (17408K)
 Metaspace       used 51848K, capacity 53154K, committed 53324K, reserved 1095680K
  class space    used 6610K, capacity 7124K, committed 7244K, reserved 1048576K
}
Event: 5.489 GC heap before
{Heap before GC invocations=8 (full 0):
 garbage-first heap   total 260096K, used 89880K [0x0000000080000000, 0x0000000100000000)
  region size 1024K, 62 young (63488K), 17 survivors (17408K)
 Metaspace       used 58641K, capacity 60066K, committed 60236K, reserved 1101824K
  class space    used 7467K, capacity 7998K, committed 8012K, reserved 1048576K
}
Event: 5.503 GC heap after
{Heap after GC invocations=9 (full 0):
 garbage-first heap   total 260096K, used 47610K [0x0000000080000000, 0x0000000100000000)
  region size 1024K, 3 young (3072K), 3 survivors (3072K)
 Metaspace       used 58641K, capacity 60066K, committed 60236K, reserved 1101824K
  class space    used 7467K, capacity 7998K, committed 8012K, reserved 1048576K
}
Event: 6.337 GC heap before
{Heap before GC invocations=10 (full 0):
 garbage-first heap   total 260096K, used 156154K [0x0000000080000000, 0x0000000100000000)
  region size 1024K, 109 young (111616K), 3 survivors (3072K)
 Metaspace       used 65642K, capacity 67142K, committed 67404K, reserved 1107968K
  class space    used 8354K, capacity 8934K, committed 9036K, reserved 1048576K
}
Event: 6.350 GC heap after
{Heap after GC invocations=11 (full 0):
 garbage-first heap   total 260096K, used 55483K [0x0000000080000000, 0x0000000100000000)
  region size 1024K, 11 young (11264K), 11 survivors (11264K)
 Metaspace       used 65642K, capacity 67142K, committed 67404K, reserved 1107968K
  class space    used 8354K, capacity 8934K, committed 9036K, reserved 1048576K
}
Event: 7.532 GC heap before
{Heap before GC invocations=12 (full 0):
 garbage-first heap   total 260096K, used 165051K [0x0000000080000000, 0x0000000100000000)
  region size 1024K, 118 young (120832K), 11 survivors (11264K)
 Metaspace       used 77359K, capacity 79231K, committed 79436K, reserved 1118208K
  class space    used 10101K, capacity 10797K, committed 10828K, reserved 1048576K
}
Event: 7.543 GC heap after
{Heap after GC invocations=13 (full 0):
 garbage-first heap   total 260096K, used 62740K [0x0000000080000000, 0x0000000100000000)
  region size 1024K, 8 young (8192K), 8 survivors (8192K)
 Metaspace       used 77359K, capacity 79231K, committed 79436K, reserved 1118208K
  class space    used 10101K, capacity 10797K, committed 10828K, reserved 1048576K
}
Event: 8.400 GC heap before
{Heap before GC invocations=13 (full 0):
 garbage-first heap   total 260096K, used 175380K [0x0000000080000000, 0x0000000100000000)
  region size 1024K, 117 young (119808K), 8 survivors (8192K)
 Metaspace       used 81013K, capacity 83176K, committed 83532K, reserved 1122304K
  class space    used 10619K, capacity 11477K, committed 11596K, reserved 1048576K
}
Event: 8.411 GC heap after
{Heap after GC invocations=14 (full 0):
 garbage-first heap   total 260096K, used 72095K [0x0000000080000000, 0x0000000100000000)
  region size 1024K, 15 young (15360K), 15 survivors (15360K)
 Metaspace       used 81013K, capacity 83176K, committed 83532K, reserved 1122304K
  class space    used 10619K, capacity 11477K, committed 11596K, reserved 1048576K
}
Event: 9.093 GC heap before
{Heap before GC invocations=14 (full 0):
 garbage-first heap   total 260096K, used 181663K [0x0000000080000000, 0x0000000100000000)
  region size 1024K, 123 young (125952K), 15 survivors (15360K)
 Metaspace       used 81890K, capacity 84076K, committed 84300K, reserved 1122304K
  class space    used 10684K, capacity 11511K, committed 11596K, reserved 1048576K
}
Event: 9.106 GC heap after
{Heap after GC invocations=15 (full 0):
 garbage-first heap   total 260096K, used 81401K [0x0000000080000000, 0x0000000100000000)
  region size 1024K, 9 young (9216K), 9 survivors (9216K)
 Metaspace       used 81890K, capacity 84076K, committed 84300K, reserved 1122304K
  class space    used 10684K, capacity 11511K, committed 11596K, reserved 1048576K
}
Event: 10.554 GC heap before
{Heap before GC invocations=15 (full 0):
 garbage-first heap   total 260096K, used 204281K [0x0000000080000000, 0x0000000100000000)
  region size 1024K, 116 young (118784K), 9 survivors (9216K)
 Metaspace       used 89368K, capacity 91681K, committed 91852K, reserved 1128448K
  class space    used 11571K, capacity 12448K, committed 12492K, reserved 1048576K
}
Event: 10.571 GC heap after
{Heap after GC invocations=16 (full 0):
 garbage-first heap   total 260096K, used 99253K [0x0000000080000000, 0x0000000100000000)
  region size 1024K, 15 young (15360K), 15 survivors (15360K)
 Metaspace       used 89368K, capacity 91681K, committed 91852K, reserved 1128448K
  class space    used 11571K, capacity 12448K, committed 12492K, reserved 1048576K
}
Event: 11.377 GC heap before
{Heap before GC invocations=16 (full 0):
 garbage-first heap   total 260096K, used 197557K [0x0000000080000000, 0x0000000100000000)
  region size 1024K, 109 young (111616K), 15 survivors (15360K)
 Metaspace       used 90309K, capacity 92694K, committed 93004K, reserved 1130496K
  class space    used 11632K, capacity 12546K, committed 12620K, reserved 1048576K
}
Event: 11.401 GC heap after
{Heap after GC invocations=17 (full 0):
 garbage-first heap   total 260096K, used 128704K [0x0000000080000000, 0x0000000100000000)
  region size 1024K, 14 young (14336K), 14 survivors (14336K)
 Metaspace       used 90309K, capacity 92694K, committed 93004K, reserved 1130496K
  class space    used 11632K, capacity 12546K, committed 12620K, reserved 1048576K
}

Deoptimization events (20 events):
Event: 11.563 Thread 0x00000284468c0000 Uncommon trap: trap_request=0xffffffde fr.pc=0x00000284366da0f8 relative=0x0000000000000218
Event: 11.563 Thread 0x00000284468c0000 Uncommon trap: reason=class_check action=maybe_recompile pc=0x00000284366da0f8 method=org.gradle.internal.serialize.AbstractDecoder.readBytes([B)V @ 5 c2
Event: 11.563 Thread 0x00000284468c0000 DEOPT PACKING pc=0x00000284366da0f8 sp=0x000000f2c2bfe6e0
Event: 11.563 Thread 0x00000284468c0000 DEOPT UNPACKING pc=0x000002842e6c662f sp=0x000000f2c2bfe6b8 mode 2
Event: 11.563 Thread 0x00000284468c0000 Uncommon trap: trap_request=0xffffffde fr.pc=0x0000028436757aa0 relative=0x0000000000000740
Event: 11.563 Thread 0x00000284468c0000 Uncommon trap: reason=class_check action=maybe_recompile pc=0x0000028436757aa0 method=org.gradle.internal.serialize.AbstractDecoder.readBinary()[B @ 1 c2
Event: 11.563 Thread 0x00000284468c0000 DEOPT PACKING pc=0x0000028436757aa0 sp=0x000000f2c2bfe760
Event: 11.563 Thread 0x00000284468c0000 DEOPT UNPACKING pc=0x000002842e6c662f sp=0x000000f2c2bfe740 mode 2
Event: 11.563 Thread 0x00000284468c0000 Uncommon trap: trap_request=0xffffffde fr.pc=0x00000284366da0f8 relative=0x0000000000000218
Event: 11.563 Thread 0x00000284468c0000 Uncommon trap: reason=class_check action=maybe_recompile pc=0x00000284366da0f8 method=org.gradle.internal.serialize.AbstractDecoder.readBytes([B)V @ 5 c2
Event: 11.563 Thread 0x00000284468c0000 DEOPT PACKING pc=0x00000284366da0f8 sp=0x000000f2c2bfe6e0
Event: 11.563 Thread 0x00000284468c0000 DEOPT UNPACKING pc=0x000002842e6c662f sp=0x000000f2c2bfe6b8 mode 2
Event: 11.563 Thread 0x00000284468c0000 Uncommon trap: trap_request=0xffffffde fr.pc=0x0000028436757aa0 relative=0x0000000000000740
Event: 11.563 Thread 0x00000284468c0000 Uncommon trap: reason=class_check action=maybe_recompile pc=0x0000028436757aa0 method=org.gradle.internal.serialize.AbstractDecoder.readBinary()[B @ 1 c2
Event: 11.563 Thread 0x00000284468c0000 DEOPT PACKING pc=0x0000028436757aa0 sp=0x000000f2c2bfe760
Event: 11.563 Thread 0x00000284468c0000 DEOPT UNPACKING pc=0x000002842e6c662f sp=0x000000f2c2bfe740 mode 2
Event: 11.563 Thread 0x00000284468c0000 Uncommon trap: trap_request=0xffffffde fr.pc=0x00000284366da0f8 relative=0x0000000000000218
Event: 11.563 Thread 0x00000284468c0000 Uncommon trap: reason=class_check action=maybe_recompile pc=0x00000284366da0f8 method=org.gradle.internal.serialize.AbstractDecoder.readBytes([B)V @ 5 c2
Event: 11.563 Thread 0x00000284468c0000 DEOPT PACKING pc=0x00000284366da0f8 sp=0x000000f2c2bfe6e0
Event: 11.563 Thread 0x00000284468c0000 DEOPT UNPACKING pc=0x000002842e6c662f sp=0x000000f2c2bfe6b8 mode 2

Classes redefined (0 events):
No events

Internal exceptions (20 events):
Event: 7.755 Thread 0x000002844b400800 Exception <a 'java/lang/NoSuchMethodError'{0x000000008ebd6838}: 'java.lang.Object java.lang.invoke.DirectMethodHandle$Holder.invokeInterface(java.lang.Object, java.lang.Object, int)'> (0x000000008ebd6838) thrown at [./src/hotspot/share/interpreter/linkResolver.cpp, line 773]
Event: 7.757 Thread 0x000002844b400800 Exception <a 'java/lang/NoSuchMethodError'{0x000000008ea10200}: 'void java.lang.invoke.DirectMethodHandle$Holder.invokeStatic(java.lang.Object, java.lang.Object, java.lang.Object, int)'> (0x000000008ea10200) thrown at [./src/hotspot/share/interpreter/linkResolver.cpp, line 773]
Event: 7.784 Thread 0x000002844b400800 Exception <a 'java/lang/IncompatibleClassChangeError'{0x000000008e9a3f40}: Found class java.lang.Object, but interface was expected> (0x000000008e9a3f40) thrown at [./src/hotspot/share/interpreter/linkResolver.cpp, line 839]
Event: 7.789 Thread 0x000002844b400800 Exception <a 'java/lang/IncompatibleClassChangeError'{0x000000008e9c73a8}: Found class java.lang.Object, but interface was expected> (0x000000008e9c73a8) thrown at [./src/hotspot/share/interpreter/linkResolver.cpp, line 839]
Event: 7.983 Thread 0x000002844b400800 Exception <a 'java/lang/NoSuchMethodError'{0x000000008dc96548}: 'void java.lang.invoke.DirectMethodHandle$Holder.invokeStatic(java.lang.Object, java.lang.Object, java.lang.Object, java.lang.Object, int, java.lang.Object, java.lang.Object)'> (0x000000008dc96548) thrown at [./src/hotspot/share/interpreter/linkResolver.cpp, line 773]
Event: 7.998 Thread 0x000002844b400800 Exception <a 'java/lang/NoSuchMethodError'{0x000000008daa83d8}: 'java.lang.Object java.lang.invoke.DirectMethodHandle$Holder.invokeSpecialIFC(java.lang.Object, java.lang.Object, java.lang.Object)'> (0x000000008daa83d8) thrown at [./src/hotspot/share/interpreter/linkResolver.cpp, line 773]
Event: 8.021 Thread 0x0000028448df1000 Exception <a 'java/lang/NoSuchMethodError'{0x000000008ce9b518}: 'int java.lang.invoke.DirectMethodHandle$Holder.invokeStaticInit(java.lang.Object, java.lang.Object, java.lang.Object, java.lang.Object, java.lang.Object)'> (0x000000008ce9b518) thrown at [./src/hotspot/share/interpreter/linkResolver.cpp, line 773]
Event: 8.205 Thread 0x0000028448dea800 Exception <a 'java/lang/NoSuchMethodError'{0x000000008d820a00}: 'void java.lang.invoke.DirectMethodHandle$Holder.invokeVirtual(java.lang.Object, java.lang.Object)'> (0x000000008d820a00) thrown at [./src/hotspot/share/interpreter/linkResolver.cpp, line 773]
Event: 8.867 Thread 0x000002844b3ff000 Exception <a 'java/lang/NoSuchMethodError'{0x000000008b86e450}: <clinit>> (0x000000008b86e450) thrown at [./src/hotspot/share/prims/jni.cpp, line 1362]
Event: 8.867 Thread 0x000002844b3ff000 Exception <a 'java/lang/NoSuchMethodError'{0x000000008b86fca0}: <clinit>> (0x000000008b86fca0) thrown at [./src/hotspot/share/prims/jni.cpp, line 1362]
Event: 8.867 Thread 0x000002844b3ff000 Exception <a 'java/lang/NoSuchMethodError'{0x000000008b871e40}: <clinit>> (0x000000008b871e40) thrown at [./src/hotspot/share/prims/jni.cpp, line 1362]
Event: 8.869 Thread 0x000002844b3ff000 Exception <a 'java/lang/NoSuchMethodError'{0x000000008b889f80}: <clinit>> (0x000000008b889f80) thrown at [./src/hotspot/share/prims/jni.cpp, line 1362]
Event: 8.869 Thread 0x000002844b3ff000 Exception <a 'java/lang/NoSuchMethodError'{0x000000008b88b460}: <clinit>> (0x000000008b88b460) thrown at [./src/hotspot/share/prims/jni.cpp, line 1362]
Event: 9.139 Thread 0x000002844b3ff000 Exception <a 'java/lang/NoSuchMethodError'{0x000000008f54f490}: 'int java.lang.invoke.DirectMethodHandle$Holder.invokeSpecial(java.lang.Object, java.lang.Object, java.lang.Object, java.lang.Object, java.lang.Object)'> (0x000000008f54f490) thrown at [./src/hotspot/share/interpreter/linkResolver.cpp, line 773]
Event: 9.487 Thread 0x000002844b3ff000 Exception <a 'java/lang/NoSuchMethodError'{0x000000008e858648}: 'java.lang.Object java.lang.invoke.DirectMethodHandle$Holder.invokeStatic(java.lang.Object, java.lang.Object, int, java.lang.Object, java.lang.Object, java.lang.Object, java.lang.Object)'> (0x000000008e858648) thrown at [./src/hotspot/share/interpreter/linkResolver.cpp, line 773]
Event: 9.955 Thread 0x000002844b3ff000 Exception <a 'java/lang/NoSuchMethodError'{0x000000008d79f020}: 'java.lang.Object java.lang.invoke.Invokers$Holder.linkToTargetMethod(java.lang.Object, java.lang.Object, java.lang.Object, int, int, java.lang.Object)'> (0x000000008d79f020) thrown at [./src/hotspot/share/interpreter/linkResolver.cpp, line 773]
Event: 10.194 Thread 0x000002844b3ff000 Exception <a 'java/lang/NoSuchMethodError'{0x000000008c5148b8}: 'int java.lang.invoke.DirectMethodHandle$Holder.invokeVirtual(java.lang.Object, java.lang.Object, java.lang.Object)'> (0x000000008c5148b8) thrown at [./src/hotspot/share/interpreter/linkResolver.cpp, line 773]
Event: 10.593 Thread 0x000002844b3ff000 Implicit null exception at 0x00000284367e177c to 0x00000284367e22ec
Event: 10.756 Thread 0x000002844b3ff000 Exception <a 'sun/nio/fs/WindowsException'{0x000000008e0b2e78}> (0x000000008e0b2e78) thrown at [./src/hotspot/share/prims/jni.cpp, line 615]
Event: 10.756 Thread 0x000002844b3ff000 Exception <a 'sun/nio/fs/WindowsException'{0x000000008e0b2f80}> (0x000000008e0b2f80) thrown at [./src/hotspot/share/prims/jni.cpp, line 615]

Events (20 events):
Event: 11.560 loading class org/gradle/launcher/daemon/server/health/DaemonMemoryStatus$1
Event: 11.560 loading class org/gradle/launcher/daemon/server/health/DaemonMemoryStatus$1 done
Event: 11.560 loading class org/gradle/launcher/daemon/server/health/DaemonMemoryStatus$2
Event: 11.560 loading class org/gradle/launcher/daemon/server/health/DaemonMemoryStatus$2 done
Event: 11.561 loading class org/gradle/launcher/daemon/server/CompatibleDaemonExpirationStrategy$1
Event: 11.561 loading class org/gradle/launcher/daemon/server/CompatibleDaemonExpirationStrategy$1 done
Event: 11.561 loading class org/gradle/launcher/daemon/registry/PersistentDaemonRegistry$1
Event: 11.561 loading class org/gradle/launcher/daemon/registry/PersistentDaemonRegistry$1 done
Event: 11.561 loading class org/gradle/cache/internal/SimpleStateCache$1
Event: 11.561 loading class org/gradle/cache/internal/SimpleStateCache$1 done
Event: 11.565 loading class org/gradle/launcher/daemon/server/DaemonRegistryUnavailableExpirationStrategy$1
Event: 11.565 loading class org/gradle/launcher/daemon/server/DaemonRegistryUnavailableExpirationStrategy$1 done
Event: 11.565 loading class com/google/common/collect/Lists$TransformingSequentialList
Event: 11.565 loading class com/google/common/collect/Lists$TransformingSequentialList done
Event: 11.565 Executing VM operation: Deoptimize
Event: 11.567 Executing VM operation: Deoptimize done
Event: 11.567 loading class com/google/common/collect/Lists$TransformingSequentialList$1
Event: 11.567 loading class com/google/common/collect/Lists$TransformingSequentialList$1 done
Event: 11.567 loading class com/google/common/collect/TransformedListIterator
Event: 11.567 loading class com/google/common/collect/TransformedListIterator done


Dynamic libraries:
0x00007ff64f110000 - 0x00007ff64f11a000 	C:\Program Files\Android\Android Studio\jre\bin\java.exe
0x00007ff9d2930000 - 0x00007ff9d2b47000 	C:\WINDOWS\SYSTEM32\ntdll.dll
0x00007ff9d2360000 - 0x00007ff9d2424000 	C:\WINDOWS\System32\KERNEL32.DLL
0x00007ff9d02e0000 - 0x00007ff9d0686000 	C:\WINDOWS\System32\KERNELBASE.dll
0x00007ff9d0190000 - 0x00007ff9d02a1000 	C:\WINDOWS\System32\ucrtbase.dll
0x00007ff9c82c0000 - 0x00007ff9c82d9000 	C:\Program Files\Android\Android Studio\jre\bin\jli.dll
0x00007ff9c6430000 - 0x00007ff9c6447000 	C:\Program Files\Android\Android Studio\jre\bin\VCRUNTIME140.dll
0x00007ff9d1850000 - 0x00007ff9d19fe000 	C:\WINDOWS\System32\USER32.dll
0x00007ff9b28b0000 - 0x00007ff9b2b43000 	C:\WINDOWS\WinSxS\amd64_microsoft.windows.common-controls_6595b64144ccf1df_6.0.22621.2361_none_2712ced57382f843\COMCTL32.dll
0x00007ff9d02b0000 - 0x00007ff9d02d6000 	C:\WINDOWS\System32\win32u.dll
0x00007ff9d2260000 - 0x00007ff9d2307000 	C:\WINDOWS\System32\msvcrt.dll
0x00007ff9d0f10000 - 0x00007ff9d0f39000 	C:\WINDOWS\System32\GDI32.dll
0x00007ff9cfcb0000 - 0x00007ff9cfdc8000 	C:\WINDOWS\System32\gdi32full.dll
0x00007ff9cffb0000 - 0x00007ff9d004a000 	C:\WINDOWS\System32\msvcp_win.dll
0x00007ff9d2320000 - 0x00007ff9d2351000 	C:\WINDOWS\System32\IMM32.DLL
0x00007ff99cb70000 - 0x00007ff99cc0d000 	C:\Program Files\Android\Android Studio\jre\bin\msvcp140.dll
0x00007ff96d360000 - 0x00007ff96de35000 	C:\Program Files\Android\Android Studio\jre\bin\server\jvm.dll
0x00007ff9d0a00000 - 0x00007ff9d0ab0000 	C:\WINDOWS\System32\ADVAPI32.dll
0x00007ff9d2840000 - 0x00007ff9d28e6000 	C:\WINDOWS\System32\sechost.dll
0x00007ff9d26b0000 - 0x00007ff9d27c7000 	C:\WINDOWS\System32\RPCRT4.dll
0x00007ff9d2520000 - 0x00007ff9d2528000 	C:\WINDOWS\System32\PSAPI.DLL
0x00007ff9cd1e0000 - 0x00007ff9cd1e9000 	C:\WINDOWS\SYSTEM32\WSOCK32.dll
0x00007ff9d2530000 - 0x00007ff9d25a1000 	C:\WINDOWS\System32\WS2_32.dll
0x00007ff9ca490000 - 0x00007ff9ca4c4000 	C:\WINDOWS\SYSTEM32\WINMM.dll
0x00007ff9cabe0000 - 0x00007ff9cabea000 	C:\WINDOWS\SYSTEM32\VERSION.dll
0x00007ff9ced40000 - 0x00007ff9ced58000 	C:\WINDOWS\SYSTEM32\kernel.appcore.dll
0x00007ff9b5a70000 - 0x00007ff9b5a81000 	C:\Program Files\Android\Android Studio\jre\bin\verify.dll
0x00007ff9ccf50000 - 0x00007ff9cd17e000 	C:\WINDOWS\SYSTEM32\DBGHELP.DLL
0x00007ff9d0f40000 - 0x00007ff9d12ca000 	C:\WINDOWS\System32\combase.dll
0x00007ff9d2430000 - 0x00007ff9d2507000 	C:\WINDOWS\System32\OLEAUT32.dll
0x00007ff9c71e0000 - 0x00007ff9c7212000 	C:\WINDOWS\SYSTEM32\dbgcore.DLL
0x00007ff9d0050000 - 0x00007ff9d00ca000 	C:\WINDOWS\System32\bcryptPrimitives.dll
0x00007ff9b0860000 - 0x00007ff9b0889000 	C:\Program Files\Android\Android Studio\jre\bin\java.dll
0x00007ff9cb9a0000 - 0x00007ff9cb9ab000 	C:\Program Files\Android\Android Studio\jre\bin\jimage.dll
0x00007ff9b1b20000 - 0x00007ff9b1b38000 	C:\Program Files\Android\Android Studio\jre\bin\zip.dll
0x00007ff9d1a00000 - 0x00007ff9d2258000 	C:\WINDOWS\System32\SHELL32.dll
0x00007ff9cdbd0000 - 0x00007ff9ce4c2000 	C:\WINDOWS\SYSTEM32\windows.storage.dll
0x00007ff9cda90000 - 0x00007ff9cdbce000 	C:\WINDOWS\SYSTEM32\wintypes.dll
0x00007ff9d0900000 - 0x00007ff9d09f3000 	C:\WINDOWS\System32\SHCORE.dll
0x00007ff9d08a0000 - 0x00007ff9d08fe000 	C:\WINDOWS\System32\shlwapi.dll
0x00007ff9cfbe0000 - 0x00007ff9cfc06000 	C:\WINDOWS\SYSTEM32\profapi.dll
0x00007ff9b0670000 - 0x00007ff9b068a000 	C:\Program Files\Android\Android Studio\jre\bin\net.dll
0x00007ff9ca2f0000 - 0x00007ff9ca427000 	C:\WINDOWS\SYSTEM32\WINHTTP.dll
0x00007ff9cf220000 - 0x00007ff9cf289000 	C:\WINDOWS\system32\mswsock.dll
0x00007ff9ac670000 - 0x00007ff9ac684000 	C:\Program Files\Android\Android Studio\jre\bin\nio.dll
0x00007ff992b80000 - 0x00007ff992ba7000 	C:\Users\bob arcon\.gradle\native\e1d6ef7f7dcc3fd88c89a11ec53ec762bb8ba0a96d01ffa2cd45eb1d1d8dd5c5\windows-amd64\native-platform.dll
0x00007ff9764a0000 - 0x00007ff9765e4000 	C:\Users\bob arcon\.gradle\native\5664cfc778a61ccfe75a443a1ab52a65af34e5dc3c78e0209fed803814484fcb\windows-amd64\native-platform-file-events.dll
0x00007ff9cb980000 - 0x00007ff9cb98a000 	C:\Program Files\Android\Android Studio\jre\bin\management.dll
0x00007ff9c82b0000 - 0x00007ff9c82bd000 	C:\Program Files\Android\Android Studio\jre\bin\management_ext.dll
0x00007ff9cf4b0000 - 0x00007ff9cf4cb000 	C:\WINDOWS\SYSTEM32\CRYPTSP.dll
0x00007ff9ced00000 - 0x00007ff9ced35000 	C:\WINDOWS\system32\rsaenh.dll
0x00007ff9cf330000 - 0x00007ff9cf35c000 	C:\WINDOWS\SYSTEM32\USERENV.dll
0x00007ff9cf650000 - 0x00007ff9cf678000 	C:\WINDOWS\SYSTEM32\bcrypt.dll
0x00007ff9cf4d0000 - 0x00007ff9cf4dc000 	C:\WINDOWS\SYSTEM32\CRYPTBASE.dll
0x00007ff9ce7e0000 - 0x00007ff9ce80d000 	C:\WINDOWS\SYSTEM32\IPHLPAPI.DLL
0x00007ff9d2310000 - 0x00007ff9d2319000 	C:\WINDOWS\System32\NSI.dll
0x00007ff9ca470000 - 0x00007ff9ca489000 	C:\WINDOWS\SYSTEM32\dhcpcsvc6.DLL
0x00007ff9ca230000 - 0x00007ff9ca24f000 	C:\WINDOWS\SYSTEM32\dhcpcsvc.DLL
0x00007ff9ce810000 - 0x00007ff9ce909000 	C:\WINDOWS\SYSTEM32\DNSAPI.dll

dbghelp: loaded successfully - version: 4.0.5 - missing functions: none
symbol engine: initialized successfully - sym options: 0x614 - pdb path: .;C:\Program Files\Android\Android Studio\jre\bin;C:\WINDOWS\SYSTEM32;C:\WINDOWS\WinSxS\amd64_microsoft.windows.common-controls_6595b64144ccf1df_6.0.22621.2361_none_2712ced57382f843;C:\Program Files\Android\Android Studio\jre\bin\server;C:\Users\bob arcon\.gradle\native\e1d6ef7f7dcc3fd88c89a11ec53ec762bb8ba0a96d01ffa2cd45eb1d1d8dd5c5\windows-amd64;C:\Users\bob arcon\.gradle\native\5664cfc778a61ccfe75a443a1ab52a65af34e5dc3c78e0209fed803814484fcb\windows-amd64

VM Arguments:
jvm_args: --add-opens=java.base/java.util=ALL-UNNAMED --add-opens=java.base/java.lang=ALL-UNNAMED --add-opens=java.base/java.lang.invoke=ALL-UNNAMED --add-opens=java.base/java.util=ALL-UNNAMED --add-opens=java.prefs/java.util.prefs=ALL-UNNAMED --add-opens=java.prefs/java.util.prefs=ALL-UNNAMED --add-opens=java.base/java.nio.charset=ALL-UNNAMED --add-opens=java.base/java.net=ALL-UNNAMED --add-opens=java.base/java.util.concurrent.atomic=ALL-UNNAMED -Xmx2048m -Dfile.encoding=UTF-8 -Duser.country=US -Duser.language=en -Duser.variant 
java_command: org.gradle.launcher.daemon.bootstrap.GradleDaemon 7.2
java_class_path (initial): C:\Users\bob arcon\.gradle\wrapper\dists\gradle-7.2-bin\2dnblmf4td7x66yl1d74lt32g\gradle-7.2\lib\gradle-launcher-7.2.jar
Launcher Type: SUN_STANDARD

[Global flags]
     intx CICompilerCount                          = 4                                         {product} {ergonomic}
     uint ConcGCThreads                            = 2                                         {product} {ergonomic}
     uint G1ConcRefinementThreads                  = 8                                         {product} {ergonomic}
   size_t G1HeapRegionSize                         = 1048576                                   {product} {ergonomic}
    uintx GCDrainStackTargetSize                   = 64                                        {product} {ergonomic}
   size_t InitialHeapSize                          = 266338304                                 {product} {ergonomic}
   size_t MarkStackSize                            = 4194304                                   {product} {ergonomic}
   size_t MaxHeapSize                              = 2147483648                                {product} {command line}
   size_t MaxNewSize                               = 1287651328                                {product} {ergonomic}
   size_t MinHeapDeltaBytes                        = 1048576                                   {product} {ergonomic}
    uintx NonNMethodCodeHeapSize                   = 5836300                                {pd product} {ergonomic}
    uintx NonProfiledCodeHeapSize                  = 122910970                              {pd product} {ergonomic}
    uintx ProfiledCodeHeapSize                     = 122910970                              {pd product} {ergonomic}
    uintx ReservedCodeCacheSize                    = 251658240                              {pd product} {ergonomic}
     bool SegmentedCodeCache                       = true                                      {product} {ergonomic}
     bool UseCompressedClassPointers               = true                                 {lp64_product} {ergonomic}
     bool UseCompressedOops                        = true                                 {lp64_product} {ergonomic}
     bool UseG1GC                                  = true                                      {product} {ergonomic}
     bool UseLargePagesIndividualAllocation        = false                                  {pd product} {ergonomic}

Logging:
Log output configuration:
 #0: stdout all=warning uptime,level,tags
 #1: stderr all=off uptime,level,tags

Environment Variables:
PATH=C:\Windows\system32;C:\Windows;C:\Windows\System32\Wbem;C:\Windows\System32\WindowsPowerShell\v1.0\;C:\Windows\System32\OpenSSH\;C:\Program Files (x86)\NVIDIA Corporation\PhysX\Common;C:\Program Files\NVIDIA Corporation\NVIDIA NvDLISR;C:\WINDOWS\system32;C:\WINDOWS;C:\WINDOWS\System32\Wbem;C:\WINDOWS\System32\WindowsPowerShell\v1.0\;C:\WINDOWS\System32\OpenSSH\;C:\Program Files\dotnet\;C:\WINDOWS\system32;C:\WINDOWS;C:\WINDOWS\System32\Wbem;C:\WINDOWS\System32\WindowsPowerShell\v1.0\;C:\WINDOWS\System32\OpenSSH\;C:\Program Files (x86)\Microsoft SQL Server\100\Tools\Binn\;C:\Program Files\Microsoft SQL Server\100\Tools\Binn\;C:\Program Files\Microsoft SQL Server\100\DTS\Binn\;C:\Program Files (x86)\Microsoft SQL Server\100\Tools\Binn\VSShell\Common7\IDE\;C:\Program Files (x86)\Microsoft SQL Server\100\DTS\Binn\;C:\Program Files\Microsoft SQL Server\150\Tools\Binn\;C:\Program Files\Microsoft SQL Server\Client SDK\ODBC\170\Tools\Binn\;C:\Program Files\Git\cmd;C:\Users\bob arcon\AppData\Local\Microsoft\WindowsApps;C:\Users\bob arcon\.dotnet\tools;
USERNAME=bob arcon
OS=Windows_NT
PROCESSOR_IDENTIFIER=Intel64 Family 6 Model 165 Stepping 2, GenuineIntel



---------------  S Y S T E M  ---------------

OS: Windows 10 , 64 bit Build 22621 (10.0.22621.2361)
OS uptime: 0 days 14:01 hours
Hyper-V role detected

CPU:total 8 (initial active 8) (4 cores per cpu, 2 threads per core) family 6 model 165 stepping 2 microcode 0xe0, cmov, cx8, fxsr, mmx, sse, sse2, sse3, ssse3, sse4.1, sse4.2, popcnt, avx, avx2, aes, clmul, erms, 3dnowpref, lzcnt, ht, tsc, tscinvbit, bmi1, bmi2, adx, fma

Memory: 4k page, system-wide physical 16215M (2250M free)
TotalPageFile size 34270M (AvailPageFile size 5M)
current process WorkingSet (physical memory assigned to process): 549M, peak: 549M
current process commit charge ("private bytes"): 588M, peak: 589M

vm_info: OpenJDK 64-Bit Server VM (11.0.11+9-b60-7590822) for windows-amd64 JRE (11.0.11+9-b60-7590822), built on Jul 29 2021 21:43:44 by "builder" with MS VC++ 14.0 (VS2015)

END.
