#
# There is insufficient memory for the Java Runtime Environment to continue.
# Native memory allocation (malloc) failed to allocate 1246256 bytes for Chunk::new
# Possible reasons:
#   The system is out of physical RAM or swap space
#   The process is running with CompressedOops enabled, and the Java Heap may be blocking the growth of the native heap
# Possible solutions:
#   Reduce memory load on the system
#   Increase physical memory or swap space
#   Check if swap backing store is full
#   Decrease Java heap size (-Xmx/-Xms)
#   Decrease number of Java threads
#   Decrease Java thread stack sizes (-Xss)
#   Set larger code cache with -XX:ReservedCodeCacheSize=
#   JVM is running with Unscaled Compressed Oops mode in which the Java heap is
#     placed in the first 4GB address space. The Java Heap base address is the
#     maximum limit for the native heap growth. Please use -XX:HeapBaseMinAddress
#     to set the Java Heap base and to place the Java Heap above 4GB virtual address.
# This output file may be truncated or incomplete.
#
#  Out of Memory Error (./src/hotspot/share/memory/arena.cpp:197), pid=12424, tid=17876
#
# JRE version: OpenJDK Runtime Environment (11.0.11+9) (build 11.0.11+9-b60-7590822)
# Java VM: OpenJDK 64-Bit Server VM (11.0.11+9-b60-7590822, mixed mode, tiered, compressed oops, g1 gc, windows-amd64)
# No core dump will be written. Minidumps are not enabled by default on client versions of Windows
#

---------------  S U M M A R Y ------------

Command Line: --add-opens=java.base/java.util=ALL-UNNAMED --add-opens=java.base/java.lang=ALL-UNNAMED --add-opens=java.base/java.lang.invoke=ALL-UNNAMED --add-opens=java.base/java.util=ALL-UNNAMED --add-opens=java.prefs/java.util.prefs=ALL-UNNAMED --add-opens=java.prefs/java.util.prefs=ALL-UNNAMED --add-opens=java.base/java.nio.charset=ALL-UNNAMED --add-opens=java.base/java.net=ALL-UNNAMED --add-opens=java.base/java.util.concurrent.atomic=ALL-UNNAMED -Xmx2048m -Dfile.encoding=UTF-8 -Duser.country=US -Duser.language=en -Duser.variant org.gradle.launcher.daemon.bootstrap.GradleDaemon 7.2

Host: Intel(R) Core(TM) i5-10300H CPU @ 2.50GHz, 8 cores, 15G,  Windows 10 , 64 bit Build 22621 (10.0.22621.2361)
Time: Tue Oct 10 10:02:25 2023 Malay Peninsula Standard Time elapsed time: 6.216904 seconds (0d 0h 0m 6s)

---------------  T H R E A D  ---------------

Current thread (0x0000020f5b382800):  JavaThread "C2 CompilerThread1" daemon [_thread_in_native, id=17876, stack(0x0000002c67700000,0x0000002c67800000)]


Current CompileTask:
C2:   6216 6529       4       java.lang.Class::getMethod (59 bytes)

Stack: [0x0000002c67700000,0x0000002c67800000]
Native frames: (J=compiled Java code, j=interpreted, Vv=VM code, C=native code)
V  [jvm.dll+0x5f214a]
V  [jvm.dll+0x726fb5]
V  [jvm.dll+0x7285cd]
V  [jvm.dll+0x728c83]
V  [jvm.dll+0x243278]
V  [jvm.dll+0xbc53c]
V  [jvm.dll+0xbca3c]
V  [jvm.dll+0x353e7d]
V  [jvm.dll+0x19895c]
V  [jvm.dll+0x1fc2ee]
V  [jvm.dll+0x1fb3d4]
V  [jvm.dll+0x183d6c]
V  [jvm.dll+0x209a57]
V  [jvm.dll+0x2082a1]
V  [jvm.dll+0x6ef58f]
V  [jvm.dll+0x6e80b5]
V  [jvm.dll+0x5f1036]
C  [ucrtbase.dll+0x29363]
C  [KERNEL32.DLL+0x1257d]
C  [ntdll.dll+0x5aa78]


---------------  P R O C E S S  ---------------

Threads class SMR info:
_java_thread_list=0x0000020f61df6450, length=124, elements={
0x0000020f3dff8800, 0x0000020f58ce2800, 0x0000020f58ceb800, 0x0000020f58d3c800,
0x0000020f58d3d800, 0x0000020f58d40800, 0x0000020f58d45800, 0x0000020f58d4e800,
0x0000020f58d54000, 0x0000020f58eb4000, 0x0000020f5bdf0800, 0x0000020f59359800,
0x0000020f59c38000, 0x0000020f5a2ba800, 0x0000020f5b0f4800, 0x0000020f5b200800,
0x0000020f5b062800, 0x0000020f5b382800, 0x0000020f5a10d000, 0x0000020f5addd000,
0x0000020f5b40f000, 0x0000020f5b410000, 0x0000020f5b40e000, 0x0000020f5b410800,
0x0000020f5b40d800, 0x0000020f5bf96000, 0x0000020f5b414000, 0x0000020f5b411800,
0x0000020f5b412800, 0x0000020f5b413000, 0x0000020f5e228800, 0x0000020f5e229000,
0x0000020f5e22a000, 0x0000020f5e226800, 0x0000020f5e22c800, 0x0000020f5e22b000,
0x0000020f5e22b800, 0x0000020f5e227800, 0x0000020f5e233000, 0x0000020f5e22e000,
0x0000020f5e230800, 0x0000020f5e232000, 0x0000020f5e22f800, 0x0000020f5e22d800,
0x0000020f5e22f000, 0x0000020f5e231800, 0x0000020f5e9a2000, 0x0000020f5e9a3800,
0x0000020f5e9a1000, 0x0000020f5e9a7000, 0x0000020f5e9a2800, 0x0000020f5e9a6000,
0x0000020f5e9a8800, 0x0000020f5e9a9000, 0x0000020f5e9a4800, 0x0000020f5e9a7800,
0x0000020f5e9aa000, 0x0000020f5e9ab000, 0x0000020f5e9a5000, 0x0000020f5e9af000,
0x0000020f5e9b0000, 0x0000020f5e9ad800, 0x0000020f5e9ab800, 0x0000020f5e9ae000,
0x0000020f5e9ac800, 0x0000020f5ecd5000, 0x0000020f5ecd7800, 0x0000020f5ecd6000,
0x0000020f5ecd6800, 0x0000020f5ecda000, 0x0000020f5ecd4000, 0x0000020f5ecdd000,
0x0000020f5ecda800, 0x0000020f5ecdb800, 0x0000020f5ecdc800, 0x0000020f5ecde000,
0x0000020f5ecd8800, 0x0000020f5ecdf000, 0x0000020f5ecd9000, 0x0000020f5ecdf800,
0x0000020f5ece0800, 0x0000020f5ece2000, 0x0000020f5ece3000, 0x0000020f5ece1800,
0x0000020f5fe79800, 0x0000020f5fe78000, 0x0000020f5fe79000, 0x0000020f5fe7a800,
0x0000020f5fe7d000, 0x0000020f5fe7b800, 0x0000020f5fe7c000, 0x0000020f5fe77800,
0x0000020f5fe82800, 0x0000020f5fe81000, 0x0000020f5fe80800, 0x0000020f5fe7e800,
0x0000020f5fe82000, 0x0000020f5fe83800, 0x0000020f5fe7e000, 0x0000020f5fe84800,
0x0000020f5fe85000, 0x0000020f5fe7f800, 0x0000020f5fe86000, 0x0000020f5e85a000,
0x0000020f5e85c800, 0x0000020f5e85d000, 0x0000020f5e85b000, 0x0000020f5e858800,
0x0000020f5e85b800, 0x0000020f5e857800, 0x0000020f5e85e000, 0x0000020f5e85f000,
0x0000020f5e859000, 0x0000020f5e862000, 0x0000020f5e85f800, 0x0000020f5e865800,
0x0000020f5e861800, 0x0000020f5e863000, 0x0000020f5e866000, 0x0000020f5e863800,
0x0000020f5e860800, 0x0000020f5e864800, 0x0000020f5fe46000, 0x0000020f5fe47800
}

Java Threads: ( => current thread )
  0x0000020f3dff8800 JavaThread "main" [_thread_blocked, id=5140, stack(0x0000002c65a00000,0x0000002c65b00000)]
  0x0000020f58ce2800 JavaThread "Reference Handler" daemon [_thread_blocked, id=4072, stack(0x0000002c66100000,0x0000002c66200000)]
  0x0000020f58ceb800 JavaThread "Finalizer" daemon [_thread_blocked, id=19804, stack(0x0000002c66200000,0x0000002c66300000)]
  0x0000020f58d3c800 JavaThread "Signal Dispatcher" daemon [_thread_blocked, id=19100, stack(0x0000002c66300000,0x0000002c66400000)]
  0x0000020f58d3d800 JavaThread "Attach Listener" daemon [_thread_blocked, id=20348, stack(0x0000002c66400000,0x0000002c66500000)]
  0x0000020f58d40800 JavaThread "Service Thread" daemon [_thread_blocked, id=15888, stack(0x0000002c66500000,0x0000002c66600000)]
  0x0000020f58d45800 JavaThread "C2 CompilerThread0" daemon [_thread_in_native, id=6592, stack(0x0000002c66600000,0x0000002c66700000)]
  0x0000020f58d4e800 JavaThread "C1 CompilerThread0" daemon [_thread_blocked, id=14684, stack(0x0000002c66700000,0x0000002c66800000)]
  0x0000020f58d54000 JavaThread "Sweeper thread" daemon [_thread_blocked, id=9248, stack(0x0000002c66800000,0x0000002c66900000)]
  0x0000020f58eb4000 JavaThread "Common-Cleaner" daemon [_thread_blocked, id=16552, stack(0x0000002c66900000,0x0000002c66a00000)]
  0x0000020f5bdf0800 JavaThread "Daemon health stats" [_thread_blocked, id=19528, stack(0x0000002c67200000,0x0000002c67300000)]
  0x0000020f59359800 JavaThread "Incoming local TCP Connector on port 65516" [_thread_in_native, id=20360, stack(0x0000002c66b00000,0x0000002c66c00000)]
  0x0000020f59c38000 JavaThread "Daemon periodic checks" [_thread_blocked, id=11536, stack(0x0000002c66c00000,0x0000002c66d00000)]
  0x0000020f5a2ba800 JavaThread "Daemon" [_thread_blocked, id=3076, stack(0x0000002c67300000,0x0000002c67400000)]
  0x0000020f5b0f4800 JavaThread "Handler for socket connection from /127.0.0.1:65516 to /127.0.0.1:65517" [_thread_in_native, id=8320, stack(0x0000002c67400000,0x0000002c67500000)]
  0x0000020f5b200800 JavaThread "Cancel handler" [_thread_blocked, id=13040, stack(0x0000002c67500000,0x0000002c67600000)]
  0x0000020f5b062800 JavaThread "Daemon worker" [_thread_in_vm, id=18776, stack(0x0000002c67600000,0x0000002c67700000)]
=>0x0000020f5b382800 JavaThread "C2 CompilerThread1" daemon [_thread_in_native, id=17876, stack(0x0000002c67700000,0x0000002c67800000)]
  0x0000020f5a10d000 JavaThread "Asynchronous log dispatcher for DefaultDaemonConnection: socket connection from /127.0.0.1:65516 to /127.0.0.1:65517" [_thread_blocked, id=20192, stack(0x0000002c67800000,0x0000002c67900000)]
  0x0000020f5addd000 JavaThread "Stdin handler" [_thread_blocked, id=20440, stack(0x0000002c67900000,0x0000002c67a00000)]
  0x0000020f5b40f000 JavaThread "Daemon client event forwarder" [_thread_blocked, id=16980, stack(0x0000002c67a00000,0x0000002c67b00000)]
  0x0000020f5b410000 JavaThread "Cache worker for journal cache (C:\Users\bob arcon\.gradle\caches\journal-1)" [_thread_blocked, id=12880, stack(0x0000002c67b00000,0x0000002c67c00000)]
  0x0000020f5b40e000 JavaThread "File lock request listener" [_thread_in_native, id=17476, stack(0x0000002c67c00000,0x0000002c67d00000)]
  0x0000020f5b410800 JavaThread "Cache worker for file hash cache (C:\Users\bob arcon\.gradle\caches\7.2\fileHashes)" [_thread_blocked, id=5852, stack(0x0000002c67d00000,0x0000002c67e00000)]
  0x0000020f5b40d800 JavaThread "Cache worker for file hash cache (C:\Users\bob arcon\Desktop\ANDROID POS\MyApplication2\.gradle\7.2\fileHashes)" [_thread_blocked, id=20160, stack(0x0000002c68100000,0x0000002c68200000)]
  0x0000020f5bf96000 JavaThread "C2 CompilerThread2" daemon [_thread_in_native, id=12236, stack(0x0000002c68200000,0x0000002c68300000)]
  0x0000020f5b414000 JavaThread "File watcher server" daemon [_thread_in_native, id=19800, stack(0x0000002c68300000,0x0000002c68400000)]
  0x0000020f5b411800 JavaThread "File watcher consumer" daemon [_thread_blocked, id=17816, stack(0x0000002c68400000,0x0000002c68500000)]
  0x0000020f5b412800 JavaThread "Cache worker for checksums cache (C:\Users\bob arcon\Desktop\ANDROID POS\MyApplication2\.gradle\checksums)" [_thread_blocked, id=18808, stack(0x0000002c68500000,0x0000002c68600000)]
  0x0000020f5b413000 JavaThread "Cache worker for cache directory md-supplier (C:\Users\bob arcon\.gradle\caches\7.2\md-supplier)" [_thread_blocked, id=18328, stack(0x0000002c68600000,0x0000002c68700000)]
  0x0000020f5e228800 JavaThread "Cache worker for cache directory md-rule (C:\Users\bob arcon\.gradle\caches\7.2\md-rule)" [_thread_blocked, id=11280, stack(0x0000002c68700000,0x0000002c68800000)]
  0x0000020f5e229000 JavaThread "Cache worker for execution history cache (C:\Users\bob arcon\.gradle\caches\7.2\executionHistory)" [_thread_blocked, id=19860, stack(0x0000002c68800000,0x0000002c68900000)]
  0x0000020f5e22a000 JavaThread "jar transforms" [_thread_blocked, id=14516, stack(0x0000002c68900000,0x0000002c68a00000)]
  0x0000020f5e226800 JavaThread "Cache worker for file content cache (C:\Users\bob arcon\.gradle\caches\7.2\fileContent)" [_thread_blocked, id=6284, stack(0x0000002c68a00000,0x0000002c68b00000)]
  0x0000020f5e22c800 JavaThread "jar transforms Thread 2" [_thread_blocked, id=19572, stack(0x0000002c68b00000,0x0000002c68c00000)]
  0x0000020f5e22b000 JavaThread "Cache worker for dependencies-accessors (C:\Users\bob arcon\Desktop\ANDROID POS\MyApplication2\.gradle\7.2\dependencies-accessors)" [_thread_blocked, id=17536, stack(0x0000002c68c00000,0x0000002c68d00000)]
  0x0000020f5e22b800 JavaThread "jar transforms Thread 3" [_thread_blocked, id=18196, stack(0x0000002c68d00000,0x0000002c68e00000)]
  0x0000020f5e227800 JavaThread "Cache worker for Build Output Cleanup Cache (C:\Users\bob arcon\Desktop\ANDROID POS\MyApplication2\.gradle\buildOutputCleanup)" [_thread_blocked, id=20368, stack(0x0000002c68e00000,0x0000002c68f00000)]
  0x0000020f5e233000 JavaThread "Unconstrained build operations" [_thread_blocked, id=13280, stack(0x0000002c68f00000,0x0000002c69000000)]
  0x0000020f5e22e000 JavaThread "Unconstrained build operations Thread 2" [_thread_blocked, id=17828, stack(0x0000002c69000000,0x0000002c69100000)]
  0x0000020f5e230800 JavaThread "Unconstrained build operations Thread 3" [_thread_blocked, id=13984, stack(0x0000002c69100000,0x0000002c69200000)]
  0x0000020f5e232000 JavaThread "Unconstrained build operations Thread 4" [_thread_blocked, id=18068, stack(0x0000002c69200000,0x0000002c69300000)]
  0x0000020f5e22f800 JavaThread "Unconstrained build operations Thread 5" [_thread_blocked, id=18256, stack(0x0000002c69300000,0x0000002c69400000)]
  0x0000020f5e22d800 JavaThread "Unconstrained build operations Thread 6" [_thread_blocked, id=9404, stack(0x0000002c69400000,0x0000002c69500000)]
  0x0000020f5e22f000 JavaThread "Unconstrained build operations Thread 7" [_thread_blocked, id=17160, stack(0x0000002c69500000,0x0000002c69600000)]
  0x0000020f5e231800 JavaThread "Unconstrained build operations Thread 8" [_thread_blocked, id=17248, stack(0x0000002c69600000,0x0000002c69700000)]
  0x0000020f5e9a2000 JavaThread "Unconstrained build operations Thread 9" [_thread_blocked, id=2620, stack(0x0000002c69700000,0x0000002c69800000)]
  0x0000020f5e9a3800 JavaThread "Unconstrained build operations Thread 10" [_thread_blocked, id=6220, stack(0x0000002c69800000,0x0000002c69900000)]
  0x0000020f5e9a1000 JavaThread "Unconstrained build operations Thread 11" [_thread_blocked, id=12244, stack(0x0000002c69900000,0x0000002c69a00000)]
  0x0000020f5e9a7000 JavaThread "Unconstrained build operations Thread 12" [_thread_blocked, id=20476, stack(0x0000002c69a00000,0x0000002c69b00000)]
  0x0000020f5e9a2800 JavaThread "Unconstrained build operations Thread 13" [_thread_blocked, id=19796, stack(0x0000002c69b00000,0x0000002c69c00000)]
  0x0000020f5e9a6000 JavaThread "Unconstrained build operations Thread 14" [_thread_blocked, id=8996, stack(0x0000002c69c00000,0x0000002c69d00000)]
  0x0000020f5e9a8800 JavaThread "Unconstrained build operations Thread 15" [_thread_blocked, id=8780, stack(0x0000002c69d00000,0x0000002c69e00000)]
  0x0000020f5e9a9000 JavaThread "Unconstrained build operations Thread 16" [_thread_blocked, id=18644, stack(0x0000002c69e00000,0x0000002c69f00000)]
  0x0000020f5e9a4800 JavaThread "Unconstrained build operations Thread 17" [_thread_blocked, id=13340, stack(0x0000002c69f00000,0x0000002c6a000000)]
  0x0000020f5e9a7800 JavaThread "Unconstrained build operations Thread 18" [_thread_blocked, id=19376, stack(0x0000002c6a000000,0x0000002c6a100000)]
  0x0000020f5e9aa000 JavaThread "Unconstrained build operations Thread 19" [_thread_blocked, id=12820, stack(0x0000002c6a100000,0x0000002c6a200000)]
  0x0000020f5e9ab000 JavaThread "Unconstrained build operations Thread 20" [_thread_blocked, id=11096, stack(0x0000002c6a200000,0x0000002c6a300000)]
  0x0000020f5e9a5000 JavaThread "Unconstrained build operations Thread 21" [_thread_blocked, id=3148, stack(0x0000002c6a300000,0x0000002c6a400000)]
  0x0000020f5e9af000 JavaThread "Unconstrained build operations Thread 22" [_thread_blocked, id=19880, stack(0x0000002c6a400000,0x0000002c6a500000)]
  0x0000020f5e9b0000 JavaThread "Unconstrained build operations Thread 23" [_thread_blocked, id=5112, stack(0x0000002c6a500000,0x0000002c6a600000)]
  0x0000020f5e9ad800 JavaThread "Unconstrained build operations Thread 24" [_thread_blocked, id=20460, stack(0x0000002c6a600000,0x0000002c6a700000)]
  0x0000020f5e9ab800 JavaThread "Unconstrained build operations Thread 25" [_thread_blocked, id=18308, stack(0x0000002c6a700000,0x0000002c6a800000)]
  0x0000020f5e9ae000 JavaThread "Unconstrained build operations Thread 26" [_thread_blocked, id=13744, stack(0x0000002c6a800000,0x0000002c6a900000)]
  0x0000020f5e9ac800 JavaThread "Unconstrained build operations Thread 27" [_thread_blocked, id=14332, stack(0x0000002c6a900000,0x0000002c6aa00000)]
  0x0000020f5ecd5000 JavaThread "Unconstrained build operations Thread 28" [_thread_blocked, id=16504, stack(0x0000002c6aa00000,0x0000002c6ab00000)]
  0x0000020f5ecd7800 JavaThread "Unconstrained build operations Thread 29" [_thread_blocked, id=19632, stack(0x0000002c6ab00000,0x0000002c6ac00000)]
  0x0000020f5ecd6000 JavaThread "Unconstrained build operations Thread 30" [_thread_blocked, id=19416, stack(0x0000002c6ac00000,0x0000002c6ad00000)]
  0x0000020f5ecd6800 JavaThread "Unconstrained build operations Thread 31" [_thread_blocked, id=15052, stack(0x0000002c6ad00000,0x0000002c6ae00000)]
  0x0000020f5ecda000 JavaThread "Unconstrained build operations Thread 32" [_thread_blocked, id=11616, stack(0x0000002c6ae00000,0x0000002c6af00000)]
  0x0000020f5ecd4000 JavaThread "Unconstrained build operations Thread 33" [_thread_blocked, id=15736, stack(0x0000002c6af00000,0x0000002c6b000000)]
  0x0000020f5ecdd000 JavaThread "Unconstrained build operations Thread 34" [_thread_blocked, id=2088, stack(0x0000002c6b000000,0x0000002c6b100000)]
  0x0000020f5ecda800 JavaThread "Unconstrained build operations Thread 35" [_thread_blocked, id=16436, stack(0x0000002c6b100000,0x0000002c6b200000)]
  0x0000020f5ecdb800 JavaThread "Unconstrained build operations Thread 36" [_thread_blocked, id=18828, stack(0x0000002c6b200000,0x0000002c6b300000)]
  0x0000020f5ecdc800 JavaThread "Unconstrained build operations Thread 37" [_thread_blocked, id=18600, stack(0x0000002c6b300000,0x0000002c6b400000)]
  0x0000020f5ecde000 JavaThread "Unconstrained build operations Thread 38" [_thread_blocked, id=17288, stack(0x0000002c6b400000,0x0000002c6b500000)]
  0x0000020f5ecd8800 JavaThread "Unconstrained build operations Thread 39" [_thread_blocked, id=14680, stack(0x0000002c6b500000,0x0000002c6b600000)]
  0x0000020f5ecdf000 JavaThread "Unconstrained build operations Thread 40" [_thread_blocked, id=18872, stack(0x0000002c6b600000,0x0000002c6b700000)]
  0x0000020f5ecd9000 JavaThread "Unconstrained build operations Thread 41" [_thread_blocked, id=18552, stack(0x0000002c6b700000,0x0000002c6b800000)]
  0x0000020f5ecdf800 JavaThread "Unconstrained build operations Thread 42" [_thread_blocked, id=18728, stack(0x0000002c6b800000,0x0000002c6b900000)]
  0x0000020f5ece0800 JavaThread "Unconstrained build operations Thread 43" [_thread_blocked, id=18964, stack(0x0000002c6b900000,0x0000002c6ba00000)]
  0x0000020f5ece2000 JavaThread "Unconstrained build operations Thread 44" [_thread_blocked, id=18680, stack(0x0000002c6ba00000,0x0000002c6bb00000)]
  0x0000020f5ece3000 JavaThread "Unconstrained build operations Thread 45" [_thread_blocked, id=18476, stack(0x0000002c6bb00000,0x0000002c6bc00000)]
  0x0000020f5ece1800 JavaThread "Unconstrained build operations Thread 46" [_thread_blocked, id=2100, stack(0x0000002c6bc00000,0x0000002c6bd00000)]
  0x0000020f5fe79800 JavaThread "Unconstrained build operations Thread 47" [_thread_blocked, id=13080, stack(0x0000002c6bd00000,0x0000002c6be00000)]
  0x0000020f5fe78000 JavaThread "Unconstrained build operations Thread 48" [_thread_blocked, id=4848, stack(0x0000002c6be00000,0x0000002c6bf00000)]
  0x0000020f5fe79000 JavaThread "Unconstrained build operations Thread 49" [_thread_blocked, id=16020, stack(0x0000002c6bf00000,0x0000002c6c000000)]
  0x0000020f5fe7a800 JavaThread "Unconstrained build operations Thread 50" [_thread_blocked, id=14988, stack(0x0000002c6c000000,0x0000002c6c100000)]
  0x0000020f5fe7d000 JavaThread "Unconstrained build operations Thread 51" [_thread_blocked, id=13004, stack(0x0000002c6c100000,0x0000002c6c200000)]
  0x0000020f5fe7b800 JavaThread "Unconstrained build operations Thread 52" [_thread_blocked, id=1488, stack(0x0000002c6c200000,0x0000002c6c300000)]
  0x0000020f5fe7c000 JavaThread "Unconstrained build operations Thread 53" [_thread_blocked, id=3300, stack(0x0000002c6c300000,0x0000002c6c400000)]
  0x0000020f5fe77800 JavaThread "Unconstrained build operations Thread 54" [_thread_blocked, id=19188, stack(0x0000002c6c400000,0x0000002c6c500000)]
  0x0000020f5fe82800 JavaThread "Unconstrained build operations Thread 55" [_thread_blocked, id=14328, stack(0x0000002c6c500000,0x0000002c6c600000)]
  0x0000020f5fe81000 JavaThread "Unconstrained build operations Thread 56" [_thread_blocked, id=20164, stack(0x0000002c6c600000,0x0000002c6c700000)]
  0x0000020f5fe80800 JavaThread "Unconstrained build operations Thread 57" [_thread_blocked, id=15848, stack(0x0000002c6c700000,0x0000002c6c800000)]
  0x0000020f5fe7e800 JavaThread "Unconstrained build operations Thread 58" [_thread_blocked, id=2488, stack(0x0000002c6c800000,0x0000002c6c900000)]
  0x0000020f5fe82000 JavaThread "Unconstrained build operations Thread 59" [_thread_blocked, id=19664, stack(0x0000002c6c900000,0x0000002c6ca00000)]
  0x0000020f5fe83800 JavaThread "Unconstrained build operations Thread 60" [_thread_blocked, id=3584, stack(0x0000002c6ca00000,0x0000002c6cb00000)]
  0x0000020f5fe7e000 JavaThread "Unconstrained build operations Thread 61" [_thread_blocked, id=18840, stack(0x0000002c6cb00000,0x0000002c6cc00000)]
  0x0000020f5fe84800 JavaThread "Unconstrained build operations Thread 62" [_thread_blocked, id=2852, stack(0x0000002c6cc00000,0x0000002c6cd00000)]
  0x0000020f5fe85000 JavaThread "Unconstrained build operations Thread 63" [_thread_blocked, id=4620, stack(0x0000002c6cd00000,0x0000002c6ce00000)]
  0x0000020f5fe7f800 JavaThread "Unconstrained build operations Thread 64" [_thread_blocked, id=2212, stack(0x0000002c6ce00000,0x0000002c6cf00000)]
  0x0000020f5fe86000 JavaThread "Unconstrained build operations Thread 65" [_thread_blocked, id=11348, stack(0x0000002c6cf00000,0x0000002c6d000000)]
  0x0000020f5e85a000 JavaThread "Unconstrained build operations Thread 66" [_thread_blocked, id=14984, stack(0x0000002c6d000000,0x0000002c6d100000)]
  0x0000020f5e85c800 JavaThread "Unconstrained build operations Thread 67" [_thread_blocked, id=19620, stack(0x0000002c6d100000,0x0000002c6d200000)]
  0x0000020f5e85d000 JavaThread "Unconstrained build operations Thread 68" [_thread_blocked, id=17792, stack(0x0000002c6d200000,0x0000002c6d300000)]
  0x0000020f5e85b000 JavaThread "Unconstrained build operations Thread 69" [_thread_blocked, id=17340, stack(0x0000002c6d300000,0x0000002c6d400000)]
  0x0000020f5e858800 JavaThread "Unconstrained build operations Thread 70" [_thread_blocked, id=11784, stack(0x0000002c6d400000,0x0000002c6d500000)]
  0x0000020f5e85b800 JavaThread "Unconstrained build operations Thread 71" [_thread_blocked, id=16164, stack(0x0000002c6d500000,0x0000002c6d600000)]
  0x0000020f5e857800 JavaThread "Unconstrained build operations Thread 72" [_thread_blocked, id=18228, stack(0x0000002c6d600000,0x0000002c6d700000)]
  0x0000020f5e85e000 JavaThread "Unconstrained build operations Thread 73" [_thread_blocked, id=11244, stack(0x0000002c6d700000,0x0000002c6d800000)]
  0x0000020f5e85f000 JavaThread "Unconstrained build operations Thread 74" [_thread_blocked, id=15744, stack(0x0000002c6d800000,0x0000002c6d900000)]
  0x0000020f5e859000 JavaThread "Unconstrained build operations Thread 75" [_thread_blocked, id=20264, stack(0x0000002c6d900000,0x0000002c6da00000)]
  0x0000020f5e862000 JavaThread "Unconstrained build operations Thread 76" [_thread_blocked, id=9556, stack(0x0000002c6da00000,0x0000002c6db00000)]
  0x0000020f5e85f800 JavaThread "Unconstrained build operations Thread 77" [_thread_blocked, id=19584, stack(0x0000002c6db00000,0x0000002c6dc00000)]
  0x0000020f5e865800 JavaThread "Unconstrained build operations Thread 78" [_thread_blocked, id=14992, stack(0x0000002c6dc00000,0x0000002c6dd00000)]
  0x0000020f5e861800 JavaThread "Unconstrained build operations Thread 79" [_thread_blocked, id=12400, stack(0x0000002c6dd00000,0x0000002c6de00000)]
  0x0000020f5e863000 JavaThread "Unconstrained build operations Thread 80" [_thread_blocked, id=19012, stack(0x0000002c6de00000,0x0000002c6df00000)]
  0x0000020f5e866000 JavaThread "jar transforms Thread 4" [_thread_blocked, id=18080, stack(0x0000002c6df00000,0x0000002c6e000000)]
  0x0000020f5e863800 JavaThread "jar transforms Thread 5" [_thread_blocked, id=11072, stack(0x0000002c6e000000,0x0000002c6e100000)]
  0x0000020f5e860800 JavaThread "jar transforms Thread 6" [_thread_blocked, id=17980, stack(0x0000002c6e100000,0x0000002c6e200000)]
  0x0000020f5e864800 JavaThread "jar transforms Thread 7" [_thread_blocked, id=13240, stack(0x0000002c6e200000,0x0000002c6e300000)]
  0x0000020f5fe46000 JavaThread "jar transforms Thread 8" [_thread_blocked, id=14488, stack(0x0000002c6e300000,0x0000002c6e400000)]
  0x0000020f5fe47800 JavaThread "Memory manager" [_thread_blocked, id=18864, stack(0x0000002c6e400000,0x0000002c6e500000)]

Other Threads:
  0x0000020f58cde800 VMThread "VM Thread" [stack: 0x0000002c66000000,0x0000002c66100000] [id=17404]
  0x0000020f58ebf800 WatcherThread [stack: 0x0000002c66a00000,0x0000002c66b00000] [id=19108]
  0x0000020f3e012000 GCTaskThread "GC Thread#0" [stack: 0x0000002c65b00000,0x0000002c65c00000] [id=20000]
  0x0000020f59f60000 GCTaskThread "GC Thread#1" [stack: 0x0000002c66d00000,0x0000002c66e00000] [id=7996]
  0x0000020f59b95000 GCTaskThread "GC Thread#2" [stack: 0x0000002c66e00000,0x0000002c66f00000] [id=14756]
  0x0000020f59b96000 GCTaskThread "GC Thread#3" [stack: 0x0000002c66f00000,0x0000002c67000000] [id=18176]
  0x0000020f598ba800 GCTaskThread "GC Thread#4" [stack: 0x0000002c67000000,0x0000002c67100000] [id=18064]
  0x0000020f598bb000 GCTaskThread "GC Thread#5" [stack: 0x0000002c67100000,0x0000002c67200000] [id=16076]
  0x0000020f5ab94800 GCTaskThread "GC Thread#6" [stack: 0x0000002c67e00000,0x0000002c67f00000] [id=12644]
  0x0000020f5ac00000 GCTaskThread "GC Thread#7" [stack: 0x0000002c67f00000,0x0000002c68000000] [id=12916]
  0x0000020f3e045800 ConcurrentGCThread "G1 Main Marker" [stack: 0x0000002c65c00000,0x0000002c65d00000] [id=19516]
  0x0000020f3e048000 ConcurrentGCThread "G1 Conc#0" [stack: 0x0000002c65d00000,0x0000002c65e00000] [id=8140]
  0x0000020f5acbd800 ConcurrentGCThread "G1 Conc#1" [stack: 0x0000002c68000000,0x0000002c68100000] [id=17520]
  0x0000020f5832c800 ConcurrentGCThread "G1 Refine#0" [stack: 0x0000002c65e00000,0x0000002c65f00000] [id=19316]
  0x0000020f5832e800 ConcurrentGCThread "G1 Young RemSet Sampling" [stack: 0x0000002c65f00000,0x0000002c66000000] [id=3420]

Threads with active compile tasks:
C2 CompilerThread0   6231 6556   !   4       com.sun.beans.TypeResolver::resolve (261 bytes)
C2 CompilerThread1   6231 6529       4       java.lang.Class::getMethod (59 bytes)
C2 CompilerThread2   6231 6623 %     4       org.gradle.internal.instantiation.generator.AbstractClassGenerator::inspectType @ 250 (560 bytes)

VM state:not at safepoint (normal execution)

VM Mutex/Monitor currently owned by a thread:  ([mutex/lock_event])
[0x0000020f3dff4fd0] SystemDictionary_lock - owner thread: 0x0000000000000000

Heap address: 0x0000000080000000, size: 2048 MB, Compressed Oops mode: 32-bit
Narrow klass base: 0x0000000000000000, Narrow klass shift: 3
Compressed class space size: 1073741824 Address: 0x0000000100000000

Heap:
 garbage-first heap   total 260096K, used 165579K [0x0000000080000000, 0x0000000100000000)
  region size 1024K, 119 young (121856K), 3 survivors (3072K)
 Metaspace       used 66474K, capacity 68013K, committed 68300K, reserved 1107968K
  class space    used 8488K, capacity 9095K, committed 9164K, reserved 1048576K
Heap Regions: E=young(eden), S=young(survivor), O=old, HS=humongous(starts), HC=humongous(continues), CS=collection set, F=free, A=archive, TAMS=top-at-mark-start (previous, next)
|   0|0x0000000080000000, 0x0000000080100000, 0x0000000080100000|100%| O|  |TAMS 0x0000000080100000, 0x0000000080000000| Untracked 
|   1|0x0000000080100000, 0x0000000080200000, 0x0000000080200000|100%| O|  |TAMS 0x0000000080200000, 0x0000000080100000| Untracked 
|   2|0x0000000080200000, 0x0000000080300000, 0x0000000080300000|100%| O|  |TAMS 0x0000000080300000, 0x0000000080200000| Untracked 
|   3|0x0000000080300000, 0x0000000080400000, 0x0000000080400000|100%|HS|  |TAMS 0x0000000080400000, 0x0000000080300000| Complete 
|   4|0x0000000080400000, 0x0000000080500000, 0x0000000080500000|100%|HC|  |TAMS 0x0000000080500000, 0x0000000080400000| Complete 
|   5|0x0000000080500000, 0x0000000080600000, 0x0000000080600000|100%|HC|  |TAMS 0x0000000080600000, 0x0000000080500000| Complete 
|   6|0x0000000080600000, 0x0000000080700000, 0x0000000080700000|100%| O|  |TAMS 0x0000000080700000, 0x0000000080600000| Untracked 
|   7|0x0000000080700000, 0x0000000080800000, 0x0000000080800000|100%| O|  |TAMS 0x0000000080800000, 0x0000000080700000| Untracked 
|   8|0x0000000080800000, 0x0000000080900000, 0x0000000080900000|100%| O|  |TAMS 0x0000000080900000, 0x0000000080800000| Untracked 
|   9|0x0000000080900000, 0x0000000080a00000, 0x0000000080a00000|100%| O|  |TAMS 0x0000000080a00000, 0x0000000080900000| Untracked 
|  10|0x0000000080a00000, 0x0000000080b00000, 0x0000000080b00000|100%| O|  |TAMS 0x0000000080b00000, 0x0000000080a00000| Untracked 
|  11|0x0000000080b00000, 0x0000000080c00000, 0x0000000080c00000|100%| O|  |TAMS 0x0000000080c00000, 0x0000000080b00000| Untracked 
|  12|0x0000000080c00000, 0x0000000080d00000, 0x0000000080d00000|100%| O|  |TAMS 0x0000000080d00000, 0x0000000080c00000| Untracked 
|  13|0x0000000080d00000, 0x0000000080e00000, 0x0000000080e00000|100%| O|  |TAMS 0x0000000080e00000, 0x0000000080d00000| Untracked 
|  14|0x0000000080e00000, 0x0000000080f00000, 0x0000000080f00000|100%| O|  |TAMS 0x0000000080f00000, 0x0000000080e00000| Untracked 
|  15|0x0000000080f00000, 0x0000000081000000, 0x0000000081000000|100%| O|  |TAMS 0x0000000081000000, 0x0000000080f00000| Untracked 
|  16|0x0000000081000000, 0x0000000081100000, 0x0000000081100000|100%| O|  |TAMS 0x0000000081100000, 0x0000000081000000| Untracked 
|  17|0x0000000081100000, 0x0000000081200000, 0x0000000081200000|100%|HS|  |TAMS 0x0000000081200000, 0x0000000081100000| Complete 
|  18|0x0000000081200000, 0x0000000081300000, 0x0000000081300000|100%|HS|  |TAMS 0x0000000081300000, 0x0000000081200000| Complete 
|  19|0x0000000081300000, 0x0000000081400000, 0x0000000081400000|100%|HS|  |TAMS 0x0000000081400000, 0x0000000081300000| Complete 
|  20|0x0000000081400000, 0x0000000081500000, 0x0000000081500000|100%|HS|  |TAMS 0x0000000081500000, 0x0000000081400000| Complete 
|  21|0x0000000081500000, 0x0000000081600000, 0x0000000081600000|100%|HC|  |TAMS 0x0000000081600000, 0x0000000081500000| Complete 
|  22|0x0000000081600000, 0x0000000081700000, 0x0000000081700000|100%| O|  |TAMS 0x0000000081700000, 0x0000000081600000| Untracked 
|  23|0x0000000081700000, 0x0000000081800000, 0x0000000081800000|100%| O|  |TAMS 0x0000000081800000, 0x0000000081700000| Untracked 
|  24|0x0000000081800000, 0x0000000081900000, 0x0000000081900000|100%| O|  |TAMS 0x0000000081900000, 0x0000000081800000| Untracked 
|  25|0x0000000081900000, 0x0000000081a00000, 0x0000000081a00000|100%| O|  |TAMS 0x0000000081a00000, 0x0000000081900000| Untracked 
|  26|0x0000000081a00000, 0x0000000081b00000, 0x0000000081b00000|100%| O|  |TAMS 0x0000000081b00000, 0x0000000081a00000| Untracked 
|  27|0x0000000081b00000, 0x0000000081c00000, 0x0000000081c00000|100%| O|  |TAMS 0x0000000081c00000, 0x0000000081b00000| Untracked 
|  28|0x0000000081c00000, 0x0000000081d00000, 0x0000000081d00000|100%| O|  |TAMS 0x0000000081d00000, 0x0000000081c00000| Untracked 
|  29|0x0000000081d00000, 0x0000000081e00000, 0x0000000081e00000|100%| O|  |TAMS 0x0000000081e00000, 0x0000000081d00000| Untracked 
|  30|0x0000000081e00000, 0x0000000081f00000, 0x0000000081f00000|100%| O|  |TAMS 0x0000000081f00000, 0x0000000081e00000| Untracked 
|  31|0x0000000081f00000, 0x0000000082000000, 0x0000000082000000|100%| O|  |TAMS 0x0000000082000000, 0x0000000081f00000| Untracked 
|  32|0x0000000082000000, 0x0000000082100000, 0x0000000082100000|100%| O|  |TAMS 0x0000000082100000, 0x0000000082000000| Untracked 
|  33|0x0000000082100000, 0x0000000082200000, 0x0000000082200000|100%| O|  |TAMS 0x0000000082200000, 0x0000000082100000| Untracked 
|  34|0x0000000082200000, 0x0000000082300000, 0x0000000082300000|100%| O|  |TAMS 0x0000000082300000, 0x0000000082200000| Untracked 
|  35|0x0000000082300000, 0x0000000082400000, 0x0000000082400000|100%| O|  |TAMS 0x0000000082400000, 0x0000000082300000| Untracked 
|  36|0x0000000082400000, 0x0000000082500000, 0x0000000082500000|100%| O|  |TAMS 0x0000000082500000, 0x0000000082400000| Untracked 
|  37|0x0000000082500000, 0x0000000082600000, 0x0000000082600000|100%| O|  |TAMS 0x0000000082600000, 0x0000000082500000| Untracked 
|  38|0x0000000082600000, 0x0000000082700000, 0x0000000082700000|100%| O|  |TAMS 0x0000000082700000, 0x0000000082600000| Untracked 
|  39|0x0000000082700000, 0x0000000082800000, 0x0000000082800000|100%| O|  |TAMS 0x0000000082800000, 0x0000000082700000| Untracked 
|  40|0x0000000082800000, 0x0000000082900000, 0x0000000082900000|100%| O|  |TAMS 0x0000000082900000, 0x0000000082800000| Untracked 
|  41|0x0000000082900000, 0x0000000082a00000, 0x0000000082a00000|100%| O|  |TAMS 0x0000000082a00000, 0x0000000082900000| Untracked 
|  42|0x0000000082a00000, 0x0000000082b00000, 0x0000000082b00000|100%| O|  |TAMS 0x0000000082b00000, 0x0000000082a00000| Untracked 
|  43|0x0000000082b00000, 0x0000000082c00000, 0x0000000082c00000|100%| O|  |TAMS 0x0000000082c00000, 0x0000000082b00000| Untracked 
|  44|0x0000000082c00000, 0x0000000082d00000, 0x0000000082d00000|100%|HS|  |TAMS 0x0000000082c00000, 0x0000000082c00000| Complete 
|  45|0x0000000082d00000, 0x0000000082d00000, 0x0000000082e00000|  0%| F|  |TAMS 0x0000000082d00000, 0x0000000082d00000| Untracked 
|  46|0x0000000082e00000, 0x0000000082e00000, 0x0000000082f00000|  0%| F|  |TAMS 0x0000000082e00000, 0x0000000082e00000| Untracked 
|  47|0x0000000082f00000, 0x0000000082f00000, 0x0000000083000000|  0%| F|  |TAMS 0x0000000082f00000, 0x0000000082f00000| Untracked 
|  48|0x0000000083000000, 0x0000000083000000, 0x0000000083100000|  0%| F|  |TAMS 0x0000000083000000, 0x0000000083000000| Untracked 
|  49|0x0000000083100000, 0x0000000083100000, 0x0000000083200000|  0%| F|  |TAMS 0x0000000083100000, 0x0000000083100000| Untracked 
|  50|0x0000000083200000, 0x0000000083200000, 0x0000000083300000|  0%| F|  |TAMS 0x0000000083200000, 0x0000000083200000| Untracked 
|  51|0x0000000083300000, 0x0000000083300000, 0x0000000083400000|  0%| F|  |TAMS 0x0000000083300000, 0x0000000083300000| Untracked 
|  52|0x0000000083400000, 0x0000000083400000, 0x0000000083500000|  0%| F|  |TAMS 0x0000000083400000, 0x0000000083400000| Untracked 
|  53|0x0000000083500000, 0x0000000083500000, 0x0000000083600000|  0%| F|  |TAMS 0x0000000083500000, 0x0000000083500000| Untracked 
|  54|0x0000000083600000, 0x0000000083600000, 0x0000000083700000|  0%| F|  |TAMS 0x0000000083600000, 0x0000000083600000| Untracked 
|  55|0x0000000083700000, 0x0000000083700000, 0x0000000083800000|  0%| F|  |TAMS 0x0000000083700000, 0x0000000083700000| Untracked 
|  56|0x0000000083800000, 0x0000000083800000, 0x0000000083900000|  0%| F|  |TAMS 0x0000000083800000, 0x0000000083800000| Untracked 
|  57|0x0000000083900000, 0x0000000083900000, 0x0000000083a00000|  0%| F|  |TAMS 0x0000000083900000, 0x0000000083900000| Untracked 
|  58|0x0000000083a00000, 0x0000000083a00000, 0x0000000083b00000|  0%| F|  |TAMS 0x0000000083a00000, 0x0000000083a00000| Untracked 
|  59|0x0000000083b00000, 0x0000000083b00000, 0x0000000083c00000|  0%| F|  |TAMS 0x0000000083b00000, 0x0000000083b00000| Untracked 
|  60|0x0000000083c00000, 0x0000000083c00000, 0x0000000083d00000|  0%| F|  |TAMS 0x0000000083c00000, 0x0000000083c00000| Untracked 
|  61|0x0000000083d00000, 0x0000000083d00000, 0x0000000083e00000|  0%| F|  |TAMS 0x0000000083d00000, 0x0000000083d00000| Untracked 
|  62|0x0000000083e00000, 0x0000000083e00000, 0x0000000083f00000|  0%| F|  |TAMS 0x0000000083e00000, 0x0000000083e00000| Untracked 
|  63|0x0000000083f00000, 0x0000000083f00000, 0x0000000084000000|  0%| F|  |TAMS 0x0000000083f00000, 0x0000000083f00000| Untracked 
|  64|0x0000000084000000, 0x0000000084000000, 0x0000000084100000|  0%| F|  |TAMS 0x0000000084000000, 0x0000000084000000| Untracked 
|  65|0x0000000084100000, 0x0000000084100000, 0x0000000084200000|  0%| F|  |TAMS 0x0000000084100000, 0x0000000084100000| Untracked 
|  66|0x0000000084200000, 0x0000000084200000, 0x0000000084300000|  0%| F|  |TAMS 0x0000000084200000, 0x0000000084200000| Untracked 
|  67|0x0000000084300000, 0x0000000084300000, 0x0000000084400000|  0%| F|  |TAMS 0x0000000084300000, 0x0000000084300000| Untracked 
|  68|0x0000000084400000, 0x0000000084400000, 0x0000000084500000|  0%| F|  |TAMS 0x0000000084400000, 0x0000000084400000| Untracked 
|  69|0x0000000084500000, 0x0000000084500000, 0x0000000084600000|  0%| F|  |TAMS 0x0000000084500000, 0x0000000084500000| Untracked 
|  70|0x0000000084600000, 0x0000000084600000, 0x0000000084700000|  0%| F|  |TAMS 0x0000000084600000, 0x0000000084600000| Untracked 
|  71|0x0000000084700000, 0x0000000084700000, 0x0000000084800000|  0%| F|  |TAMS 0x0000000084700000, 0x0000000084700000| Untracked 
|  72|0x0000000084800000, 0x0000000084800000, 0x0000000084900000|  0%| F|  |TAMS 0x0000000084800000, 0x0000000084800000| Untracked 
|  73|0x0000000084900000, 0x0000000084900000, 0x0000000084a00000|  0%| F|  |TAMS 0x0000000084900000, 0x0000000084900000| Untracked 
|  74|0x0000000084a00000, 0x0000000084a00000, 0x0000000084b00000|  0%| F|  |TAMS 0x0000000084a00000, 0x0000000084a00000| Untracked 
|  75|0x0000000084b00000, 0x0000000084b00000, 0x0000000084c00000|  0%| F|  |TAMS 0x0000000084b00000, 0x0000000084b00000| Untracked 
|  76|0x0000000084c00000, 0x0000000084c00000, 0x0000000084d00000|  0%| F|  |TAMS 0x0000000084c00000, 0x0000000084c00000| Untracked 
|  77|0x0000000084d00000, 0x0000000084d00000, 0x0000000084e00000|  0%| F|  |TAMS 0x0000000084d00000, 0x0000000084d00000| Untracked 
|  78|0x0000000084e00000, 0x0000000084e00000, 0x0000000084f00000|  0%| F|  |TAMS 0x0000000084e00000, 0x0000000084e00000| Untracked 
|  79|0x0000000084f00000, 0x0000000084f00000, 0x0000000085000000|  0%| F|  |TAMS 0x0000000084f00000, 0x0000000084f00000| Untracked 
|  80|0x0000000085000000, 0x0000000085000000, 0x0000000085100000|  0%| F|  |TAMS 0x0000000085000000, 0x0000000085000000| Untracked 
|  81|0x0000000085100000, 0x0000000085100000, 0x0000000085200000|  0%| F|  |TAMS 0x0000000085100000, 0x0000000085100000| Untracked 
|  82|0x0000000085200000, 0x0000000085200000, 0x0000000085300000|  0%| F|  |TAMS 0x0000000085200000, 0x0000000085200000| Untracked 
|  83|0x0000000085300000, 0x0000000085300000, 0x0000000085400000|  0%| F|  |TAMS 0x0000000085300000, 0x0000000085300000| Untracked 
|  84|0x0000000085400000, 0x0000000085400000, 0x0000000085500000|  0%| F|  |TAMS 0x0000000085400000, 0x0000000085400000| Untracked 
|  85|0x0000000085500000, 0x0000000085500000, 0x0000000085600000|  0%| F|  |TAMS 0x0000000085500000, 0x0000000085500000| Untracked 
|  86|0x0000000085600000, 0x0000000085600000, 0x0000000085700000|  0%| F|  |TAMS 0x0000000085600000, 0x0000000085600000| Untracked 
|  87|0x0000000085700000, 0x0000000085700000, 0x0000000085800000|  0%| F|  |TAMS 0x0000000085700000, 0x0000000085700000| Untracked 
|  88|0x0000000085800000, 0x0000000085800000, 0x0000000085900000|  0%| F|  |TAMS 0x0000000085800000, 0x0000000085800000| Untracked 
|  89|0x0000000085900000, 0x0000000085900000, 0x0000000085a00000|  0%| F|  |TAMS 0x0000000085900000, 0x0000000085900000| Untracked 
|  90|0x0000000085a00000, 0x0000000085a00000, 0x0000000085b00000|  0%| F|  |TAMS 0x0000000085a00000, 0x0000000085a00000| Untracked 
|  91|0x0000000085b00000, 0x0000000085b00000, 0x0000000085c00000|  0%| F|  |TAMS 0x0000000085b00000, 0x0000000085b00000| Untracked 
|  92|0x0000000085c00000, 0x0000000085c00000, 0x0000000085d00000|  0%| F|  |TAMS 0x0000000085c00000, 0x0000000085c00000| Untracked 
|  93|0x0000000085d00000, 0x0000000085d00000, 0x0000000085e00000|  0%| F|  |TAMS 0x0000000085d00000, 0x0000000085d00000| Untracked 
|  94|0x0000000085e00000, 0x0000000085e00000, 0x0000000085f00000|  0%| F|  |TAMS 0x0000000085e00000, 0x0000000085e00000| Untracked 
|  95|0x0000000085f00000, 0x0000000085f00000, 0x0000000086000000|  0%| F|  |TAMS 0x0000000085f00000, 0x0000000085f00000| Untracked 
|  96|0x0000000086000000, 0x0000000086000000, 0x0000000086100000|  0%| F|  |TAMS 0x0000000086000000, 0x0000000086000000| Untracked 
|  97|0x0000000086100000, 0x0000000086100000, 0x0000000086200000|  0%| F|  |TAMS 0x0000000086100000, 0x0000000086100000| Untracked 
|  98|0x0000000086200000, 0x0000000086200000, 0x0000000086300000|  0%| F|  |TAMS 0x0000000086200000, 0x0000000086200000| Untracked 
|  99|0x0000000086300000, 0x0000000086300000, 0x0000000086400000|  0%| F|  |TAMS 0x0000000086300000, 0x0000000086300000| Untracked 
| 100|0x0000000086400000, 0x0000000086400000, 0x0000000086500000|  0%| F|  |TAMS 0x0000000086400000, 0x0000000086400000| Untracked 
| 101|0x0000000086500000, 0x0000000086500000, 0x0000000086600000|  0%| F|  |TAMS 0x0000000086500000, 0x0000000086500000| Untracked 
| 102|0x0000000086600000, 0x0000000086600000, 0x0000000086700000|  0%| F|  |TAMS 0x0000000086600000, 0x0000000086600000| Untracked 
| 103|0x0000000086700000, 0x0000000086700000, 0x0000000086800000|  0%| F|  |TAMS 0x0000000086700000, 0x0000000086700000| Untracked 
| 104|0x0000000086800000, 0x0000000086800000, 0x0000000086900000|  0%| F|  |TAMS 0x0000000086800000, 0x0000000086800000| Untracked 
| 105|0x0000000086900000, 0x0000000086900000, 0x0000000086a00000|  0%| F|  |TAMS 0x0000000086900000, 0x0000000086900000| Untracked 
| 106|0x0000000086a00000, 0x0000000086a00000, 0x0000000086b00000|  0%| F|  |TAMS 0x0000000086a00000, 0x0000000086a00000| Untracked 
| 107|0x0000000086b00000, 0x0000000086b00000, 0x0000000086c00000|  0%| F|  |TAMS 0x0000000086b00000, 0x0000000086b00000| Untracked 
| 108|0x0000000086c00000, 0x0000000086c00000, 0x0000000086d00000|  0%| F|  |TAMS 0x0000000086c00000, 0x0000000086c00000| Untracked 
| 109|0x0000000086d00000, 0x0000000086d00000, 0x0000000086e00000|  0%| F|  |TAMS 0x0000000086d00000, 0x0000000086d00000| Untracked 
| 110|0x0000000086e00000, 0x0000000086e00000, 0x0000000086f00000|  0%| F|  |TAMS 0x0000000086e00000, 0x0000000086e00000| Untracked 
| 111|0x0000000086f00000, 0x0000000086f00000, 0x0000000087000000|  0%| F|  |TAMS 0x0000000086f00000, 0x0000000086f00000| Untracked 
| 112|0x0000000087000000, 0x0000000087000000, 0x0000000087100000|  0%| F|  |TAMS 0x0000000087000000, 0x0000000087000000| Untracked 
| 113|0x0000000087100000, 0x0000000087100000, 0x0000000087200000|  0%| F|  |TAMS 0x0000000087100000, 0x0000000087100000| Untracked 
| 114|0x0000000087200000, 0x0000000087200000, 0x0000000087300000|  0%| F|  |TAMS 0x0000000087200000, 0x0000000087200000| Untracked 
| 115|0x0000000087300000, 0x0000000087300000, 0x0000000087400000|  0%| F|  |TAMS 0x0000000087300000, 0x0000000087300000| Untracked 
| 116|0x0000000087400000, 0x0000000087400000, 0x0000000087500000|  0%| F|  |TAMS 0x0000000087400000, 0x0000000087400000| Untracked 
| 117|0x0000000087500000, 0x0000000087500000, 0x0000000087600000|  0%| F|  |TAMS 0x0000000087500000, 0x0000000087500000| Untracked 
| 118|0x0000000087600000, 0x0000000087600000, 0x0000000087700000|  0%| F|  |TAMS 0x0000000087600000, 0x0000000087600000| Untracked 
| 119|0x0000000087700000, 0x0000000087700000, 0x0000000087800000|  0%| F|  |TAMS 0x0000000087700000, 0x0000000087700000| Untracked 
| 120|0x0000000087800000, 0x0000000087800000, 0x0000000087900000|  0%| F|  |TAMS 0x0000000087800000, 0x0000000087800000| Untracked 
| 121|0x0000000087900000, 0x0000000087900000, 0x0000000087a00000|  0%| F|  |TAMS 0x0000000087900000, 0x0000000087900000| Untracked 
| 122|0x0000000087a00000, 0x0000000087a00000, 0x0000000087b00000|  0%| F|  |TAMS 0x0000000087a00000, 0x0000000087a00000| Untracked 
| 123|0x0000000087b00000, 0x0000000087b00000, 0x0000000087c00000|  0%| F|  |TAMS 0x0000000087b00000, 0x0000000087b00000| Untracked 
| 124|0x0000000087c00000, 0x0000000087c00000, 0x0000000087d00000|  0%| F|  |TAMS 0x0000000087c00000, 0x0000000087c00000| Untracked 
| 125|0x0000000087d00000, 0x0000000087d00000, 0x0000000087e00000|  0%| F|  |TAMS 0x0000000087d00000, 0x0000000087d00000| Untracked 
| 126|0x0000000087e00000, 0x0000000087e00000, 0x0000000087f00000|  0%| F|  |TAMS 0x0000000087e00000, 0x0000000087e00000| Untracked 
| 127|0x0000000087f00000, 0x0000000087f00000, 0x0000000088000000|  0%| F|  |TAMS 0x0000000087f00000, 0x0000000087f00000| Untracked 
| 128|0x0000000088000000, 0x0000000088000000, 0x0000000088100000|  0%| F|  |TAMS 0x0000000088000000, 0x0000000088000000| Untracked 
| 129|0x0000000088100000, 0x0000000088100000, 0x0000000088200000|  0%| F|  |TAMS 0x0000000088100000, 0x0000000088100000| Untracked 
| 130|0x0000000088200000, 0x0000000088200000, 0x0000000088300000|  0%| F|  |TAMS 0x0000000088200000, 0x0000000088200000| Untracked 
| 131|0x0000000088300000, 0x0000000088300000, 0x0000000088400000|  0%| F|  |TAMS 0x0000000088300000, 0x0000000088300000| Untracked 
| 132|0x0000000088400000, 0x0000000088400000, 0x0000000088500000|  0%| F|  |TAMS 0x0000000088400000, 0x0000000088400000| Untracked 
| 133|0x0000000088500000, 0x0000000088500000, 0x0000000088600000|  0%| F|  |TAMS 0x0000000088500000, 0x0000000088500000| Untracked 
| 134|0x0000000088600000, 0x0000000088600000, 0x0000000088700000|  0%| F|  |TAMS 0x0000000088600000, 0x0000000088600000| Untracked 
| 135|0x0000000088700000, 0x0000000088780800, 0x0000000088800000| 50%| E|  |TAMS 0x0000000088700000, 0x0000000088700000| Complete 
| 136|0x0000000088800000, 0x0000000088900000, 0x0000000088900000|100%| E|CS|TAMS 0x0000000088800000, 0x0000000088800000| Complete 
| 137|0x0000000088900000, 0x0000000088a00000, 0x0000000088a00000|100%| E|CS|TAMS 0x0000000088900000, 0x0000000088900000| Complete 
| 138|0x0000000088a00000, 0x0000000088b00000, 0x0000000088b00000|100%| E|CS|TAMS 0x0000000088a00000, 0x0000000088a00000| Complete 
| 139|0x0000000088b00000, 0x0000000088c00000, 0x0000000088c00000|100%| E|CS|TAMS 0x0000000088b00000, 0x0000000088b00000| Complete 
| 140|0x0000000088c00000, 0x0000000088d00000, 0x0000000088d00000|100%| E|CS|TAMS 0x0000000088c00000, 0x0000000088c00000| Complete 
| 141|0x0000000088d00000, 0x0000000088e00000, 0x0000000088e00000|100%| E|CS|TAMS 0x0000000088d00000, 0x0000000088d00000| Complete 
| 142|0x0000000088e00000, 0x0000000088f00000, 0x0000000088f00000|100%| E|CS|TAMS 0x0000000088e00000, 0x0000000088e00000| Complete 
| 143|0x0000000088f00000, 0x0000000089000000, 0x0000000089000000|100%| E|CS|TAMS 0x0000000088f00000, 0x0000000088f00000| Complete 
| 144|0x0000000089000000, 0x0000000089100000, 0x0000000089100000|100%| E|CS|TAMS 0x0000000089000000, 0x0000000089000000| Complete 
| 145|0x0000000089100000, 0x0000000089200000, 0x0000000089200000|100%| E|CS|TAMS 0x0000000089100000, 0x0000000089100000| Complete 
| 146|0x0000000089200000, 0x0000000089300000, 0x0000000089300000|100%| E|CS|TAMS 0x0000000089200000, 0x0000000089200000| Complete 
| 147|0x0000000089300000, 0x0000000089400000, 0x0000000089400000|100%| E|CS|TAMS 0x0000000089300000, 0x0000000089300000| Complete 
| 148|0x0000000089400000, 0x0000000089500000, 0x0000000089500000|100%| E|CS|TAMS 0x0000000089400000, 0x0000000089400000| Complete 
| 149|0x0000000089500000, 0x0000000089600000, 0x0000000089600000|100%| E|CS|TAMS 0x0000000089500000, 0x0000000089500000| Complete 
| 150|0x0000000089600000, 0x0000000089700000, 0x0000000089700000|100%| E|CS|TAMS 0x0000000089600000, 0x0000000089600000| Complete 
| 151|0x0000000089700000, 0x0000000089800000, 0x0000000089800000|100%| E|CS|TAMS 0x0000000089700000, 0x0000000089700000| Complete 
| 152|0x0000000089800000, 0x0000000089900000, 0x0000000089900000|100%| E|CS|TAMS 0x0000000089800000, 0x0000000089800000| Complete 
| 153|0x0000000089900000, 0x0000000089a00000, 0x0000000089a00000|100%| E|CS|TAMS 0x0000000089900000, 0x0000000089900000| Complete 
| 154|0x0000000089a00000, 0x0000000089b00000, 0x0000000089b00000|100%| E|CS|TAMS 0x0000000089a00000, 0x0000000089a00000| Complete 
| 155|0x0000000089b00000, 0x0000000089c00000, 0x0000000089c00000|100%| E|CS|TAMS 0x0000000089b00000, 0x0000000089b00000| Complete 
| 156|0x0000000089c00000, 0x0000000089d00000, 0x0000000089d00000|100%| E|CS|TAMS 0x0000000089c00000, 0x0000000089c00000| Complete 
| 157|0x0000000089d00000, 0x0000000089e00000, 0x0000000089e00000|100%| E|CS|TAMS 0x0000000089d00000, 0x0000000089d00000| Complete 
| 158|0x0000000089e00000, 0x0000000089f00000, 0x0000000089f00000|100%| E|CS|TAMS 0x0000000089e00000, 0x0000000089e00000| Complete 
| 159|0x0000000089f00000, 0x000000008a000000, 0x000000008a000000|100%| E|CS|TAMS 0x0000000089f00000, 0x0000000089f00000| Complete 
| 160|0x000000008a000000, 0x000000008a100000, 0x000000008a100000|100%| E|CS|TAMS 0x000000008a000000, 0x000000008a000000| Complete 
| 161|0x000000008a100000, 0x000000008a200000, 0x000000008a200000|100%| E|CS|TAMS 0x000000008a100000, 0x000000008a100000| Complete 
| 162|0x000000008a200000, 0x000000008a300000, 0x000000008a300000|100%| E|CS|TAMS 0x000000008a200000, 0x000000008a200000| Complete 
| 163|0x000000008a300000, 0x000000008a400000, 0x000000008a400000|100%| E|CS|TAMS 0x000000008a300000, 0x000000008a300000| Complete 
| 164|0x000000008a400000, 0x000000008a500000, 0x000000008a500000|100%| E|CS|TAMS 0x000000008a400000, 0x000000008a400000| Complete 
| 165|0x000000008a500000, 0x000000008a600000, 0x000000008a600000|100%| E|CS|TAMS 0x000000008a500000, 0x000000008a500000| Complete 
| 166|0x000000008a600000, 0x000000008a700000, 0x000000008a700000|100%| E|CS|TAMS 0x000000008a600000, 0x000000008a600000| Complete 
| 167|0x000000008a700000, 0x000000008a800000, 0x000000008a800000|100%| E|CS|TAMS 0x000000008a700000, 0x000000008a700000| Complete 
| 168|0x000000008a800000, 0x000000008a900000, 0x000000008a900000|100%| E|CS|TAMS 0x000000008a800000, 0x000000008a800000| Complete 
| 169|0x000000008a900000, 0x000000008aa00000, 0x000000008aa00000|100%| E|CS|TAMS 0x000000008a900000, 0x000000008a900000| Complete 
| 170|0x000000008aa00000, 0x000000008ab00000, 0x000000008ab00000|100%| E|CS|TAMS 0x000000008aa00000, 0x000000008aa00000| Complete 
| 171|0x000000008ab00000, 0x000000008ac00000, 0x000000008ac00000|100%| E|CS|TAMS 0x000000008ab00000, 0x000000008ab00000| Complete 
| 172|0x000000008ac00000, 0x000000008ad00000, 0x000000008ad00000|100%| E|CS|TAMS 0x000000008ac00000, 0x000000008ac00000| Complete 
| 173|0x000000008ad00000, 0x000000008ae00000, 0x000000008ae00000|100%| E|CS|TAMS 0x000000008ad00000, 0x000000008ad00000| Complete 
| 174|0x000000008ae00000, 0x000000008af00000, 0x000000008af00000|100%| E|CS|TAMS 0x000000008ae00000, 0x000000008ae00000| Complete 
| 175|0x000000008af00000, 0x000000008b000000, 0x000000008b000000|100%| E|CS|TAMS 0x000000008af00000, 0x000000008af00000| Complete 
| 176|0x000000008b000000, 0x000000008b100000, 0x000000008b100000|100%| E|CS|TAMS 0x000000008b000000, 0x000000008b000000| Complete 
| 177|0x000000008b100000, 0x000000008b200000, 0x000000008b200000|100%| E|CS|TAMS 0x000000008b100000, 0x000000008b100000| Complete 
| 178|0x000000008b200000, 0x000000008b300000, 0x000000008b300000|100%| E|CS|TAMS 0x000000008b200000, 0x000000008b200000| Complete 
| 179|0x000000008b300000, 0x000000008b400000, 0x000000008b400000|100%| E|CS|TAMS 0x000000008b300000, 0x000000008b300000| Complete 
| 180|0x000000008b400000, 0x000000008b500000, 0x000000008b500000|100%| E|CS|TAMS 0x000000008b400000, 0x000000008b400000| Complete 
| 181|0x000000008b500000, 0x000000008b600000, 0x000000008b600000|100%| E|CS|TAMS 0x000000008b500000, 0x000000008b500000| Complete 
| 182|0x000000008b600000, 0x000000008b700000, 0x000000008b700000|100%| E|CS|TAMS 0x000000008b600000, 0x000000008b600000| Complete 
| 183|0x000000008b700000, 0x000000008b800000, 0x000000008b800000|100%| E|CS|TAMS 0x000000008b700000, 0x000000008b700000| Complete 
| 184|0x000000008b800000, 0x000000008b900000, 0x000000008b900000|100%| E|CS|TAMS 0x000000008b800000, 0x000000008b800000| Complete 
| 185|0x000000008b900000, 0x000000008ba00000, 0x000000008ba00000|100%| E|CS|TAMS 0x000000008b900000, 0x000000008b900000| Complete 
| 186|0x000000008ba00000, 0x000000008bb00000, 0x000000008bb00000|100%| E|CS|TAMS 0x000000008ba00000, 0x000000008ba00000| Complete 
| 187|0x000000008bb00000, 0x000000008bc00000, 0x000000008bc00000|100%| E|CS|TAMS 0x000000008bb00000, 0x000000008bb00000| Complete 
| 188|0x000000008bc00000, 0x000000008bd00000, 0x000000008bd00000|100%| E|CS|TAMS 0x000000008bc00000, 0x000000008bc00000| Complete 
| 189|0x000000008bd00000, 0x000000008be00000, 0x000000008be00000|100%| E|CS|TAMS 0x000000008bd00000, 0x000000008bd00000| Complete 
| 190|0x000000008be00000, 0x000000008bf00000, 0x000000008bf00000|100%| E|CS|TAMS 0x000000008be00000, 0x000000008be00000| Complete 
| 191|0x000000008bf00000, 0x000000008c000000, 0x000000008c000000|100%| E|CS|TAMS 0x000000008bf00000, 0x000000008bf00000| Complete 
| 192|0x000000008c000000, 0x000000008c100000, 0x000000008c100000|100%| E|CS|TAMS 0x000000008c000000, 0x000000008c000000| Complete 
| 193|0x000000008c100000, 0x000000008c200000, 0x000000008c200000|100%| E|CS|TAMS 0x000000008c100000, 0x000000008c100000| Complete 
| 194|0x000000008c200000, 0x000000008c300000, 0x000000008c300000|100%| E|CS|TAMS 0x000000008c200000, 0x000000008c200000| Complete 
| 195|0x000000008c300000, 0x000000008c400000, 0x000000008c400000|100%| E|CS|TAMS 0x000000008c300000, 0x000000008c300000| Complete 
| 196|0x000000008c400000, 0x000000008c500000, 0x000000008c500000|100%| E|CS|TAMS 0x000000008c400000, 0x000000008c400000| Complete 
| 197|0x000000008c500000, 0x000000008c600000, 0x000000008c600000|100%| E|CS|TAMS 0x000000008c500000, 0x000000008c500000| Complete 
| 198|0x000000008c600000, 0x000000008c700000, 0x000000008c700000|100%| E|CS|TAMS 0x000000008c600000, 0x000000008c600000| Complete 
| 199|0x000000008c700000, 0x000000008c800000, 0x000000008c800000|100%| E|  |TAMS 0x000000008c700000, 0x000000008c700000| Complete 
| 200|0x000000008c800000, 0x000000008c900000, 0x000000008c900000|100%| E|CS|TAMS 0x000000008c800000, 0x000000008c800000| Complete 
| 201|0x000000008c900000, 0x000000008ca00000, 0x000000008ca00000|100%| E|CS|TAMS 0x000000008c900000, 0x000000008c900000| Complete 
| 202|0x000000008ca00000, 0x000000008cb00000, 0x000000008cb00000|100%| E|CS|TAMS 0x000000008ca00000, 0x000000008ca00000| Complete 
| 203|0x000000008cb00000, 0x000000008cc00000, 0x000000008cc00000|100%| E|CS|TAMS 0x000000008cb00000, 0x000000008cb00000| Complete 
| 204|0x000000008cc00000, 0x000000008cd00000, 0x000000008cd00000|100%| E|CS|TAMS 0x000000008cc00000, 0x000000008cc00000| Complete 
| 205|0x000000008cd00000, 0x000000008ce00000, 0x000000008ce00000|100%| E|CS|TAMS 0x000000008cd00000, 0x000000008cd00000| Complete 
| 206|0x000000008ce00000, 0x000000008cf00000, 0x000000008cf00000|100%| E|CS|TAMS 0x000000008ce00000, 0x000000008ce00000| Complete 
| 207|0x000000008cf00000, 0x000000008d000000, 0x000000008d000000|100%| E|CS|TAMS 0x000000008cf00000, 0x000000008cf00000| Complete 
| 208|0x000000008d000000, 0x000000008d100000, 0x000000008d100000|100%| E|CS|TAMS 0x000000008d000000, 0x000000008d000000| Complete 
| 209|0x000000008d100000, 0x000000008d200000, 0x000000008d200000|100%| E|CS|TAMS 0x000000008d100000, 0x000000008d100000| Complete 
| 210|0x000000008d200000, 0x000000008d300000, 0x000000008d300000|100%| E|CS|TAMS 0x000000008d200000, 0x000000008d200000| Complete 
| 211|0x000000008d300000, 0x000000008d400000, 0x000000008d400000|100%| E|CS|TAMS 0x000000008d300000, 0x000000008d300000| Complete 
| 212|0x000000008d400000, 0x000000008d500000, 0x000000008d500000|100%| E|CS|TAMS 0x000000008d400000, 0x000000008d400000| Complete 
| 213|0x000000008d500000, 0x000000008d600000, 0x000000008d600000|100%| E|CS|TAMS 0x000000008d500000, 0x000000008d500000| Complete 
| 214|0x000000008d600000, 0x000000008d700000, 0x000000008d700000|100%| E|CS|TAMS 0x000000008d600000, 0x000000008d600000| Complete 
| 215|0x000000008d700000, 0x000000008d800000, 0x000000008d800000|100%| E|CS|TAMS 0x000000008d700000, 0x000000008d700000| Complete 
| 216|0x000000008d800000, 0x000000008d900000, 0x000000008d900000|100%| E|CS|TAMS 0x000000008d800000, 0x000000008d800000| Complete 
| 217|0x000000008d900000, 0x000000008da00000, 0x000000008da00000|100%| E|CS|TAMS 0x000000008d900000, 0x000000008d900000| Complete 
| 218|0x000000008da00000, 0x000000008db00000, 0x000000008db00000|100%| E|CS|TAMS 0x000000008da00000, 0x000000008da00000| Complete 
| 219|0x000000008db00000, 0x000000008dc00000, 0x000000008dc00000|100%| E|CS|TAMS 0x000000008db00000, 0x000000008db00000| Complete 
| 220|0x000000008dc00000, 0x000000008dd00000, 0x000000008dd00000|100%| E|CS|TAMS 0x000000008dc00000, 0x000000008dc00000| Complete 
| 221|0x000000008dd00000, 0x000000008de00000, 0x000000008de00000|100%| E|CS|TAMS 0x000000008dd00000, 0x000000008dd00000| Complete 
| 222|0x000000008de00000, 0x000000008df00000, 0x000000008df00000|100%| E|CS|TAMS 0x000000008de00000, 0x000000008de00000| Complete 
| 223|0x000000008df00000, 0x000000008e000000, 0x000000008e000000|100%| E|CS|TAMS 0x000000008df00000, 0x000000008df00000| Complete 
| 224|0x000000008e000000, 0x000000008e100000, 0x000000008e100000|100%| E|CS|TAMS 0x000000008e000000, 0x000000008e000000| Complete 
| 225|0x000000008e100000, 0x000000008e200000, 0x000000008e200000|100%| E|CS|TAMS 0x000000008e100000, 0x000000008e100000| Complete 
| 226|0x000000008e200000, 0x000000008e300000, 0x000000008e300000|100%| E|CS|TAMS 0x000000008e200000, 0x000000008e200000| Complete 
| 227|0x000000008e300000, 0x000000008e400000, 0x000000008e400000|100%| E|CS|TAMS 0x000000008e300000, 0x000000008e300000| Complete 
| 228|0x000000008e400000, 0x000000008e500000, 0x000000008e500000|100%| E|CS|TAMS 0x000000008e400000, 0x000000008e400000| Complete 
| 229|0x000000008e500000, 0x000000008e600000, 0x000000008e600000|100%| E|CS|TAMS 0x000000008e500000, 0x000000008e500000| Complete 
| 230|0x000000008e600000, 0x000000008e6b2e40, 0x000000008e700000| 69%| S|CS|TAMS 0x000000008e600000, 0x000000008e600000| Complete 
| 231|0x000000008e700000, 0x000000008e800000, 0x000000008e800000|100%| S|CS|TAMS 0x000000008e700000, 0x000000008e700000| Complete 
| 232|0x000000008e800000, 0x000000008e900000, 0x000000008e900000|100%| S|CS|TAMS 0x000000008e800000, 0x000000008e800000| Complete 
| 233|0x000000008e900000, 0x000000008ea00000, 0x000000008ea00000|100%| E|CS|TAMS 0x000000008e900000, 0x000000008e900000| Complete 
| 234|0x000000008ea00000, 0x000000008eb00000, 0x000000008eb00000|100%| E|CS|TAMS 0x000000008ea00000, 0x000000008ea00000| Complete 
| 235|0x000000008eb00000, 0x000000008ec00000, 0x000000008ec00000|100%| E|CS|TAMS 0x000000008eb00000, 0x000000008eb00000| Complete 
| 236|0x000000008ec00000, 0x000000008ed00000, 0x000000008ed00000|100%| E|CS|TAMS 0x000000008ec00000, 0x000000008ec00000| Complete 
| 237|0x000000008ed00000, 0x000000008ee00000, 0x000000008ee00000|100%| E|CS|TAMS 0x000000008ed00000, 0x000000008ed00000| Complete 
| 238|0x000000008ee00000, 0x000000008ef00000, 0x000000008ef00000|100%| E|CS|TAMS 0x000000008ee00000, 0x000000008ee00000| Complete 
| 239|0x000000008ef00000, 0x000000008f000000, 0x000000008f000000|100%| E|CS|TAMS 0x000000008ef00000, 0x000000008ef00000| Complete 
| 240|0x000000008f000000, 0x000000008f100000, 0x000000008f100000|100%| E|CS|TAMS 0x000000008f000000, 0x000000008f000000| Complete 
| 241|0x000000008f100000, 0x000000008f200000, 0x000000008f200000|100%| E|CS|TAMS 0x000000008f100000, 0x000000008f100000| Complete 
| 242|0x000000008f200000, 0x000000008f300000, 0x000000008f300000|100%| E|CS|TAMS 0x000000008f200000, 0x000000008f200000| Complete 
| 243|0x000000008f300000, 0x000000008f400000, 0x000000008f400000|100%| E|CS|TAMS 0x000000008f300000, 0x000000008f300000| Complete 
| 244|0x000000008f400000, 0x000000008f500000, 0x000000008f500000|100%| E|CS|TAMS 0x000000008f400000, 0x000000008f400000| Complete 
| 245|0x000000008f500000, 0x000000008f600000, 0x000000008f600000|100%| E|CS|TAMS 0x000000008f500000, 0x000000008f500000| Complete 
| 246|0x000000008f600000, 0x000000008f700000, 0x000000008f700000|100%| E|CS|TAMS 0x000000008f600000, 0x000000008f600000| Complete 
| 247|0x000000008f700000, 0x000000008f800000, 0x000000008f800000|100%| E|CS|TAMS 0x000000008f700000, 0x000000008f700000| Complete 
| 248|0x000000008f800000, 0x000000008f900000, 0x000000008f900000|100%| E|CS|TAMS 0x000000008f800000, 0x000000008f800000| Complete 
| 249|0x000000008f900000, 0x000000008fa00000, 0x000000008fa00000|100%| E|CS|TAMS 0x000000008f900000, 0x000000008f900000| Complete 
| 250|0x000000008fa00000, 0x000000008fb00000, 0x000000008fb00000|100%| E|CS|TAMS 0x000000008fa00000, 0x000000008fa00000| Complete 
| 251|0x000000008fb00000, 0x000000008fc00000, 0x000000008fc00000|100%| E|CS|TAMS 0x000000008fb00000, 0x000000008fb00000| Complete 
| 252|0x000000008fc00000, 0x000000008fd00000, 0x000000008fd00000|100%| E|CS|TAMS 0x000000008fc00000, 0x000000008fc00000| Complete 
| 253|0x000000008fd00000, 0x000000008fe00000, 0x000000008fe00000|100%| E|CS|TAMS 0x000000008fd00000, 0x000000008fd00000| Complete 

Card table byte_map: [0x0000020f51220000,0x0000020f51620000] _byte_map_base: 0x0000020f50e20000

Marking Bits (Prev, Next): (CMBitMap*) 0x0000020f3e03cef0, (CMBitMap*) 0x0000020f3e03ceb8
 Prev Bits: [0x0000020f53a20000, 0x0000020f55a20000)
 Next Bits: [0x0000020f51a20000, 0x0000020f53a20000)

Polling page: 0x0000020f3bf90000

Metaspace:

Usage:
  Non-class:     57.60 MB capacity,    56.68 MB ( 98%) used,   776.68 KB (  1%) free+waste,   167.56 KB ( <1%) overhead. 
      Class:      8.91 MB capacity,     8.31 MB ( 93%) used,   540.87 KB (  6%) free+waste,    78.44 KB ( <1%) overhead. 
       Both:     66.51 MB capacity,    64.99 MB ( 98%) used,     1.29 MB (  2%) free+waste,   246.00 KB ( <1%) overhead. 

Virtual space:
  Non-class space:       58.00 MB reserved,      57.75 MB (>99%) committed 
      Class space:        1.00 GB reserved,       8.95 MB ( <1%) committed 
             Both:        1.06 GB reserved,      66.70 MB (  6%) committed 

Chunk freelists:
   Non-Class:  26.00 KB
       Class:  25.00 KB
        Both:  51.00 KB

MaxMetaspaceSize: 17179869184.00 GB
CompressedClassSpaceSize: 1.00 GB

CodeHeap 'non-profiled nmethods': size=120000Kb used=4007Kb max_used=4007Kb free=115992Kb
 bounds [0x0000020f495c0000, 0x0000020f499b0000, 0x0000020f50af0000]
CodeHeap 'profiled nmethods': size=120000Kb used=13869Kb max_used=13869Kb free=106130Kb
 bounds [0x0000020f42090000, 0x0000020f42e20000, 0x0000020f495c0000]
CodeHeap 'non-nmethods': size=5760Kb used=2264Kb max_used=2313Kb free=3495Kb
 bounds [0x0000020f41af0000, 0x0000020f41d60000, 0x0000020f42090000]
 total_blobs=7512 nmethods=6658 adapters=765
 compilation: enabled
              stopped_count=0, restarted_count=0
 full_count=0

Compilation events (20 events):
Event: 6.187 Thread 0x0000020f58d4e800 6636       3       java.lang.StringBuilder::append (10 bytes)
Event: 6.187 Thread 0x0000020f58d4e800 nmethod 6636 0x0000020f42e09710 code [0x0000020f42e098c0, 0x0000020f42e09a08]
Event: 6.189 Thread 0x0000020f58d4e800 6637       2       sun.reflect.generics.parser.SignatureParser::parseClassTypeSignatureSuffix (29 bytes)
Event: 6.190 Thread 0x0000020f58d4e800 nmethod 6637 0x0000020f42e09a90 code [0x0000020f42e09c80, 0x0000020f42e09e58]
Event: 6.190 Thread 0x0000020f58d4e800 6638       2       sun.reflect.generics.tree.ClassTypeSignature::make (9 bytes)
Event: 6.190 Thread 0x0000020f58d4e800 nmethod 6638 0x0000020f42e09f90 code [0x0000020f42e0a140, 0x0000020f42e0a2b8]
Event: 6.190 Thread 0x0000020f58d4e800 6639       2       sun.reflect.generics.tree.ClassTypeSignature::<init> (10 bytes)
Event: 6.190 Thread 0x0000020f58d4e800 nmethod 6639 0x0000020f42e0a390 code [0x0000020f42e0a540, 0x0000020f42e0a678]
Event: 6.190 Thread 0x0000020f58d4e800 6640       3       com.sun.proxy.$Proxy4::<init> (6 bytes)
Event: 6.190 Thread 0x0000020f58d4e800 nmethod 6640 0x0000020f42e0a710 code [0x0000020f42e0a8e0, 0x0000020f42e0ac68]
Event: 6.191 Thread 0x0000020f58d4e800 6641       1       org.gradle.api.internal.tasks.properties.annotations.OutputPropertyRoleAnnotationHandler::getAnnotationTypes (5 bytes)
Event: 6.191 Thread 0x0000020f58d4e800 nmethod 6641 0x0000020f499a8a90 code [0x0000020f499a8c40, 0x0000020f499a8cf8]
Event: 6.200 Thread 0x0000020f58d4e800 6642       1       com.android.build.gradle.internal.services.ProjectServices::getObjectFactory (5 bytes)
Event: 6.200 Thread 0x0000020f58d4e800 nmethod 6642 0x0000020f499a8d90 code [0x0000020f499a8f40, 0x0000020f499a8ff8]
Event: 6.201 Thread 0x0000020f58d4e800 6643       3       org.gradle.api.internal.attributes.DefaultMutableAttributeContainer::checkInsertionAllowed (128 bytes)
Event: 6.203 Thread 0x0000020f58d4e800 nmethod 6643 0x0000020f42e0ae10 code [0x0000020f42e0b1a0, 0x0000020f42e0c538]
Event: 6.203 Thread 0x0000020f58d4e800 6645       3       kotlin.jvm.internal.Lambda::<init> (10 bytes)
Event: 6.203 Thread 0x0000020f58d4e800 nmethod 6645 0x0000020f42e0cc10 code [0x0000020f42e0cdc0, 0x0000020f42e0cf18]
Event: 6.203 Thread 0x0000020f58d4e800 6644       1       org.gradle.internal.typeconversion.NotationConverterToNotationParserAdapter$ResultImpl::hasResult (5 bytes)
Event: 6.203 Thread 0x0000020f58d4e800 nmethod 6644 0x0000020f499a9090 code [0x0000020f499a9240, 0x0000020f499a92f8]

GC Heap History (14 events):
Event: 0.512 GC heap before
{Heap before GC invocations=0 (full 0):
 garbage-first heap   total 260096K, used 30720K [0x0000000080000000, 0x0000000100000000)
  region size 1024K, 24 young (24576K), 0 survivors (0K)
 Metaspace       used 9876K, capacity 10114K, committed 10368K, reserved 1058816K
  class space    used 1028K, capacity 1102K, committed 1152K, reserved 1048576K
}
Event: 0.515 GC heap after
{Heap after GC invocations=1 (full 0):
 garbage-first heap   total 260096K, used 9434K [0x0000000080000000, 0x0000000100000000)
  region size 1024K, 3 young (3072K), 3 survivors (3072K)
 Metaspace       used 9876K, capacity 10114K, committed 10368K, reserved 1058816K
  class space    used 1028K, capacity 1102K, committed 1152K, reserved 1048576K
}
Event: 1.852 GC heap before
{Heap before GC invocations=1 (full 0):
 garbage-first heap   total 260096K, used 108762K [0x0000000080000000, 0x0000000100000000)
  region size 1024K, 101 young (103424K), 3 survivors (3072K)
 Metaspace       used 20685K, capacity 21075K, committed 21248K, reserved 1067008K
  class space    used 2538K, capacity 2693K, committed 2816K, reserved 1048576K
}
Event: 1.860 GC heap after
{Heap after GC invocations=2 (full 0):
 garbage-first heap   total 260096K, used 16653K [0x0000000080000000, 0x0000000100000000)
  region size 1024K, 11 young (11264K), 11 survivors (11264K)
 Metaspace       used 20685K, capacity 21075K, committed 21248K, reserved 1067008K
  class space    used 2538K, capacity 2693K, committed 2816K, reserved 1048576K
}
Event: 2.116 GC heap before
{Heap before GC invocations=3 (full 0):
 garbage-first heap   total 260096K, used 53517K [0x0000000080000000, 0x0000000100000000)
  region size 1024K, 47 young (48128K), 11 survivors (11264K)
 Metaspace       used 24208K, capacity 24765K, committed 24960K, reserved 1071104K
  class space    used 3107K, capacity 3332K, committed 3456K, reserved 1048576K
}
Event: 2.121 GC heap after
{Heap after GC invocations=4 (full 0):
 garbage-first heap   total 260096K, used 18532K [0x0000000080000000, 0x0000000100000000)
  region size 1024K, 2 young (2048K), 2 survivors (2048K)
 Metaspace       used 24208K, capacity 24765K, committed 24960K, reserved 1071104K
  class space    used 3107K, capacity 3332K, committed 3456K, reserved 1048576K
}
Event: 2.800 GC heap before
{Heap before GC invocations=4 (full 0):
 garbage-first heap   total 260096K, used 94308K [0x0000000080000000, 0x0000000100000000)
  region size 1024K, 77 young (78848K), 2 survivors (2048K)
 Metaspace       used 35022K, capacity 35786K, committed 35840K, reserved 1081344K
  class space    used 4559K, capacity 4863K, committed 4864K, reserved 1048576K
}
Event: 2.805 GC heap after
{Heap after GC invocations=5 (full 0):
 garbage-first heap   total 260096K, used 22364K [0x0000000080000000, 0x0000000100000000)
  region size 1024K, 6 young (6144K), 6 survivors (6144K)
 Metaspace       used 35022K, capacity 35786K, committed 35840K, reserved 1081344K
  class space    used 4559K, capacity 4863K, committed 4864K, reserved 1048576K
}
Event: 3.799 GC heap before
{Heap before GC invocations=6 (full 0):
 garbage-first heap   total 260096K, used 149340K [0x0000000080000000, 0x0000000100000000)
  region size 1024K, 127 young (130048K), 6 survivors (6144K)
 Metaspace       used 45135K, capacity 46248K, committed 46412K, reserved 1089536K
  class space    used 5798K, capacity 6204K, committed 6220K, reserved 1048576K
}
Event: 3.809 GC heap after
{Heap after GC invocations=7 (full 0):
 garbage-first heap   total 260096K, used 29304K [0x0000000080000000, 0x0000000100000000)
  region size 1024K, 13 young (13312K), 13 survivors (13312K)
 Metaspace       used 45135K, capacity 46248K, committed 46412K, reserved 1089536K
  class space    used 5798K, capacity 6204K, committed 6220K, reserved 1048576K
}
Event: 4.986 GC heap before
{Heap before GC invocations=7 (full 0):
 garbage-first heap   total 260096K, used 171640K [0x0000000080000000, 0x0000000100000000)
  region size 1024K, 147 young (150528K), 13 survivors (13312K)
 Metaspace       used 55387K, capacity 56682K, committed 56780K, reserved 1097728K
  class space    used 7042K, capacity 7533K, committed 7628K, reserved 1048576K
}
Event: 4.996 GC heap after
{Heap after GC invocations=8 (full 0):
 garbage-first heap   total 260096K, used 45981K [0x0000000080000000, 0x0000000100000000)
  region size 1024K, 19 young (19456K), 19 survivors (19456K)
 Metaspace       used 55387K, capacity 56682K, committed 56780K, reserved 1097728K
  class space    used 7042K, capacity 7533K, committed 7628K, reserved 1048576K
}
Event: 5.241 GC heap before
{Heap before GC invocations=8 (full 0):
 garbage-first heap   total 260096K, used 66461K [0x0000000080000000, 0x0000000100000000)
  region size 1024K, 40 young (40960K), 19 survivors (19456K)
 Metaspace       used 58558K, capacity 59994K, committed 60236K, reserved 1101824K
  class space    used 7462K, capacity 7995K, committed 8012K, reserved 1048576K
}
Event: 5.254 GC heap after
{Heap after GC invocations=9 (full 0):
 garbage-first heap   total 260096K, used 47819K [0x0000000080000000, 0x0000000100000000)
  region size 1024K, 3 young (3072K), 3 survivors (3072K)
 Metaspace       used 58558K, capacity 59994K, committed 60236K, reserved 1101824K
  class space    used 7462K, capacity 7995K, committed 8012K, reserved 1048576K
}

Deoptimization events (20 events):
Event: 5.812 Thread 0x0000020f5b062800 Uncommon trap: trap_request=0xffffff4d fr.pc=0x0000020f495cbd54 relative=0x0000000000000034
Event: 5.812 Thread 0x0000020f5b062800 Uncommon trap: reason=unstable_if action=reinterpret pc=0x0000020f495cbd54 method=java.lang.StringLatin1.canEncode(I)Z @ 4 c2
Event: 5.813 Thread 0x0000020f5b062800 DEOPT PACKING pc=0x0000020f495cbd54 sp=0x0000002c676f6640
Event: 5.813 Thread 0x0000020f5b062800 DEOPT UNPACKING pc=0x0000020f41b1662f sp=0x0000002c676f65d0 mode 2
Event: 5.813 Thread 0x0000020f5b062800 Uncommon trap: trap_request=0xffffff4d fr.pc=0x0000020f495f1028 relative=0x0000000000000468
Event: 5.813 Thread 0x0000020f5b062800 Uncommon trap: reason=unstable_if action=reinterpret pc=0x0000020f495f1028 method=java.lang.AbstractStringBuilder.putStringAt(ILjava/lang/String;)V @ 8 c2
Event: 5.813 Thread 0x0000020f5b062800 DEOPT PACKING pc=0x0000020f495f1028 sp=0x0000002c676f6710
Event: 5.813 Thread 0x0000020f5b062800 DEOPT UNPACKING pc=0x0000020f41b1662f sp=0x0000002c676f6670 mode 2
Event: 5.813 Thread 0x0000020f5b062800 Uncommon trap: trap_request=0xffffff4d fr.pc=0x0000020f495f086c relative=0x00000000000000cc
Event: 5.813 Thread 0x0000020f5b062800 Uncommon trap: reason=unstable_if action=reinterpret pc=0x0000020f495f086c method=java.lang.String.getBytes([BIB)V @ 5 c2
Event: 5.813 Thread 0x0000020f5b062800 DEOPT PACKING pc=0x0000020f495f086c sp=0x0000002c676f6620
Event: 5.813 Thread 0x0000020f5b062800 DEOPT UNPACKING pc=0x0000020f41b1662f sp=0x0000002c676f65e8 mode 2
Event: 5.872 Thread 0x0000020f5b062800 Uncommon trap: trap_request=0xffffff4d fr.pc=0x0000020f49757c80 relative=0x0000000000000340
Event: 5.872 Thread 0x0000020f5b062800 Uncommon trap: reason=unstable_if action=reinterpret pc=0x0000020f49757c80 method=java.util.StringJoiner.add(Ljava/lang/CharSequence;)Ljava/util/StringJoiner; @ 33 c2
Event: 5.872 Thread 0x0000020f5b062800 DEOPT PACKING pc=0x0000020f49757c80 sp=0x0000002c676f58b0
Event: 5.872 Thread 0x0000020f5b062800 DEOPT UNPACKING pc=0x0000020f41b1662f sp=0x0000002c676f5860 mode 2
Event: 5.973 Thread 0x0000020f5b062800 Uncommon trap: trap_request=0xffffff4d fr.pc=0x0000020f497c5fac relative=0x0000000000000f4c
Event: 5.973 Thread 0x0000020f5b062800 Uncommon trap: reason=unstable_if action=reinterpret pc=0x0000020f497c5fac method=org.codehaus.groovy.runtime.metaclass.MetaMethodIndex.isOverridden(Lgroovy/lang/MetaMethod;Lgroovy/lang/MetaMethod;)Z @ 33 c2
Event: 5.973 Thread 0x0000020f5b062800 DEOPT PACKING pc=0x0000020f497c5fac sp=0x0000002c676f47b0
Event: 5.973 Thread 0x0000020f5b062800 DEOPT UNPACKING pc=0x0000020f41b1662f sp=0x0000002c676f4708 mode 2

Classes redefined (0 events):
No events

Internal exceptions (20 events):
Event: 6.008 Thread 0x0000020f5b062800 Exception <a 'java/lang/ClassNotFoundException'{0x0000000089e26b80}: com/android/build/gradle/internal/CompileOptions$AgpDecoratedCustomizer> (0x0000000089e26b80) thrown at [./src/hotspot/share/classfile/systemDictionary.cpp, line 231]
Event: 6.009 Thread 0x0000020f5b062800 Exception <a 'java/lang/ClassNotFoundException'{0x0000000089e517a0}: com/android/build/gradle/internal/CompileOptions$AgpDecorated_DecoratedCustomizer> (0x0000000089e517a0) thrown at [./src/hotspot/share/classfile/systemDictionary.cpp, line 231]
Event: 6.013 Thread 0x0000020f5b062800 Exception <a 'java/lang/ClassNotFoundException'{0x0000000089ef4e90}: com/android/build/gradle/internal/dsl/ApplicationBuildFeaturesImpl_DecoratedBeanInfo> (0x0000000089ef4e90) thrown at [./src/hotspot/share/classfile/systemDictionary.cpp, line 231]
Event: 6.014 Thread 0x0000020f5b062800 Exception <a 'java/lang/ClassNotFoundException'{0x0000000089d11068}: com/android/build/gradle/internal/dsl/ApplicationBuildFeaturesImplBeanInfo> (0x0000000089d11068) thrown at [./src/hotspot/share/classfile/systemDictionary.cpp, line 231]
Event: 6.014 Thread 0x0000020f5b062800 Exception <a 'java/lang/ClassNotFoundException'{0x0000000089d2b858}: com/android/build/gradle/internal/dsl/BuildFeaturesImplBeanInfo> (0x0000000089d2b858) thrown at [./src/hotspot/share/classfile/systemDictionary.cpp, line 231]
Event: 6.014 Thread 0x0000020f5b062800 Exception <a 'java/lang/ClassNotFoundException'{0x0000000089d45b30}: com/android/build/gradle/internal/dsl/BuildFeaturesImplCustomizer> (0x0000000089d45b30) thrown at [./src/hotspot/share/classfile/systemDictionary.cpp, line 231]
Event: 6.015 Thread 0x0000020f5b062800 Exception <a 'java/lang/ClassNotFoundException'{0x0000000089d6d130}: com/android/build/gradle/internal/dsl/ApplicationBuildFeaturesImplCustomizer> (0x0000000089d6d130) thrown at [./src/hotspot/share/classfile/systemDictionary.cpp, line 231]
Event: 6.015 Thread 0x0000020f5b062800 Exception <a 'java/lang/ClassNotFoundException'{0x0000000089d90be8}: com/android/build/gradle/internal/dsl/ApplicationBuildFeaturesImpl_DecoratedCustomizer> (0x0000000089d90be8) thrown at [./src/hotspot/share/classfile/systemDictionary.cpp, line 231]
Event: 6.020 Thread 0x0000020f5b062800 Exception <a 'java/lang/ClassNotFoundException'{0x0000000089c62650}: org/gradle/api/internal/artifacts/dsl/dependencies/DefaultDependencyHandler_DecoratedBeanInfo> (0x0000000089c62650) thrown at [./src/hotspot/share/classfile/systemDictionary.cpp, line 231]
Event: 6.021 Thread 0x0000020f5b062800 Exception <a 'java/lang/ClassNotFoundException'{0x0000000089caaff0}: org/gradle/api/internal/artifacts/dsl/dependencies/DefaultDependencyHandlerBeanInfo> (0x0000000089caaff0) thrown at [./src/hotspot/share/classfile/systemDictionary.cpp, line 231]
Event: 6.022 Thread 0x0000020f5b062800 Exception <a 'java/lang/ClassNotFoundException'{0x0000000089cf3380}: org/gradle/api/internal/artifacts/dsl/dependencies/DefaultDependencyHandlerCustomizer> (0x0000000089cf3380) thrown at [./src/hotspot/share/classfile/systemDictionary.cpp, line 231]
Event: 6.024 Thread 0x0000020f5b062800 Exception <a 'java/lang/ClassNotFoundException'{0x0000000089b64ee8}: org/gradle/api/internal/artifacts/dsl/dependencies/DefaultDependencyHandler_DecoratedCustomizer> (0x0000000089b64ee8) thrown at [./src/hotspot/share/classfile/systemDictionary.cpp, line 231]
Event: 6.032 Thread 0x0000020f5b062800 Exception <a 'java/lang/ClassNotFoundException'{0x000000008990cd98}: org/gradle/api/internal/file/collections/DefaultConfigurableFileTreeBeanInfo> (0x000000008990cd98) thrown at [./src/hotspot/share/classfile/systemDictionary.cpp, line 231]
Event: 6.032 Thread 0x0000020f5b062800 Exception <a 'java/lang/ClassNotFoundException'{0x000000008993d568}: org/gradle/api/internal/file/CompositeFileTreeBeanInfo> (0x000000008993d568) thrown at [./src/hotspot/share/classfile/systemDictionary.cpp, line 231]
Event: 6.033 Thread 0x0000020f5b062800 Exception <a 'java/lang/ClassNotFoundException'{0x0000000089970440}: org/gradle/api/internal/file/CompositeFileCollectionBeanInfo> (0x0000000089970440) thrown at [./src/hotspot/share/classfile/systemDictionary.cpp, line 231]
Event: 6.033 Thread 0x0000020f5b062800 Exception <a 'java/lang/ClassNotFoundException'{0x00000000899a35d8}: org/gradle/api/internal/file/AbstractFileCollectionBeanInfo> (0x00000000899a35d8) thrown at [./src/hotspot/share/classfile/systemDictionary.cpp, line 231]
Event: 6.034 Thread 0x0000020f5b062800 Exception <a 'java/lang/ClassNotFoundException'{0x00000000899d6600}: org/gradle/api/internal/file/AbstractFileCollectionCustomizer> (0x00000000899d6600) thrown at [./src/hotspot/share/classfile/systemDictionary.cpp, line 231]
Event: 6.035 Thread 0x0000020f5b062800 Exception <a 'java/lang/ClassNotFoundException'{0x000000008981bb78}: org/gradle/api/internal/file/CompositeFileCollectionCustomizer> (0x000000008981bb78) thrown at [./src/hotspot/share/classfile/systemDictionary.cpp, line 231]
Event: 6.036 Thread 0x0000020f5b062800 Exception <a 'java/lang/ClassNotFoundException'{0x0000000089854bb8}: org/gradle/api/internal/file/CompositeFileTreeCustomizer> (0x0000000089854bb8) thrown at [./src/hotspot/share/classfile/systemDictionary.cpp, line 231]
Event: 6.038 Thread 0x0000020f5b062800 Exception <a 'java/lang/ClassNotFoundException'{0x00000000898992b0}: org/gradle/api/internal/file/collections/DefaultConfigurableFileTreeCustomizer> (0x00000000898992b0) thrown at [./src/hotspot/share/classfile/systemDictionary.cpp, line 231]

Events (20 events):
Event: 6.199 loading class com/android/build/api/component/impl/AndroidTestImpl$signingConfigImpl$2
Event: 6.199 loading class com/android/build/api/component/impl/AndroidTestImpl$signingConfigImpl$2 done
Event: 6.199 loading class com/android/build/api/component/impl/AndroidTestImpl$renderscript$2
Event: 6.199 loading class com/android/build/api/component/impl/AndroidTestImpl$renderscript$2 done
Event: 6.199 loading class com/android/build/api/component/impl/AndroidTestImpl$proguardFiles$2
Event: 6.199 loading class com/android/build/api/component/impl/AndroidTestImpl$proguardFiles$2 done
Event: 6.199 loading class com/android/build/api/component/impl/AndroidTestImpl$resValues$2
Event: 6.199 loading class com/android/build/api/component/impl/AndroidTestImpl$resValues$2 done
Event: 6.200 loading class com/android/build/api/variant/impl/VariantApiExtensionsKt
Event: 6.200 loading class com/android/build/api/variant/impl/VariantApiExtensionsKt done
Event: 6.200 loading class com/android/build/api/variant/impl/AndroidVersionImpl
Event: 6.200 loading class com/android/build/api/variant/impl/AndroidVersionImpl done
Event: 6.202 loading class com/android/build/api/component/impl/UnitTestImpl
Event: 6.202 loading class com/android/build/api/component/impl/UnitTestImpl done
Event: 6.202 loading class com/android/build/gradle/internal/component/UnitTestCreationConfig
Event: 6.202 loading class com/android/build/gradle/internal/component/UnitTestCreationConfig done
Event: 6.204 loading class kotlin/DeprecationLevel
Event: 6.204 loading class kotlin/DeprecationLevel done
Event: 6.207 loading class com/android/build/api/component/impl/UnitTestImpl$manifestPlaceholders$2
Event: 6.207 loading class com/android/build/api/component/impl/UnitTestImpl$manifestPlaceholders$2 done


Dynamic libraries:
0x00007ff64f110000 - 0x00007ff64f11a000 	C:\Program Files\Android\Android Studio\jre\bin\java.exe
0x00007ff9d2930000 - 0x00007ff9d2b47000 	C:\WINDOWS\SYSTEM32\ntdll.dll
0x00007ff9d2360000 - 0x00007ff9d2424000 	C:\WINDOWS\System32\KERNEL32.DLL
0x00007ff9d02e0000 - 0x00007ff9d0686000 	C:\WINDOWS\System32\KERNELBASE.dll
0x00007ff9d0190000 - 0x00007ff9d02a1000 	C:\WINDOWS\System32\ucrtbase.dll
0x00007ff9aa150000 - 0x00007ff9aa167000 	C:\Program Files\Android\Android Studio\jre\bin\VCRUNTIME140.dll
0x00007ff9c6430000 - 0x00007ff9c6449000 	C:\Program Files\Android\Android Studio\jre\bin\jli.dll
0x00007ff9d1850000 - 0x00007ff9d19fe000 	C:\WINDOWS\System32\USER32.dll
0x00007ff9b28b0000 - 0x00007ff9b2b43000 	C:\WINDOWS\WinSxS\amd64_microsoft.windows.common-controls_6595b64144ccf1df_6.0.22621.2361_none_2712ced57382f843\COMCTL32.dll
0x00007ff9d02b0000 - 0x00007ff9d02d6000 	C:\WINDOWS\System32\win32u.dll
0x00007ff9d2260000 - 0x00007ff9d2307000 	C:\WINDOWS\System32\msvcrt.dll
0x00007ff9d0f10000 - 0x00007ff9d0f39000 	C:\WINDOWS\System32\GDI32.dll
0x00007ff9cfcb0000 - 0x00007ff9cfdc8000 	C:\WINDOWS\System32\gdi32full.dll
0x00007ff9cffb0000 - 0x00007ff9d004a000 	C:\WINDOWS\System32\msvcp_win.dll
0x00007ff9d2320000 - 0x00007ff9d2351000 	C:\WINDOWS\System32\IMM32.DLL
0x00007ff99cb70000 - 0x00007ff99cc0d000 	C:\Program Files\Android\Android Studio\jre\bin\msvcp140.dll
0x00007ff96d360000 - 0x00007ff96de35000 	C:\Program Files\Android\Android Studio\jre\bin\server\jvm.dll
0x00007ff9d0a00000 - 0x00007ff9d0ab0000 	C:\WINDOWS\System32\ADVAPI32.dll
0x00007ff9d2840000 - 0x00007ff9d28e6000 	C:\WINDOWS\System32\sechost.dll
0x00007ff9d26b0000 - 0x00007ff9d27c7000 	C:\WINDOWS\System32\RPCRT4.dll
0x00007ff9d2520000 - 0x00007ff9d2528000 	C:\WINDOWS\System32\PSAPI.DLL
0x00007ff9cd1e0000 - 0x00007ff9cd1e9000 	C:\WINDOWS\SYSTEM32\WSOCK32.dll
0x00007ff9ca490000 - 0x00007ff9ca4c4000 	C:\WINDOWS\SYSTEM32\WINMM.dll
0x00007ff9cabe0000 - 0x00007ff9cabea000 	C:\WINDOWS\SYSTEM32\VERSION.dll
0x00007ff9d2530000 - 0x00007ff9d25a1000 	C:\WINDOWS\System32\WS2_32.dll
0x00007ff9ced40000 - 0x00007ff9ced58000 	C:\WINDOWS\SYSTEM32\kernel.appcore.dll
0x00007ff9b5a70000 - 0x00007ff9b5a81000 	C:\Program Files\Android\Android Studio\jre\bin\verify.dll
0x00007ff9ccf50000 - 0x00007ff9cd17e000 	C:\WINDOWS\SYSTEM32\DBGHELP.DLL
0x00007ff9d0f40000 - 0x00007ff9d12ca000 	C:\WINDOWS\System32\combase.dll
0x00007ff9d2430000 - 0x00007ff9d2507000 	C:\WINDOWS\System32\OLEAUT32.dll
0x00007ff9c71e0000 - 0x00007ff9c7212000 	C:\WINDOWS\SYSTEM32\dbgcore.DLL
0x00007ff9d0050000 - 0x00007ff9d00ca000 	C:\WINDOWS\System32\bcryptPrimitives.dll
0x00007ff9b0860000 - 0x00007ff9b0889000 	C:\Program Files\Android\Android Studio\jre\bin\java.dll
0x00007ff9cb9a0000 - 0x00007ff9cb9ab000 	C:\Program Files\Android\Android Studio\jre\bin\jimage.dll
0x00007ff9b1b20000 - 0x00007ff9b1b38000 	C:\Program Files\Android\Android Studio\jre\bin\zip.dll
0x00007ff9d1a00000 - 0x00007ff9d2258000 	C:\WINDOWS\System32\SHELL32.dll
0x00007ff9cdbd0000 - 0x00007ff9ce4c2000 	C:\WINDOWS\SYSTEM32\windows.storage.dll
0x00007ff9cda90000 - 0x00007ff9cdbce000 	C:\WINDOWS\SYSTEM32\wintypes.dll
0x00007ff9d0900000 - 0x00007ff9d09f3000 	C:\WINDOWS\System32\SHCORE.dll
0x00007ff9d08a0000 - 0x00007ff9d08fe000 	C:\WINDOWS\System32\shlwapi.dll
0x00007ff9cfbe0000 - 0x00007ff9cfc06000 	C:\WINDOWS\SYSTEM32\profapi.dll
0x00007ff9b0670000 - 0x00007ff9b068a000 	C:\Program Files\Android\Android Studio\jre\bin\net.dll
0x00007ff9ca2f0000 - 0x00007ff9ca427000 	C:\WINDOWS\SYSTEM32\WINHTTP.dll
0x00007ff9cf220000 - 0x00007ff9cf289000 	C:\WINDOWS\system32\mswsock.dll
0x00007ff9ac670000 - 0x00007ff9ac684000 	C:\Program Files\Android\Android Studio\jre\bin\nio.dll
0x00007ff992b80000 - 0x00007ff992ba7000 	C:\Users\bob arcon\.gradle\native\e1d6ef7f7dcc3fd88c89a11ec53ec762bb8ba0a96d01ffa2cd45eb1d1d8dd5c5\windows-amd64\native-platform.dll
0x00007ff9764a0000 - 0x00007ff9765e4000 	C:\Users\bob arcon\.gradle\native\5664cfc778a61ccfe75a443a1ab52a65af34e5dc3c78e0209fed803814484fcb\windows-amd64\native-platform-file-events.dll
0x00007ff9cb980000 - 0x00007ff9cb98a000 	C:\Program Files\Android\Android Studio\jre\bin\management.dll
0x00007ff9c82b0000 - 0x00007ff9c82bd000 	C:\Program Files\Android\Android Studio\jre\bin\management_ext.dll
0x00007ff9cf4b0000 - 0x00007ff9cf4cb000 	C:\WINDOWS\SYSTEM32\CRYPTSP.dll
0x00007ff9ced00000 - 0x00007ff9ced35000 	C:\WINDOWS\system32\rsaenh.dll
0x00007ff9cf330000 - 0x00007ff9cf35c000 	C:\WINDOWS\SYSTEM32\USERENV.dll
0x00007ff9cf650000 - 0x00007ff9cf678000 	C:\WINDOWS\SYSTEM32\bcrypt.dll
0x00007ff9cf4d0000 - 0x00007ff9cf4dc000 	C:\WINDOWS\SYSTEM32\CRYPTBASE.dll
0x00007ff9ce7e0000 - 0x00007ff9ce80d000 	C:\WINDOWS\SYSTEM32\IPHLPAPI.DLL
0x00007ff9d2310000 - 0x00007ff9d2319000 	C:\WINDOWS\System32\NSI.dll
0x00007ff9ca470000 - 0x00007ff9ca489000 	C:\WINDOWS\SYSTEM32\dhcpcsvc6.DLL
0x00007ff9ca230000 - 0x00007ff9ca24f000 	C:\WINDOWS\SYSTEM32\dhcpcsvc.DLL
0x00007ff9ce810000 - 0x00007ff9ce909000 	C:\WINDOWS\SYSTEM32\DNSAPI.dll

dbghelp: loaded successfully - version: 4.0.5 - missing functions: none
symbol engine: initialized successfully - sym options: 0x614 - pdb path: .;C:\Program Files\Android\Android Studio\jre\bin;C:\WINDOWS\SYSTEM32;C:\WINDOWS\WinSxS\amd64_microsoft.windows.common-controls_6595b64144ccf1df_6.0.22621.2361_none_2712ced57382f843;C:\Program Files\Android\Android Studio\jre\bin\server;C:\Users\bob arcon\.gradle\native\e1d6ef7f7dcc3fd88c89a11ec53ec762bb8ba0a96d01ffa2cd45eb1d1d8dd5c5\windows-amd64;C:\Users\bob arcon\.gradle\native\5664cfc778a61ccfe75a443a1ab52a65af34e5dc3c78e0209fed803814484fcb\windows-amd64

VM Arguments:
jvm_args: --add-opens=java.base/java.util=ALL-UNNAMED --add-opens=java.base/java.lang=ALL-UNNAMED --add-opens=java.base/java.lang.invoke=ALL-UNNAMED --add-opens=java.base/java.util=ALL-UNNAMED --add-opens=java.prefs/java.util.prefs=ALL-UNNAMED --add-opens=java.prefs/java.util.prefs=ALL-UNNAMED --add-opens=java.base/java.nio.charset=ALL-UNNAMED --add-opens=java.base/java.net=ALL-UNNAMED --add-opens=java.base/java.util.concurrent.atomic=ALL-UNNAMED -Xmx2048m -Dfile.encoding=UTF-8 -Duser.country=US -Duser.language=en -Duser.variant 
java_command: org.gradle.launcher.daemon.bootstrap.GradleDaemon 7.2
java_class_path (initial): C:\Users\bob arcon\.gradle\wrapper\dists\gradle-7.2-bin\2dnblmf4td7x66yl1d74lt32g\gradle-7.2\lib\gradle-launcher-7.2.jar
Launcher Type: SUN_STANDARD

[Global flags]
     intx CICompilerCount                          = 4                                         {product} {ergonomic}
     uint ConcGCThreads                            = 2                                         {product} {ergonomic}
     uint G1ConcRefinementThreads                  = 8                                         {product} {ergonomic}
   size_t G1HeapRegionSize                         = 1048576                                   {product} {ergonomic}
    uintx GCDrainStackTargetSize                   = 64                                        {product} {ergonomic}
   size_t InitialHeapSize                          = 266338304                                 {product} {ergonomic}
   size_t MarkStackSize                            = 4194304                                   {product} {ergonomic}
   size_t MaxHeapSize                              = 2147483648                                {product} {command line}
   size_t MaxNewSize                               = 1287651328                                {product} {ergonomic}
   size_t MinHeapDeltaBytes                        = 1048576                                   {product} {ergonomic}
    uintx NonNMethodCodeHeapSize                   = 5836300                                {pd product} {ergonomic}
    uintx NonProfiledCodeHeapSize                  = 122910970                              {pd product} {ergonomic}
    uintx ProfiledCodeHeapSize                     = 122910970                              {pd product} {ergonomic}
    uintx ReservedCodeCacheSize                    = 251658240                              {pd product} {ergonomic}
     bool SegmentedCodeCache                       = true                                      {product} {ergonomic}
     bool UseCompressedClassPointers               = true                                 {lp64_product} {ergonomic}
     bool UseCompressedOops                        = true                                 {lp64_product} {ergonomic}
     bool UseG1GC                                  = true                                      {product} {ergonomic}
     bool UseLargePagesIndividualAllocation        = false                                  {pd product} {ergonomic}

Logging:
Log output configuration:
 #0: stdout all=warning uptime,level,tags
 #1: stderr all=off uptime,level,tags

Environment Variables:
PATH=C:\Windows\system32;C:\Windows;C:\Windows\System32\Wbem;C:\Windows\System32\WindowsPowerShell\v1.0\;C:\Windows\System32\OpenSSH\;C:\Program Files (x86)\NVIDIA Corporation\PhysX\Common;C:\Program Files\NVIDIA Corporation\NVIDIA NvDLISR;C:\WINDOWS\system32;C:\WINDOWS;C:\WINDOWS\System32\Wbem;C:\WINDOWS\System32\WindowsPowerShell\v1.0\;C:\WINDOWS\System32\OpenSSH\;C:\Program Files\dotnet\;C:\WINDOWS\system32;C:\WINDOWS;C:\WINDOWS\System32\Wbem;C:\WINDOWS\System32\WindowsPowerShell\v1.0\;C:\WINDOWS\System32\OpenSSH\;C:\Program Files (x86)\Microsoft SQL Server\100\Tools\Binn\;C:\Program Files\Microsoft SQL Server\100\Tools\Binn\;C:\Program Files\Microsoft SQL Server\100\DTS\Binn\;C:\Program Files (x86)\Microsoft SQL Server\100\Tools\Binn\VSShell\Common7\IDE\;C:\Program Files (x86)\Microsoft SQL Server\100\DTS\Binn\;C:\Program Files\Microsoft SQL Server\150\Tools\Binn\;C:\Program Files\Microsoft SQL Server\Client SDK\ODBC\170\Tools\Binn\;C:\Program Files\Git\cmd;C:\Users\bob arcon\AppData\Local\Microsoft\WindowsApps;C:\Users\bob arcon\.dotnet\tools;
USERNAME=bob arcon
OS=Windows_NT
PROCESSOR_IDENTIFIER=Intel64 Family 6 Model 165 Stepping 2, GenuineIntel



---------------  S Y S T E M  ---------------

OS: Windows 10 , 64 bit Build 22621 (10.0.22621.2361)
OS uptime: 0 days 14:02 hours
Hyper-V role detected

CPU:total 8 (initial active 8) (4 cores per cpu, 2 threads per core) family 6 model 165 stepping 2 microcode 0xe0, cmov, cx8, fxsr, mmx, sse, sse2, sse3, ssse3, sse4.1, sse4.2, popcnt, avx, avx2, aes, clmul, erms, 3dnowpref, lzcnt, ht, tsc, tscinvbit, bmi1, bmi2, adx, fma

Memory: 4k page, system-wide physical 16215M (2254M free)
TotalPageFile size 34270M (AvailPageFile size 5M)
current process WorkingSet (physical memory assigned to process): 434M, peak: 436M
current process commit charge ("private bytes"): 518M, peak: 520M

vm_info: OpenJDK 64-Bit Server VM (11.0.11+9-b60-7590822) for windows-amd64 JRE (11.0.11+9-b60-7590822), built on Jul 29 2021 21:43:44 by "builder" with MS VC++ 14.0 (VS2015)

END.
