#
# There is insufficient memory for the Java Runtime Environment to continue.
# Native memory allocation (malloc) failed to allocate 1353616 bytes for Chunk::new
# Possible reasons:
#   The system is out of physical RAM or swap space
#   The process is running with CompressedOops enabled, and the Java Heap may be blocking the growth of the native heap
# Possible solutions:
#   Reduce memory load on the system
#   Increase physical memory or swap space
#   Check if swap backing store is full
#   Decrease Java heap size (-Xmx/-Xms)
#   Decrease number of Java threads
#   Decrease Java thread stack sizes (-Xss)
#   Set larger code cache with -XX:ReservedCodeCacheSize=
#   JVM is running with Unscaled Compressed Oops mode in which the Java heap is
#     placed in the first 4GB address space. The Java Heap base address is the
#     maximum limit for the native heap growth. Please use -XX:HeapBaseMinAddress
#     to set the Java Heap base and to place the Java Heap above 4GB virtual address.
# This output file may be truncated or incomplete.
#
#  Out of Memory Error (./src/hotspot/share/memory/arena.cpp:197), pid=18576, tid=20476
#
# JRE version: OpenJDK Runtime Environment (11.0.11+9) (build 11.0.11+9-b60-7590822)
# Java VM: OpenJDK 64-Bit Server VM (11.0.11+9-b60-7590822, mixed mode, tiered, compressed oops, g1 gc, windows-amd64)
# No core dump will be written. Minidumps are not enabled by default on client versions of Windows
#

---------------  S U M M A R Y ------------

Command Line: --add-opens=java.base/java.util=ALL-UNNAMED --add-opens=java.base/java.lang=ALL-UNNAMED --add-opens=java.base/java.lang.invoke=ALL-UNNAMED --add-opens=java.base/java.util=ALL-UNNAMED --add-opens=java.prefs/java.util.prefs=ALL-UNNAMED --add-opens=java.prefs/java.util.prefs=ALL-UNNAMED --add-opens=java.base/java.nio.charset=ALL-UNNAMED --add-opens=java.base/java.net=ALL-UNNAMED --add-opens=java.base/java.util.concurrent.atomic=ALL-UNNAMED -Xmx2048m -Dfile.encoding=UTF-8 -Duser.country=US -Duser.language=en -Duser.variant org.gradle.launcher.daemon.bootstrap.GradleDaemon 7.2

Host: Intel(R) Core(TM) i5-10300H CPU @ 2.50GHz, 8 cores, 15G,  Windows 10 , 64 bit Build 22621 (10.0.22621.2361)
Time: Tue Oct 10 10:13:42 2023 Malay Peninsula Standard Time elapsed time: 6.994449 seconds (0d 0h 0m 6s)

---------------  T H R E A D  ---------------

Current thread (0x000002be167bb000):  JavaThread "C2 CompilerThread0" daemon [_thread_in_native, id=20476, stack(0x000000c4e5100000,0x000000c4e5200000)]


Current CompileTask:
C2:   6994 6575 %     4       org.gradle.internal.instantiation.generator.AbstractClassGenerator::inspectType @ 250 (560 bytes)

Stack: [0x000000c4e5100000,0x000000c4e5200000]
Native frames: (J=compiled Java code, j=interpreted, Vv=VM code, C=native code)
V  [jvm.dll+0x5f214a]
V  [jvm.dll+0x726fb5]
V  [jvm.dll+0x7285cd]
V  [jvm.dll+0x728c83]
V  [jvm.dll+0x243278]
V  [jvm.dll+0xbc53c]
V  [jvm.dll+0xbca3c]
V  [jvm.dll+0x2b5c34]
V  [jvm.dll+0x508488]
V  [jvm.dll+0x203d53]
V  [jvm.dll+0x1fdbac]
V  [jvm.dll+0x1fb35f]
V  [jvm.dll+0x183d6c]
V  [jvm.dll+0x209a57]
V  [jvm.dll+0x2082a1]
V  [jvm.dll+0x6ef58f]
V  [jvm.dll+0x6e80b5]
V  [jvm.dll+0x5f1036]
C  [ucrtbase.dll+0x29363]
C  [KERNEL32.DLL+0x1257d]
C  [ntdll.dll+0x5aa78]


---------------  P R O C E S S  ---------------

Threads class SMR info:
_java_thread_list=0x000002be18f39420, length=124, elements={
0x000002be79a78000, 0x000002be16751800, 0x000002be1675b800, 0x000002be167ad800,
0x000002be167ae800, 0x000002be167af800, 0x000002be167bb000, 0x000002be167bf800,
0x000002be167c1800, 0x000002be16938000, 0x000002be18f94800, 0x000002be18685800,
0x000002be1762b000, 0x000002be17828000, 0x000002be17f8a000, 0x000002be17ee1800,
0x000002be16c43000, 0x000002be18fe0800, 0x000002be183cc000, 0x000002be18885800,
0x000002be1a044800, 0x000002be1a043800, 0x000002be1a045800, 0x000002be1a046000,
0x000002be1a042000, 0x000002be1a047000, 0x000002be1a043000, 0x000002be1a041800,
0x000002be1a048000, 0x000002be18c68800, 0x000002be1ba56000, 0x000002be18c66000,
0x000002be18c69800, 0x000002be18c65800, 0x000002be18c6f000, 0x000002be18c70000,
0x000002be18c6d800, 0x000002be18c6a800, 0x000002be18c71000, 0x000002be18c71800,
0x000002be18c6c000, 0x000002be18c72800, 0x000002be18c73800, 0x000002be18c74000,
0x000002be1ea81000, 0x000002be1ea7d000, 0x000002be1ea7b800, 0x000002be1ea7c000,
0x000002be1ea7e800, 0x000002be1ea7f800, 0x000002be1ea82800, 0x000002be1ea7d800,
0x000002be1ea83800, 0x000002be1ea84800, 0x000002be1ea80000, 0x000002be1ea82000,
0x000002be1ea87800, 0x000002be1ea88800, 0x000002be1ea89000, 0x000002be1ea8a000,
0x000002be1ea85000, 0x000002be1ea86000, 0x000002be1ea86800, 0x000002be1bb8b000,
0x000002be1bb8f000, 0x000002be1bb90000, 0x000002be1bb8a800, 0x000002be1bb8c800,
0x000002be1bb8d800, 0x000002be1bb8e800, 0x000002be1bb8c000, 0x000002be1bb91800,
0x000002be1bb94000, 0x000002be1bb96800, 0x000002be1bb95000, 0x000002be1bb92800,
0x000002be1bb91000, 0x000002be1bb95800, 0x000002be1bb97800, 0x000002be1bb98000,
0x000002be1bb99000, 0x000002be1bb93800, 0x000002be1ec3f800, 0x000002be1ec3d000,
0x000002be1ec3c800, 0x000002be1ec3e000, 0x000002be1ec40800, 0x000002be1ec3a800,
0x000002be1ec3b800, 0x000002be1ec44800, 0x000002be1ec41000, 0x000002be1ec3f000,
0x000002be1ec43800, 0x000002be1ec43000, 0x000002be1ec45800, 0x000002be1ec48000,
0x000002be1ec46000, 0x000002be1ec47000, 0x000002be1ec42000, 0x000002be1ec48800,
0x000002be1ec49800, 0x000002be1bec2000, 0x000002be1bec5000, 0x000002be1bec1000,
0x000002be1bec0000, 0x000002be1bec2800, 0x000002be1bec4800, 0x000002be1bebf800,
0x000002be1bec6000, 0x000002be1bec9000, 0x000002be1bec8800, 0x000002be1bec6800,
0x000002be1bec3800, 0x000002be1beca000, 0x000002be1becb800, 0x000002be1becd800,
0x000002be1becc800, 0x000002be1bec7800, 0x000002be1bece000, 0x000002be1becb000,
0x000002be1dbd4800, 0x000002be1dbd5800, 0x000002be1dbd8000, 0x000002be1dbd3800
}

Java Threads: ( => current thread )
  0x000002be79a78000 JavaThread "main" [_thread_blocked, id=14656, stack(0x000000c4e4500000,0x000000c4e4600000)]
  0x000002be16751800 JavaThread "Reference Handler" daemon [_thread_blocked, id=20364, stack(0x000000c4e4c00000,0x000000c4e4d00000)]
  0x000002be1675b800 JavaThread "Finalizer" daemon [_thread_blocked, id=7084, stack(0x000000c4e4d00000,0x000000c4e4e00000)]
  0x000002be167ad800 JavaThread "Signal Dispatcher" daemon [_thread_blocked, id=20556, stack(0x000000c4e4e00000,0x000000c4e4f00000)]
  0x000002be167ae800 JavaThread "Attach Listener" daemon [_thread_blocked, id=20560, stack(0x000000c4e4f00000,0x000000c4e5000000)]
  0x000002be167af800 JavaThread "Service Thread" daemon [_thread_blocked, id=18032, stack(0x000000c4e5000000,0x000000c4e5100000)]
=>0x000002be167bb000 JavaThread "C2 CompilerThread0" daemon [_thread_in_native, id=20476, stack(0x000000c4e5100000,0x000000c4e5200000)]
  0x000002be167bf800 JavaThread "C1 CompilerThread0" daemon [_thread_blocked, id=19804, stack(0x000000c4e5200000,0x000000c4e5300000)]
  0x000002be167c1800 JavaThread "Sweeper thread" daemon [_thread_blocked, id=19596, stack(0x000000c4e5300000,0x000000c4e5400000)]
  0x000002be16938000 JavaThread "Common-Cleaner" daemon [_thread_blocked, id=7104, stack(0x000000c4e5400000,0x000000c4e5500000)]
  0x000002be18f94800 JavaThread "Daemon health stats" [_thread_blocked, id=19648, stack(0x000000c4e5d00000,0x000000c4e5e00000)]
  0x000002be18685800 JavaThread "Incoming local TCP Connector on port 49340" [_thread_in_native, id=20836, stack(0x000000c4e5600000,0x000000c4e5700000)]
  0x000002be1762b000 JavaThread "C2 CompilerThread1" daemon [_thread_blocked, id=18680, stack(0x000000c4e5c00000,0x000000c4e5d00000)]
  0x000002be17828000 JavaThread "Daemon periodic checks" [_thread_blocked, id=18428, stack(0x000000c4e5e00000,0x000000c4e5f00000)]
  0x000002be17f8a000 JavaThread "Daemon" [_thread_blocked, id=11656, stack(0x000000c4e5f00000,0x000000c4e6000000)]
  0x000002be17ee1800 JavaThread "Handler for socket connection from /127.0.0.1:49340 to /127.0.0.1:49341" [_thread_in_native, id=20644, stack(0x000000c4e6000000,0x000000c4e6100000)]
  0x000002be16c43000 JavaThread "Cancel handler" [_thread_blocked, id=20972, stack(0x000000c4e6100000,0x000000c4e6200000)]
  0x000002be18fe0800 JavaThread "Daemon worker" [_thread_in_Java, id=20904, stack(0x000000c4e6200000,0x000000c4e6300000)]
  0x000002be183cc000 JavaThread "Asynchronous log dispatcher for DefaultDaemonConnection: socket connection from /127.0.0.1:49340 to /127.0.0.1:49341" [_thread_blocked, id=20936, stack(0x000000c4e6300000,0x000000c4e6400000)]
  0x000002be18885800 JavaThread "Stdin handler" [_thread_blocked, id=17844, stack(0x000000c4e6400000,0x000000c4e6500000)]
  0x000002be1a044800 JavaThread "Daemon client event forwarder" [_thread_blocked, id=6316, stack(0x000000c4e6500000,0x000000c4e6600000)]
  0x000002be1a043800 JavaThread "Cache worker for journal cache (C:\Users\bob arcon\.gradle\caches\journal-1)" [_thread_blocked, id=21056, stack(0x000000c4e6600000,0x000000c4e6700000)]
  0x000002be1a045800 JavaThread "File lock request listener" [_thread_in_native, id=18712, stack(0x000000c4e6700000,0x000000c4e6800000)]
  0x000002be1a046000 JavaThread "Cache worker for file hash cache (C:\Users\bob arcon\.gradle\caches\7.2\fileHashes)" [_thread_blocked, id=21216, stack(0x000000c4e6800000,0x000000c4e6900000)]
  0x000002be1a042000 JavaThread "Cache worker for file hash cache (C:\Users\bob arcon\Desktop\ANDROID POS\MyApplication2\.gradle\7.2\fileHashes)" [_thread_blocked, id=19400, stack(0x000000c4e6c00000,0x000000c4e6d00000)]
  0x000002be1a047000 JavaThread "File watcher server" daemon [_thread_in_native, id=16024, stack(0x000000c4e6d00000,0x000000c4e6e00000)]
  0x000002be1a043000 JavaThread "File watcher consumer" daemon [_thread_blocked, id=17688, stack(0x000000c4e6e00000,0x000000c4e6f00000)]
  0x000002be1a041800 JavaThread "Cache worker for checksums cache (C:\Users\bob arcon\Desktop\ANDROID POS\MyApplication2\.gradle\checksums)" [_thread_blocked, id=21384, stack(0x000000c4e6f00000,0x000000c4e7000000)]
  0x000002be1a048000 JavaThread "Cache worker for cache directory md-supplier (C:\Users\bob arcon\.gradle\caches\7.2\md-supplier)" [_thread_blocked, id=20592, stack(0x000000c4e7000000,0x000000c4e7100000)]
  0x000002be18c68800 JavaThread "Cache worker for cache directory md-rule (C:\Users\bob arcon\.gradle\caches\7.2\md-rule)" [_thread_blocked, id=12776, stack(0x000000c4e7100000,0x000000c4e7200000)]
  0x000002be1ba56000 JavaThread "C2 CompilerThread2" daemon [_thread_in_native, id=21316, stack(0x000000c4e7200000,0x000000c4e7300000)]
  0x000002be18c66000 JavaThread "Cache worker for execution history cache (C:\Users\bob arcon\.gradle\caches\7.2\executionHistory)" [_thread_blocked, id=19688, stack(0x000000c4e7300000,0x000000c4e7400000)]
  0x000002be18c69800 JavaThread "jar transforms" [_thread_blocked, id=15824, stack(0x000000c4e7400000,0x000000c4e7500000)]
  0x000002be18c65800 JavaThread "Cache worker for file content cache (C:\Users\bob arcon\.gradle\caches\7.2\fileContent)" [_thread_blocked, id=15888, stack(0x000000c4e7500000,0x000000c4e7600000)]
  0x000002be18c6f000 JavaThread "jar transforms Thread 2" [_thread_blocked, id=18624, stack(0x000000c4e7600000,0x000000c4e7700000)]
  0x000002be18c70000 JavaThread "Cache worker for dependencies-accessors (C:\Users\bob arcon\Desktop\ANDROID POS\MyApplication2\.gradle\7.2\dependencies-accessors)" [_thread_blocked, id=17340, stack(0x000000c4e7700000,0x000000c4e7800000)]
  0x000002be18c6d800 JavaThread "jar transforms Thread 3" [_thread_blocked, id=14184, stack(0x000000c4e7800000,0x000000c4e7900000)]
  0x000002be18c6a800 JavaThread "Cache worker for Build Output Cleanup Cache (C:\Users\bob arcon\Desktop\ANDROID POS\MyApplication2\.gradle\buildOutputCleanup)" [_thread_blocked, id=19708, stack(0x000000c4e7900000,0x000000c4e7a00000)]
  0x000002be18c71000 JavaThread "Unconstrained build operations" [_thread_blocked, id=10672, stack(0x000000c4e7a00000,0x000000c4e7b00000)]
  0x000002be18c71800 JavaThread "Unconstrained build operations Thread 2" [_thread_blocked, id=17432, stack(0x000000c4e7b00000,0x000000c4e7c00000)]
  0x000002be18c6c000 JavaThread "Unconstrained build operations Thread 3" [_thread_blocked, id=13752, stack(0x000000c4e7c00000,0x000000c4e7d00000)]
  0x000002be18c72800 JavaThread "Unconstrained build operations Thread 4" [_thread_blocked, id=13880, stack(0x000000c4e7d00000,0x000000c4e7e00000)]
  0x000002be18c73800 JavaThread "Unconstrained build operations Thread 5" [_thread_blocked, id=13048, stack(0x000000c4e7e00000,0x000000c4e7f00000)]
  0x000002be18c74000 JavaThread "Unconstrained build operations Thread 6" [_thread_blocked, id=2916, stack(0x000000c4e7f00000,0x000000c4e8000000)]
  0x000002be1ea81000 JavaThread "Unconstrained build operations Thread 7" [_thread_blocked, id=18736, stack(0x000000c4e8000000,0x000000c4e8100000)]
  0x000002be1ea7d000 JavaThread "Unconstrained build operations Thread 8" [_thread_blocked, id=18260, stack(0x000000c4e8100000,0x000000c4e8200000)]
  0x000002be1ea7b800 JavaThread "Unconstrained build operations Thread 9" [_thread_blocked, id=11328, stack(0x000000c4e8200000,0x000000c4e8300000)]
  0x000002be1ea7c000 JavaThread "Unconstrained build operations Thread 10" [_thread_blocked, id=17668, stack(0x000000c4e8300000,0x000000c4e8400000)]
  0x000002be1ea7e800 JavaThread "Unconstrained build operations Thread 11" [_thread_blocked, id=11276, stack(0x000000c4e8400000,0x000000c4e8500000)]
  0x000002be1ea7f800 JavaThread "Unconstrained build operations Thread 12" [_thread_blocked, id=20252, stack(0x000000c4e8500000,0x000000c4e8600000)]
  0x000002be1ea82800 JavaThread "Unconstrained build operations Thread 13" [_thread_blocked, id=21164, stack(0x000000c4e8600000,0x000000c4e8700000)]
  0x000002be1ea7d800 JavaThread "Unconstrained build operations Thread 14" [_thread_blocked, id=14684, stack(0x000000c4e8700000,0x000000c4e8800000)]
  0x000002be1ea83800 JavaThread "Unconstrained build operations Thread 15" [_thread_blocked, id=20424, stack(0x000000c4e8800000,0x000000c4e8900000)]
  0x000002be1ea84800 JavaThread "Unconstrained build operations Thread 16" [_thread_blocked, id=18308, stack(0x000000c4e8900000,0x000000c4e8a00000)]
  0x000002be1ea80000 JavaThread "Unconstrained build operations Thread 17" [_thread_blocked, id=644, stack(0x000000c4e8a00000,0x000000c4e8b00000)]
  0x000002be1ea82000 JavaThread "Unconstrained build operations Thread 18" [_thread_blocked, id=9880, stack(0x000000c4e8b00000,0x000000c4e8c00000)]
  0x000002be1ea87800 JavaThread "Unconstrained build operations Thread 19" [_thread_blocked, id=19040, stack(0x000000c4e8c00000,0x000000c4e8d00000)]
  0x000002be1ea88800 JavaThread "Unconstrained build operations Thread 20" [_thread_blocked, id=6428, stack(0x000000c4e8d00000,0x000000c4e8e00000)]
  0x000002be1ea89000 JavaThread "Unconstrained build operations Thread 21" [_thread_blocked, id=20104, stack(0x000000c4e8e00000,0x000000c4e8f00000)]
  0x000002be1ea8a000 JavaThread "Unconstrained build operations Thread 22" [_thread_blocked, id=9040, stack(0x000000c4e8f00000,0x000000c4e9000000)]
  0x000002be1ea85000 JavaThread "Unconstrained build operations Thread 23" [_thread_blocked, id=19848, stack(0x000000c4e9000000,0x000000c4e9100000)]
  0x000002be1ea86000 JavaThread "Unconstrained build operations Thread 24" [_thread_blocked, id=19652, stack(0x000000c4e9100000,0x000000c4e9200000)]
  0x000002be1ea86800 JavaThread "Unconstrained build operations Thread 25" [_thread_blocked, id=19612, stack(0x000000c4e9200000,0x000000c4e9300000)]
  0x000002be1bb8b000 JavaThread "Unconstrained build operations Thread 26" [_thread_blocked, id=20148, stack(0x000000c4e9300000,0x000000c4e9400000)]
  0x000002be1bb8f000 JavaThread "Unconstrained build operations Thread 27" [_thread_blocked, id=3852, stack(0x000000c4e9400000,0x000000c4e9500000)]
  0x000002be1bb90000 JavaThread "Unconstrained build operations Thread 28" [_thread_blocked, id=20368, stack(0x000000c4e9500000,0x000000c4e9600000)]
  0x000002be1bb8a800 JavaThread "Unconstrained build operations Thread 29" [_thread_blocked, id=16308, stack(0x000000c4e9600000,0x000000c4e9700000)]
  0x000002be1bb8c800 JavaThread "Unconstrained build operations Thread 30" [_thread_blocked, id=18704, stack(0x000000c4e9700000,0x000000c4e9800000)]
  0x000002be1bb8d800 JavaThread "Unconstrained build operations Thread 31" [_thread_blocked, id=12176, stack(0x000000c4e9800000,0x000000c4e9900000)]
  0x000002be1bb8e800 JavaThread "Unconstrained build operations Thread 32" [_thread_blocked, id=17604, stack(0x000000c4e9900000,0x000000c4e9a00000)]
  0x000002be1bb8c000 JavaThread "Unconstrained build operations Thread 33" [_thread_blocked, id=19644, stack(0x000000c4e9a00000,0x000000c4e9b00000)]
  0x000002be1bb91800 JavaThread "Unconstrained build operations Thread 34" [_thread_blocked, id=4848, stack(0x000000c4e9b00000,0x000000c4e9c00000)]
  0x000002be1bb94000 JavaThread "Unconstrained build operations Thread 35" [_thread_blocked, id=20460, stack(0x000000c4e9c00000,0x000000c4e9d00000)]
  0x000002be1bb96800 JavaThread "Unconstrained build operations Thread 36" [_thread_blocked, id=7564, stack(0x000000c4e9d00000,0x000000c4e9e00000)]
  0x000002be1bb95000 JavaThread "Unconstrained build operations Thread 37" [_thread_blocked, id=14096, stack(0x000000c4e9e00000,0x000000c4e9f00000)]
  0x000002be1bb92800 JavaThread "Unconstrained build operations Thread 38" [_thread_blocked, id=13396, stack(0x000000c4e9f00000,0x000000c4ea000000)]
  0x000002be1bb91000 JavaThread "Unconstrained build operations Thread 39" [_thread_blocked, id=5300, stack(0x000000c4ea000000,0x000000c4ea100000)]
  0x000002be1bb95800 JavaThread "Unconstrained build operations Thread 40" [_thread_blocked, id=12904, stack(0x000000c4ea100000,0x000000c4ea200000)]
  0x000002be1bb97800 JavaThread "Unconstrained build operations Thread 41" [_thread_blocked, id=19576, stack(0x000000c4ea200000,0x000000c4ea300000)]
  0x000002be1bb98000 JavaThread "Unconstrained build operations Thread 42" [_thread_blocked, id=20496, stack(0x000000c4ea300000,0x000000c4ea400000)]
  0x000002be1bb99000 JavaThread "Unconstrained build operations Thread 43" [_thread_blocked, id=21484, stack(0x000000c4ea400000,0x000000c4ea500000)]
  0x000002be1bb93800 JavaThread "Unconstrained build operations Thread 44" [_thread_blocked, id=20940, stack(0x000000c4ea500000,0x000000c4ea600000)]
  0x000002be1ec3f800 JavaThread "Unconstrained build operations Thread 45" [_thread_blocked, id=5400, stack(0x000000c4ea600000,0x000000c4ea700000)]
  0x000002be1ec3d000 JavaThread "Unconstrained build operations Thread 46" [_thread_blocked, id=20968, stack(0x000000c4ea700000,0x000000c4ea800000)]
  0x000002be1ec3c800 JavaThread "Unconstrained build operations Thread 47" [_thread_blocked, id=14716, stack(0x000000c4ea800000,0x000000c4ea900000)]
  0x000002be1ec3e000 JavaThread "Unconstrained build operations Thread 48" [_thread_blocked, id=21460, stack(0x000000c4ea900000,0x000000c4eaa00000)]
  0x000002be1ec40800 JavaThread "Unconstrained build operations Thread 49" [_thread_blocked, id=17492, stack(0x000000c4eaa00000,0x000000c4eab00000)]
  0x000002be1ec3a800 JavaThread "Unconstrained build operations Thread 50" [_thread_blocked, id=17308, stack(0x000000c4eab00000,0x000000c4eac00000)]
  0x000002be1ec3b800 JavaThread "Unconstrained build operations Thread 51" [_thread_blocked, id=20320, stack(0x000000c4eac00000,0x000000c4ead00000)]
  0x000002be1ec44800 JavaThread "Unconstrained build operations Thread 52" [_thread_blocked, id=18096, stack(0x000000c4ead00000,0x000000c4eae00000)]
  0x000002be1ec41000 JavaThread "Unconstrained build operations Thread 53" [_thread_blocked, id=21120, stack(0x000000c4eae00000,0x000000c4eaf00000)]
  0x000002be1ec3f000 JavaThread "Unconstrained build operations Thread 54" [_thread_blocked, id=20024, stack(0x000000c4eaf00000,0x000000c4eb000000)]
  0x000002be1ec43800 JavaThread "Unconstrained build operations Thread 55" [_thread_blocked, id=17212, stack(0x000000c4eb000000,0x000000c4eb100000)]
  0x000002be1ec43000 JavaThread "Unconstrained build operations Thread 56" [_thread_blocked, id=18872, stack(0x000000c4eb100000,0x000000c4eb200000)]
  0x000002be1ec45800 JavaThread "Unconstrained build operations Thread 57" [_thread_blocked, id=20920, stack(0x000000c4eb200000,0x000000c4eb300000)]
  0x000002be1ec48000 JavaThread "Unconstrained build operations Thread 58" [_thread_blocked, id=6868, stack(0x000000c4eb300000,0x000000c4eb400000)]
  0x000002be1ec46000 JavaThread "Unconstrained build operations Thread 59" [_thread_blocked, id=20956, stack(0x000000c4eb400000,0x000000c4eb500000)]
  0x000002be1ec47000 JavaThread "Unconstrained build operations Thread 60" [_thread_blocked, id=12440, stack(0x000000c4eb500000,0x000000c4eb600000)]
  0x000002be1ec42000 JavaThread "Unconstrained build operations Thread 61" [_thread_blocked, id=13820, stack(0x000000c4eb600000,0x000000c4eb700000)]
  0x000002be1ec48800 JavaThread "Unconstrained build operations Thread 62" [_thread_blocked, id=21304, stack(0x000000c4eb700000,0x000000c4eb800000)]
  0x000002be1ec49800 JavaThread "Unconstrained build operations Thread 63" [_thread_blocked, id=13140, stack(0x000000c4eb800000,0x000000c4eb900000)]
  0x000002be1bec2000 JavaThread "Unconstrained build operations Thread 64" [_thread_blocked, id=21152, stack(0x000000c4eb900000,0x000000c4eba00000)]
  0x000002be1bec5000 JavaThread "Unconstrained build operations Thread 65" [_thread_blocked, id=15220, stack(0x000000c4eba00000,0x000000c4ebb00000)]
  0x000002be1bec1000 JavaThread "Unconstrained build operations Thread 66" [_thread_blocked, id=20272, stack(0x000000c4ebb00000,0x000000c4ebc00000)]
  0x000002be1bec0000 JavaThread "Unconstrained build operations Thread 67" [_thread_blocked, id=17320, stack(0x000000c4ebc00000,0x000000c4ebd00000)]
  0x000002be1bec2800 JavaThread "Unconstrained build operations Thread 68" [_thread_blocked, id=14140, stack(0x000000c4ebd00000,0x000000c4ebe00000)]
  0x000002be1bec4800 JavaThread "Unconstrained build operations Thread 69" [_thread_blocked, id=16016, stack(0x000000c4ebe00000,0x000000c4ebf00000)]
  0x000002be1bebf800 JavaThread "Unconstrained build operations Thread 70" [_thread_blocked, id=4300, stack(0x000000c4ebf00000,0x000000c4ec000000)]
  0x000002be1bec6000 JavaThread "Unconstrained build operations Thread 71" [_thread_blocked, id=20488, stack(0x000000c4ec000000,0x000000c4ec100000)]
  0x000002be1bec9000 JavaThread "Unconstrained build operations Thread 72" [_thread_blocked, id=19760, stack(0x000000c4ec100000,0x000000c4ec200000)]
  0x000002be1bec8800 JavaThread "Unconstrained build operations Thread 73" [_thread_blocked, id=15204, stack(0x000000c4ec200000,0x000000c4ec300000)]
  0x000002be1bec6800 JavaThread "Unconstrained build operations Thread 74" [_thread_blocked, id=17264, stack(0x000000c4ec300000,0x000000c4ec400000)]
  0x000002be1bec3800 JavaThread "Unconstrained build operations Thread 75" [_thread_blocked, id=19396, stack(0x000000c4ec400000,0x000000c4ec500000)]
  0x000002be1beca000 JavaThread "Unconstrained build operations Thread 76" [_thread_blocked, id=2708, stack(0x000000c4ec500000,0x000000c4ec600000)]
  0x000002be1becb800 JavaThread "Unconstrained build operations Thread 77" [_thread_blocked, id=21040, stack(0x000000c4ec600000,0x000000c4ec700000)]
  0x000002be1becd800 JavaThread "Unconstrained build operations Thread 78" [_thread_blocked, id=18820, stack(0x000000c4ec700000,0x000000c4ec800000)]
  0x000002be1becc800 JavaThread "Unconstrained build operations Thread 79" [_thread_blocked, id=21196, stack(0x000000c4ec800000,0x000000c4ec900000)]
  0x000002be1bec7800 JavaThread "Unconstrained build operations Thread 80" [_thread_blocked, id=7252, stack(0x000000c4ec900000,0x000000c4eca00000)]
  0x000002be1bece000 JavaThread "jar transforms Thread 4" [_thread_blocked, id=21004, stack(0x000000c4eca00000,0x000000c4ecb00000)]
  0x000002be1becb000 JavaThread "jar transforms Thread 5" [_thread_blocked, id=20732, stack(0x000000c4ecb00000,0x000000c4ecc00000)]
  0x000002be1dbd4800 JavaThread "jar transforms Thread 6" [_thread_blocked, id=7708, stack(0x000000c4ecc00000,0x000000c4ecd00000)]
  0x000002be1dbd5800 JavaThread "jar transforms Thread 7" [_thread_blocked, id=20876, stack(0x000000c4ecd00000,0x000000c4ece00000)]
  0x000002be1dbd8000 JavaThread "jar transforms Thread 8" [_thread_blocked, id=19624, stack(0x000000c4ece00000,0x000000c4ecf00000)]
  0x000002be1dbd3800 JavaThread "Memory manager" [_thread_blocked, id=18964, stack(0x000000c4ecf00000,0x000000c4ed000000)]

Other Threads:
  0x000002be15f0e000 VMThread "VM Thread" [stack: 0x000000c4e4b00000,0x000000c4e4c00000] [id=11676]
  0x000002be16963000 WatcherThread [stack: 0x000000c4e5500000,0x000000c4e5600000] [id=18828]
  0x000002be79a91800 GCTaskThread "GC Thread#0" [stack: 0x000000c4e4600000,0x000000c4e4700000] [id=18076]
  0x000002be17778800 GCTaskThread "GC Thread#1" [stack: 0x000000c4e5700000,0x000000c4e5800000] [id=6592]
  0x000002be17c26800 GCTaskThread "GC Thread#2" [stack: 0x000000c4e5800000,0x000000c4e5900000] [id=20872]
  0x000002be178e4000 GCTaskThread "GC Thread#3" [stack: 0x000000c4e5900000,0x000000c4e5a00000] [id=20376]
  0x000002be17678000 GCTaskThread "GC Thread#4" [stack: 0x000000c4e5a00000,0x000000c4e5b00000] [id=11224]
  0x000002be1780f800 GCTaskThread "GC Thread#5" [stack: 0x000000c4e5b00000,0x000000c4e5c00000] [id=20192]
  0x000002be199ba800 GCTaskThread "GC Thread#6" [stack: 0x000000c4e6900000,0x000000c4e6a00000] [id=19472]
  0x000002be18c5c800 GCTaskThread "GC Thread#7" [stack: 0x000000c4e6a00000,0x000000c4e6b00000] [id=19336]
  0x000002be79ac4800 ConcurrentGCThread "G1 Main Marker" [stack: 0x000000c4e4700000,0x000000c4e4800000] [id=21148]
  0x000002be79ac6000 ConcurrentGCThread "G1 Conc#0" [stack: 0x000000c4e4800000,0x000000c4e4900000] [id=18440]
  0x000002be1813b000 ConcurrentGCThread "G1 Conc#1" [stack: 0x000000c4e6b00000,0x000000c4e6c00000] [id=10204]
  0x000002be79b4e000 ConcurrentGCThread "G1 Refine#0" [stack: 0x000000c4e4900000,0x000000c4e4a00000] [id=1436]
  0x000002be15d9e000 ConcurrentGCThread "G1 Young RemSet Sampling" [stack: 0x000000c4e4a00000,0x000000c4e4b00000] [id=20088]

Threads with active compile tasks:
C2 CompilerThread0   7015 6575 %     4       org.gradle.internal.instantiation.generator.AbstractClassGenerator::inspectType @ 250 (560 bytes)
C2 CompilerThread1   7015 6827       4       org.gradle.internal.reflect.PropertyAccessorType::of (95 bytes)
C2 CompilerThread2   7015 6809       4       com.google.common.collect.ImmutableSet$RegularSetBuilderImpl::add (122 bytes)

VM state:not at safepoint (normal execution)

VM Mutex/Monitor currently owned by a thread: None

Heap address: 0x0000000080000000, size: 2048 MB, Compressed Oops mode: 32-bit
Narrow klass base: 0x0000000000000000, Narrow klass shift: 3
Compressed class space size: 1073741824 Address: 0x0000000100000000

Heap:
 garbage-first heap   total 260096K, used 73593K [0x0000000080000000, 0x0000000100000000)
  region size 1024K, 29 young (29696K), 11 survivors (11264K)
 Metaspace       used 69294K, capacity 70754K, committed 70860K, reserved 1110016K
  class space    used 8997K, capacity 9579K, committed 9676K, reserved 1048576K
Heap Regions: E=young(eden), S=young(survivor), O=old, HS=humongous(starts), HC=humongous(continues), CS=collection set, F=free, A=archive, TAMS=top-at-mark-start (previous, next)
|   0|0x0000000080000000, 0x0000000080100000, 0x0000000080100000|100%| O|  |TAMS 0x0000000080100000, 0x0000000080000000| Untracked 
|   1|0x0000000080100000, 0x0000000080200000, 0x0000000080200000|100%| O|  |TAMS 0x0000000080200000, 0x0000000080100000| Untracked 
|   2|0x0000000080200000, 0x0000000080300000, 0x0000000080300000|100%| O|  |TAMS 0x0000000080300000, 0x0000000080200000| Untracked 
|   3|0x0000000080300000, 0x0000000080400000, 0x0000000080400000|100%|HS|  |TAMS 0x0000000080400000, 0x0000000080300000| Complete 
|   4|0x0000000080400000, 0x0000000080500000, 0x0000000080500000|100%|HC|  |TAMS 0x0000000080500000, 0x0000000080400000| Complete 
|   5|0x0000000080500000, 0x0000000080600000, 0x0000000080600000|100%|HC|  |TAMS 0x0000000080600000, 0x0000000080500000| Complete 
|   6|0x0000000080600000, 0x0000000080700000, 0x0000000080700000|100%| O|  |TAMS 0x0000000080700000, 0x0000000080600000| Untracked 
|   7|0x0000000080700000, 0x0000000080800000, 0x0000000080800000|100%| O|  |TAMS 0x0000000080800000, 0x0000000080700000| Untracked 
|   8|0x0000000080800000, 0x0000000080900000, 0x0000000080900000|100%| O|  |TAMS 0x0000000080900000, 0x0000000080800000| Untracked 
|   9|0x0000000080900000, 0x0000000080a00000, 0x0000000080a00000|100%| O|  |TAMS 0x0000000080a00000, 0x0000000080900000| Untracked 
|  10|0x0000000080a00000, 0x0000000080b00000, 0x0000000080b00000|100%| O|  |TAMS 0x0000000080b00000, 0x0000000080a00000| Untracked 
|  11|0x0000000080b00000, 0x0000000080c00000, 0x0000000080c00000|100%| O|  |TAMS 0x0000000080c00000, 0x0000000080b00000| Untracked 
|  12|0x0000000080c00000, 0x0000000080d00000, 0x0000000080d00000|100%| O|  |TAMS 0x0000000080d00000, 0x0000000080c00000| Untracked 
|  13|0x0000000080d00000, 0x0000000080e00000, 0x0000000080e00000|100%| O|  |TAMS 0x0000000080e00000, 0x0000000080d00000| Untracked 
|  14|0x0000000080e00000, 0x0000000080f00000, 0x0000000080f00000|100%| O|  |TAMS 0x0000000080f00000, 0x0000000080e00000| Untracked 
|  15|0x0000000080f00000, 0x0000000081000000, 0x0000000081000000|100%| O|  |TAMS 0x0000000081000000, 0x0000000080f00000| Untracked 
|  16|0x0000000081000000, 0x0000000081100000, 0x0000000081100000|100%| O|  |TAMS 0x0000000081100000, 0x0000000081000000| Untracked 
|  17|0x0000000081100000, 0x0000000081200000, 0x0000000081200000|100%|HS|  |TAMS 0x0000000081200000, 0x0000000081100000| Complete 
|  18|0x0000000081200000, 0x0000000081300000, 0x0000000081300000|100%|HS|  |TAMS 0x0000000081300000, 0x0000000081200000| Complete 
|  19|0x0000000081300000, 0x0000000081400000, 0x0000000081400000|100%|HS|  |TAMS 0x0000000081400000, 0x0000000081300000| Complete 
|  20|0x0000000081400000, 0x0000000081500000, 0x0000000081500000|100%|HS|  |TAMS 0x0000000081500000, 0x0000000081400000| Complete 
|  21|0x0000000081500000, 0x0000000081600000, 0x0000000081600000|100%|HC|  |TAMS 0x0000000081600000, 0x0000000081500000| Complete 
|  22|0x0000000081600000, 0x0000000081700000, 0x0000000081700000|100%| O|  |TAMS 0x0000000081700000, 0x0000000081600000| Untracked 
|  23|0x0000000081700000, 0x0000000081800000, 0x0000000081800000|100%| O|  |TAMS 0x0000000081800000, 0x0000000081700000| Untracked 
|  24|0x0000000081800000, 0x0000000081900000, 0x0000000081900000|100%| O|  |TAMS 0x0000000081900000, 0x0000000081800000| Untracked 
|  25|0x0000000081900000, 0x0000000081a00000, 0x0000000081a00000|100%| O|  |TAMS 0x0000000081a00000, 0x0000000081900000| Untracked 
|  26|0x0000000081a00000, 0x0000000081b00000, 0x0000000081b00000|100%| O|  |TAMS 0x0000000081b00000, 0x0000000081a00000| Untracked 
|  27|0x0000000081b00000, 0x0000000081c00000, 0x0000000081c00000|100%| O|  |TAMS 0x0000000081c00000, 0x0000000081b00000| Untracked 
|  28|0x0000000081c00000, 0x0000000081d00000, 0x0000000081d00000|100%| O|  |TAMS 0x0000000081d00000, 0x0000000081c00000| Untracked 
|  29|0x0000000081d00000, 0x0000000081e00000, 0x0000000081e00000|100%| O|  |TAMS 0x0000000081e00000, 0x0000000081d00000| Untracked 
|  30|0x0000000081e00000, 0x0000000081f00000, 0x0000000081f00000|100%| O|  |TAMS 0x0000000081f00000, 0x0000000081e00000| Untracked 
|  31|0x0000000081f00000, 0x0000000082000000, 0x0000000082000000|100%| O|  |TAMS 0x0000000082000000, 0x0000000081f00000| Untracked 
|  32|0x0000000082000000, 0x0000000082100000, 0x0000000082100000|100%| O|  |TAMS 0x0000000082100000, 0x0000000082000000| Untracked 
|  33|0x0000000082100000, 0x0000000082200000, 0x0000000082200000|100%| O|  |TAMS 0x0000000082200000, 0x0000000082100000| Untracked 
|  34|0x0000000082200000, 0x0000000082300000, 0x0000000082300000|100%| O|  |TAMS 0x0000000082300000, 0x0000000082200000| Untracked 
|  35|0x0000000082300000, 0x0000000082400000, 0x0000000082400000|100%| O|  |TAMS 0x0000000082400000, 0x0000000082300000| Untracked 
|  36|0x0000000082400000, 0x0000000082500000, 0x0000000082500000|100%| O|  |TAMS 0x0000000082500000, 0x0000000082400000| Untracked 
|  37|0x0000000082500000, 0x0000000082600000, 0x0000000082600000|100%| O|  |TAMS 0x0000000082600000, 0x0000000082500000| Untracked 
|  38|0x0000000082600000, 0x0000000082700000, 0x0000000082700000|100%| O|  |TAMS 0x0000000082700000, 0x0000000082600000| Untracked 
|  39|0x0000000082700000, 0x0000000082800000, 0x0000000082800000|100%| O|  |TAMS 0x0000000082800000, 0x0000000082700000| Untracked 
|  40|0x0000000082800000, 0x0000000082900000, 0x0000000082900000|100%| O|  |TAMS 0x0000000082900000, 0x0000000082800000| Untracked 
|  41|0x0000000082900000, 0x0000000082a00000, 0x0000000082a00000|100%| O|  |TAMS 0x0000000082a00000, 0x0000000082900000| Untracked 
|  42|0x0000000082a00000, 0x0000000082b00000, 0x0000000082b00000|100%| O|  |TAMS 0x0000000082b00000, 0x0000000082a00000| Untracked 
|  43|0x0000000082b00000, 0x0000000082bde600, 0x0000000082c00000| 86%| O|  |TAMS 0x0000000082bde600, 0x0000000082b00000| Untracked 
|  44|0x0000000082c00000, 0x0000000082c00000, 0x0000000082d00000|  0%| F|  |TAMS 0x0000000082c00000, 0x0000000082c00000| Untracked 
|  45|0x0000000082d00000, 0x0000000082d00000, 0x0000000082e00000|  0%| F|  |TAMS 0x0000000082d00000, 0x0000000082d00000| Untracked 
|  46|0x0000000082e00000, 0x0000000082e00000, 0x0000000082f00000|  0%| F|  |TAMS 0x0000000082e00000, 0x0000000082e00000| Untracked 
|  47|0x0000000082f00000, 0x0000000082f00000, 0x0000000083000000|  0%| F|  |TAMS 0x0000000082f00000, 0x0000000082f00000| Untracked 
|  48|0x0000000083000000, 0x0000000083000000, 0x0000000083100000|  0%| F|  |TAMS 0x0000000083000000, 0x0000000083000000| Untracked 
|  49|0x0000000083100000, 0x0000000083100000, 0x0000000083200000|  0%| F|  |TAMS 0x0000000083100000, 0x0000000083100000| Untracked 
|  50|0x0000000083200000, 0x0000000083200000, 0x0000000083300000|  0%| F|  |TAMS 0x0000000083200000, 0x0000000083200000| Untracked 
|  51|0x0000000083300000, 0x0000000083300000, 0x0000000083400000|  0%| F|  |TAMS 0x0000000083300000, 0x0000000083300000| Untracked 
|  52|0x0000000083400000, 0x0000000083400000, 0x0000000083500000|  0%| F|  |TAMS 0x0000000083400000, 0x0000000083400000| Untracked 
|  53|0x0000000083500000, 0x0000000083500000, 0x0000000083600000|  0%| F|  |TAMS 0x0000000083500000, 0x0000000083500000| Untracked 
|  54|0x0000000083600000, 0x0000000083600000, 0x0000000083700000|  0%| F|  |TAMS 0x0000000083600000, 0x0000000083600000| Untracked 
|  55|0x0000000083700000, 0x0000000083700000, 0x0000000083800000|  0%| F|  |TAMS 0x0000000083700000, 0x0000000083700000| Untracked 
|  56|0x0000000083800000, 0x0000000083800000, 0x0000000083900000|  0%| F|  |TAMS 0x0000000083800000, 0x0000000083800000| Untracked 
|  57|0x0000000083900000, 0x0000000083900000, 0x0000000083a00000|  0%| F|  |TAMS 0x0000000083900000, 0x0000000083900000| Untracked 
|  58|0x0000000083a00000, 0x0000000083a00000, 0x0000000083b00000|  0%| F|  |TAMS 0x0000000083a00000, 0x0000000083a00000| Untracked 
|  59|0x0000000083b00000, 0x0000000083b00000, 0x0000000083c00000|  0%| F|  |TAMS 0x0000000083b00000, 0x0000000083b00000| Untracked 
|  60|0x0000000083c00000, 0x0000000083c00000, 0x0000000083d00000|  0%| F|  |TAMS 0x0000000083c00000, 0x0000000083c00000| Untracked 
|  61|0x0000000083d00000, 0x0000000083d00000, 0x0000000083e00000|  0%| F|  |TAMS 0x0000000083d00000, 0x0000000083d00000| Untracked 
|  62|0x0000000083e00000, 0x0000000083e00000, 0x0000000083f00000|  0%| F|  |TAMS 0x0000000083e00000, 0x0000000083e00000| Untracked 
|  63|0x0000000083f00000, 0x0000000083f00000, 0x0000000084000000|  0%| F|  |TAMS 0x0000000083f00000, 0x0000000083f00000| Untracked 
|  64|0x0000000084000000, 0x0000000084000000, 0x0000000084100000|  0%| F|  |TAMS 0x0000000084000000, 0x0000000084000000| Untracked 
|  65|0x0000000084100000, 0x0000000084100000, 0x0000000084200000|  0%| F|  |TAMS 0x0000000084100000, 0x0000000084100000| Untracked 
|  66|0x0000000084200000, 0x0000000084200000, 0x0000000084300000|  0%| F|  |TAMS 0x0000000084200000, 0x0000000084200000| Untracked 
|  67|0x0000000084300000, 0x0000000084300000, 0x0000000084400000|  0%| F|  |TAMS 0x0000000084300000, 0x0000000084300000| Untracked 
|  68|0x0000000084400000, 0x0000000084400000, 0x0000000084500000|  0%| F|  |TAMS 0x0000000084400000, 0x0000000084400000| Untracked 
|  69|0x0000000084500000, 0x0000000084500000, 0x0000000084600000|  0%| F|  |TAMS 0x0000000084500000, 0x0000000084500000| Untracked 
|  70|0x0000000084600000, 0x0000000084600000, 0x0000000084700000|  0%| F|  |TAMS 0x0000000084600000, 0x0000000084600000| Untracked 
|  71|0x0000000084700000, 0x0000000084700000, 0x0000000084800000|  0%| F|  |TAMS 0x0000000084700000, 0x0000000084700000| Untracked 
|  72|0x0000000084800000, 0x0000000084800000, 0x0000000084900000|  0%| F|  |TAMS 0x0000000084800000, 0x0000000084800000| Untracked 
|  73|0x0000000084900000, 0x0000000084900000, 0x0000000084a00000|  0%| F|  |TAMS 0x0000000084900000, 0x0000000084900000| Untracked 
|  74|0x0000000084a00000, 0x0000000084a00000, 0x0000000084b00000|  0%| F|  |TAMS 0x0000000084a00000, 0x0000000084a00000| Untracked 
|  75|0x0000000084b00000, 0x0000000084b00000, 0x0000000084c00000|  0%| F|  |TAMS 0x0000000084b00000, 0x0000000084b00000| Untracked 
|  76|0x0000000084c00000, 0x0000000084c00000, 0x0000000084d00000|  0%| F|  |TAMS 0x0000000084c00000, 0x0000000084c00000| Untracked 
|  77|0x0000000084d00000, 0x0000000084d00000, 0x0000000084e00000|  0%| F|  |TAMS 0x0000000084d00000, 0x0000000084d00000| Untracked 
|  78|0x0000000084e00000, 0x0000000084e00000, 0x0000000084f00000|  0%| F|  |TAMS 0x0000000084e00000, 0x0000000084e00000| Untracked 
|  79|0x0000000084f00000, 0x0000000084f00000, 0x0000000085000000|  0%| F|  |TAMS 0x0000000084f00000, 0x0000000084f00000| Untracked 
|  80|0x0000000085000000, 0x0000000085000000, 0x0000000085100000|  0%| F|  |TAMS 0x0000000085000000, 0x0000000085000000| Untracked 
|  81|0x0000000085100000, 0x0000000085100000, 0x0000000085200000|  0%| F|  |TAMS 0x0000000085100000, 0x0000000085100000| Untracked 
|  82|0x0000000085200000, 0x0000000085200000, 0x0000000085300000|  0%| F|  |TAMS 0x0000000085200000, 0x0000000085200000| Untracked 
|  83|0x0000000085300000, 0x0000000085300000, 0x0000000085400000|  0%| F|  |TAMS 0x0000000085300000, 0x0000000085300000| Untracked 
|  84|0x0000000085400000, 0x0000000085400000, 0x0000000085500000|  0%| F|  |TAMS 0x0000000085400000, 0x0000000085400000| Untracked 
|  85|0x0000000085500000, 0x0000000085500000, 0x0000000085600000|  0%| F|  |TAMS 0x0000000085500000, 0x0000000085500000| Untracked 
|  86|0x0000000085600000, 0x0000000085600000, 0x0000000085700000|  0%| F|  |TAMS 0x0000000085600000, 0x0000000085600000| Untracked 
|  87|0x0000000085700000, 0x0000000085700000, 0x0000000085800000|  0%| F|  |TAMS 0x0000000085700000, 0x0000000085700000| Untracked 
|  88|0x0000000085800000, 0x0000000085800000, 0x0000000085900000|  0%| F|  |TAMS 0x0000000085800000, 0x0000000085800000| Untracked 
|  89|0x0000000085900000, 0x0000000085900000, 0x0000000085a00000|  0%| F|  |TAMS 0x0000000085900000, 0x0000000085900000| Untracked 
|  90|0x0000000085a00000, 0x0000000085a00000, 0x0000000085b00000|  0%| F|  |TAMS 0x0000000085a00000, 0x0000000085a00000| Untracked 
|  91|0x0000000085b00000, 0x0000000085b00000, 0x0000000085c00000|  0%| F|  |TAMS 0x0000000085b00000, 0x0000000085b00000| Untracked 
|  92|0x0000000085c00000, 0x0000000085c00000, 0x0000000085d00000|  0%| F|  |TAMS 0x0000000085c00000, 0x0000000085c00000| Untracked 
|  93|0x0000000085d00000, 0x0000000085d00000, 0x0000000085e00000|  0%| F|  |TAMS 0x0000000085d00000, 0x0000000085d00000| Untracked 
|  94|0x0000000085e00000, 0x0000000085e00000, 0x0000000085f00000|  0%| F|  |TAMS 0x0000000085e00000, 0x0000000085e00000| Untracked 
|  95|0x0000000085f00000, 0x0000000085f00000, 0x0000000086000000|  0%| F|  |TAMS 0x0000000085f00000, 0x0000000085f00000| Untracked 
|  96|0x0000000086000000, 0x0000000086000000, 0x0000000086100000|  0%| F|  |TAMS 0x0000000086000000, 0x0000000086000000| Untracked 
|  97|0x0000000086100000, 0x0000000086100000, 0x0000000086200000|  0%| F|  |TAMS 0x0000000086100000, 0x0000000086100000| Untracked 
|  98|0x0000000086200000, 0x0000000086200000, 0x0000000086300000|  0%| F|  |TAMS 0x0000000086200000, 0x0000000086200000| Untracked 
|  99|0x0000000086300000, 0x0000000086300000, 0x0000000086400000|  0%| F|  |TAMS 0x0000000086300000, 0x0000000086300000| Untracked 
| 100|0x0000000086400000, 0x0000000086400000, 0x0000000086500000|  0%| F|  |TAMS 0x0000000086400000, 0x0000000086400000| Untracked 
| 101|0x0000000086500000, 0x0000000086500000, 0x0000000086600000|  0%| F|  |TAMS 0x0000000086500000, 0x0000000086500000| Untracked 
| 102|0x0000000086600000, 0x0000000086600000, 0x0000000086700000|  0%| F|  |TAMS 0x0000000086600000, 0x0000000086600000| Untracked 
| 103|0x0000000086700000, 0x0000000086700000, 0x0000000086800000|  0%| F|  |TAMS 0x0000000086700000, 0x0000000086700000| Untracked 
| 104|0x0000000086800000, 0x0000000086800000, 0x0000000086900000|  0%| F|  |TAMS 0x0000000086800000, 0x0000000086800000| Untracked 
| 105|0x0000000086900000, 0x0000000086900000, 0x0000000086a00000|  0%| F|  |TAMS 0x0000000086900000, 0x0000000086900000| Untracked 
| 106|0x0000000086a00000, 0x0000000086a00000, 0x0000000086b00000|  0%| F|  |TAMS 0x0000000086a00000, 0x0000000086a00000| Untracked 
| 107|0x0000000086b00000, 0x0000000086b00000, 0x0000000086c00000|  0%| F|  |TAMS 0x0000000086b00000, 0x0000000086b00000| Untracked 
| 108|0x0000000086c00000, 0x0000000086c00000, 0x0000000086d00000|  0%| F|  |TAMS 0x0000000086c00000, 0x0000000086c00000| Untracked 
| 109|0x0000000086d00000, 0x0000000086d00000, 0x0000000086e00000|  0%| F|  |TAMS 0x0000000086d00000, 0x0000000086d00000| Untracked 
| 110|0x0000000086e00000, 0x0000000086e00000, 0x0000000086f00000|  0%| F|  |TAMS 0x0000000086e00000, 0x0000000086e00000| Untracked 
| 111|0x0000000086f00000, 0x0000000086f00000, 0x0000000087000000|  0%| F|  |TAMS 0x0000000086f00000, 0x0000000086f00000| Untracked 
| 112|0x0000000087000000, 0x0000000087000000, 0x0000000087100000|  0%| F|  |TAMS 0x0000000087000000, 0x0000000087000000| Untracked 
| 113|0x0000000087100000, 0x0000000087100000, 0x0000000087200000|  0%| F|  |TAMS 0x0000000087100000, 0x0000000087100000| Untracked 
| 114|0x0000000087200000, 0x0000000087200000, 0x0000000087300000|  0%| F|  |TAMS 0x0000000087200000, 0x0000000087200000| Untracked 
| 115|0x0000000087300000, 0x0000000087300000, 0x0000000087400000|  0%| F|  |TAMS 0x0000000087300000, 0x0000000087300000| Untracked 
| 116|0x0000000087400000, 0x0000000087400000, 0x0000000087500000|  0%| F|  |TAMS 0x0000000087400000, 0x0000000087400000| Untracked 
| 117|0x0000000087500000, 0x0000000087500000, 0x0000000087600000|  0%| F|  |TAMS 0x0000000087500000, 0x0000000087500000| Untracked 
| 118|0x0000000087600000, 0x0000000087600000, 0x0000000087700000|  0%| F|  |TAMS 0x0000000087600000, 0x0000000087600000| Untracked 
| 119|0x0000000087700000, 0x0000000087700000, 0x0000000087800000|  0%| F|  |TAMS 0x0000000087700000, 0x0000000087700000| Untracked 
| 120|0x0000000087800000, 0x0000000087800000, 0x0000000087900000|  0%| F|  |TAMS 0x0000000087800000, 0x0000000087800000| Untracked 
| 121|0x0000000087900000, 0x0000000087900000, 0x0000000087a00000|  0%| F|  |TAMS 0x0000000087900000, 0x0000000087900000| Untracked 
| 122|0x0000000087a00000, 0x0000000087b00000, 0x0000000087b00000|100%| S|CS|TAMS 0x0000000087a00000, 0x0000000087a00000| Complete 
| 123|0x0000000087b00000, 0x0000000087c00000, 0x0000000087c00000|100%| S|CS|TAMS 0x0000000087b00000, 0x0000000087b00000| Complete 
| 124|0x0000000087c00000, 0x0000000087d00000, 0x0000000087d00000|100%| S|CS|TAMS 0x0000000087c00000, 0x0000000087c00000| Complete 
| 125|0x0000000087d00000, 0x0000000087e00000, 0x0000000087e00000|100%| S|CS|TAMS 0x0000000087d00000, 0x0000000087d00000| Complete 
| 126|0x0000000087e00000, 0x0000000087f00000, 0x0000000087f00000|100%| S|CS|TAMS 0x0000000087e00000, 0x0000000087e00000| Complete 
| 127|0x0000000087f00000, 0x0000000088000000, 0x0000000088000000|100%| S|CS|TAMS 0x0000000087f00000, 0x0000000087f00000| Complete 
| 128|0x0000000088000000, 0x0000000088100000, 0x0000000088100000|100%| S|CS|TAMS 0x0000000088000000, 0x0000000088000000| Complete 
| 129|0x0000000088100000, 0x0000000088200000, 0x0000000088200000|100%| S|CS|TAMS 0x0000000088100000, 0x0000000088100000| Complete 
| 130|0x0000000088200000, 0x0000000088300000, 0x0000000088300000|100%| S|CS|TAMS 0x0000000088200000, 0x0000000088200000| Complete 
| 131|0x0000000088300000, 0x0000000088400000, 0x0000000088400000|100%| S|CS|TAMS 0x0000000088300000, 0x0000000088300000| Complete 
| 132|0x0000000088400000, 0x0000000088500000, 0x0000000088500000|100%| S|CS|TAMS 0x0000000088400000, 0x0000000088400000| Complete 
| 133|0x0000000088500000, 0x0000000088500000, 0x0000000088600000|  0%| F|  |TAMS 0x0000000088500000, 0x0000000088500000| Untracked 
| 134|0x0000000088600000, 0x0000000088600000, 0x0000000088700000|  0%| F|  |TAMS 0x0000000088600000, 0x0000000088600000| Untracked 
| 135|0x0000000088700000, 0x0000000088700000, 0x0000000088800000|  0%| F|  |TAMS 0x0000000088700000, 0x0000000088700000| Untracked 
| 136|0x0000000088800000, 0x0000000088800000, 0x0000000088900000|  0%| F|  |TAMS 0x0000000088800000, 0x0000000088800000| Untracked 
| 137|0x0000000088900000, 0x0000000088900000, 0x0000000088a00000|  0%| F|  |TAMS 0x0000000088900000, 0x0000000088900000| Untracked 
| 138|0x0000000088a00000, 0x0000000088a00000, 0x0000000088b00000|  0%| F|  |TAMS 0x0000000088a00000, 0x0000000088a00000| Untracked 
| 139|0x0000000088b00000, 0x0000000088b00000, 0x0000000088c00000|  0%| F|  |TAMS 0x0000000088b00000, 0x0000000088b00000| Untracked 
| 140|0x0000000088c00000, 0x0000000088c00000, 0x0000000088d00000|  0%| F|  |TAMS 0x0000000088c00000, 0x0000000088c00000| Untracked 
| 141|0x0000000088d00000, 0x0000000088d00000, 0x0000000088e00000|  0%| F|  |TAMS 0x0000000088d00000, 0x0000000088d00000| Untracked 
| 142|0x0000000088e00000, 0x0000000088e00000, 0x0000000088f00000|  0%| F|  |TAMS 0x0000000088e00000, 0x0000000088e00000| Untracked 
| 143|0x0000000088f00000, 0x0000000088f00000, 0x0000000089000000|  0%| F|  |TAMS 0x0000000088f00000, 0x0000000088f00000| Untracked 
| 144|0x0000000089000000, 0x0000000089000000, 0x0000000089100000|  0%| F|  |TAMS 0x0000000089000000, 0x0000000089000000| Untracked 
| 145|0x0000000089100000, 0x0000000089100000, 0x0000000089200000|  0%| F|  |TAMS 0x0000000089100000, 0x0000000089100000| Untracked 
| 146|0x0000000089200000, 0x0000000089200000, 0x0000000089300000|  0%| F|  |TAMS 0x0000000089200000, 0x0000000089200000| Untracked 
| 147|0x0000000089300000, 0x0000000089300000, 0x0000000089400000|  0%| F|  |TAMS 0x0000000089300000, 0x0000000089300000| Untracked 
| 148|0x0000000089400000, 0x0000000089400000, 0x0000000089500000|  0%| F|  |TAMS 0x0000000089400000, 0x0000000089400000| Untracked 
| 149|0x0000000089500000, 0x0000000089500000, 0x0000000089600000|  0%| F|  |TAMS 0x0000000089500000, 0x0000000089500000| Untracked 
| 150|0x0000000089600000, 0x0000000089600000, 0x0000000089700000|  0%| F|  |TAMS 0x0000000089600000, 0x0000000089600000| Untracked 
| 151|0x0000000089700000, 0x0000000089700000, 0x0000000089800000|  0%| F|  |TAMS 0x0000000089700000, 0x0000000089700000| Untracked 
| 152|0x0000000089800000, 0x0000000089800000, 0x0000000089900000|  0%| F|  |TAMS 0x0000000089800000, 0x0000000089800000| Untracked 
| 153|0x0000000089900000, 0x0000000089900000, 0x0000000089a00000|  0%| F|  |TAMS 0x0000000089900000, 0x0000000089900000| Untracked 
| 154|0x0000000089a00000, 0x0000000089a00000, 0x0000000089b00000|  0%| F|  |TAMS 0x0000000089a00000, 0x0000000089a00000| Untracked 
| 155|0x0000000089b00000, 0x0000000089b00000, 0x0000000089c00000|  0%| F|  |TAMS 0x0000000089b00000, 0x0000000089b00000| Untracked 
| 156|0x0000000089c00000, 0x0000000089c00000, 0x0000000089d00000|  0%| F|  |TAMS 0x0000000089c00000, 0x0000000089c00000| Untracked 
| 157|0x0000000089d00000, 0x0000000089d00000, 0x0000000089e00000|  0%| F|  |TAMS 0x0000000089d00000, 0x0000000089d00000| Untracked 
| 158|0x0000000089e00000, 0x0000000089e00000, 0x0000000089f00000|  0%| F|  |TAMS 0x0000000089e00000, 0x0000000089e00000| Untracked 
| 159|0x0000000089f00000, 0x0000000089f00000, 0x000000008a000000|  0%| F|  |TAMS 0x0000000089f00000, 0x0000000089f00000| Untracked 
| 160|0x000000008a000000, 0x000000008a000000, 0x000000008a100000|  0%| F|  |TAMS 0x000000008a000000, 0x000000008a000000| Untracked 
| 161|0x000000008a100000, 0x000000008a100000, 0x000000008a200000|  0%| F|  |TAMS 0x000000008a100000, 0x000000008a100000| Untracked 
| 162|0x000000008a200000, 0x000000008a200000, 0x000000008a300000|  0%| F|  |TAMS 0x000000008a200000, 0x000000008a200000| Untracked 
| 163|0x000000008a300000, 0x000000008a300000, 0x000000008a400000|  0%| F|  |TAMS 0x000000008a300000, 0x000000008a300000| Untracked 
| 164|0x000000008a400000, 0x000000008a400000, 0x000000008a500000|  0%| F|  |TAMS 0x000000008a400000, 0x000000008a400000| Untracked 
| 165|0x000000008a500000, 0x000000008a500000, 0x000000008a600000|  0%| F|  |TAMS 0x000000008a500000, 0x000000008a500000| Untracked 
| 166|0x000000008a600000, 0x000000008a600000, 0x000000008a700000|  0%| F|  |TAMS 0x000000008a600000, 0x000000008a600000| Untracked 
| 167|0x000000008a700000, 0x000000008a700000, 0x000000008a800000|  0%| F|  |TAMS 0x000000008a700000, 0x000000008a700000| Untracked 
| 168|0x000000008a800000, 0x000000008a800000, 0x000000008a900000|  0%| F|  |TAMS 0x000000008a800000, 0x000000008a800000| Untracked 
| 169|0x000000008a900000, 0x000000008a900000, 0x000000008aa00000|  0%| F|  |TAMS 0x000000008a900000, 0x000000008a900000| Untracked 
| 170|0x000000008aa00000, 0x000000008aa00000, 0x000000008ab00000|  0%| F|  |TAMS 0x000000008aa00000, 0x000000008aa00000| Untracked 
| 171|0x000000008ab00000, 0x000000008ab00000, 0x000000008ac00000|  0%| F|  |TAMS 0x000000008ab00000, 0x000000008ab00000| Untracked 
| 172|0x000000008ac00000, 0x000000008ac00000, 0x000000008ad00000|  0%| F|  |TAMS 0x000000008ac00000, 0x000000008ac00000| Untracked 
| 173|0x000000008ad00000, 0x000000008ad00000, 0x000000008ae00000|  0%| F|  |TAMS 0x000000008ad00000, 0x000000008ad00000| Untracked 
| 174|0x000000008ae00000, 0x000000008ae00000, 0x000000008af00000|  0%| F|  |TAMS 0x000000008ae00000, 0x000000008ae00000| Untracked 
| 175|0x000000008af00000, 0x000000008af00000, 0x000000008b000000|  0%| F|  |TAMS 0x000000008af00000, 0x000000008af00000| Untracked 
| 176|0x000000008b000000, 0x000000008b000000, 0x000000008b100000|  0%| F|  |TAMS 0x000000008b000000, 0x000000008b000000| Untracked 
| 177|0x000000008b100000, 0x000000008b100000, 0x000000008b200000|  0%| F|  |TAMS 0x000000008b100000, 0x000000008b100000| Untracked 
| 178|0x000000008b200000, 0x000000008b200000, 0x000000008b300000|  0%| F|  |TAMS 0x000000008b200000, 0x000000008b200000| Untracked 
| 179|0x000000008b300000, 0x000000008b300000, 0x000000008b400000|  0%| F|  |TAMS 0x000000008b300000, 0x000000008b300000| Untracked 
| 180|0x000000008b400000, 0x000000008b400000, 0x000000008b500000|  0%| F|  |TAMS 0x000000008b400000, 0x000000008b400000| Untracked 
| 181|0x000000008b500000, 0x000000008b500000, 0x000000008b600000|  0%| F|  |TAMS 0x000000008b500000, 0x000000008b500000| Untracked 
| 182|0x000000008b600000, 0x000000008b600000, 0x000000008b700000|  0%| F|  |TAMS 0x000000008b600000, 0x000000008b600000| Untracked 
| 183|0x000000008b700000, 0x000000008b700000, 0x000000008b800000|  0%| F|  |TAMS 0x000000008b700000, 0x000000008b700000| Untracked 
| 184|0x000000008b800000, 0x000000008b800000, 0x000000008b900000|  0%| F|  |TAMS 0x000000008b800000, 0x000000008b800000| Untracked 
| 185|0x000000008b900000, 0x000000008b900000, 0x000000008ba00000|  0%| F|  |TAMS 0x000000008b900000, 0x000000008b900000| Untracked 
| 186|0x000000008ba00000, 0x000000008ba00000, 0x000000008bb00000|  0%| F|  |TAMS 0x000000008ba00000, 0x000000008ba00000| Untracked 
| 187|0x000000008bb00000, 0x000000008bb00000, 0x000000008bc00000|  0%| F|  |TAMS 0x000000008bb00000, 0x000000008bb00000| Untracked 
| 188|0x000000008bc00000, 0x000000008bc00000, 0x000000008bd00000|  0%| F|  |TAMS 0x000000008bc00000, 0x000000008bc00000| Untracked 
| 189|0x000000008bd00000, 0x000000008bd00000, 0x000000008be00000|  0%| F|  |TAMS 0x000000008bd00000, 0x000000008bd00000| Untracked 
| 190|0x000000008be00000, 0x000000008be00000, 0x000000008bf00000|  0%| F|  |TAMS 0x000000008be00000, 0x000000008be00000| Untracked 
| 191|0x000000008bf00000, 0x000000008bf00000, 0x000000008c000000|  0%| F|  |TAMS 0x000000008bf00000, 0x000000008bf00000| Untracked 
| 192|0x000000008c000000, 0x000000008c000000, 0x000000008c100000|  0%| F|  |TAMS 0x000000008c000000, 0x000000008c000000| Untracked 
| 193|0x000000008c100000, 0x000000008c100000, 0x000000008c200000|  0%| F|  |TAMS 0x000000008c100000, 0x000000008c100000| Untracked 
| 194|0x000000008c200000, 0x000000008c200000, 0x000000008c300000|  0%| F|  |TAMS 0x000000008c200000, 0x000000008c200000| Untracked 
| 195|0x000000008c300000, 0x000000008c300000, 0x000000008c400000|  0%| F|  |TAMS 0x000000008c300000, 0x000000008c300000| Untracked 
| 196|0x000000008c400000, 0x000000008c400000, 0x000000008c500000|  0%| F|  |TAMS 0x000000008c400000, 0x000000008c400000| Untracked 
| 197|0x000000008c500000, 0x000000008c500000, 0x000000008c600000|  0%| F|  |TAMS 0x000000008c500000, 0x000000008c500000| Untracked 
| 198|0x000000008c600000, 0x000000008c600000, 0x000000008c700000|  0%| F|  |TAMS 0x000000008c600000, 0x000000008c600000| Untracked 
| 199|0x000000008c700000, 0x000000008c700000, 0x000000008c800000|  0%| F|  |TAMS 0x000000008c700000, 0x000000008c700000| Untracked 
| 200|0x000000008c800000, 0x000000008c800000, 0x000000008c900000|  0%| F|  |TAMS 0x000000008c800000, 0x000000008c800000| Untracked 
| 201|0x000000008c900000, 0x000000008c900000, 0x000000008ca00000|  0%| F|  |TAMS 0x000000008c900000, 0x000000008c900000| Untracked 
| 202|0x000000008ca00000, 0x000000008ca00000, 0x000000008cb00000|  0%| F|  |TAMS 0x000000008ca00000, 0x000000008ca00000| Untracked 
| 203|0x000000008cb00000, 0x000000008cb00000, 0x000000008cc00000|  0%| F|  |TAMS 0x000000008cb00000, 0x000000008cb00000| Untracked 
| 204|0x000000008cc00000, 0x000000008cc00000, 0x000000008cd00000|  0%| F|  |TAMS 0x000000008cc00000, 0x000000008cc00000| Untracked 
| 205|0x000000008cd00000, 0x000000008cd00000, 0x000000008ce00000|  0%| F|  |TAMS 0x000000008cd00000, 0x000000008cd00000| Untracked 
| 206|0x000000008ce00000, 0x000000008ce00000, 0x000000008cf00000|  0%| F|  |TAMS 0x000000008ce00000, 0x000000008ce00000| Untracked 
| 207|0x000000008cf00000, 0x000000008cf00000, 0x000000008d000000|  0%| F|  |TAMS 0x000000008cf00000, 0x000000008cf00000| Untracked 
| 208|0x000000008d000000, 0x000000008d000000, 0x000000008d100000|  0%| F|  |TAMS 0x000000008d000000, 0x000000008d000000| Untracked 
| 209|0x000000008d100000, 0x000000008d100000, 0x000000008d200000|  0%| F|  |TAMS 0x000000008d100000, 0x000000008d100000| Untracked 
| 210|0x000000008d200000, 0x000000008d200000, 0x000000008d300000|  0%| F|  |TAMS 0x000000008d200000, 0x000000008d200000| Untracked 
| 211|0x000000008d300000, 0x000000008d300000, 0x000000008d400000|  0%| F|  |TAMS 0x000000008d300000, 0x000000008d300000| Untracked 
| 212|0x000000008d400000, 0x000000008d400000, 0x000000008d500000|  0%| F|  |TAMS 0x000000008d400000, 0x000000008d400000| Untracked 
| 213|0x000000008d500000, 0x000000008d500000, 0x000000008d600000|  0%| F|  |TAMS 0x000000008d500000, 0x000000008d500000| Untracked 
| 214|0x000000008d600000, 0x000000008d600000, 0x000000008d700000|  0%| F|  |TAMS 0x000000008d600000, 0x000000008d600000| Untracked 
| 215|0x000000008d700000, 0x000000008d700000, 0x000000008d800000|  0%| F|  |TAMS 0x000000008d700000, 0x000000008d700000| Untracked 
| 216|0x000000008d800000, 0x000000008d800000, 0x000000008d900000|  0%| F|  |TAMS 0x000000008d800000, 0x000000008d800000| Untracked 
| 217|0x000000008d900000, 0x000000008d900000, 0x000000008da00000|  0%| F|  |TAMS 0x000000008d900000, 0x000000008d900000| Untracked 
| 218|0x000000008da00000, 0x000000008da00000, 0x000000008db00000|  0%| F|  |TAMS 0x000000008da00000, 0x000000008da00000| Untracked 
| 219|0x000000008db00000, 0x000000008db00000, 0x000000008dc00000|  0%| F|  |TAMS 0x000000008db00000, 0x000000008db00000| Untracked 
| 220|0x000000008dc00000, 0x000000008dc00000, 0x000000008dd00000|  0%| F|  |TAMS 0x000000008dc00000, 0x000000008dc00000| Untracked 
| 221|0x000000008dd00000, 0x000000008dd00000, 0x000000008de00000|  0%| F|  |TAMS 0x000000008dd00000, 0x000000008dd00000| Untracked 
| 222|0x000000008de00000, 0x000000008de00000, 0x000000008df00000|  0%| F|  |TAMS 0x000000008de00000, 0x000000008de00000| Untracked 
| 223|0x000000008df00000, 0x000000008df00000, 0x000000008e000000|  0%| F|  |TAMS 0x000000008df00000, 0x000000008df00000| Untracked 
| 224|0x000000008e000000, 0x000000008e000000, 0x000000008e100000|  0%| F|  |TAMS 0x000000008e000000, 0x000000008e000000| Untracked 
| 225|0x000000008e100000, 0x000000008e100000, 0x000000008e200000|  0%| F|  |TAMS 0x000000008e100000, 0x000000008e100000| Untracked 
| 226|0x000000008e200000, 0x000000008e200000, 0x000000008e300000|  0%| F|  |TAMS 0x000000008e200000, 0x000000008e200000| Untracked 
| 227|0x000000008e300000, 0x000000008e300000, 0x000000008e400000|  0%| F|  |TAMS 0x000000008e300000, 0x000000008e300000| Untracked 
| 228|0x000000008e400000, 0x000000008e400000, 0x000000008e500000|  0%| F|  |TAMS 0x000000008e400000, 0x000000008e400000| Untracked 
| 229|0x000000008e500000, 0x000000008e500000, 0x000000008e600000|  0%| F|  |TAMS 0x000000008e500000, 0x000000008e500000| Untracked 
| 230|0x000000008e600000, 0x000000008e600000, 0x000000008e700000|  0%| F|  |TAMS 0x000000008e600000, 0x000000008e600000| Untracked 
| 231|0x000000008e700000, 0x000000008e700000, 0x000000008e800000|  0%| F|  |TAMS 0x000000008e700000, 0x000000008e700000| Untracked 
| 232|0x000000008e800000, 0x000000008e800000, 0x000000008e900000|  0%| F|  |TAMS 0x000000008e800000, 0x000000008e800000| Untracked 
| 233|0x000000008e900000, 0x000000008e900000, 0x000000008ea00000|  0%| F|  |TAMS 0x000000008e900000, 0x000000008e900000| Untracked 
| 234|0x000000008ea00000, 0x000000008ea00000, 0x000000008eb00000|  0%| F|  |TAMS 0x000000008ea00000, 0x000000008ea00000| Untracked 
| 235|0x000000008eb00000, 0x000000008eb00000, 0x000000008ec00000|  0%| F|  |TAMS 0x000000008eb00000, 0x000000008eb00000| Untracked 
| 236|0x000000008ec00000, 0x000000008ec80800, 0x000000008ed00000| 50%| E|  |TAMS 0x000000008ec00000, 0x000000008ec00000| Complete 
| 237|0x000000008ed00000, 0x000000008ee00000, 0x000000008ee00000|100%| E|CS|TAMS 0x000000008ed00000, 0x000000008ed00000| Complete 
| 238|0x000000008ee00000, 0x000000008ef00000, 0x000000008ef00000|100%| E|CS|TAMS 0x000000008ee00000, 0x000000008ee00000| Complete 
| 239|0x000000008ef00000, 0x000000008f000000, 0x000000008f000000|100%| E|CS|TAMS 0x000000008ef00000, 0x000000008ef00000| Complete 
| 240|0x000000008f000000, 0x000000008f100000, 0x000000008f100000|100%| E|CS|TAMS 0x000000008f000000, 0x000000008f000000| Complete 
| 241|0x000000008f100000, 0x000000008f200000, 0x000000008f200000|100%| E|CS|TAMS 0x000000008f100000, 0x000000008f100000| Complete 
| 242|0x000000008f200000, 0x000000008f300000, 0x000000008f300000|100%| E|CS|TAMS 0x000000008f200000, 0x000000008f200000| Complete 
| 243|0x000000008f300000, 0x000000008f400000, 0x000000008f400000|100%| E|CS|TAMS 0x000000008f300000, 0x000000008f300000| Complete 
| 244|0x000000008f400000, 0x000000008f500000, 0x000000008f500000|100%| E|CS|TAMS 0x000000008f400000, 0x000000008f400000| Complete 
| 245|0x000000008f500000, 0x000000008f600000, 0x000000008f600000|100%| E|CS|TAMS 0x000000008f500000, 0x000000008f500000| Complete 
| 246|0x000000008f600000, 0x000000008f700000, 0x000000008f700000|100%| E|CS|TAMS 0x000000008f600000, 0x000000008f600000| Complete 
| 247|0x000000008f700000, 0x000000008f800000, 0x000000008f800000|100%| E|CS|TAMS 0x000000008f700000, 0x000000008f700000| Complete 
| 248|0x000000008f800000, 0x000000008f900000, 0x000000008f900000|100%| E|CS|TAMS 0x000000008f800000, 0x000000008f800000| Complete 
| 249|0x000000008f900000, 0x000000008fa00000, 0x000000008fa00000|100%| E|CS|TAMS 0x000000008f900000, 0x000000008f900000| Complete 
| 250|0x000000008fa00000, 0x000000008fb00000, 0x000000008fb00000|100%| E|CS|TAMS 0x000000008fa00000, 0x000000008fa00000| Complete 
| 251|0x000000008fb00000, 0x000000008fc00000, 0x000000008fc00000|100%| E|CS|TAMS 0x000000008fb00000, 0x000000008fb00000| Complete 
| 252|0x000000008fc00000, 0x000000008fd00000, 0x000000008fd00000|100%| E|CS|TAMS 0x000000008fc00000, 0x000000008fc00000| Complete 
| 253|0x000000008fd00000, 0x000000008fe00000, 0x000000008fe00000|100%| E|CS|TAMS 0x000000008fd00000, 0x000000008fd00000| Complete 

Card table byte_map: [0x000002be7fbc0000,0x000002be7ffc0000] _byte_map_base: 0x000002be7f7c0000

Marking Bits (Prev, Next): (CMBitMap*) 0x000002be79abbb00, (CMBitMap*) 0x000002be79abbac8
 Prev Bits: [0x000002be11400000, 0x000002be13400000)
 Next Bits: [0x000002be0f400000, 0x000002be11400000)

Polling page: 0x000002be79b50000

Metaspace:

Usage:
  Non-class:     59.81 MB capacity,    58.91 MB ( 99%) used,   745.57 KB (  1%) free+waste,   170.50 KB ( <1%) overhead. 
      Class:      9.36 MB capacity,     8.79 MB ( 94%) used,   500.26 KB (  5%) free+waste,    79.69 KB ( <1%) overhead. 
       Both:     69.16 MB capacity,    67.70 MB ( 98%) used,     1.22 MB (  2%) free+waste,   250.19 KB ( <1%) overhead. 

Virtual space:
  Non-class space:       60.00 MB reserved,      60.00 MB (100%) committed 
      Class space:        1.00 GB reserved,       9.45 MB ( <1%) committed 
             Both:        1.06 GB reserved,      69.45 MB (  6%) committed 

Chunk freelists:
   Non-Class:  5.00 KB
       Class:  19.00 KB
        Both:  24.00 KB

MaxMetaspaceSize: 17179869184.00 GB
CompressedClassSpaceSize: 1.00 GB

CodeHeap 'non-profiled nmethods': size=120000Kb used=4366Kb max_used=4366Kb free=115634Kb
 bounds [0x000002be07ad0000, 0x000002be07f20000, 0x000002be0f000000]
CodeHeap 'profiled nmethods': size=120000Kb used=14231Kb max_used=14231Kb free=105768Kb
 bounds [0x000002be005a0000, 0x000002be01390000, 0x000002be07ad0000]
CodeHeap 'non-nmethods': size=5760Kb used=2264Kb max_used=2324Kb free=3495Kb
 bounds [0x000002be00000000, 0x000002be00270000, 0x000002be005a0000]
 total_blobs=7677 nmethods=6821 adapters=767
 compilation: enabled
              stopped_count=0, restarted_count=0
 full_count=0

Compilation events (20 events):
Event: 6.976 Thread 0x000002be167bf800 6787       3       org.gradle.api.internal.DefaultDomainObjectCollection$IteratorImpl::hasNext (10 bytes)
Event: 6.976 Thread 0x000002be167bf800 nmethod 6787 0x000002be0136c610 code [0x000002be0136c7c0, 0x000002be0136c988]
Event: 6.977 Thread 0x000002be167bf800 6788   !   3       org.gradle.internal.operations.UnmanagedBuildOperationWrapper::runWithUnmanagedSupport (32 bytes)
Event: 6.978 Thread 0x000002be167bf800 nmethod 6788 0x000002be0136ca90 code [0x000002be0136cc80, 0x000002be0136cf38]
Event: 6.978 Thread 0x000002be167bf800 6789       3       org.gradle.internal.operations.DefaultBuildOperationExecutor::run (19 bytes)
Event: 6.978 Thread 0x000002be167bf800 nmethod 6789 0x000002be0136d110 code [0x000002be0136d3a0, 0x000002be0136e008]
Event: 6.978 Thread 0x000002be167bf800 6790       3       org.gradle.internal.operations.DefaultBuildOperationExecutor$$Lambda$168/0x0000000100331040::get$Lambda (10 bytes)
Event: 6.978 Thread 0x000002be167bf800 nmethod 6790 0x000002be0136e510 code [0x000002be0136e6e0, 0x000002be0136e998]
Event: 6.978 Thread 0x000002be167bf800 6796       3       org.gradle.tooling.internal.provider.runner.ClientForwardingTestOperationListener::started (115 bytes)
Event: 6.979 Thread 0x000002be167bf800 nmethod 6796 0x000002be0136ea90 code [0x000002be0136ed80, 0x000002be01370098]
Event: 6.979 Thread 0x000002be167bf800 6797       3       java.util.concurrent.ConcurrentHashMap::containsKey (14 bytes)
Event: 6.979 Thread 0x000002be167bf800 nmethod 6797 0x000002be01370590 code [0x000002be01370740, 0x000002be013708c8]
Event: 6.979 Thread 0x000002be167bf800 6791       1       org.gradle.internal.event.BroadcastDispatch$SingletonDispatch::access$100 (5 bytes)
Event: 6.979 Thread 0x000002be167bf800 nmethod 6791 0x000002be07efef90 code [0x000002be07eff140, 0x000002be07eff1d8]
Event: 6.979 Thread 0x000002be167bf800 6792       3       org.gradle.internal.build.event.types.DefaultBinaryPluginIdentifier::equals (41 bytes)
Event: 6.979 Thread 0x000002be167bf800 nmethod 6792 0x000002be01370990 code [0x000002be01370b60, 0x000002be01370ea8]
Event: 6.979 Thread 0x000002be167bf800 6793       1       org.gradle.api.internal.artifacts.configurations.DefaultConfiguration::access$1000 (5 bytes)
Event: 6.980 Thread 0x000002be167bf800 nmethod 6793 0x000002be07eff290 code [0x000002be07eff440, 0x000002be07eff4d8]
Event: 6.980 Thread 0x000002be167bf800 6794       1       org.gradle.api.internal.artifacts.configurations.DefaultConfiguration::access$2300 (5 bytes)
Event: 6.980 Thread 0x000002be167bf800 nmethod 6794 0x000002be07eff590 code [0x000002be07eff740, 0x000002be07eff7d8]

GC Heap History (16 events):
Event: 0.561 GC heap before
{Heap before GC invocations=0 (full 0):
 garbage-first heap   total 260096K, used 29696K [0x0000000080000000, 0x0000000100000000)
  region size 1024K, 24 young (24576K), 0 survivors (0K)
 Metaspace       used 9876K, capacity 10114K, committed 10368K, reserved 1058816K
  class space    used 1029K, capacity 1102K, committed 1152K, reserved 1048576K
}
Event: 0.564 GC heap after
{Heap after GC invocations=1 (full 0):
 garbage-first heap   total 260096K, used 9032K [0x0000000080000000, 0x0000000100000000)
  region size 1024K, 3 young (3072K), 3 survivors (3072K)
 Metaspace       used 9876K, capacity 10114K, committed 10368K, reserved 1058816K
  class space    used 1029K, capacity 1102K, committed 1152K, reserved 1048576K
}
Event: 1.990 GC heap before
{Heap before GC invocations=1 (full 0):
 garbage-first heap   total 260096K, used 108360K [0x0000000080000000, 0x0000000100000000)
  region size 1024K, 101 young (103424K), 3 survivors (3072K)
 Metaspace       used 20680K, capacity 21069K, committed 21248K, reserved 1067008K
  class space    used 2534K, capacity 2691K, committed 2816K, reserved 1048576K
}
Event: 1.998 GC heap after
{Heap after GC invocations=2 (full 0):
 garbage-first heap   total 260096K, used 16795K [0x0000000080000000, 0x0000000100000000)
  region size 1024K, 11 young (11264K), 11 survivors (11264K)
 Metaspace       used 20680K, capacity 21069K, committed 21248K, reserved 1067008K
  class space    used 2534K, capacity 2691K, committed 2816K, reserved 1048576K
}
Event: 2.189 GC heap before
{Heap before GC invocations=3 (full 0):
 garbage-first heap   total 260096K, used 43419K [0x0000000080000000, 0x0000000100000000)
  region size 1024K, 37 young (37888K), 11 survivors (11264K)
 Metaspace       used 23216K, capacity 23704K, committed 23936K, reserved 1071104K
  class space    used 2957K, capacity 3147K, committed 3200K, reserved 1048576K
}
Event: 2.195 GC heap after
{Heap after GC invocations=4 (full 0):
 garbage-first heap   total 260096K, used 18250K [0x0000000080000000, 0x0000000100000000)
  region size 1024K, 2 young (2048K), 2 survivors (2048K)
 Metaspace       used 23216K, capacity 23704K, committed 23936K, reserved 1071104K
  class space    used 2957K, capacity 3147K, committed 3200K, reserved 1048576K
}
Event: 3.032 GC heap before
{Heap before GC invocations=4 (full 0):
 garbage-first heap   total 260096K, used 106314K [0x0000000080000000, 0x0000000100000000)
  region size 1024K, 89 young (91136K), 2 survivors (2048K)
 Metaspace       used 35013K, capacity 35785K, committed 35840K, reserved 1081344K
  class space    used 4550K, capacity 4863K, committed 4864K, reserved 1048576K
}
Event: 3.038 GC heap after
{Heap after GC invocations=5 (full 0):
 garbage-first heap   total 260096K, used 22654K [0x0000000080000000, 0x0000000100000000)
  region size 1024K, 6 young (6144K), 6 survivors (6144K)
 Metaspace       used 35013K, capacity 35785K, committed 35840K, reserved 1081344K
  class space    used 4550K, capacity 4863K, committed 4864K, reserved 1048576K
}
Event: 4.024 GC heap before
{Heap before GC invocations=6 (full 0):
 garbage-first heap   total 260096K, used 141438K [0x0000000080000000, 0x0000000100000000)
  region size 1024K, 119 young (121856K), 6 survivors (6144K)
 Metaspace       used 44537K, capacity 45524K, committed 45900K, reserved 1089536K
  class space    used 5716K, capacity 6090K, committed 6220K, reserved 1048576K
}
Event: 4.034 GC heap after
{Heap after GC invocations=7 (full 0):
 garbage-first heap   total 260096K, used 29625K [0x0000000080000000, 0x0000000100000000)
  region size 1024K, 13 young (13312K), 13 survivors (13312K)
 Metaspace       used 44537K, capacity 45524K, committed 45900K, reserved 1089536K
  class space    used 5716K, capacity 6090K, committed 6220K, reserved 1048576K
}
Event: 5.181 GC heap before
{Heap before GC invocations=7 (full 0):
 garbage-first heap   total 260096K, used 161721K [0x0000000080000000, 0x0000000100000000)
  region size 1024K, 138 young (141312K), 13 survivors (13312K)
 Metaspace       used 52906K, capacity 54311K, committed 54476K, reserved 1095680K
  class space    used 6742K, capacity 7277K, committed 7372K, reserved 1048576K
}
Event: 5.195 GC heap after
{Heap after GC invocations=8 (full 0):
 garbage-first heap   total 260096K, used 45841K [0x0000000080000000, 0x0000000100000000)
  region size 1024K, 18 young (18432K), 18 survivors (18432K)
 Metaspace       used 52906K, capacity 54311K, committed 54476K, reserved 1095680K
  class space    used 6742K, capacity 7277K, committed 7372K, reserved 1048576K
}
Event: 5.636 GC heap before
{Heap before GC invocations=8 (full 0):
 garbage-first heap   total 260096K, used 81681K [0x0000000080000000, 0x0000000100000000)
  region size 1024K, 54 young (55296K), 18 survivors (18432K)
 Metaspace       used 58562K, capacity 59960K, committed 60236K, reserved 1101824K
  class space    used 7457K, capacity 7984K, committed 8012K, reserved 1048576K
}
Event: 5.653 GC heap after
{Heap after GC invocations=9 (full 0):
 garbage-first heap   total 260096K, used 47973K [0x0000000080000000, 0x0000000100000000)
  region size 1024K, 3 young (3072K), 3 survivors (3072K)
 Metaspace       used 58562K, capacity 59960K, committed 60236K, reserved 1101824K
  class space    used 7457K, capacity 7984K, committed 8012K, reserved 1048576K
}
Event: 6.741 GC heap before
{Heap before GC invocations=10 (full 0):
 garbage-first heap   total 260096K, used 168805K [0x0000000080000000, 0x0000000100000000)
  region size 1024K, 121 young (123904K), 3 survivors (3072K)
 Metaspace       used 66941K, capacity 68469K, committed 68684K, reserved 1107968K
  class space    used 8583K, capacity 9186K, committed 9292K, reserved 1048576K
}
Event: 6.748 GC heap after
{Heap after GC invocations=11 (full 0):
 garbage-first heap   total 260096K, used 56185K [0x0000000080000000, 0x0000000100000000)
  region size 1024K, 11 young (11264K), 11 survivors (11264K)
 Metaspace       used 66941K, capacity 68469K, committed 68684K, reserved 1107968K
  class space    used 8583K, capacity 9186K, committed 9292K, reserved 1048576K
}

Deoptimization events (20 events):
Event: 6.259 Thread 0x000002be18fe0800 Uncommon trap: trap_request=0xffffff4d fr.pc=0x000002be07b01ca8 relative=0x0000000000000468
Event: 6.259 Thread 0x000002be18fe0800 Uncommon trap: reason=unstable_if action=reinterpret pc=0x000002be07b01ca8 method=java.lang.AbstractStringBuilder.putStringAt(ILjava/lang/String;)V @ 8 c2
Event: 6.259 Thread 0x000002be18fe0800 DEOPT PACKING pc=0x000002be07b01ca8 sp=0x000000c4e62f65c0
Event: 6.259 Thread 0x000002be18fe0800 DEOPT UNPACKING pc=0x000002be0002662f sp=0x000000c4e62f6520 mode 2
Event: 6.259 Thread 0x000002be18fe0800 Uncommon trap: trap_request=0xffffff4d fr.pc=0x000002be07b014ec relative=0x00000000000000cc
Event: 6.259 Thread 0x000002be18fe0800 Uncommon trap: reason=unstable_if action=reinterpret pc=0x000002be07b014ec method=java.lang.String.getBytes([BIB)V @ 5 c2
Event: 6.259 Thread 0x000002be18fe0800 DEOPT PACKING pc=0x000002be07b014ec sp=0x000000c4e62f64d0
Event: 6.259 Thread 0x000002be18fe0800 DEOPT UNPACKING pc=0x000002be0002662f sp=0x000000c4e62f6498 mode 2
Event: 6.317 Thread 0x000002be18fe0800 Uncommon trap: trap_request=0xffffff4d fr.pc=0x000002be07c79c80 relative=0x0000000000000340
Event: 6.317 Thread 0x000002be18fe0800 Uncommon trap: reason=unstable_if action=reinterpret pc=0x000002be07c79c80 method=java.util.StringJoiner.add(Ljava/lang/CharSequence;)Ljava/util/StringJoiner; @ 33 c2
Event: 6.317 Thread 0x000002be18fe0800 DEOPT PACKING pc=0x000002be07c79c80 sp=0x000000c4e62f5760
Event: 6.317 Thread 0x000002be18fe0800 DEOPT UNPACKING pc=0x000002be0002662f sp=0x000000c4e62f5710 mode 2
Event: 6.419 Thread 0x000002be18fe0800 Uncommon trap: trap_request=0xffffff4d fr.pc=0x000002be07cee898 relative=0x0000000000005b38
Event: 6.419 Thread 0x000002be18fe0800 Uncommon trap: reason=unstable_if action=reinterpret pc=0x000002be07cee898 method=org.codehaus.groovy.runtime.metaclass.MetaMethodIndex.isOverridden(Lgroovy/lang/MetaMethod;Lgroovy/lang/MetaMethod;)Z @ 33 c2
Event: 6.419 Thread 0x000002be18fe0800 DEOPT PACKING pc=0x000002be07cee898 sp=0x000000c4e62f45a0
Event: 6.419 Thread 0x000002be18fe0800 DEOPT UNPACKING pc=0x000002be0002662f sp=0x000000c4e62f45b8 mode 2
Event: 6.423 Thread 0x000002be18fe0800 Uncommon trap: trap_request=0xfffffff4 fr.pc=0x000002be07ebb790 relative=0x0000000000000970
Event: 6.423 Thread 0x000002be18fe0800 Uncommon trap: reason=null_check action=make_not_entrant pc=0x000002be07ebb790 method=com.sun.beans.introspect.MethodInfo$MethodOrder.compare(Ljava/lang/reflect/Method;Ljava/lang/reflect/Method;)I @ 133 c2
Event: 6.423 Thread 0x000002be18fe0800 DEOPT PACKING pc=0x000002be07ebb790 sp=0x000000c4e62f23f0
Event: 6.423 Thread 0x000002be18fe0800 DEOPT UNPACKING pc=0x000002be0002662f sp=0x000000c4e62f2390 mode 2

Classes redefined (0 events):
No events

Internal exceptions (20 events):
Event: 6.451 Thread 0x000002be18fe0800 Exception <a 'java/lang/ClassNotFoundException'{0x0000000089f719c8}: com/android/build/gradle/internal/CompileOptions$AgpDecoratedCustomizer> (0x0000000089f719c8) thrown at [./src/hotspot/share/classfile/systemDictionary.cpp, line 231]
Event: 6.451 Thread 0x000002be18fe0800 Exception <a 'java/lang/ClassNotFoundException'{0x0000000089f9c898}: com/android/build/gradle/internal/CompileOptions$AgpDecorated_DecoratedCustomizer> (0x0000000089f9c898) thrown at [./src/hotspot/share/classfile/systemDictionary.cpp, line 231]
Event: 6.455 Thread 0x000002be18fe0800 Exception <a 'java/lang/ClassNotFoundException'{0x0000000089e3fa30}: com/android/build/gradle/internal/dsl/ApplicationBuildFeaturesImpl_DecoratedBeanInfo> (0x0000000089e3fa30) thrown at [./src/hotspot/share/classfile/systemDictionary.cpp, line 231]
Event: 6.456 Thread 0x000002be18fe0800 Exception <a 'java/lang/ClassNotFoundException'{0x0000000089e5b750}: com/android/build/gradle/internal/dsl/ApplicationBuildFeaturesImplBeanInfo> (0x0000000089e5b750) thrown at [./src/hotspot/share/classfile/systemDictionary.cpp, line 231]
Event: 6.456 Thread 0x000002be18fe0800 Exception <a 'java/lang/ClassNotFoundException'{0x0000000089e75f40}: com/android/build/gradle/internal/dsl/BuildFeaturesImplBeanInfo> (0x0000000089e75f40) thrown at [./src/hotspot/share/classfile/systemDictionary.cpp, line 231]
Event: 6.457 Thread 0x000002be18fe0800 Exception <a 'java/lang/ClassNotFoundException'{0x0000000089e904a8}: com/android/build/gradle/internal/dsl/BuildFeaturesImplCustomizer> (0x0000000089e904a8) thrown at [./src/hotspot/share/classfile/systemDictionary.cpp, line 231]
Event: 6.458 Thread 0x000002be18fe0800 Exception <a 'java/lang/ClassNotFoundException'{0x0000000089eb7aa8}: com/android/build/gradle/internal/dsl/ApplicationBuildFeaturesImplCustomizer> (0x0000000089eb7aa8) thrown at [./src/hotspot/share/classfile/systemDictionary.cpp, line 231]
Event: 6.459 Thread 0x000002be18fe0800 Exception <a 'java/lang/ClassNotFoundException'{0x0000000089edb2e0}: com/android/build/gradle/internal/dsl/ApplicationBuildFeaturesImpl_DecoratedCustomizer> (0x0000000089edb2e0) thrown at [./src/hotspot/share/classfile/systemDictionary.cpp, line 231]
Event: 6.464 Thread 0x000002be18fe0800 Exception <a 'java/lang/ClassNotFoundException'{0x0000000089dacfc8}: org/gradle/api/internal/artifacts/dsl/dependencies/DefaultDependencyHandler_DecoratedBeanInfo> (0x0000000089dacfc8) thrown at [./src/hotspot/share/classfile/systemDictionary.cpp, line 231]
Event: 6.465 Thread 0x000002be18fe0800 Exception <a 'java/lang/ClassNotFoundException'{0x0000000089df56b8}: org/gradle/api/internal/artifacts/dsl/dependencies/DefaultDependencyHandlerBeanInfo> (0x0000000089df56b8) thrown at [./src/hotspot/share/classfile/systemDictionary.cpp, line 231]
Event: 6.466 Thread 0x000002be18fe0800 Exception <a 'java/lang/ClassNotFoundException'{0x0000000089c3df00}: org/gradle/api/internal/artifacts/dsl/dependencies/DefaultDependencyHandlerCustomizer> (0x0000000089c3df00) thrown at [./src/hotspot/share/classfile/systemDictionary.cpp, line 231]
Event: 6.467 Thread 0x000002be18fe0800 Exception <a 'java/lang/ClassNotFoundException'{0x0000000089caf808}: org/gradle/api/internal/artifacts/dsl/dependencies/DefaultDependencyHandler_DecoratedCustomizer> (0x0000000089caf808) thrown at [./src/hotspot/share/classfile/systemDictionary.cpp, line 231]
Event: 6.475 Thread 0x000002be18fe0800 Exception <a 'java/lang/ClassNotFoundException'{0x0000000089a576b8}: org/gradle/api/internal/file/collections/DefaultConfigurableFileTreeBeanInfo> (0x0000000089a576b8) thrown at [./src/hotspot/share/classfile/systemDictionary.cpp, line 231]
Event: 6.476 Thread 0x000002be18fe0800 Exception <a 'java/lang/ClassNotFoundException'{0x0000000089a88110}: org/gradle/api/internal/file/CompositeFileTreeBeanInfo> (0x0000000089a88110) thrown at [./src/hotspot/share/classfile/systemDictionary.cpp, line 231]
Event: 6.477 Thread 0x000002be18fe0800 Exception <a 'java/lang/ClassNotFoundException'{0x0000000089abafe8}: org/gradle/api/internal/file/CompositeFileCollectionBeanInfo> (0x0000000089abafe8) thrown at [./src/hotspot/share/classfile/systemDictionary.cpp, line 231]
Event: 6.478 Thread 0x000002be18fe0800 Exception <a 'java/lang/ClassNotFoundException'{0x0000000089aedec0}: org/gradle/api/internal/file/AbstractFileCollectionBeanInfo> (0x0000000089aedec0) thrown at [./src/hotspot/share/classfile/systemDictionary.cpp, line 231]
Event: 6.479 Thread 0x000002be18fe0800 Exception <a 'java/lang/ClassNotFoundException'{0x00000000899213d0}: org/gradle/api/internal/file/AbstractFileCollectionCustomizer> (0x00000000899213d0) thrown at [./src/hotspot/share/classfile/systemDictionary.cpp, line 231]
Event: 6.480 Thread 0x000002be18fe0800 Exception <a 'java/lang/ClassNotFoundException'{0x0000000089966460}: org/gradle/api/internal/file/CompositeFileCollectionCustomizer> (0x0000000089966460) thrown at [./src/hotspot/share/classfile/systemDictionary.cpp, line 231]
Event: 6.481 Thread 0x000002be18fe0800 Exception <a 'java/lang/ClassNotFoundException'{0x000000008999f708}: org/gradle/api/internal/file/CompositeFileTreeCustomizer> (0x000000008999f708) thrown at [./src/hotspot/share/classfile/systemDictionary.cpp, line 231]
Event: 6.482 Thread 0x000002be18fe0800 Exception <a 'java/lang/ClassNotFoundException'{0x00000000899e3b00}: org/gradle/api/internal/file/collections/DefaultConfigurableFileTreeCustomizer> (0x00000000899e3b00) thrown at [./src/hotspot/share/classfile/systemDictionary.cpp, line 231]

Events (20 events):
Event: 6.974 loading class com/android/build/gradle/internal/DependencyConfigurator
Event: 6.974 loading class com/android/build/gradle/internal/DependencyConfigurator done
Event: 6.975 loading class com/android/build/gradle/internal/DependencyConfigurator$Companion
Event: 6.975 loading class com/android/build/gradle/internal/DependencyConfigurator$Companion done
Event: 6.976 loading class com/android/build/gradle/internal/DependencyConfigurator$configureDependencyChecks$2
Event: 6.976 loading class com/android/build/gradle/internal/DependencyConfigurator$configureDependencyChecks$2 done
Event: 6.976 loading class com/android/build/gradle/internal/dependency/AndroidXDependencyCheck$AndroidXEnabledJetifierDisabled
Event: 6.976 loading class com/android/build/gradle/internal/dependency/AndroidXDependencyCheck$AndroidXEnabledJetifierDisabled done
Event: 6.979 loading class com/android/build/gradle/internal/dependency/IdentityTransform
Event: 6.979 loading class com/android/build/gradle/internal/dependency/IdentityTransform done
Event: 6.979 loading class com/android/build/gradle/internal/DependencyConfigurator$registerTransform$1
Event: 6.979 loading class com/android/build/gradle/internal/DependencyConfigurator$registerTransform$1 done
Event: 6.980 loading class com/android/build/gradle/internal/dependency/IdentityTransform$Parameters
Event: 6.980 loading class com/android/build/gradle/internal/dependency/IdentityTransform$Parameters done
Event: 6.982 loading class com/android/build/gradle/internal/utils/HasConfigurableValuesKt
Event: 6.982 loading class com/android/build/gradle/internal/utils/HasConfigurableValuesKt done
Event: 6.982 loading class org/gradle/work/DisableCachingByDefault
Event: 6.982 loading class org/gradle/work/DisableCachingByDefault done
Event: 6.984 loading class com/android/build/gradle/internal/dependency/ExtractAarTransform
Event: 6.984 loading class com/android/build/gradle/internal/dependency/ExtractAarTransform done


Dynamic libraries:
0x00007ff64f110000 - 0x00007ff64f11a000 	C:\Program Files\Android\Android Studio\jre\bin\java.exe
0x00007ff9d2930000 - 0x00007ff9d2b47000 	C:\WINDOWS\SYSTEM32\ntdll.dll
0x00007ff9d2360000 - 0x00007ff9d2424000 	C:\WINDOWS\System32\KERNEL32.DLL
0x00007ff9d02e0000 - 0x00007ff9d0686000 	C:\WINDOWS\System32\KERNELBASE.dll
0x00007ff9d0190000 - 0x00007ff9d02a1000 	C:\WINDOWS\System32\ucrtbase.dll
0x00007ff9a5c50000 - 0x00007ff9a5c69000 	C:\Program Files\Android\Android Studio\jre\bin\jli.dll
0x00007ff9a5ba0000 - 0x00007ff9a5bb7000 	C:\Program Files\Android\Android Studio\jre\bin\VCRUNTIME140.dll
0x00007ff9d1850000 - 0x00007ff9d19fe000 	C:\WINDOWS\System32\USER32.dll
0x00007ff9d02b0000 - 0x00007ff9d02d6000 	C:\WINDOWS\System32\win32u.dll
0x00007ff9b28b0000 - 0x00007ff9b2b43000 	C:\WINDOWS\WinSxS\amd64_microsoft.windows.common-controls_6595b64144ccf1df_6.0.22621.2361_none_2712ced57382f843\COMCTL32.dll
0x00007ff9d0f10000 - 0x00007ff9d0f39000 	C:\WINDOWS\System32\GDI32.dll
0x00007ff9d2260000 - 0x00007ff9d2307000 	C:\WINDOWS\System32\msvcrt.dll
0x00007ff9cfcb0000 - 0x00007ff9cfdc8000 	C:\WINDOWS\System32\gdi32full.dll
0x00007ff9cffb0000 - 0x00007ff9d004a000 	C:\WINDOWS\System32\msvcp_win.dll
0x00007ff9d2320000 - 0x00007ff9d2351000 	C:\WINDOWS\System32\IMM32.DLL
0x00007ff991660000 - 0x00007ff9916fd000 	C:\Program Files\Android\Android Studio\jre\bin\msvcp140.dll
0x00007ff96d360000 - 0x00007ff96de35000 	C:\Program Files\Android\Android Studio\jre\bin\server\jvm.dll
0x00007ff9d0a00000 - 0x00007ff9d0ab0000 	C:\WINDOWS\System32\ADVAPI32.dll
0x00007ff9d2840000 - 0x00007ff9d28e6000 	C:\WINDOWS\System32\sechost.dll
0x00007ff9d26b0000 - 0x00007ff9d27c7000 	C:\WINDOWS\System32\RPCRT4.dll
0x00007ff9d2520000 - 0x00007ff9d2528000 	C:\WINDOWS\System32\PSAPI.DLL
0x00007ff9ca490000 - 0x00007ff9ca4c4000 	C:\WINDOWS\SYSTEM32\WINMM.dll
0x00007ff9cd1e0000 - 0x00007ff9cd1e9000 	C:\WINDOWS\SYSTEM32\WSOCK32.dll
0x00007ff9d2530000 - 0x00007ff9d25a1000 	C:\WINDOWS\System32\WS2_32.dll
0x00007ff9cabe0000 - 0x00007ff9cabea000 	C:\WINDOWS\SYSTEM32\VERSION.dll
0x00007ff9ced40000 - 0x00007ff9ced58000 	C:\WINDOWS\SYSTEM32\kernel.appcore.dll
0x00007ff9cb970000 - 0x00007ff9cb981000 	C:\Program Files\Android\Android Studio\jre\bin\verify.dll
0x00007ff9ccf50000 - 0x00007ff9cd17e000 	C:\WINDOWS\SYSTEM32\DBGHELP.DLL
0x00007ff9d0f40000 - 0x00007ff9d12ca000 	C:\WINDOWS\System32\combase.dll
0x00007ff9d2430000 - 0x00007ff9d2507000 	C:\WINDOWS\System32\OLEAUT32.dll
0x00007ff9c71e0000 - 0x00007ff9c7212000 	C:\WINDOWS\SYSTEM32\dbgcore.DLL
0x00007ff9d0050000 - 0x00007ff9d00ca000 	C:\WINDOWS\System32\bcryptPrimitives.dll
0x00007ff9b5a60000 - 0x00007ff9b5a89000 	C:\Program Files\Android\Android Studio\jre\bin\java.dll
0x00007ff9cb9a0000 - 0x00007ff9cb9ab000 	C:\Program Files\Android\Android Studio\jre\bin\jimage.dll
0x00007ff9b1e60000 - 0x00007ff9b1e78000 	C:\Program Files\Android\Android Studio\jre\bin\zip.dll
0x00007ff9d1a00000 - 0x00007ff9d2258000 	C:\WINDOWS\System32\SHELL32.dll
0x00007ff9cdbd0000 - 0x00007ff9ce4c2000 	C:\WINDOWS\SYSTEM32\windows.storage.dll
0x00007ff9cda90000 - 0x00007ff9cdbce000 	C:\WINDOWS\SYSTEM32\wintypes.dll
0x00007ff9d0900000 - 0x00007ff9d09f3000 	C:\WINDOWS\System32\SHCORE.dll
0x00007ff9d08a0000 - 0x00007ff9d08fe000 	C:\WINDOWS\System32\shlwapi.dll
0x00007ff9cfbe0000 - 0x00007ff9cfc06000 	C:\WINDOWS\SYSTEM32\profapi.dll
0x00007ff9b1b20000 - 0x00007ff9b1b3a000 	C:\Program Files\Android\Android Studio\jre\bin\net.dll
0x00007ff9ca2f0000 - 0x00007ff9ca427000 	C:\WINDOWS\SYSTEM32\WINHTTP.dll
0x00007ff9cf220000 - 0x00007ff9cf289000 	C:\WINDOWS\system32\mswsock.dll
0x00007ff9b0670000 - 0x00007ff9b0684000 	C:\Program Files\Android\Android Studio\jre\bin\nio.dll
0x00007ff9b0860000 - 0x00007ff9b0887000 	C:\Users\bob arcon\.gradle\native\e1d6ef7f7dcc3fd88c89a11ec53ec762bb8ba0a96d01ffa2cd45eb1d1d8dd5c5\windows-amd64\native-platform.dll
0x00007ff96e1e0000 - 0x00007ff96e324000 	C:\Users\bob arcon\.gradle\native\5664cfc778a61ccfe75a443a1ab52a65af34e5dc3c78e0209fed803814484fcb\windows-amd64\native-platform-file-events.dll
0x00007ff9c82b0000 - 0x00007ff9c82ba000 	C:\Program Files\Android\Android Studio\jre\bin\management.dll
0x00007ff9c8100000 - 0x00007ff9c810d000 	C:\Program Files\Android\Android Studio\jre\bin\management_ext.dll
0x00007ff9cf4b0000 - 0x00007ff9cf4cb000 	C:\WINDOWS\SYSTEM32\CRYPTSP.dll
0x00007ff9ced00000 - 0x00007ff9ced35000 	C:\WINDOWS\system32\rsaenh.dll
0x00007ff9cf330000 - 0x00007ff9cf35c000 	C:\WINDOWS\SYSTEM32\USERENV.dll
0x00007ff9cf650000 - 0x00007ff9cf678000 	C:\WINDOWS\SYSTEM32\bcrypt.dll
0x00007ff9cf4d0000 - 0x00007ff9cf4dc000 	C:\WINDOWS\SYSTEM32\CRYPTBASE.dll
0x00007ff9ce7e0000 - 0x00007ff9ce80d000 	C:\WINDOWS\SYSTEM32\IPHLPAPI.DLL
0x00007ff9d2310000 - 0x00007ff9d2319000 	C:\WINDOWS\System32\NSI.dll
0x00007ff9ca470000 - 0x00007ff9ca489000 	C:\WINDOWS\SYSTEM32\dhcpcsvc6.DLL
0x00007ff9ca230000 - 0x00007ff9ca24f000 	C:\WINDOWS\SYSTEM32\dhcpcsvc.DLL
0x00007ff9ce810000 - 0x00007ff9ce909000 	C:\WINDOWS\SYSTEM32\DNSAPI.dll

dbghelp: loaded successfully - version: 4.0.5 - missing functions: none
symbol engine: initialized successfully - sym options: 0x614 - pdb path: .;C:\Program Files\Android\Android Studio\jre\bin;C:\WINDOWS\SYSTEM32;C:\WINDOWS\WinSxS\amd64_microsoft.windows.common-controls_6595b64144ccf1df_6.0.22621.2361_none_2712ced57382f843;C:\Program Files\Android\Android Studio\jre\bin\server;C:\Users\bob arcon\.gradle\native\e1d6ef7f7dcc3fd88c89a11ec53ec762bb8ba0a96d01ffa2cd45eb1d1d8dd5c5\windows-amd64;C:\Users\bob arcon\.gradle\native\5664cfc778a61ccfe75a443a1ab52a65af34e5dc3c78e0209fed803814484fcb\windows-amd64

VM Arguments:
jvm_args: --add-opens=java.base/java.util=ALL-UNNAMED --add-opens=java.base/java.lang=ALL-UNNAMED --add-opens=java.base/java.lang.invoke=ALL-UNNAMED --add-opens=java.base/java.util=ALL-UNNAMED --add-opens=java.prefs/java.util.prefs=ALL-UNNAMED --add-opens=java.prefs/java.util.prefs=ALL-UNNAMED --add-opens=java.base/java.nio.charset=ALL-UNNAMED --add-opens=java.base/java.net=ALL-UNNAMED --add-opens=java.base/java.util.concurrent.atomic=ALL-UNNAMED -Xmx2048m -Dfile.encoding=UTF-8 -Duser.country=US -Duser.language=en -Duser.variant 
java_command: org.gradle.launcher.daemon.bootstrap.GradleDaemon 7.2
java_class_path (initial): C:\Users\bob arcon\.gradle\wrapper\dists\gradle-7.2-bin\2dnblmf4td7x66yl1d74lt32g\gradle-7.2\lib\gradle-launcher-7.2.jar
Launcher Type: SUN_STANDARD

[Global flags]
     intx CICompilerCount                          = 4                                         {product} {ergonomic}
     uint ConcGCThreads                            = 2                                         {product} {ergonomic}
     uint G1ConcRefinementThreads                  = 8                                         {product} {ergonomic}
   size_t G1HeapRegionSize                         = 1048576                                   {product} {ergonomic}
    uintx GCDrainStackTargetSize                   = 64                                        {product} {ergonomic}
   size_t InitialHeapSize                          = 266338304                                 {product} {ergonomic}
   size_t MarkStackSize                            = 4194304                                   {product} {ergonomic}
   size_t MaxHeapSize                              = 2147483648                                {product} {command line}
   size_t MaxNewSize                               = 1287651328                                {product} {ergonomic}
   size_t MinHeapDeltaBytes                        = 1048576                                   {product} {ergonomic}
    uintx NonNMethodCodeHeapSize                   = 5836300                                {pd product} {ergonomic}
    uintx NonProfiledCodeHeapSize                  = 122910970                              {pd product} {ergonomic}
    uintx ProfiledCodeHeapSize                     = 122910970                              {pd product} {ergonomic}
    uintx ReservedCodeCacheSize                    = 251658240                              {pd product} {ergonomic}
     bool SegmentedCodeCache                       = true                                      {product} {ergonomic}
     bool UseCompressedClassPointers               = true                                 {lp64_product} {ergonomic}
     bool UseCompressedOops                        = true                                 {lp64_product} {ergonomic}
     bool UseG1GC                                  = true                                      {product} {ergonomic}
     bool UseLargePagesIndividualAllocation        = false                                  {pd product} {ergonomic}

Logging:
Log output configuration:
 #0: stdout all=warning uptime,level,tags
 #1: stderr all=off uptime,level,tags

Environment Variables:
PATH=C:\Windows\system32;C:\Windows;C:\Windows\System32\Wbem;C:\Windows\System32\WindowsPowerShell\v1.0\;C:\Windows\System32\OpenSSH\;C:\Program Files (x86)\NVIDIA Corporation\PhysX\Common;C:\Program Files\NVIDIA Corporation\NVIDIA NvDLISR;C:\WINDOWS\system32;C:\WINDOWS;C:\WINDOWS\System32\Wbem;C:\WINDOWS\System32\WindowsPowerShell\v1.0\;C:\WINDOWS\System32\OpenSSH\;C:\Program Files\dotnet\;C:\WINDOWS\system32;C:\WINDOWS;C:\WINDOWS\System32\Wbem;C:\WINDOWS\System32\WindowsPowerShell\v1.0\;C:\WINDOWS\System32\OpenSSH\;C:\Program Files (x86)\Microsoft SQL Server\100\Tools\Binn\;C:\Program Files\Microsoft SQL Server\100\Tools\Binn\;C:\Program Files\Microsoft SQL Server\100\DTS\Binn\;C:\Program Files (x86)\Microsoft SQL Server\100\Tools\Binn\VSShell\Common7\IDE\;C:\Program Files (x86)\Microsoft SQL Server\100\DTS\Binn\;C:\Program Files\Microsoft SQL Server\150\Tools\Binn\;C:\Program Files\Microsoft SQL Server\Client SDK\ODBC\170\Tools\Binn\;C:\Program Files\Git\cmd;C:\Users\bob arcon\AppData\Local\Microsoft\WindowsApps;C:\Users\bob arcon\.dotnet\tools;
USERNAME=bob arcon
OS=Windows_NT
PROCESSOR_IDENTIFIER=Intel64 Family 6 Model 165 Stepping 2, GenuineIntel



---------------  S Y S T E M  ---------------

OS: Windows 10 , 64 bit Build 22621 (10.0.22621.2361)
OS uptime: 0 days 14:13 hours
Hyper-V role detected

CPU:total 8 (initial active 8) (4 cores per cpu, 2 threads per core) family 6 model 165 stepping 2 microcode 0xe0, cmov, cx8, fxsr, mmx, sse, sse2, sse3, ssse3, sse4.1, sse4.2, popcnt, avx, avx2, aes, clmul, erms, 3dnowpref, lzcnt, ht, tsc, tscinvbit, bmi1, bmi2, adx, fma

Memory: 4k page, system-wide physical 16215M (2610M free)
TotalPageFile size 34270M (AvailPageFile size 15M)
current process WorkingSet (physical memory assigned to process): 426M, peak: 434M
current process commit charge ("private bytes"): 517M, peak: 528M

vm_info: OpenJDK 64-Bit Server VM (11.0.11+9-b60-7590822) for windows-amd64 JRE (11.0.11+9-b60-7590822), built on Jul 29 2021 21:43:44 by "builder" with MS VC++ 14.0 (VS2015)

END.
